[ 2016-09-21T18:20:41+08:00 ] 101.7.150.140 /qzvs/
INFO: [ app_init ] --START--
INFO: Run Behavior\BuildLiteBehavior [ RunTime:0.000024s ]
INFO: [ app_init ] --END-- [ RunTime:0.000604s ]
INFO: [ app_begin ] --START--
INFO: Run Behavior\ReadHtmlCacheBehavior [ RunTime:0.000816s ]
INFO: [ app_begin ] --END-- [ RunTime:0.000898s ]
ERR: SQLSTATE[HY000] [1049] Unknown database 'qzvs'

[ 2016-09-21T18:26:07+08:00 ] 101.7.150.140 /qzvs/
INFO: [ app_init ] --START--
INFO: Run Behavior\BuildLiteBehavior [ RunTime:0.000022s ]
INFO: [ app_init ] --END-- [ RunTime:0.000539s ]
INFO: [ app_begin ] --START--
INFO: Run Behavior\ReadHtmlCacheBehavior [ RunTime:0.001133s ]
INFO: [ app_begin ] --END-- [ RunTime:0.001206s ]
SQL: SHOW COLUMNS FROM `banner` [ RunTime:0.0099s ]
SQL: SELECT * FROM `banner` WHERE `if_valid` = '有效' ORDER BY slide_order desc LIMIT 9   [ RunTime:0.0006s ]
SQL: SHOW COLUMNS FROM `qzvideo_special` [ RunTime:0.0093s ]
SQL: SELECT * FROM `qzvideo_special` ORDER BY id desc LIMIT 7   [ RunTime:0.0005s ]
SQL: SHOW COLUMNS FROM `qzvideo_weishi` [ RunTime:0.0089s ]
SQL: SELECT * FROM `qzvideo_weishi` WHERE `catid` = 26 ORDER BY id desc LIMIT 6   [ RunTime:0.0005s ]
SQL: SELECT COUNT(*) AS tp_Count FROM `qzvideo_weishi` WHERE `catid` = 26 LIMIT 1   [ RunTime:0.0003s ]
SQL: SELECT * FROM `qzvideo_weishi` WHERE `catid` = 26 AND `up` = 1 ORDER BY id desc LIMIT 1   [ RunTime:0.0005s ]
SQL: SELECT * FROM `qzvideo_weishi` WHERE `catid` = 23 ORDER BY id desc LIMIT 5   [ RunTime:0.0005s ]
SQL: SELECT COUNT(*) AS tp_Count FROM `qzvideo_weishi` WHERE `catid` = 23 LIMIT 1   [ RunTime:0.0003s ]
SQL: SELECT * FROM `qzvideo_weishi` WHERE `catid` = 27 ORDER BY id desc LIMIT 6   [ RunTime:0.0005s ]
SQL: SELECT COUNT(*) AS tp_Count FROM `qzvideo_weishi` WHERE `catid` = 27 LIMIT 1   [ RunTime:0.0003s ]
SQL: SELECT * FROM `qzvideo_weishi` WHERE `catid` = 27 AND `up` = 1 ORDER BY id desc LIMIT 5   [ RunTime:0.0004s ]
SQL: SELECT * FROM `qzvideo_weishi` WHERE `catid` = 25 ORDER BY id desc LIMIT 5   [ RunTime:0.0005s ]
SQL: SELECT COUNT(*) AS tp_Count FROM `qzvideo_weishi` WHERE `catid` = 25 LIMIT 1   [ RunTime:0.0003s ]
SQL: SELECT * FROM `qzvideo_weishi` WHERE `catid` = 28 ORDER BY id desc LIMIT 3   [ RunTime:0.0004s ]
SQL: SELECT COUNT(*) AS tp_Count FROM `qzvideo_weishi` WHERE `catid` = 28 LIMIT 1   [ RunTime:0.0003s ]
SQL: SELECT * FROM `qzvideo_weishi` WHERE `catid` = 28 AND `up` = 1 ORDER BY id desc LIMIT 1   [ RunTime:0.0004s ]
SQL: SELECT * FROM `qzvideo_weishi` WHERE `catid` = 29 ORDER BY id desc LIMIT 5   [ RunTime:0.0004s ]
SQL: SELECT COUNT(*) AS tp_Count FROM `qzvideo_weishi` WHERE `catid` = 29 LIMIT 1   [ RunTime:0.0003s ]
SQL: SELECT * FROM `qzvideo_weishi` WHERE `catid` = 30 ORDER BY id desc LIMIT 5   [ RunTime:0.0007s ]
SQL: SELECT COUNT(*) AS tp_Count FROM `qzvideo_weishi` WHERE `catid` = 30 LIMIT 1   [ RunTime:0.0003s ]
SQL: SELECT * FROM `qzvideo_weishi` WHERE `catid` = 31 ORDER BY id desc LIMIT 5   [ RunTime:0.0004s ]
SQL: SELECT COUNT(*) AS tp_Count FROM `qzvideo_weishi` WHERE `catid` = 31 LIMIT 1   [ RunTime:0.0003s ]
SQL: SHOW COLUMNS FROM `qzvideo_category` [ RunTime:0.0100s ]
SQL: SELECT * FROM `qzvideo_category`  [ RunTime:0.0005s ]
SQL: SHOW COLUMNS FROM `qzvideo_lable` [ RunTime:0.0106s ]
SQL: SELECT * FROM `qzvideo_lable` WHERE `uplm` = 1 AND `catname` = '微生活' ORDER BY lableid desc LIMIT 3   [ RunTime:0.0004s ]
SQL: SELECT * FROM `qzvideo_lable` WHERE `uplm` = 1 AND `catname` = '微电影' ORDER BY lableid desc LIMIT 3   [ RunTime:0.0003s ]
SQL: SELECT * FROM `qzvideo_lable` WHERE `uplm` = 1 AND `catname` = '微资讯' ORDER BY lableid desc LIMIT 3   [ RunTime:0.0003s ]
SQL: SELECT * FROM `qzvideo_lable` WHERE `uplm` = 1 AND `catname` = '微访谈' ORDER BY lableid desc LIMIT 3   [ RunTime:0.0003s ]
SQL: SELECT * FROM `qzvideo_lable` WHERE `uplm` = 1 AND `catname` = '微课堂' ORDER BY lableid desc LIMIT 3   [ RunTime:0.0003s ]
SQL: SELECT * FROM `qzvideo_lable` WHERE `uplm` = 1 AND `catname` = '生涯导航' ORDER BY lableid desc LIMIT 3   [ RunTime:0.0003s ]
SQL: SELECT * FROM `qzvideo_lable` WHERE `uplm` = 1 AND `catname` = '微分享' ORDER BY lableid desc LIMIT 3   [ RunTime:0.0004s ]
SQL: SELECT * FROM `qzvideo_lable` WHERE `uplm` = 1 AND `catname` = '素材库' ORDER BY lableid desc LIMIT 3   [ RunTime:0.0003s ]
SQL: SHOW COLUMNS FROM `qzvideo_search` [ RunTime:0.0103s ]
SQL: SELECT * FROM `qzvideo_search` ORDER BY searchnums desc LIMIT 5   [ RunTime:0.0004s ]
NOTIC: [8] Use of undefined constant index - assumed 'index' D:\xampp\htdocs\qzvs\Index\Home\Controller\IndexController.class.php 第 97 行.
INFO: [ view_parse ] --START--
INFO: [ template_filter ] --START--
INFO: Run Behavior\ContentReplaceBehavior [ RunTime:0.000405s ]
INFO: [ template_filter ] --END-- [ RunTime:0.000489s ]
NOTIC: [8] Undefined offset: 1 D:\xampp\htdocs\qzvs\Index\Runtime\Cache\Home\f8cf203eb98c60ed9cec339b90173a5c.php 第 409 行.
NOTIC: [8] Undefined offset: 1 D:\xampp\htdocs\qzvs\Index\Runtime\Cache\Home\f8cf203eb98c60ed9cec339b90173a5c.php 第 410 行.
NOTIC: [8] Undefined offset: 2 D:\xampp\htdocs\qzvs\Index\Runtime\Cache\Home\f8cf203eb98c60ed9cec339b90173a5c.php 第 412 行.
NOTIC: [8] Undefined offset: 2 D:\xampp\htdocs\qzvs\Index\Runtime\Cache\Home\f8cf203eb98c60ed9cec339b90173a5c.php 第 413 行.
NOTIC: [8] Undefined offset: 3 D:\xampp\htdocs\qzvs\Index\Runtime\Cache\Home\f8cf203eb98c60ed9cec339b90173a5c.php 第 415 行.
NOTIC: [8] Undefined offset: 3 D:\xampp\htdocs\qzvs\Index\Runtime\Cache\Home\f8cf203eb98c60ed9cec339b90173a5c.php 第 416 行.
NOTIC: [8] Undefined offset: 4 D:\xampp\htdocs\qzvs\Index\Runtime\Cache\Home\f8cf203eb98c60ed9cec339b90173a5c.php 第 418 行.
NOTIC: [8] Undefined offset: 4 D:\xampp\htdocs\qzvs\Index\Runtime\Cache\Home\f8cf203eb98c60ed9cec339b90173a5c.php 第 419 行.
NOTIC: [8] Undefined offset: 5 D:\xampp\htdocs\qzvs\Index\Runtime\Cache\Home\f8cf203eb98c60ed9cec339b90173a5c.php 第 421 行.
NOTIC: [8] Undefined offset: 5 D:\xampp\htdocs\qzvs\Index\Runtime\Cache\Home\f8cf203eb98c60ed9cec339b90173a5c.php 第 422 行.
NOTIC: [8] Undefined offset: 6 D:\xampp\htdocs\qzvs\Index\Runtime\Cache\Home\f8cf203eb98c60ed9cec339b90173a5c.php 第 424 行.
NOTIC: [8] Undefined offset: 6 D:\xampp\htdocs\qzvs\Index\Runtime\Cache\Home\f8cf203eb98c60ed9cec339b90173a5c.php 第 425 行.
NOTIC: [8] Undefined offset: 5 D:\xampp\htdocs\qzvs\Index\Runtime\Cache\Home\f8cf203eb98c60ed9cec339b90173a5c.php 第 442 行.
NOTIC: [8] Undefined offset: 5 D:\xampp\htdocs\qzvs\Index\Runtime\Cache\Home\f8cf203eb98c60ed9cec339b90173a5c.php 第 442 行.
NOTIC: [8] Undefined offset: 6 D:\xampp\htdocs\qzvs\Index\Runtime\Cache\Home\f8cf203eb98c60ed9cec339b90173a5c.php 第 443 行.
NOTIC: [8] Undefined offset: 6 D:\xampp\htdocs\qzvs\Index\Runtime\Cache\Home\f8cf203eb98c60ed9cec339b90173a5c.php 第 443 行.
NOTIC: [8] Undefined offset: 7 D:\xampp\htdocs\qzvs\Index\Runtime\Cache\Home\f8cf203eb98c60ed9cec339b90173a5c.php 第 444 行.
NOTIC: [8] Undefined offset: 7 D:\xampp\htdocs\qzvs\Index\Runtime\Cache\Home\f8cf203eb98c60ed9cec339b90173a5c.php 第 444 行.
NOTIC: [8] Undefined offset: 8 D:\xampp\htdocs\qzvs\Index\Runtime\Cache\Home\f8cf203eb98c60ed9cec339b90173a5c.php 第 445 行.
NOTIC: [8] Undefined offset: 8 D:\xampp\htdocs\qzvs\Index\Runtime\Cache\Home\f8cf203eb98c60ed9cec339b90173a5c.php 第 445 行.
NOTIC: [8] Undefined offset: 9 D:\xampp\htdocs\qzvs\Index\Runtime\Cache\Home\f8cf203eb98c60ed9cec339b90173a5c.php 第 446 行.
NOTIC: [8] Undefined offset: 9 D:\xampp\htdocs\qzvs\Index\Runtime\Cache\Home\f8cf203eb98c60ed9cec339b90173a5c.php 第 446 行.
NOTIC: [8] Undefined offset: 10 D:\xampp\htdocs\qzvs\Index\Runtime\Cache\Home\f8cf203eb98c60ed9cec339b90173a5c.php 第 447 行.
NOTIC: [8] Undefined offset: 10 D:\xampp\htdocs\qzvs\Index\Runtime\Cache\Home\f8cf203eb98c60ed9cec339b90173a5c.php 第 447 行.
NOTIC: [8] Undefined offset: 11 D:\xampp\htdocs\qzvs\Index\Runtime\Cache\Home\f8cf203eb98c60ed9cec339b90173a5c.php 第 448 行.
NOTIC: [8] Undefined offset: 11 D:\xampp\htdocs\qzvs\Index\Runtime\Cache\Home\f8cf203eb98c60ed9cec339b90173a5c.php 第 448 行.
NOTIC: [8] Undefined offset: 12 D:\xampp\htdocs\qzvs\Index\Runtime\Cache\Home\f8cf203eb98c60ed9cec339b90173a5c.php 第 449 行.
NOTIC: [8] Undefined offset: 12 D:\xampp\htdocs\qzvs\Index\Runtime\Cache\Home\f8cf203eb98c60ed9cec339b90173a5c.php 第 449 行.
NOTIC: [8] Undefined offset: 13 D:\xampp\htdocs\qzvs\Index\Runtime\Cache\Home\f8cf203eb98c60ed9cec339b90173a5c.php 第 450 行.
NOTIC: [8] Undefined offset: 13 D:\xampp\htdocs\qzvs\Index\Runtime\Cache\Home\f8cf203eb98c60ed9cec339b90173a5c.php 第 450 行.
NOTIC: [8] Undefined variable: wzx D:\xampp\htdocs\qzvs\Index\Runtime\Cache\Home\f8cf203eb98c60ed9cec339b90173a5c.php 第 468 行.
NOTIC: [8] Undefined variable: wzx D:\xampp\htdocs\qzvs\Index\Runtime\Cache\Home\f8cf203eb98c60ed9cec339b90173a5c.php 第 469 行.
NOTIC: [8] Undefined variable: wzx D:\xampp\htdocs\qzvs\Index\Runtime\Cache\Home\f8cf203eb98c60ed9cec339b90173a5c.php 第 470 行.
NOTIC: [8] Undefined variable: wft D:\xampp\htdocs\qzvs\Index\Runtime\Cache\Home\f8cf203eb98c60ed9cec339b90173a5c.php 第 523 行.
NOTIC: [8] Undefined variable: wft D:\xampp\htdocs\qzvs\Index\Runtime\Cache\Home\f8cf203eb98c60ed9cec339b90173a5c.php 第 524 行.
NOTIC: [8] Undefined variable: wft D:\xampp\htdocs\qzvs\Index\Runtime\Cache\Home\f8cf203eb98c60ed9cec339b90173a5c.php 第 526 行.
NOTIC: [8] Undefined variable: wft D:\xampp\htdocs\qzvs\Index\Runtime\Cache\Home\f8cf203eb98c60ed9cec339b90173a5c.php 第 527 行.
NOTIC: [8] Undefined variable: wft D:\xampp\htdocs\qzvs\Index\Runtime\Cache\Home\f8cf203eb98c60ed9cec339b90173a5c.php 第 529 行.
NOTIC: [8] Undefined variable: wft D:\xampp\htdocs\qzvs\Index\Runtime\Cache\Home\f8cf203eb98c60ed9cec339b90173a5c.php 第 530 行.
NOTIC: [8] Undefined variable: wft D:\xampp\htdocs\qzvs\Index\Runtime\Cache\Home\f8cf203eb98c60ed9cec339b90173a5c.php 第 532 行.
NOTIC: [8] Undefined variable: wft D:\xampp\htdocs\qzvs\Index\Runtime\Cache\Home\f8cf203eb98c60ed9cec339b90173a5c.php 第 533 行.
NOTIC: [8] Undefined variable: wft D:\xampp\htdocs\qzvs\Index\Runtime\Cache\Home\f8cf203eb98c60ed9cec339b90173a5c.php 第 535 行.
NOTIC: [8] Undefined variable: wft D:\xampp\htdocs\qzvs\Index\Runtime\Cache\Home\f8cf203eb98c60ed9cec339b90173a5c.php 第 536 行.
NOTIC: [8] Undefined index: descipline D:\xampp\htdocs\qzvs\Index\Runtime\Cache\Home\f8cf203eb98c60ed9cec339b90173a5c.php 第 642 行.
INFO: Run Behavior\ParseTemplateBehavior [ RunTime:0.050592s ]
INFO: [ view_parse ] --END-- [ RunTime:0.050686s ]
INFO: [ view_filter ] --START--
INFO: Run Behavior\WriteHtmlCacheBehavior [ RunTime:0.001019s ]
INFO: [ view_filter ] --END-- [ RunTime:0.001083s ]
INFO: [ app_end ] --START--
INFO: Run Behavior\ShowPageTraceBehavior [ RunTime:0.001259s ]
INFO: [ app_end ] --END-- [ RunTime:0.001347s ]

[ 2016-09-21T20:24:43+08:00 ] 66.249.66.65 /qzvs/index.php/Home/Video/specialvideo/id/32.html
INFO: [ app_init ] --START--
INFO: Run Behavior\BuildLiteBehavior [ RunTime:0.000025s ]
INFO: [ app_init ] --END-- [ RunTime:0.000733s ]
INFO: [ app_begin ] --START--
INFO: Run Behavior\ReadHtmlCacheBehavior [ RunTime:0.001396s ]
INFO: [ app_begin ] --END-- [ RunTime:0.001469s ]
SQL: SHOW COLUMNS FROM `qzvideo_special` [ RunTime:0.0103s ]
SQL: SELECT * FROM `qzvideo_special` WHERE `id` = 32 LIMIT 1   [ RunTime:0.0175s ]
SQL: SHOW COLUMNS FROM `qzvideo_category` [ RunTime:0.0222s ]
SQL: SELECT * FROM `qzvideo_category`  [ RunTime:0.0181s ]
SQL: SHOW COLUMNS FROM `qzvideo_lable` [ RunTime:0.0101s ]
SQL: SELECT * FROM `qzvideo_lable` WHERE `updh` = 1 AND `catname` = '微生活' ORDER BY lableid desc LIMIT 3   [ RunTime:0.0130s ]
SQL: SELECT * FROM `qzvideo_lable` WHERE `updh` = 1 AND `catname` = '微电影' ORDER BY lableid desc LIMIT 3   [ RunTime:0.0003s ]
SQL: SELECT * FROM `qzvideo_lable` WHERE `updh` = 1 AND `catname` = '微资讯' ORDER BY lableid desc LIMIT 3   [ RunTime:0.0003s ]
SQL: SELECT * FROM `qzvideo_lable` WHERE `updh` = 1 AND `catname` = '微访谈' ORDER BY lableid desc LIMIT 3   [ RunTime:0.0003s ]
SQL: SELECT * FROM `qzvideo_lable` WHERE `updh` = 1 AND `catname` = '微课堂' ORDER BY lableid desc LIMIT 3   [ RunTime:0.0003s ]
SQL: SELECT * FROM `qzvideo_lable` WHERE `updh` = 1 AND `catname` = '生涯导航' ORDER BY lableid desc LIMIT 3   [ RunTime:0.0003s ]
SQL: SELECT * FROM `qzvideo_lable` WHERE `updh` = 1 AND `catname` = '微分享' ORDER BY lableid desc LIMIT 3   [ RunTime:0.0003s ]
SQL: SELECT * FROM `qzvideo_lable` WHERE `updh` = 1 AND `catname` = '素材库' ORDER BY lableid desc LIMIT 3   [ RunTime:0.0004s ]
SQL: SELECT * FROM `qzvideo_lable` WHERE `updh` = 1 AND `catname` = '微专题' LIMIT 3   [ RunTime:0.0003s ]
SQL: SELECT * FROM `qzvideo_special` WHERE `title` = '印象大学城' LIMIT 1   [ RunTime:0.0004s ]
SQL: SELECT * FROM `qzvideo_special` WHERE `title` = '梦想在路上' LIMIT 1   [ RunTime:0.0004s ]
SQL: SHOW COLUMNS FROM `qzvideo_weishi` [ RunTime:0.0107s ]
SQL: SELECT * FROM `qzvideo_weishi` WHERE `specialid` = 32 ORDER BY id desc  [ RunTime:0.0030s ]
SQL: SELECT * FROM `qzvideo_weishi` WHERE `specialid` = 32 ORDER BY hits desc  [ RunTime:0.0005s ]
SQL: SELECT * FROM `qzvideo_weishi` WHERE `specialid` = 32 AND `up` = 1 ORDER BY id desc LIMIT 5   [ RunTime:0.0004s ]
SQL: SELECT * FROM `qzvideo_category` WHERE `catid` = 23 LIMIT 1   [ RunTime:0.0004s ]
NOTIC: [8] Use of undefined constant specialvideo - assumed 'specialvideo' D:\xampp\htdocs\qzvs\Index\Home\Controller\VideoController.class.php 第 189 行.
INFO: [ view_parse ] --START--
INFO: [ template_filter ] --START--
INFO: Run Behavior\ContentReplaceBehavior [ RunTime:0.000182s ]
INFO: [ template_filter ] --END-- [ RunTime:0.000251s ]
NOTIC: [8] Undefined offset: 1 D:\xampp\htdocs\qzvs\Index\Runtime\Cache\Home\4b7cbd02dbce6390d44a170858a545fe.php 第 182 行.
NOTIC: [8] Undefined offset: 1 D:\xampp\htdocs\qzvs\Index\Runtime\Cache\Home\4b7cbd02dbce6390d44a170858a545fe.php 第 183 行.
NOTIC: [8] Undefined offset: 2 D:\xampp\htdocs\qzvs\Index\Runtime\Cache\Home\4b7cbd02dbce6390d44a170858a545fe.php 第 185 行.
NOTIC: [8] Undefined offset: 2 D:\xampp\htdocs\qzvs\Index\Runtime\Cache\Home\4b7cbd02dbce6390d44a170858a545fe.php 第 186 行.
NOTIC: [8] Undefined offset: 3 D:\xampp\htdocs\qzvs\Index\Runtime\Cache\Home\4b7cbd02dbce6390d44a170858a545fe.php 第 188 行.
NOTIC: [8] Undefined offset: 3 D:\xampp\htdocs\qzvs\Index\Runtime\Cache\Home\4b7cbd02dbce6390d44a170858a545fe.php 第 189 行.
NOTIC: [8] Undefined offset: 4 D:\xampp\htdocs\qzvs\Index\Runtime\Cache\Home\4b7cbd02dbce6390d44a170858a545fe.php 第 191 行.
NOTIC: [8] Undefined offset: 4 D:\xampp\htdocs\qzvs\Index\Runtime\Cache\Home\4b7cbd02dbce6390d44a170858a545fe.php 第 192 行.
INFO: Run Behavior\ParseTemplateBehavior [ RunTime:0.027950s ]
INFO: [ view_parse ] --END-- [ RunTime:0.028039s ]
INFO: [ view_filter ] --START--
INFO: Run Behavior\WriteHtmlCacheBehavior [ RunTime:0.000976s ]
INFO: [ view_filter ] --END-- [ RunTime:0.001038s ]
INFO: [ app_end ] --START--
INFO: Run Behavior\ShowPageTraceBehavior [ RunTime:0.001220s ]
INFO: [ app_end ] --END-- [ RunTime:0.001289s ]

