[ 2016-10-02T00:06:42+08:00 ] 50.57.74.78 /qzvs/
INFO: [ app_init ] --START--
INFO: Run Behavior\BuildLiteBehavior [ RunTime:0.000025s ]
INFO: [ app_init ] --END-- [ RunTime:0.000551s ]
INFO: [ app_begin ] --START--
INFO: Run Behavior\ReadHtmlCacheBehavior [ RunTime:0.001105s ]
INFO: [ app_begin ] --END-- [ RunTime:0.001183s ]
SQL: SHOW COLUMNS FROM `banner` [ RunTime:0.0164s ]
SQL: SELECT * FROM `banner` WHERE `if_valid` = '有效' ORDER BY slide_order desc LIMIT 9   [ RunTime:0.0006s ]
SQL: SHOW COLUMNS FROM `qzvideo_special` [ RunTime:0.0183s ]
SQL: SELECT * FROM `qzvideo_special` ORDER BY id desc LIMIT 7   [ RunTime:0.0006s ]
SQL: SHOW COLUMNS FROM `qzvideo_weishi` [ RunTime:0.0188s ]
SQL: SELECT * FROM `qzvideo_weishi` WHERE `catid` = 26 ORDER BY id desc LIMIT 6   [ RunTime:0.0006s ]
SQL: SELECT COUNT(*) AS tp_Count FROM `qzvideo_weishi` WHERE `catid` = 26 LIMIT 1   [ RunTime:0.0003s ]
SQL: SELECT * FROM `qzvideo_weishi` WHERE `catid` = 26 AND `up` = 1 ORDER BY id desc LIMIT 1   [ RunTime:0.0005s ]
SQL: SELECT * FROM `qzvideo_weishi` WHERE `catid` = 23 ORDER BY id desc LIMIT 5   [ RunTime:0.0005s ]
SQL: SELECT COUNT(*) AS tp_Count FROM `qzvideo_weishi` WHERE `catid` = 23 LIMIT 1   [ RunTime:0.0003s ]
SQL: SELECT * FROM `qzvideo_weishi` WHERE `catid` = 27 ORDER BY id desc LIMIT 6   [ RunTime:0.0004s ]
SQL: SELECT COUNT(*) AS tp_Count FROM `qzvideo_weishi` WHERE `catid` = 27 LIMIT 1   [ RunTime:0.0003s ]
SQL: SELECT * FROM `qzvideo_weishi` WHERE `catid` = 27 AND `up` = 1 ORDER BY id desc LIMIT 5   [ RunTime:0.0004s ]
SQL: SELECT * FROM `qzvideo_weishi` WHERE `catid` = 25 ORDER BY id desc LIMIT 5   [ RunTime:0.0005s ]
SQL: SELECT COUNT(*) AS tp_Count FROM `qzvideo_weishi` WHERE `catid` = 25 LIMIT 1   [ RunTime:0.0003s ]
SQL: SELECT * FROM `qzvideo_weishi` WHERE `catid` = 28 ORDER BY id desc LIMIT 3   [ RunTime:0.0004s ]
SQL: SELECT COUNT(*) AS tp_Count FROM `qzvideo_weishi` WHERE `catid` = 28 LIMIT 1   [ RunTime:0.0003s ]
SQL: SELECT * FROM `qzvideo_weishi` WHERE `catid` = 28 AND `up` = 1 ORDER BY id desc LIMIT 1   [ RunTime:0.0004s ]
SQL: SELECT * FROM `qzvideo_weishi` WHERE `catid` = 29 ORDER BY id desc LIMIT 5   [ RunTime:0.0004s ]
SQL: SELECT COUNT(*) AS tp_Count FROM `qzvideo_weishi` WHERE `catid` = 29 LIMIT 1   [ RunTime:0.0003s ]
SQL: SELECT * FROM `qzvideo_weishi` WHERE `catid` = 30 ORDER BY id desc LIMIT 5   [ RunTime:0.0004s ]
SQL: SELECT COUNT(*) AS tp_Count FROM `qzvideo_weishi` WHERE `catid` = 30 LIMIT 1   [ RunTime:0.0003s ]
SQL: SELECT * FROM `qzvideo_weishi` WHERE `catid` = 31 ORDER BY id desc LIMIT 5   [ RunTime:0.0004s ]
SQL: SELECT COUNT(*) AS tp_Count FROM `qzvideo_weishi` WHERE `catid` = 31 LIMIT 1   [ RunTime:0.0003s ]
SQL: SHOW COLUMNS FROM `qzvideo_category` [ RunTime:0.0126s ]
SQL: SELECT * FROM `qzvideo_category`  [ RunTime:0.0005s ]
SQL: SHOW COLUMNS FROM `qzvideo_lable` [ RunTime:0.0176s ]
SQL: SELECT * FROM `qzvideo_lable` WHERE `uplm` = 1 AND `catname` = '微生活' ORDER BY lableid desc LIMIT 3   [ RunTime:0.0005s ]
SQL: SELECT * FROM `qzvideo_lable` WHERE `uplm` = 1 AND `catname` = '微电影' ORDER BY lableid desc LIMIT 3   [ RunTime:0.0006s ]
SQL: SELECT * FROM `qzvideo_lable` WHERE `uplm` = 1 AND `catname` = '微资讯' ORDER BY lableid desc LIMIT 3   [ RunTime:0.0003s ]
SQL: SELECT * FROM `qzvideo_lable` WHERE `uplm` = 1 AND `catname` = '微访谈' ORDER BY lableid desc LIMIT 3   [ RunTime:0.0004s ]
SQL: SELECT * FROM `qzvideo_lable` WHERE `uplm` = 1 AND `catname` = '微课堂' ORDER BY lableid desc LIMIT 3   [ RunTime:0.0004s ]
SQL: SELECT * FROM `qzvideo_lable` WHERE `uplm` = 1 AND `catname` = '生涯导航' ORDER BY lableid desc LIMIT 3   [ RunTime:0.0004s ]
SQL: SELECT * FROM `qzvideo_lable` WHERE `uplm` = 1 AND `catname` = '微分享' ORDER BY lableid desc LIMIT 3   [ RunTime:0.0003s ]
SQL: SELECT * FROM `qzvideo_lable` WHERE `uplm` = 1 AND `catname` = '素材库' ORDER BY lableid desc LIMIT 3   [ RunTime:0.0003s ]
SQL: SHOW COLUMNS FROM `qzvideo_search` [ RunTime:0.0256s ]
SQL: SELECT * FROM `qzvideo_search` ORDER BY searchnums desc LIMIT 5   [ RunTime:0.0005s ]
NOTIC: [8] Use of undefined constant index - assumed 'index' D:\xampp\htdocs\qzvs\Index\Home\Controller\IndexController.class.php 第 97 行.
INFO: [ view_parse ] --START--
INFO: [ template_filter ] --START--
INFO: Run Behavior\ContentReplaceBehavior [ RunTime:0.000402s ]
INFO: [ template_filter ] --END-- [ RunTime:0.000501s ]
NOTIC: [8] Undefined offset: 1 D:\xampp\htdocs\qzvs\Index\Runtime\Cache\Home\f8cf203eb98c60ed9cec339b90173a5c.php 第 409 行.
NOTIC: [8] Undefined offset: 1 D:\xampp\htdocs\qzvs\Index\Runtime\Cache\Home\f8cf203eb98c60ed9cec339b90173a5c.php 第 410 行.
NOTIC: [8] Undefined offset: 2 D:\xampp\htdocs\qzvs\Index\Runtime\Cache\Home\f8cf203eb98c60ed9cec339b90173a5c.php 第 412 行.
NOTIC: [8] Undefined offset: 2 D:\xampp\htdocs\qzvs\Index\Runtime\Cache\Home\f8cf203eb98c60ed9cec339b90173a5c.php 第 413 行.
NOTIC: [8] Undefined offset: 3 D:\xampp\htdocs\qzvs\Index\Runtime\Cache\Home\f8cf203eb98c60ed9cec339b90173a5c.php 第 415 行.
NOTIC: [8] Undefined offset: 3 D:\xampp\htdocs\qzvs\Index\Runtime\Cache\Home\f8cf203eb98c60ed9cec339b90173a5c.php 第 416 行.
NOTIC: [8] Undefined offset: 4 D:\xampp\htdocs\qzvs\Index\Runtime\Cache\Home\f8cf203eb98c60ed9cec339b90173a5c.php 第 418 行.
NOTIC: [8] Undefined offset: 4 D:\xampp\htdocs\qzvs\Index\Runtime\Cache\Home\f8cf203eb98c60ed9cec339b90173a5c.php 第 419 行.
NOTIC: [8] Undefined offset: 5 D:\xampp\htdocs\qzvs\Index\Runtime\Cache\Home\f8cf203eb98c60ed9cec339b90173a5c.php 第 421 行.
NOTIC: [8] Undefined offset: 5 D:\xampp\htdocs\qzvs\Index\Runtime\Cache\Home\f8cf203eb98c60ed9cec339b90173a5c.php 第 422 行.
NOTIC: [8] Undefined offset: 6 D:\xampp\htdocs\qzvs\Index\Runtime\Cache\Home\f8cf203eb98c60ed9cec339b90173a5c.php 第 424 行.
NOTIC: [8] Undefined offset: 6 D:\xampp\htdocs\qzvs\Index\Runtime\Cache\Home\f8cf203eb98c60ed9cec339b90173a5c.php 第 425 行.
NOTIC: [8] Undefined offset: 5 D:\xampp\htdocs\qzvs\Index\Runtime\Cache\Home\f8cf203eb98c60ed9cec339b90173a5c.php 第 442 行.
NOTIC: [8] Undefined offset: 5 D:\xampp\htdocs\qzvs\Index\Runtime\Cache\Home\f8cf203eb98c60ed9cec339b90173a5c.php 第 442 行.
NOTIC: [8] Undefined offset: 6 D:\xampp\htdocs\qzvs\Index\Runtime\Cache\Home\f8cf203eb98c60ed9cec339b90173a5c.php 第 443 行.
NOTIC: [8] Undefined offset: 6 D:\xampp\htdocs\qzvs\Index\Runtime\Cache\Home\f8cf203eb98c60ed9cec339b90173a5c.php 第 443 行.
NOTIC: [8] Undefined offset: 7 D:\xampp\htdocs\qzvs\Index\Runtime\Cache\Home\f8cf203eb98c60ed9cec339b90173a5c.php 第 444 行.
NOTIC: [8] Undefined offset: 7 D:\xampp\htdocs\qzvs\Index\Runtime\Cache\Home\f8cf203eb98c60ed9cec339b90173a5c.php 第 444 行.
NOTIC: [8] Undefined offset: 8 D:\xampp\htdocs\qzvs\Index\Runtime\Cache\Home\f8cf203eb98c60ed9cec339b90173a5c.php 第 445 行.
NOTIC: [8] Undefined offset: 8 D:\xampp\htdocs\qzvs\Index\Runtime\Cache\Home\f8cf203eb98c60ed9cec339b90173a5c.php 第 445 行.
NOTIC: [8] Undefined offset: 9 D:\xampp\htdocs\qzvs\Index\Runtime\Cache\Home\f8cf203eb98c60ed9cec339b90173a5c.php 第 446 行.
NOTIC: [8] Undefined offset: 9 D:\xampp\htdocs\qzvs\Index\Runtime\Cache\Home\f8cf203eb98c60ed9cec339b90173a5c.php 第 446 行.
NOTIC: [8] Undefined offset: 10 D:\xampp\htdocs\qzvs\Index\Runtime\Cache\Home\f8cf203eb98c60ed9cec339b90173a5c.php 第 447 行.
NOTIC: [8] Undefined offset: 10 D:\xampp\htdocs\qzvs\Index\Runtime\Cache\Home\f8cf203eb98c60ed9cec339b90173a5c.php 第 447 行.
NOTIC: [8] Undefined offset: 11 D:\xampp\htdocs\qzvs\Index\Runtime\Cache\Home\f8cf203eb98c60ed9cec339b90173a5c.php 第 448 行.
NOTIC: [8] Undefined offset: 11 D:\xampp\htdocs\qzvs\Index\Runtime\Cache\Home\f8cf203eb98c60ed9cec339b90173a5c.php 第 448 行.
NOTIC: [8] Undefined offset: 12 D:\xampp\htdocs\qzvs\Index\Runtime\Cache\Home\f8cf203eb98c60ed9cec339b90173a5c.php 第 449 行.
NOTIC: [8] Undefined offset: 12 D:\xampp\htdocs\qzvs\Index\Runtime\Cache\Home\f8cf203eb98c60ed9cec339b90173a5c.php 第 449 行.
NOTIC: [8] Undefined offset: 13 D:\xampp\htdocs\qzvs\Index\Runtime\Cache\Home\f8cf203eb98c60ed9cec339b90173a5c.php 第 450 行.
NOTIC: [8] Undefined offset: 13 D:\xampp\htdocs\qzvs\Index\Runtime\Cache\Home\f8cf203eb98c60ed9cec339b90173a5c.php 第 450 行.
NOTIC: [8] Undefined variable: wzx D:\xampp\htdocs\qzvs\Index\Runtime\Cache\Home\f8cf203eb98c60ed9cec339b90173a5c.php 第 468 行.
NOTIC: [8] Undefined variable: wzx D:\xampp\htdocs\qzvs\Index\Runtime\Cache\Home\f8cf203eb98c60ed9cec339b90173a5c.php 第 469 行.
NOTIC: [8] Undefined variable: wzx D:\xampp\htdocs\qzvs\Index\Runtime\Cache\Home\f8cf203eb98c60ed9cec339b90173a5c.php 第 470 行.
NOTIC: [8] Undefined variable: wft D:\xampp\htdocs\qzvs\Index\Runtime\Cache\Home\f8cf203eb98c60ed9cec339b90173a5c.php 第 523 行.
NOTIC: [8] Undefined variable: wft D:\xampp\htdocs\qzvs\Index\Runtime\Cache\Home\f8cf203eb98c60ed9cec339b90173a5c.php 第 524 行.
NOTIC: [8] Undefined variable: wft D:\xampp\htdocs\qzvs\Index\Runtime\Cache\Home\f8cf203eb98c60ed9cec339b90173a5c.php 第 526 行.
NOTIC: [8] Undefined variable: wft D:\xampp\htdocs\qzvs\Index\Runtime\Cache\Home\f8cf203eb98c60ed9cec339b90173a5c.php 第 527 行.
NOTIC: [8] Undefined variable: wft D:\xampp\htdocs\qzvs\Index\Runtime\Cache\Home\f8cf203eb98c60ed9cec339b90173a5c.php 第 529 行.
NOTIC: [8] Undefined variable: wft D:\xampp\htdocs\qzvs\Index\Runtime\Cache\Home\f8cf203eb98c60ed9cec339b90173a5c.php 第 530 行.
NOTIC: [8] Undefined variable: wft D:\xampp\htdocs\qzvs\Index\Runtime\Cache\Home\f8cf203eb98c60ed9cec339b90173a5c.php 第 532 行.
NOTIC: [8] Undefined variable: wft D:\xampp\htdocs\qzvs\Index\Runtime\Cache\Home\f8cf203eb98c60ed9cec339b90173a5c.php 第 533 行.
NOTIC: [8] Undefined variable: wft D:\xampp\htdocs\qzvs\Index\Runtime\Cache\Home\f8cf203eb98c60ed9cec339b90173a5c.php 第 535 行.
NOTIC: [8] Undefined variable: wft D:\xampp\htdocs\qzvs\Index\Runtime\Cache\Home\f8cf203eb98c60ed9cec339b90173a5c.php 第 536 行.
NOTIC: [8] Undefined index: descipline D:\xampp\htdocs\qzvs\Index\Runtime\Cache\Home\f8cf203eb98c60ed9cec339b90173a5c.php 第 642 行.
INFO: Run Behavior\ParseTemplateBehavior [ RunTime:0.049613s ]
INFO: [ view_parse ] --END-- [ RunTime:0.049718s ]
INFO: [ view_filter ] --START--
INFO: Run Behavior\WriteHtmlCacheBehavior [ RunTime:0.000871s ]
INFO: [ view_filter ] --END-- [ RunTime:0.000934s ]
INFO: [ app_end ] --START--
INFO: Run Behavior\ShowPageTraceBehavior [ RunTime:0.001072s ]
INFO: [ app_end ] --END-- [ RunTime:0.001142s ]

[ 2016-10-02T00:06:57+08:00 ] 50.57.74.78 /qzvs/
INFO: [ app_init ] --START--
INFO: Run Behavior\BuildLiteBehavior [ RunTime:0.000022s ]
INFO: [ app_init ] --END-- [ RunTime:0.000556s ]
INFO: [ app_begin ] --START--
INFO: Run Behavior\ReadHtmlCacheBehavior [ RunTime:0.001033s ]
INFO: [ app_begin ] --END-- [ RunTime:0.001109s ]
SQL: SHOW COLUMNS FROM `banner` [ RunTime:0.0137s ]
SQL: SELECT * FROM `banner` WHERE `if_valid` = '有效' ORDER BY slide_order desc LIMIT 9   [ RunTime:0.0006s ]
SQL: SHOW COLUMNS FROM `qzvideo_special` [ RunTime:0.0133s ]
SQL: SELECT * FROM `qzvideo_special` ORDER BY id desc LIMIT 7   [ RunTime:0.0005s ]
SQL: SHOW COLUMNS FROM `qzvideo_weishi` [ RunTime:0.0103s ]
SQL: SELECT * FROM `qzvideo_weishi` WHERE `catid` = 26 ORDER BY id desc LIMIT 6   [ RunTime:0.0006s ]
SQL: SELECT COUNT(*) AS tp_Count FROM `qzvideo_weishi` WHERE `catid` = 26 LIMIT 1   [ RunTime:0.0003s ]
SQL: SELECT * FROM `qzvideo_weishi` WHERE `catid` = 26 AND `up` = 1 ORDER BY id desc LIMIT 1   [ RunTime:0.0004s ]
SQL: SELECT * FROM `qzvideo_weishi` WHERE `catid` = 23 ORDER BY id desc LIMIT 5   [ RunTime:0.0004s ]
SQL: SELECT COUNT(*) AS tp_Count FROM `qzvideo_weishi` WHERE `catid` = 23 LIMIT 1   [ RunTime:0.0003s ]
SQL: SELECT * FROM `qzvideo_weishi` WHERE `catid` = 27 ORDER BY id desc LIMIT 6   [ RunTime:0.0004s ]
SQL: SELECT COUNT(*) AS tp_Count FROM `qzvideo_weishi` WHERE `catid` = 27 LIMIT 1   [ RunTime:0.0003s ]
SQL: SELECT * FROM `qzvideo_weishi` WHERE `catid` = 27 AND `up` = 1 ORDER BY id desc LIMIT 5   [ RunTime:0.0004s ]
SQL: SELECT * FROM `qzvideo_weishi` WHERE `catid` = 25 ORDER BY id desc LIMIT 5   [ RunTime:0.0004s ]
SQL: SELECT COUNT(*) AS tp_Count FROM `qzvideo_weishi` WHERE `catid` = 25 LIMIT 1   [ RunTime:0.0003s ]
SQL: SELECT * FROM `qzvideo_weishi` WHERE `catid` = 28 ORDER BY id desc LIMIT 3   [ RunTime:0.0004s ]
SQL: SELECT COUNT(*) AS tp_Count FROM `qzvideo_weishi` WHERE `catid` = 28 LIMIT 1   [ RunTime:0.0003s ]
SQL: SELECT * FROM `qzvideo_weishi` WHERE `catid` = 28 AND `up` = 1 ORDER BY id desc LIMIT 1   [ RunTime:0.0004s ]
SQL: SELECT * FROM `qzvideo_weishi` WHERE `catid` = 29 ORDER BY id desc LIMIT 5   [ RunTime:0.0005s ]
SQL: SELECT COUNT(*) AS tp_Count FROM `qzvideo_weishi` WHERE `catid` = 29 LIMIT 1   [ RunTime:0.0003s ]
SQL: SELECT * FROM `qzvideo_weishi` WHERE `catid` = 30 ORDER BY id desc LIMIT 5   [ RunTime:0.0005s ]
SQL: SELECT COUNT(*) AS tp_Count FROM `qzvideo_weishi` WHERE `catid` = 30 LIMIT 1   [ RunTime:0.0003s ]
SQL: SELECT * FROM `qzvideo_weishi` WHERE `catid` = 31 ORDER BY id desc LIMIT 5   [ RunTime:0.0004s ]
SQL: SELECT COUNT(*) AS tp_Count FROM `qzvideo_weishi` WHERE `catid` = 31 LIMIT 1   [ RunTime:0.0003s ]
SQL: SHOW COLUMNS FROM `qzvideo_category` [ RunTime:0.0114s ]
SQL: SELECT * FROM `qzvideo_category`  [ RunTime:0.0005s ]
SQL: SHOW COLUMNS FROM `qzvideo_lable` [ RunTime:0.0106s ]
SQL: SELECT * FROM `qzvideo_lable` WHERE `uplm` = 1 AND `catname` = '微生活' ORDER BY lableid desc LIMIT 3   [ RunTime:0.0004s ]
SQL: SELECT * FROM `qzvideo_lable` WHERE `uplm` = 1 AND `catname` = '微电影' ORDER BY lableid desc LIMIT 3   [ RunTime:0.0003s ]
SQL: SELECT * FROM `qzvideo_lable` WHERE `uplm` = 1 AND `catname` = '微资讯' ORDER BY lableid desc LIMIT 3   [ RunTime:0.0003s ]
SQL: SELECT * FROM `qzvideo_lable` WHERE `uplm` = 1 AND `catname` = '微访谈' ORDER BY lableid desc LIMIT 3   [ RunTime:0.0003s ]
SQL: SELECT * FROM `qzvideo_lable` WHERE `uplm` = 1 AND `catname` = '微课堂' ORDER BY lableid desc LIMIT 3   [ RunTime:0.0003s ]
SQL: SELECT * FROM `qzvideo_lable` WHERE `uplm` = 1 AND `catname` = '生涯导航' ORDER BY lableid desc LIMIT 3   [ RunTime:0.0003s ]
SQL: SELECT * FROM `qzvideo_lable` WHERE `uplm` = 1 AND `catname` = '微分享' ORDER BY lableid desc LIMIT 3   [ RunTime:0.0004s ]
SQL: SELECT * FROM `qzvideo_lable` WHERE `uplm` = 1 AND `catname` = '素材库' ORDER BY lableid desc LIMIT 3   [ RunTime:0.0003s ]
SQL: SHOW COLUMNS FROM `qzvideo_search` [ RunTime:0.0101s ]
SQL: SELECT * FROM `qzvideo_search` ORDER BY searchnums desc LIMIT 5   [ RunTime:0.0004s ]
NOTIC: [8] Use of undefined constant index - assumed 'index' D:\xampp\htdocs\qzvs\Index\Home\Controller\IndexController.class.php 第 97 行.
INFO: [ view_parse ] --START--
INFO: [ template_filter ] --START--
INFO: Run Behavior\ContentReplaceBehavior [ RunTime:0.000392s ]
INFO: [ template_filter ] --END-- [ RunTime:0.000481s ]
NOTIC: [8] Undefined offset: 1 D:\xampp\htdocs\qzvs\Index\Runtime\Cache\Home\f8cf203eb98c60ed9cec339b90173a5c.php 第 409 行.
NOTIC: [8] Undefined offset: 1 D:\xampp\htdocs\qzvs\Index\Runtime\Cache\Home\f8cf203eb98c60ed9cec339b90173a5c.php 第 410 行.
NOTIC: [8] Undefined offset: 2 D:\xampp\htdocs\qzvs\Index\Runtime\Cache\Home\f8cf203eb98c60ed9cec339b90173a5c.php 第 412 行.
NOTIC: [8] Undefined offset: 2 D:\xampp\htdocs\qzvs\Index\Runtime\Cache\Home\f8cf203eb98c60ed9cec339b90173a5c.php 第 413 行.
NOTIC: [8] Undefined offset: 3 D:\xampp\htdocs\qzvs\Index\Runtime\Cache\Home\f8cf203eb98c60ed9cec339b90173a5c.php 第 415 行.
NOTIC: [8] Undefined offset: 3 D:\xampp\htdocs\qzvs\Index\Runtime\Cache\Home\f8cf203eb98c60ed9cec339b90173a5c.php 第 416 行.
NOTIC: [8] Undefined offset: 4 D:\xampp\htdocs\qzvs\Index\Runtime\Cache\Home\f8cf203eb98c60ed9cec339b90173a5c.php 第 418 行.
NOTIC: [8] Undefined offset: 4 D:\xampp\htdocs\qzvs\Index\Runtime\Cache\Home\f8cf203eb98c60ed9cec339b90173a5c.php 第 419 行.
NOTIC: [8] Undefined offset: 5 D:\xampp\htdocs\qzvs\Index\Runtime\Cache\Home\f8cf203eb98c60ed9cec339b90173a5c.php 第 421 行.
NOTIC: [8] Undefined offset: 5 D:\xampp\htdocs\qzvs\Index\Runtime\Cache\Home\f8cf203eb98c60ed9cec339b90173a5c.php 第 422 行.
NOTIC: [8] Undefined offset: 6 D:\xampp\htdocs\qzvs\Index\Runtime\Cache\Home\f8cf203eb98c60ed9cec339b90173a5c.php 第 424 行.
NOTIC: [8] Undefined offset: 6 D:\xampp\htdocs\qzvs\Index\Runtime\Cache\Home\f8cf203eb98c60ed9cec339b90173a5c.php 第 425 行.
NOTIC: [8] Undefined offset: 5 D:\xampp\htdocs\qzvs\Index\Runtime\Cache\Home\f8cf203eb98c60ed9cec339b90173a5c.php 第 442 行.
NOTIC: [8] Undefined offset: 5 D:\xampp\htdocs\qzvs\Index\Runtime\Cache\Home\f8cf203eb98c60ed9cec339b90173a5c.php 第 442 行.
NOTIC: [8] Undefined offset: 6 D:\xampp\htdocs\qzvs\Index\Runtime\Cache\Home\f8cf203eb98c60ed9cec339b90173a5c.php 第 443 行.
NOTIC: [8] Undefined offset: 6 D:\xampp\htdocs\qzvs\Index\Runtime\Cache\Home\f8cf203eb98c60ed9cec339b90173a5c.php 第 443 行.
NOTIC: [8] Undefined offset: 7 D:\xampp\htdocs\qzvs\Index\Runtime\Cache\Home\f8cf203eb98c60ed9cec339b90173a5c.php 第 444 行.
NOTIC: [8] Undefined offset: 7 D:\xampp\htdocs\qzvs\Index\Runtime\Cache\Home\f8cf203eb98c60ed9cec339b90173a5c.php 第 444 行.
NOTIC: [8] Undefined offset: 8 D:\xampp\htdocs\qzvs\Index\Runtime\Cache\Home\f8cf203eb98c60ed9cec339b90173a5c.php 第 445 行.
NOTIC: [8] Undefined offset: 8 D:\xampp\htdocs\qzvs\Index\Runtime\Cache\Home\f8cf203eb98c60ed9cec339b90173a5c.php 第 445 行.
NOTIC: [8] Undefined offset: 9 D:\xampp\htdocs\qzvs\Index\Runtime\Cache\Home\f8cf203eb98c60ed9cec339b90173a5c.php 第 446 行.
NOTIC: [8] Undefined offset: 9 D:\xampp\htdocs\qzvs\Index\Runtime\Cache\Home\f8cf203eb98c60ed9cec339b90173a5c.php 第 446 行.
NOTIC: [8] Undefined offset: 10 D:\xampp\htdocs\qzvs\Index\Runtime\Cache\Home\f8cf203eb98c60ed9cec339b90173a5c.php 第 447 行.
NOTIC: [8] Undefined offset: 10 D:\xampp\htdocs\qzvs\Index\Runtime\Cache\Home\f8cf203eb98c60ed9cec339b90173a5c.php 第 447 行.
NOTIC: [8] Undefined offset: 11 D:\xampp\htdocs\qzvs\Index\Runtime\Cache\Home\f8cf203eb98c60ed9cec339b90173a5c.php 第 448 行.
NOTIC: [8] Undefined offset: 11 D:\xampp\htdocs\qzvs\Index\Runtime\Cache\Home\f8cf203eb98c60ed9cec339b90173a5c.php 第 448 行.
NOTIC: [8] Undefined offset: 12 D:\xampp\htdocs\qzvs\Index\Runtime\Cache\Home\f8cf203eb98c60ed9cec339b90173a5c.php 第 449 行.
NOTIC: [8] Undefined offset: 12 D:\xampp\htdocs\qzvs\Index\Runtime\Cache\Home\f8cf203eb98c60ed9cec339b90173a5c.php 第 449 行.
NOTIC: [8] Undefined offset: 13 D:\xampp\htdocs\qzvs\Index\Runtime\Cache\Home\f8cf203eb98c60ed9cec339b90173a5c.php 第 450 行.
NOTIC: [8] Undefined offset: 13 D:\xampp\htdocs\qzvs\Index\Runtime\Cache\Home\f8cf203eb98c60ed9cec339b90173a5c.php 第 450 行.
NOTIC: [8] Undefined variable: wzx D:\xampp\htdocs\qzvs\Index\Runtime\Cache\Home\f8cf203eb98c60ed9cec339b90173a5c.php 第 468 行.
NOTIC: [8] Undefined variable: wzx D:\xampp\htdocs\qzvs\Index\Runtime\Cache\Home\f8cf203eb98c60ed9cec339b90173a5c.php 第 469 行.
NOTIC: [8] Undefined variable: wzx D:\xampp\htdocs\qzvs\Index\Runtime\Cache\Home\f8cf203eb98c60ed9cec339b90173a5c.php 第 470 行.
NOTIC: [8] Undefined variable: wft D:\xampp\htdocs\qzvs\Index\Runtime\Cache\Home\f8cf203eb98c60ed9cec339b90173a5c.php 第 523 行.
NOTIC: [8] Undefined variable: wft D:\xampp\htdocs\qzvs\Index\Runtime\Cache\Home\f8cf203eb98c60ed9cec339b90173a5c.php 第 524 行.
NOTIC: [8] Undefined variable: wft D:\xampp\htdocs\qzvs\Index\Runtime\Cache\Home\f8cf203eb98c60ed9cec339b90173a5c.php 第 526 行.
NOTIC: [8] Undefined variable: wft D:\xampp\htdocs\qzvs\Index\Runtime\Cache\Home\f8cf203eb98c60ed9cec339b90173a5c.php 第 527 行.
NOTIC: [8] Undefined variable: wft D:\xampp\htdocs\qzvs\Index\Runtime\Cache\Home\f8cf203eb98c60ed9cec339b90173a5c.php 第 529 行.
NOTIC: [8] Undefined variable: wft D:\xampp\htdocs\qzvs\Index\Runtime\Cache\Home\f8cf203eb98c60ed9cec339b90173a5c.php 第 530 行.
NOTIC: [8] Undefined variable: wft D:\xampp\htdocs\qzvs\Index\Runtime\Cache\Home\f8cf203eb98c60ed9cec339b90173a5c.php 第 532 行.
NOTIC: [8] Undefined variable: wft D:\xampp\htdocs\qzvs\Index\Runtime\Cache\Home\f8cf203eb98c60ed9cec339b90173a5c.php 第 533 行.
NOTIC: [8] Undefined variable: wft D:\xampp\htdocs\qzvs\Index\Runtime\Cache\Home\f8cf203eb98c60ed9cec339b90173a5c.php 第 535 行.
NOTIC: [8] Undefined variable: wft D:\xampp\htdocs\qzvs\Index\Runtime\Cache\Home\f8cf203eb98c60ed9cec339b90173a5c.php 第 536 行.
NOTIC: [8] Undefined index: descipline D:\xampp\htdocs\qzvs\Index\Runtime\Cache\Home\f8cf203eb98c60ed9cec339b90173a5c.php 第 642 行.
INFO: Run Behavior\ParseTemplateBehavior [ RunTime:0.048235s ]
INFO: [ view_parse ] --END-- [ RunTime:0.048324s ]
INFO: [ view_filter ] --START--
INFO: Run Behavior\WriteHtmlCacheBehavior [ RunTime:0.000837s ]
INFO: [ view_filter ] --END-- [ RunTime:0.000901s ]
INFO: [ app_end ] --START--
INFO: Run Behavior\ShowPageTraceBehavior [ RunTime:0.001088s ]
INFO: [ app_end ] --END-- [ RunTime:0.001187s ]

[ 2016-10-02T00:07:17+08:00 ] 50.57.74.78 /qzvs/
INFO: [ app_init ] --START--
INFO: Run Behavior\BuildLiteBehavior [ RunTime:0.000023s ]
INFO: [ app_init ] --END-- [ RunTime:0.000563s ]
INFO: [ app_begin ] --START--
INFO: Run Behavior\ReadHtmlCacheBehavior [ RunTime:0.001108s ]
INFO: [ app_begin ] --END-- [ RunTime:0.001187s ]
SQL: SHOW COLUMNS FROM `banner` [ RunTime:0.0140s ]
SQL: SELECT * FROM `banner` WHERE `if_valid` = '有效' ORDER BY slide_order desc LIMIT 9   [ RunTime:0.0006s ]
SQL: SHOW COLUMNS FROM `qzvideo_special` [ RunTime:0.0121s ]
SQL: SELECT * FROM `qzvideo_special` ORDER BY id desc LIMIT 7   [ RunTime:0.0005s ]
SQL: SHOW COLUMNS FROM `qzvideo_weishi` [ RunTime:0.0126s ]
SQL: SELECT * FROM `qzvideo_weishi` WHERE `catid` = 26 ORDER BY id desc LIMIT 6   [ RunTime:0.0005s ]
SQL: SELECT COUNT(*) AS tp_Count FROM `qzvideo_weishi` WHERE `catid` = 26 LIMIT 1   [ RunTime:0.0003s ]
SQL: SELECT * FROM `qzvideo_weishi` WHERE `catid` = 26 AND `up` = 1 ORDER BY id desc LIMIT 1   [ RunTime:0.0005s ]
SQL: SELECT * FROM `qzvideo_weishi` WHERE `catid` = 23 ORDER BY id desc LIMIT 5   [ RunTime:0.0005s ]
SQL: SELECT COUNT(*) AS tp_Count FROM `qzvideo_weishi` WHERE `catid` = 23 LIMIT 1   [ RunTime:0.0003s ]
SQL: SELECT * FROM `qzvideo_weishi` WHERE `catid` = 27 ORDER BY id desc LIMIT 6   [ RunTime:0.0004s ]
SQL: SELECT COUNT(*) AS tp_Count FROM `qzvideo_weishi` WHERE `catid` = 27 LIMIT 1   [ RunTime:0.0003s ]
SQL: SELECT * FROM `qzvideo_weishi` WHERE `catid` = 27 AND `up` = 1 ORDER BY id desc LIMIT 5   [ RunTime:0.0004s ]
SQL: SELECT * FROM `qzvideo_weishi` WHERE `catid` = 25 ORDER BY id desc LIMIT 5   [ RunTime:0.0005s ]
SQL: SELECT COUNT(*) AS tp_Count FROM `qzvideo_weishi` WHERE `catid` = 25 LIMIT 1   [ RunTime:0.0003s ]
SQL: SELECT * FROM `qzvideo_weishi` WHERE `catid` = 28 ORDER BY id desc LIMIT 3   [ RunTime:0.0004s ]
SQL: SELECT COUNT(*) AS tp_Count FROM `qzvideo_weishi` WHERE `catid` = 28 LIMIT 1   [ RunTime:0.0004s ]
SQL: SELECT * FROM `qzvideo_weishi` WHERE `catid` = 28 AND `up` = 1 ORDER BY id desc LIMIT 1   [ RunTime:0.0006s ]
SQL: SELECT * FROM `qzvideo_weishi` WHERE `catid` = 29 ORDER BY id desc LIMIT 5   [ RunTime:0.0006s ]
SQL: SELECT COUNT(*) AS tp_Count FROM `qzvideo_weishi` WHERE `catid` = 29 LIMIT 1   [ RunTime:0.0003s ]
SQL: SELECT * FROM `qzvideo_weishi` WHERE `catid` = 30 ORDER BY id desc LIMIT 5   [ RunTime:0.0004s ]
SQL: SELECT COUNT(*) AS tp_Count FROM `qzvideo_weishi` WHERE `catid` = 30 LIMIT 1   [ RunTime:0.0003s ]
SQL: SELECT * FROM `qzvideo_weishi` WHERE `catid` = 31 ORDER BY id desc LIMIT 5   [ RunTime:0.0004s ]
SQL: SELECT COUNT(*) AS tp_Count FROM `qzvideo_weishi` WHERE `catid` = 31 LIMIT 1   [ RunTime:0.0003s ]
SQL: SHOW COLUMNS FROM `qzvideo_category` [ RunTime:0.0120s ]
SQL: SELECT * FROM `qzvideo_category`  [ RunTime:0.0005s ]
SQL: SHOW COLUMNS FROM `qzvideo_lable` [ RunTime:0.0175s ]
SQL: SELECT * FROM `qzvideo_lable` WHERE `uplm` = 1 AND `catname` = '微生活' ORDER BY lableid desc LIMIT 3   [ RunTime:0.0005s ]
SQL: SELECT * FROM `qzvideo_lable` WHERE `uplm` = 1 AND `catname` = '微电影' ORDER BY lableid desc LIMIT 3   [ RunTime:0.0003s ]
SQL: SELECT * FROM `qzvideo_lable` WHERE `uplm` = 1 AND `catname` = '微资讯' ORDER BY lableid desc LIMIT 3   [ RunTime:0.0003s ]
SQL: SELECT * FROM `qzvideo_lable` WHERE `uplm` = 1 AND `catname` = '微访谈' ORDER BY lableid desc LIMIT 3   [ RunTime:0.0004s ]
SQL: SELECT * FROM `qzvideo_lable` WHERE `uplm` = 1 AND `catname` = '微课堂' ORDER BY lableid desc LIMIT 3   [ RunTime:0.0003s ]
SQL: SELECT * FROM `qzvideo_lable` WHERE `uplm` = 1 AND `catname` = '生涯导航' ORDER BY lableid desc LIMIT 3   [ RunTime:0.0004s ]
SQL: SELECT * FROM `qzvideo_lable` WHERE `uplm` = 1 AND `catname` = '微分享' ORDER BY lableid desc LIMIT 3   [ RunTime:0.0003s ]
SQL: SELECT * FROM `qzvideo_lable` WHERE `uplm` = 1 AND `catname` = '素材库' ORDER BY lableid desc LIMIT 3   [ RunTime:0.0004s ]
SQL: SHOW COLUMNS FROM `qzvideo_search` [ RunTime:0.0159s ]
SQL: SELECT * FROM `qzvideo_search` ORDER BY searchnums desc LIMIT 5   [ RunTime:0.0005s ]
NOTIC: [8] Use of undefined constant index - assumed 'index' D:\xampp\htdocs\qzvs\Index\Home\Controller\IndexController.class.php 第 97 行.
INFO: [ view_parse ] --START--
INFO: [ template_filter ] --START--
INFO: Run Behavior\ContentReplaceBehavior [ RunTime:0.000409s ]
INFO: [ template_filter ] --END-- [ RunTime:0.000510s ]
NOTIC: [8] Undefined offset: 1 D:\xampp\htdocs\qzvs\Index\Runtime\Cache\Home\f8cf203eb98c60ed9cec339b90173a5c.php 第 409 行.
NOTIC: [8] Undefined offset: 1 D:\xampp\htdocs\qzvs\Index\Runtime\Cache\Home\f8cf203eb98c60ed9cec339b90173a5c.php 第 410 行.
NOTIC: [8] Undefined offset: 2 D:\xampp\htdocs\qzvs\Index\Runtime\Cache\Home\f8cf203eb98c60ed9cec339b90173a5c.php 第 412 行.
NOTIC: [8] Undefined offset: 2 D:\xampp\htdocs\qzvs\Index\Runtime\Cache\Home\f8cf203eb98c60ed9cec339b90173a5c.php 第 413 行.
NOTIC: [8] Undefined offset: 3 D:\xampp\htdocs\qzvs\Index\Runtime\Cache\Home\f8cf203eb98c60ed9cec339b90173a5c.php 第 415 行.
NOTIC: [8] Undefined offset: 3 D:\xampp\htdocs\qzvs\Index\Runtime\Cache\Home\f8cf203eb98c60ed9cec339b90173a5c.php 第 416 行.
NOTIC: [8] Undefined offset: 4 D:\xampp\htdocs\qzvs\Index\Runtime\Cache\Home\f8cf203eb98c60ed9cec339b90173a5c.php 第 418 行.
NOTIC: [8] Undefined offset: 4 D:\xampp\htdocs\qzvs\Index\Runtime\Cache\Home\f8cf203eb98c60ed9cec339b90173a5c.php 第 419 行.
NOTIC: [8] Undefined offset: 5 D:\xampp\htdocs\qzvs\Index\Runtime\Cache\Home\f8cf203eb98c60ed9cec339b90173a5c.php 第 421 行.
NOTIC: [8] Undefined offset: 5 D:\xampp\htdocs\qzvs\Index\Runtime\Cache\Home\f8cf203eb98c60ed9cec339b90173a5c.php 第 422 行.
NOTIC: [8] Undefined offset: 6 D:\xampp\htdocs\qzvs\Index\Runtime\Cache\Home\f8cf203eb98c60ed9cec339b90173a5c.php 第 424 行.
NOTIC: [8] Undefined offset: 6 D:\xampp\htdocs\qzvs\Index\Runtime\Cache\Home\f8cf203eb98c60ed9cec339b90173a5c.php 第 425 行.
NOTIC: [8] Undefined offset: 5 D:\xampp\htdocs\qzvs\Index\Runtime\Cache\Home\f8cf203eb98c60ed9cec339b90173a5c.php 第 442 行.
NOTIC: [8] Undefined offset: 5 D:\xampp\htdocs\qzvs\Index\Runtime\Cache\Home\f8cf203eb98c60ed9cec339b90173a5c.php 第 442 行.
NOTIC: [8] Undefined offset: 6 D:\xampp\htdocs\qzvs\Index\Runtime\Cache\Home\f8cf203eb98c60ed9cec339b90173a5c.php 第 443 行.
NOTIC: [8] Undefined offset: 6 D:\xampp\htdocs\qzvs\Index\Runtime\Cache\Home\f8cf203eb98c60ed9cec339b90173a5c.php 第 443 行.
NOTIC: [8] Undefined offset: 7 D:\xampp\htdocs\qzvs\Index\Runtime\Cache\Home\f8cf203eb98c60ed9cec339b90173a5c.php 第 444 行.
NOTIC: [8] Undefined offset: 7 D:\xampp\htdocs\qzvs\Index\Runtime\Cache\Home\f8cf203eb98c60ed9cec339b90173a5c.php 第 444 行.
NOTIC: [8] Undefined offset: 8 D:\xampp\htdocs\qzvs\Index\Runtime\Cache\Home\f8cf203eb98c60ed9cec339b90173a5c.php 第 445 行.
NOTIC: [8] Undefined offset: 8 D:\xampp\htdocs\qzvs\Index\Runtime\Cache\Home\f8cf203eb98c60ed9cec339b90173a5c.php 第 445 行.
NOTIC: [8] Undefined offset: 9 D:\xampp\htdocs\qzvs\Index\Runtime\Cache\Home\f8cf203eb98c60ed9cec339b90173a5c.php 第 446 行.
NOTIC: [8] Undefined offset: 9 D:\xampp\htdocs\qzvs\Index\Runtime\Cache\Home\f8cf203eb98c60ed9cec339b90173a5c.php 第 446 行.
NOTIC: [8] Undefined offset: 10 D:\xampp\htdocs\qzvs\Index\Runtime\Cache\Home\f8cf203eb98c60ed9cec339b90173a5c.php 第 447 行.
NOTIC: [8] Undefined offset: 10 D:\xampp\htdocs\qzvs\Index\Runtime\Cache\Home\f8cf203eb98c60ed9cec339b90173a5c.php 第 447 行.
NOTIC: [8] Undefined offset: 11 D:\xampp\htdocs\qzvs\Index\Runtime\Cache\Home\f8cf203eb98c60ed9cec339b90173a5c.php 第 448 行.
NOTIC: [8] Undefined offset: 11 D:\xampp\htdocs\qzvs\Index\Runtime\Cache\Home\f8cf203eb98c60ed9cec339b90173a5c.php 第 448 行.
NOTIC: [8] Undefined offset: 12 D:\xampp\htdocs\qzvs\Index\Runtime\Cache\Home\f8cf203eb98c60ed9cec339b90173a5c.php 第 449 行.
NOTIC: [8] Undefined offset: 12 D:\xampp\htdocs\qzvs\Index\Runtime\Cache\Home\f8cf203eb98c60ed9cec339b90173a5c.php 第 449 行.
NOTIC: [8] Undefined offset: 13 D:\xampp\htdocs\qzvs\Index\Runtime\Cache\Home\f8cf203eb98c60ed9cec339b90173a5c.php 第 450 行.
NOTIC: [8] Undefined offset: 13 D:\xampp\htdocs\qzvs\Index\Runtime\Cache\Home\f8cf203eb98c60ed9cec339b90173a5c.php 第 450 行.
NOTIC: [8] Undefined variable: wzx D:\xampp\htdocs\qzvs\Index\Runtime\Cache\Home\f8cf203eb98c60ed9cec339b90173a5c.php 第 468 行.
NOTIC: [8] Undefined variable: wzx D:\xampp\htdocs\qzvs\Index\Runtime\Cache\Home\f8cf203eb98c60ed9cec339b90173a5c.php 第 469 行.
NOTIC: [8] Undefined variable: wzx D:\xampp\htdocs\qzvs\Index\Runtime\Cache\Home\f8cf203eb98c60ed9cec339b90173a5c.php 第 470 行.
NOTIC: [8] Undefined variable: wft D:\xampp\htdocs\qzvs\Index\Runtime\Cache\Home\f8cf203eb98c60ed9cec339b90173a5c.php 第 523 行.
NOTIC: [8] Undefined variable: wft D:\xampp\htdocs\qzvs\Index\Runtime\Cache\Home\f8cf203eb98c60ed9cec339b90173a5c.php 第 524 行.
NOTIC: [8] Undefined variable: wft D:\xampp\htdocs\qzvs\Index\Runtime\Cache\Home\f8cf203eb98c60ed9cec339b90173a5c.php 第 526 行.
NOTIC: [8] Undefined variable: wft D:\xampp\htdocs\qzvs\Index\Runtime\Cache\Home\f8cf203eb98c60ed9cec339b90173a5c.php 第 527 行.
NOTIC: [8] Undefined variable: wft D:\xampp\htdocs\qzvs\Index\Runtime\Cache\Home\f8cf203eb98c60ed9cec339b90173a5c.php 第 529 行.
NOTIC: [8] Undefined variable: wft D:\xampp\htdocs\qzvs\Index\Runtime\Cache\Home\f8cf203eb98c60ed9cec339b90173a5c.php 第 530 行.
NOTIC: [8] Undefined variable: wft D:\xampp\htdocs\qzvs\Index\Runtime\Cache\Home\f8cf203eb98c60ed9cec339b90173a5c.php 第 532 行.
NOTIC: [8] Undefined variable: wft D:\xampp\htdocs\qzvs\Index\Runtime\Cache\Home\f8cf203eb98c60ed9cec339b90173a5c.php 第 533 行.
NOTIC: [8] Undefined variable: wft D:\xampp\htdocs\qzvs\Index\Runtime\Cache\Home\f8cf203eb98c60ed9cec339b90173a5c.php 第 535 行.
NOTIC: [8] Undefined variable: wft D:\xampp\htdocs\qzvs\Index\Runtime\Cache\Home\f8cf203eb98c60ed9cec339b90173a5c.php 第 536 行.
NOTIC: [8] Undefined index: descipline D:\xampp\htdocs\qzvs\Index\Runtime\Cache\Home\f8cf203eb98c60ed9cec339b90173a5c.php 第 642 行.
INFO: Run Behavior\ParseTemplateBehavior [ RunTime:0.048300s ]
INFO: [ view_parse ] --END-- [ RunTime:0.048394s ]
INFO: [ view_filter ] --START--
INFO: Run Behavior\WriteHtmlCacheBehavior [ RunTime:0.000928s ]
INFO: [ view_filter ] --END-- [ RunTime:0.000994s ]
INFO: [ app_end ] --START--
INFO: Run Behavior\ShowPageTraceBehavior [ RunTime:0.001116s ]
INFO: [ app_end ] --END-- [ RunTime:0.001189s ]

[ 2016-10-02T01:14:27+08:00 ] 66.249.64.83 /qzvs/index.php/Home/Search/search/type/2/hot/zan/p/3.html
INFO: [ app_init ] --START--
INFO: Run Behavior\BuildLiteBehavior [ RunTime:0.000024s ]
INFO: [ app_init ] --END-- [ RunTime:0.000645s ]
INFO: [ app_begin ] --START--
INFO: Run Behavior\ReadHtmlCacheBehavior [ RunTime:0.001123s ]
INFO: [ app_begin ] --END-- [ RunTime:0.001204s ]
SQL: SHOW COLUMNS FROM `qzvideo_category` [ RunTime:0.0158s ]
SQL: SELECT * FROM `qzvideo_category`  [ RunTime:0.0005s ]
SQL: SHOW COLUMNS FROM `qzvideo_lable` [ RunTime:0.0154s ]
SQL: SELECT * FROM `qzvideo_lable` WHERE `updh` = 1 AND `catname` = '微生活' ORDER BY lableid desc LIMIT 3   [ RunTime:0.0004s ]
SQL: SELECT * FROM `qzvideo_lable` WHERE `updh` = 1 AND `catname` = '微电影' ORDER BY lableid desc LIMIT 3   [ RunTime:0.0003s ]
SQL: SELECT * FROM `qzvideo_lable` WHERE `updh` = 1 AND `catname` = '微资讯' ORDER BY lableid desc LIMIT 3   [ RunTime:0.0003s ]
SQL: SELECT * FROM `qzvideo_lable` WHERE `updh` = 1 AND `catname` = '微访谈' ORDER BY lableid desc LIMIT 3   [ RunTime:0.0003s ]
SQL: SELECT * FROM `qzvideo_lable` WHERE `updh` = 1 AND `catname` = '微课堂' ORDER BY lableid desc LIMIT 3   [ RunTime:0.0003s ]
SQL: SELECT * FROM `qzvideo_lable` WHERE `updh` = 1 AND `catname` = '生涯导航' ORDER BY lableid desc LIMIT 3   [ RunTime:0.0003s ]
SQL: SELECT * FROM `qzvideo_lable` WHERE `updh` = 1 AND `catname` = '微分享' ORDER BY lableid desc LIMIT 3   [ RunTime:0.0003s ]
SQL: SELECT * FROM `qzvideo_lable` WHERE `updh` = 1 AND `catname` = '素材库' ORDER BY lableid desc LIMIT 3   [ RunTime:0.0003s ]
SQL: SELECT * FROM `qzvideo_lable` WHERE `updh` = 1 AND `catname` = '微专题' LIMIT 3   [ RunTime:0.0003s ]
SQL: SHOW COLUMNS FROM `qzvideo_special` [ RunTime:0.0172s ]
SQL: SELECT * FROM `qzvideo_special` WHERE `title` = '印象大学城' LIMIT 1   [ RunTime:0.0005s ]
SQL: SELECT * FROM `qzvideo_special` WHERE `title` = '梦想在路上' LIMIT 1   [ RunTime:0.0004s ]
SQL: SELECT * FROM `qzvideo_lable` WHERE `uplm` = 1 AND `updh` = 1 ORDER BY lableid desc LIMIT 4   [ RunTime:0.0003s ]
NOTIC: [8] Use of undefined constant ture - assumed 'ture' D:\xampp\htdocs\qzvs\Index\Home\Controller\SearchController.class.php 第 186 行.
SQL: SHOW COLUMNS FROM `qzvideo_keyword` [ RunTime:0.0448s ]
SQL: SELECT COUNT(*) AS tp_count FROM `qzvideo_keyword` WHERE `keydata` LIKE '%%' LIMIT 1   [ RunTime:0.0004s ]
SQL: SHOW COLUMNS FROM `qzvideo_keyword` [ RunTime:0.0122s ]
SQL: SELECT keyword.videoid,weishi.title as title,weishi.thumb as thumb,weishi.description as description FROM qzvideo_keyword keyword,qzvideo_weishi weishi WHERE ( keyword.videoid=weishi.id ) AND `keydata` LIKE '%%' ORDER BY weishi.zan desc LIMIT 2,1   [ RunTime:0.0391s ]
SQL: SELECT COUNT(*) AS tp_Count FROM `qzvideo_keyword` WHERE `keydata` LIKE '%%' LIMIT 1   [ RunTime:0.0003s ]
SQL: SHOW COLUMNS FROM `qzvideo_search` [ RunTime:0.0146s ]
SQL: SELECT * FROM `qzvideo_search` WHERE `keyword` = ''  [ RunTime:0.0003s ]
SQL: UPDATE `qzvideo_search` SET `searchnums`=searchnums+1 WHERE `keyword` = '' [ RunTime:0.0403s ]
NOTIC: [8] Use of undefined constant ture - assumed 'ture' D:\xampp\htdocs\qzvs\Index\Home\Controller\SearchController.class.php 第 298 行.
INFO: [ view_parse ] --START--
INFO: [ template_filter ] --START--
INFO: Run Behavior\ContentReplaceBehavior [ RunTime:0.000200s ]
INFO: [ template_filter ] --END-- [ RunTime:0.000274s ]
INFO: Run Behavior\ParseTemplateBehavior [ RunTime:0.029681s ]
INFO: [ view_parse ] --END-- [ RunTime:0.029759s ]
INFO: [ view_filter ] --START--
INFO: Run Behavior\WriteHtmlCacheBehavior [ RunTime:0.000841s ]
INFO: [ view_filter ] --END-- [ RunTime:0.000903s ]
INFO: [ app_end ] --START--
INFO: Run Behavior\ShowPageTraceBehavior [ RunTime:0.001133s ]
INFO: [ app_end ] --END-- [ RunTime:0.001221s ]

[ 2016-10-02T02:30:14+08:00 ] 66.249.64.84 /qzvs/index.php/Home/Search/search/type/2/hot/hits/p/2.html
INFO: [ app_init ] --START--
INFO: Run Behavior\BuildLiteBehavior [ RunTime:0.000022s ]
INFO: [ app_init ] --END-- [ RunTime:0.000560s ]
INFO: [ app_begin ] --START--
INFO: Run Behavior\ReadHtmlCacheBehavior [ RunTime:0.001191s ]
INFO: [ app_begin ] --END-- [ RunTime:0.001264s ]
SQL: SHOW COLUMNS FROM `qzvideo_category` [ RunTime:0.0292s ]
SQL: SELECT * FROM `qzvideo_category`  [ RunTime:0.0005s ]
SQL: SHOW COLUMNS FROM `qzvideo_lable` [ RunTime:0.0095s ]
SQL: SELECT * FROM `qzvideo_lable` WHERE `updh` = 1 AND `catname` = '微生活' ORDER BY lableid desc LIMIT 3   [ RunTime:0.0004s ]
SQL: SELECT * FROM `qzvideo_lable` WHERE `updh` = 1 AND `catname` = '微电影' ORDER BY lableid desc LIMIT 3   [ RunTime:0.0003s ]
SQL: SELECT * FROM `qzvideo_lable` WHERE `updh` = 1 AND `catname` = '微资讯' ORDER BY lableid desc LIMIT 3   [ RunTime:0.0003s ]
SQL: SELECT * FROM `qzvideo_lable` WHERE `updh` = 1 AND `catname` = '微访谈' ORDER BY lableid desc LIMIT 3   [ RunTime:0.0003s ]
SQL: SELECT * FROM `qzvideo_lable` WHERE `updh` = 1 AND `catname` = '微课堂' ORDER BY lableid desc LIMIT 3   [ RunTime:0.0003s ]
SQL: SELECT * FROM `qzvideo_lable` WHERE `updh` = 1 AND `catname` = '生涯导航' ORDER BY lableid desc LIMIT 3   [ RunTime:0.0003s ]
SQL: SELECT * FROM `qzvideo_lable` WHERE `updh` = 1 AND `catname` = '微分享' ORDER BY lableid desc LIMIT 3   [ RunTime:0.0003s ]
SQL: SELECT * FROM `qzvideo_lable` WHERE `updh` = 1 AND `catname` = '素材库' ORDER BY lableid desc LIMIT 3   [ RunTime:0.0003s ]
SQL: SELECT * FROM `qzvideo_lable` WHERE `updh` = 1 AND `catname` = '微专题' LIMIT 3   [ RunTime:0.0004s ]
SQL: SHOW COLUMNS FROM `qzvideo_special` [ RunTime:0.0128s ]
SQL: SELECT * FROM `qzvideo_special` WHERE `title` = '印象大学城' LIMIT 1   [ RunTime:0.0005s ]
SQL: SELECT * FROM `qzvideo_special` WHERE `title` = '梦想在路上' LIMIT 1   [ RunTime:0.0004s ]
SQL: SELECT * FROM `qzvideo_lable` WHERE `uplm` = 1 AND `updh` = 1 ORDER BY lableid desc LIMIT 4   [ RunTime:0.0003s ]
NOTIC: [8] Use of undefined constant ture - assumed 'ture' D:\xampp\htdocs\qzvs\Index\Home\Controller\SearchController.class.php 第 186 行.
SQL: SHOW COLUMNS FROM `qzvideo_keyword` [ RunTime:0.0253s ]
SQL: SELECT COUNT(*) AS tp_count FROM `qzvideo_keyword` WHERE `keydata` LIKE '%%' LIMIT 1   [ RunTime:0.0004s ]
SQL: SHOW COLUMNS FROM `qzvideo_keyword` [ RunTime:0.0104s ]
SQL: SELECT keyword.videoid,weishi.title as title,weishi.thumb as thumb,weishi.description as description FROM qzvideo_keyword keyword,qzvideo_weishi weishi WHERE ( keyword.videoid=weishi.id ) AND `keydata` LIKE '%%' ORDER BY weishi.hits desc LIMIT 1,1   [ RunTime:0.0272s ]
SQL: SELECT COUNT(*) AS tp_Count FROM `qzvideo_keyword` WHERE `keydata` LIKE '%%' LIMIT 1   [ RunTime:0.0004s ]
SQL: SHOW COLUMNS FROM `qzvideo_search` [ RunTime:0.0099s ]
SQL: SELECT * FROM `qzvideo_search` WHERE `keyword` = ''  [ RunTime:0.0004s ]
SQL: UPDATE `qzvideo_search` SET `searchnums`=searchnums+1 WHERE `keyword` = '' [ RunTime:0.0240s ]
NOTIC: [8] Use of undefined constant ture - assumed 'ture' D:\xampp\htdocs\qzvs\Index\Home\Controller\SearchController.class.php 第 298 行.
INFO: [ view_parse ] --START--
INFO: [ template_filter ] --START--
INFO: Run Behavior\ContentReplaceBehavior [ RunTime:0.000202s ]
INFO: [ template_filter ] --END-- [ RunTime:0.000279s ]
INFO: Run Behavior\ParseTemplateBehavior [ RunTime:0.029539s ]
INFO: [ view_parse ] --END-- [ RunTime:0.029644s ]
INFO: [ view_filter ] --START--
INFO: Run Behavior\WriteHtmlCacheBehavior [ RunTime:0.000835s ]
INFO: [ view_filter ] --END-- [ RunTime:0.000895s ]
INFO: [ app_end ] --START--
INFO: Run Behavior\ShowPageTraceBehavior [ RunTime:0.001072s ]
INFO: [ app_end ] --END-- [ RunTime:0.001150s ]

[ 2016-10-02T03:46:01+08:00 ] 66.249.64.78 /qzvs/index.php/Home/Search/search/type/2/hot/hits/p/3.html
INFO: [ app_init ] --START--
INFO: Run Behavior\BuildLiteBehavior [ RunTime:0.000024s ]
INFO: [ app_init ] --END-- [ RunTime:0.000582s ]
INFO: [ app_begin ] --START--
INFO: Run Behavior\ReadHtmlCacheBehavior [ RunTime:0.001112s ]
INFO: [ app_begin ] --END-- [ RunTime:0.001184s ]
SQL: SHOW COLUMNS FROM `qzvideo_category` [ RunTime:0.0327s ]
SQL: SELECT * FROM `qzvideo_category`  [ RunTime:0.0007s ]
SQL: SHOW COLUMNS FROM `qzvideo_lable` [ RunTime:0.0123s ]
SQL: SELECT * FROM `qzvideo_lable` WHERE `updh` = 1 AND `catname` = '微生活' ORDER BY lableid desc LIMIT 3   [ RunTime:0.0004s ]
SQL: SELECT * FROM `qzvideo_lable` WHERE `updh` = 1 AND `catname` = '微电影' ORDER BY lableid desc LIMIT 3   [ RunTime:0.0003s ]
SQL: SELECT * FROM `qzvideo_lable` WHERE `updh` = 1 AND `catname` = '微资讯' ORDER BY lableid desc LIMIT 3   [ RunTime:0.0003s ]
SQL: SELECT * FROM `qzvideo_lable` WHERE `updh` = 1 AND `catname` = '微访谈' ORDER BY lableid desc LIMIT 3   [ RunTime:0.0003s ]
SQL: SELECT * FROM `qzvideo_lable` WHERE `updh` = 1 AND `catname` = '微课堂' ORDER BY lableid desc LIMIT 3   [ RunTime:0.0003s ]
SQL: SELECT * FROM `qzvideo_lable` WHERE `updh` = 1 AND `catname` = '生涯导航' ORDER BY lableid desc LIMIT 3   [ RunTime:0.0003s ]
SQL: SELECT * FROM `qzvideo_lable` WHERE `updh` = 1 AND `catname` = '微分享' ORDER BY lableid desc LIMIT 3   [ RunTime:0.0003s ]
SQL: SELECT * FROM `qzvideo_lable` WHERE `updh` = 1 AND `catname` = '素材库' ORDER BY lableid desc LIMIT 3   [ RunTime:0.0003s ]
SQL: SELECT * FROM `qzvideo_lable` WHERE `updh` = 1 AND `catname` = '微专题' LIMIT 3   [ RunTime:0.0003s ]
SQL: SHOW COLUMNS FROM `qzvideo_special` [ RunTime:0.0182s ]
SQL: SELECT * FROM `qzvideo_special` WHERE `title` = '印象大学城' LIMIT 1   [ RunTime:0.0005s ]
SQL: SELECT * FROM `qzvideo_special` WHERE `title` = '梦想在路上' LIMIT 1   [ RunTime:0.0004s ]
SQL: SELECT * FROM `qzvideo_lable` WHERE `uplm` = 1 AND `updh` = 1 ORDER BY lableid desc LIMIT 4   [ RunTime:0.0004s ]
NOTIC: [8] Use of undefined constant ture - assumed 'ture' D:\xampp\htdocs\qzvs\Index\Home\Controller\SearchController.class.php 第 186 行.
SQL: SHOW COLUMNS FROM `qzvideo_keyword` [ RunTime:0.0410s ]
SQL: SELECT COUNT(*) AS tp_count FROM `qzvideo_keyword` WHERE `keydata` LIKE '%%' LIMIT 1   [ RunTime:0.0004s ]
SQL: SHOW COLUMNS FROM `qzvideo_keyword` [ RunTime:0.0123s ]
SQL: SELECT keyword.videoid,weishi.title as title,weishi.thumb as thumb,weishi.description as description FROM qzvideo_keyword keyword,qzvideo_weishi weishi WHERE ( keyword.videoid=weishi.id ) AND `keydata` LIKE '%%' ORDER BY weishi.hits desc LIMIT 2,1   [ RunTime:0.0292s ]
SQL: SELECT COUNT(*) AS tp_Count FROM `qzvideo_keyword` WHERE `keydata` LIKE '%%' LIMIT 1   [ RunTime:0.0004s ]
SQL: SHOW COLUMNS FROM `qzvideo_search` [ RunTime:0.0189s ]
SQL: SELECT * FROM `qzvideo_search` WHERE `keyword` = ''  [ RunTime:0.0004s ]
SQL: UPDATE `qzvideo_search` SET `searchnums`=searchnums+1 WHERE `keyword` = '' [ RunTime:0.0719s ]
NOTIC: [8] Use of undefined constant ture - assumed 'ture' D:\xampp\htdocs\qzvs\Index\Home\Controller\SearchController.class.php 第 298 行.
INFO: [ view_parse ] --START--
INFO: [ template_filter ] --START--
INFO: Run Behavior\ContentReplaceBehavior [ RunTime:0.000199s ]
INFO: [ template_filter ] --END-- [ RunTime:0.000277s ]
INFO: Run Behavior\ParseTemplateBehavior [ RunTime:0.029475s ]
INFO: [ view_parse ] --END-- [ RunTime:0.029563s ]
INFO: [ view_filter ] --START--
INFO: Run Behavior\WriteHtmlCacheBehavior [ RunTime:0.001141s ]
INFO: [ view_filter ] --END-- [ RunTime:0.001208s ]
INFO: [ app_end ] --START--
INFO: Run Behavior\ShowPageTraceBehavior [ RunTime:0.001138s ]
INFO: [ app_end ] --END-- [ RunTime:0.001230s ]

[ 2016-10-02T07:13:22+08:00 ] 66.249.64.78 /qzvs/index.php/Home/Search/search/type/2/hot/zan/p/1.html
INFO: [ app_init ] --START--
INFO: Run Behavior\BuildLiteBehavior [ RunTime:0.000023s ]
INFO: [ app_init ] --END-- [ RunTime:0.000532s ]
INFO: [ app_begin ] --START--
INFO: Run Behavior\ReadHtmlCacheBehavior [ RunTime:0.001112s ]
INFO: [ app_begin ] --END-- [ RunTime:0.001199s ]
SQL: SHOW COLUMNS FROM `qzvideo_category` [ RunTime:0.0277s ]
SQL: SELECT * FROM `qzvideo_category`  [ RunTime:0.0006s ]
SQL: SHOW COLUMNS FROM `qzvideo_lable` [ RunTime:0.0131s ]
SQL: SELECT * FROM `qzvideo_lable` WHERE `updh` = 1 AND `catname` = '微生活' ORDER BY lableid desc LIMIT 3   [ RunTime:0.0005s ]
SQL: SELECT * FROM `qzvideo_lable` WHERE `updh` = 1 AND `catname` = '微电影' ORDER BY lableid desc LIMIT 3   [ RunTime:0.0003s ]
SQL: SELECT * FROM `qzvideo_lable` WHERE `updh` = 1 AND `catname` = '微资讯' ORDER BY lableid desc LIMIT 3   [ RunTime:0.0003s ]
SQL: SELECT * FROM `qzvideo_lable` WHERE `updh` = 1 AND `catname` = '微访谈' ORDER BY lableid desc LIMIT 3   [ RunTime:0.0003s ]
SQL: SELECT * FROM `qzvideo_lable` WHERE `updh` = 1 AND `catname` = '微课堂' ORDER BY lableid desc LIMIT 3   [ RunTime:0.0003s ]
SQL: SELECT * FROM `qzvideo_lable` WHERE `updh` = 1 AND `catname` = '生涯导航' ORDER BY lableid desc LIMIT 3   [ RunTime:0.0003s ]
SQL: SELECT * FROM `qzvideo_lable` WHERE `updh` = 1 AND `catname` = '微分享' ORDER BY lableid desc LIMIT 3   [ RunTime:0.0003s ]
SQL: SELECT * FROM `qzvideo_lable` WHERE `updh` = 1 AND `catname` = '素材库' ORDER BY lableid desc LIMIT 3   [ RunTime:0.0004s ]
SQL: SELECT * FROM `qzvideo_lable` WHERE `updh` = 1 AND `catname` = '微专题' LIMIT 3   [ RunTime:0.0003s ]
SQL: SHOW COLUMNS FROM `qzvideo_special` [ RunTime:0.0156s ]
SQL: SELECT * FROM `qzvideo_special` WHERE `title` = '印象大学城' LIMIT 1   [ RunTime:0.0007s ]
SQL: SELECT * FROM `qzvideo_special` WHERE `title` = '梦想在路上' LIMIT 1   [ RunTime:0.0005s ]
SQL: SELECT * FROM `qzvideo_lable` WHERE `uplm` = 1 AND `updh` = 1 ORDER BY lableid desc LIMIT 4   [ RunTime:0.0004s ]
NOTIC: [8] Use of undefined constant ture - assumed 'ture' D:\xampp\htdocs\qzvs\Index\Home\Controller\SearchController.class.php 第 186 行.
SQL: SHOW COLUMNS FROM `qzvideo_keyword` [ RunTime:0.0414s ]
SQL: SELECT COUNT(*) AS tp_count FROM `qzvideo_keyword` WHERE `keydata` LIKE '%%' LIMIT 1   [ RunTime:0.0004s ]
SQL: SHOW COLUMNS FROM `qzvideo_keyword` [ RunTime:0.0114s ]
SQL: SELECT keyword.videoid,weishi.title as title,weishi.thumb as thumb,weishi.description as description FROM qzvideo_keyword keyword,qzvideo_weishi weishi WHERE ( keyword.videoid=weishi.id ) AND `keydata` LIKE '%%' ORDER BY weishi.zan desc LIMIT 0,1   [ RunTime:0.0275s ]
SQL: SELECT COUNT(*) AS tp_Count FROM `qzvideo_keyword` WHERE `keydata` LIKE '%%' LIMIT 1   [ RunTime:0.0006s ]
SQL: SHOW COLUMNS FROM `qzvideo_search` [ RunTime:0.0248s ]
SQL: SELECT * FROM `qzvideo_search` WHERE `keyword` = ''  [ RunTime:0.0005s ]
SQL: UPDATE `qzvideo_search` SET `searchnums`=searchnums+1 WHERE `keyword` = '' [ RunTime:0.0260s ]
NOTIC: [8] Use of undefined constant ture - assumed 'ture' D:\xampp\htdocs\qzvs\Index\Home\Controller\SearchController.class.php 第 298 行.
INFO: [ view_parse ] --START--
INFO: [ template_filter ] --START--
INFO: Run Behavior\ContentReplaceBehavior [ RunTime:0.000221s ]
INFO: [ template_filter ] --END-- [ RunTime:0.000316s ]
INFO: Run Behavior\ParseTemplateBehavior [ RunTime:0.030027s ]
INFO: [ view_parse ] --END-- [ RunTime:0.030123s ]
INFO: [ view_filter ] --START--
INFO: Run Behavior\WriteHtmlCacheBehavior [ RunTime:0.000970s ]
INFO: [ view_filter ] --END-- [ RunTime:0.001034s ]
INFO: [ app_end ] --START--
INFO: Run Behavior\ShowPageTraceBehavior [ RunTime:0.001152s ]
INFO: [ app_end ] --END-- [ RunTime:0.001222s ]

[ 2016-10-02T07:17:11+08:00 ] 66.249.64.78 /qzvs/index.php/Home/Search/search/type/2/hot/hits/p/1.html
INFO: [ app_init ] --START--
INFO: Run Behavior\BuildLiteBehavior [ RunTime:0.000027s ]
INFO: [ app_init ] --END-- [ RunTime:0.000667s ]
INFO: [ app_begin ] --START--
INFO: Run Behavior\ReadHtmlCacheBehavior [ RunTime:0.001194s ]
INFO: [ app_begin ] --END-- [ RunTime:0.001281s ]
SQL: SHOW COLUMNS FROM `qzvideo_category` [ RunTime:0.0140s ]
SQL: SELECT * FROM `qzvideo_category`  [ RunTime:0.0008s ]
SQL: SHOW COLUMNS FROM `qzvideo_lable` [ RunTime:0.0115s ]
SQL: SELECT * FROM `qzvideo_lable` WHERE `updh` = 1 AND `catname` = '微生活' ORDER BY lableid desc LIMIT 3   [ RunTime:0.0006s ]
SQL: SELECT * FROM `qzvideo_lable` WHERE `updh` = 1 AND `catname` = '微电影' ORDER BY lableid desc LIMIT 3   [ RunTime:0.0004s ]
SQL: SELECT * FROM `qzvideo_lable` WHERE `updh` = 1 AND `catname` = '微资讯' ORDER BY lableid desc LIMIT 3   [ RunTime:0.0004s ]
SQL: SELECT * FROM `qzvideo_lable` WHERE `updh` = 1 AND `catname` = '微访谈' ORDER BY lableid desc LIMIT 3   [ RunTime:0.0005s ]
SQL: SELECT * FROM `qzvideo_lable` WHERE `updh` = 1 AND `catname` = '微课堂' ORDER BY lableid desc LIMIT 3   [ RunTime:0.0004s ]
SQL: SELECT * FROM `qzvideo_lable` WHERE `updh` = 1 AND `catname` = '生涯导航' ORDER BY lableid desc LIMIT 3   [ RunTime:0.0004s ]
SQL: SELECT * FROM `qzvideo_lable` WHERE `updh` = 1 AND `catname` = '微分享' ORDER BY lableid desc LIMIT 3   [ RunTime:0.0004s ]
SQL: SELECT * FROM `qzvideo_lable` WHERE `updh` = 1 AND `catname` = '素材库' ORDER BY lableid desc LIMIT 3   [ RunTime:0.0004s ]
SQL: SELECT * FROM `qzvideo_lable` WHERE `updh` = 1 AND `catname` = '微专题' LIMIT 3   [ RunTime:0.0004s ]
SQL: SHOW COLUMNS FROM `qzvideo_special` [ RunTime:0.0125s ]
SQL: SELECT * FROM `qzvideo_special` WHERE `title` = '印象大学城' LIMIT 1   [ RunTime:0.0007s ]
SQL: SELECT * FROM `qzvideo_special` WHERE `title` = '梦想在路上' LIMIT 1   [ RunTime:0.0004s ]
SQL: SELECT * FROM `qzvideo_lable` WHERE `uplm` = 1 AND `updh` = 1 ORDER BY lableid desc LIMIT 4   [ RunTime:0.0004s ]
NOTIC: [8] Use of undefined constant ture - assumed 'ture' D:\xampp\htdocs\qzvs\Index\Home\Controller\SearchController.class.php 第 186 行.
SQL: SHOW COLUMNS FROM `qzvideo_keyword` [ RunTime:0.0131s ]
SQL: SELECT COUNT(*) AS tp_count FROM `qzvideo_keyword` WHERE `keydata` LIKE '%%' LIMIT 1   [ RunTime:0.0004s ]
SQL: SHOW COLUMNS FROM `qzvideo_keyword` [ RunTime:0.0126s ]
SQL: SELECT keyword.videoid,weishi.title as title,weishi.thumb as thumb,weishi.description as description FROM qzvideo_keyword keyword,qzvideo_weishi weishi WHERE ( keyword.videoid=weishi.id ) AND `keydata` LIKE '%%' ORDER BY weishi.hits desc LIMIT 0,1   [ RunTime:0.0163s ]
SQL: SELECT COUNT(*) AS tp_Count FROM `qzvideo_keyword` WHERE `keydata` LIKE '%%' LIMIT 1   [ RunTime:0.0004s ]
SQL: SHOW COLUMNS FROM `qzvideo_search` [ RunTime:0.0134s ]
SQL: SELECT * FROM `qzvideo_search` WHERE `keyword` = ''  [ RunTime:0.0005s ]
SQL: UPDATE `qzvideo_search` SET `searchnums`=searchnums+1 WHERE `keyword` = '' [ RunTime:0.0113s ]
NOTIC: [8] Use of undefined constant ture - assumed 'ture' D:\xampp\htdocs\qzvs\Index\Home\Controller\SearchController.class.php 第 298 行.
INFO: [ view_parse ] --START--
INFO: [ template_filter ] --START--
INFO: Run Behavior\ContentReplaceBehavior [ RunTime:0.000226s ]
INFO: [ template_filter ] --END-- [ RunTime:0.000336s ]
INFO: Run Behavior\ParseTemplateBehavior [ RunTime:0.031503s ]
INFO: [ view_parse ] --END-- [ RunTime:0.031596s ]
INFO: [ view_filter ] --START--
INFO: Run Behavior\WriteHtmlCacheBehavior [ RunTime:0.000994s ]
INFO: [ view_filter ] --END-- [ RunTime:0.001056s ]
INFO: [ app_end ] --START--
INFO: Run Behavior\ShowPageTraceBehavior [ RunTime:0.001231s ]
INFO: [ app_end ] --END-- [ RunTime:0.001329s ]

[ 2016-10-02T07:33:22+08:00 ] 66.249.64.84 /qzvs/index.php/Home/Video/showlist/catid/0.html
INFO: [ app_init ] --START--
INFO: Run Behavior\BuildLiteBehavior [ RunTime:0.000022s ]
INFO: [ app_init ] --END-- [ RunTime:0.000540s ]
INFO: [ app_begin ] --START--
INFO: Run Behavior\ReadHtmlCacheBehavior [ RunTime:0.001203s ]
INFO: [ app_begin ] --END-- [ RunTime:0.001278s ]
SQL: SHOW COLUMNS FROM `qzvideo_weishi` [ RunTime:0.0143s ]
SQL: SELECT COUNT(*) AS tp_count FROM `qzvideo_weishi` WHERE `catid` = 0 LIMIT 1   [ RunTime:0.0005s ]
SQL: SELECT `id`,`catid`,`title`,`thumb`,`keywords`,`description`,`content`,`url`,`username`,`inputtime`,`updatetime`,`director`,`performer`,`length`,`Score`,`bigpic`,`top`,`discipline`,`authorthum`,`up`,`picplayer`,`teamdes`,`directoraim`,`guest`,`hits`,`specialid`,`lable`,`zan` FROM `qzvideo_weishi` WHERE `catid` = 0 ORDER BY id desc LIMIT 0,8   [ RunTime:0.0006s ]
SQL: SELECT COUNT(*) AS tp_Count FROM `qzvideo_weishi` WHERE `catid` = 0 LIMIT 1   [ RunTime:0.0003s ]
SQL: SHOW COLUMNS FROM `qzvideo_category` [ RunTime:0.0098s ]
SQL: SELECT * FROM `qzvideo_category`  [ RunTime:0.0005s ]
SQL: SHOW COLUMNS FROM `qzvideo_lable` [ RunTime:0.0095s ]
SQL: SELECT * FROM `qzvideo_lable` WHERE `updh` = 1 AND `catname` = '微生活' ORDER BY lableid desc LIMIT 3   [ RunTime:0.0004s ]
SQL: SELECT * FROM `qzvideo_lable` WHERE `updh` = 1 AND `catname` = '微电影' ORDER BY lableid desc LIMIT 3   [ RunTime:0.0003s ]
SQL: SELECT * FROM `qzvideo_lable` WHERE `updh` = 1 AND `catname` = '微资讯' ORDER BY lableid desc LIMIT 3   [ RunTime:0.0003s ]
SQL: SELECT * FROM `qzvideo_lable` WHERE `updh` = 1 AND `catname` = '微访谈' ORDER BY lableid desc LIMIT 3   [ RunTime:0.0003s ]
SQL: SELECT * FROM `qzvideo_lable` WHERE `updh` = 1 AND `catname` = '微课堂' ORDER BY lableid desc LIMIT 3   [ RunTime:0.0006s ]
SQL: SELECT * FROM `qzvideo_lable` WHERE `updh` = 1 AND `catname` = '生涯导航' ORDER BY lableid desc LIMIT 3   [ RunTime:0.0003s ]
SQL: SELECT * FROM `qzvideo_lable` WHERE `updh` = 1 AND `catname` = '微分享' ORDER BY lableid desc LIMIT 3   [ RunTime:0.0003s ]
SQL: SELECT * FROM `qzvideo_lable` WHERE `updh` = 1 AND `catname` = '素材库' ORDER BY lableid desc LIMIT 3   [ RunTime:0.0003s ]
SQL: SELECT * FROM `qzvideo_lable` WHERE `updh` = 1 AND `catname` = '微专题' LIMIT 3   [ RunTime:0.0003s ]
SQL: SHOW COLUMNS FROM `qzvideo_special` [ RunTime:0.0136s ]
SQL: SELECT * FROM `qzvideo_special` WHERE `title` = '印象大学城' LIMIT 1   [ RunTime:0.0004s ]
SQL: SELECT * FROM `qzvideo_special` WHERE `title` = '梦想在路上' LIMIT 1   [ RunTime:0.0004s ]
SQL: SHOW COLUMNS FROM `qzvideo_search` [ RunTime:0.0121s ]
SQL: SELECT * FROM `qzvideo_search` ORDER BY searchnums desc LIMIT 5   [ RunTime:0.0004s ]
NOTIC: [8] Use of undefined constant zhuanti - assumed 'zhuanti' D:\xampp\htdocs\qzvs\Index\Home\Controller\VideoController.class.php 第 125 行.
INFO: [ app_end ] --START--
INFO: Run Behavior\ShowPageTraceBehavior [ RunTime:0.001245s ]
INFO: [ app_end ] --END-- [ RunTime:0.001316s ]

[ 2016-10-02T11:24:02+08:00 ] 62.138.2.243 /qzvs/index.php/Home/Index/play.html?id=32
INFO: [ app_init ] --START--
INFO: Run Behavior\BuildLiteBehavior [ RunTime:0.000026s ]
INFO: [ app_init ] --END-- [ RunTime:0.000597s ]
INFO: [ app_begin ] --START--
INFO: Run Behavior\ReadHtmlCacheBehavior [ RunTime:0.001240s ]
INFO: [ app_begin ] --END-- [ RunTime:0.001328s ]
SQL: SHOW COLUMNS FROM `qzvideo_weishi` [ RunTime:0.0278s ]
SQL: SELECT * FROM `qzvideo_weishi` WHERE `id` = '32' LIMIT 1   [ RunTime:0.0006s ]
SQL: SHOW COLUMNS FROM `qzvideo_category` [ RunTime:0.0110s ]
SQL: SELECT * FROM `qzvideo_category`  [ RunTime:0.0006s ]
SQL: SHOW COLUMNS FROM `qzvideo_lable` [ RunTime:0.0144s ]
SQL: SELECT * FROM `qzvideo_lable` WHERE `updh` = 1 AND `catname` = '微生活' ORDER BY lableid desc LIMIT 3   [ RunTime:0.0005s ]
SQL: SELECT * FROM `qzvideo_lable` WHERE `updh` = 1 AND `catname` = '微电影' ORDER BY lableid desc LIMIT 3   [ RunTime:0.0003s ]
SQL: SELECT * FROM `qzvideo_lable` WHERE `updh` = 1 AND `catname` = '微资讯' ORDER BY lableid desc LIMIT 3   [ RunTime:0.0003s ]
SQL: SELECT * FROM `qzvideo_lable` WHERE `updh` = 1 AND `catname` = '微访谈' ORDER BY lableid desc LIMIT 3   [ RunTime:0.0003s ]
SQL: SELECT * FROM `qzvideo_lable` WHERE `updh` = 1 AND `catname` = '微课堂' ORDER BY lableid desc LIMIT 3   [ RunTime:0.0003s ]
SQL: SELECT * FROM `qzvideo_lable` WHERE `updh` = 1 AND `catname` = '生涯导航' ORDER BY lableid desc LIMIT 3   [ RunTime:0.0003s ]
SQL: SELECT * FROM `qzvideo_lable` WHERE `updh` = 1 AND `catname` = '微分享' ORDER BY lableid desc LIMIT 3   [ RunTime:0.0003s ]
SQL: SELECT * FROM `qzvideo_lable` WHERE `updh` = 1 AND `catname` = '素材库' ORDER BY lableid desc LIMIT 3   [ RunTime:0.0003s ]
SQL: SELECT * FROM `qzvideo_lable` WHERE `updh` = 1 AND `catname` = '微专题' LIMIT 3   [ RunTime:0.0003s ]
SQL: SHOW COLUMNS FROM `qzvideo_special` [ RunTime:0.0414s ]
SQL: SELECT * FROM `qzvideo_special` WHERE `title` = '印象大学城' LIMIT 1   [ RunTime:0.0005s ]
SQL: SELECT * FROM `qzvideo_special` WHERE `title` = '梦想在路上' LIMIT 1   [ RunTime:0.0004s ]
SQL: SELECT * FROM `qzvideo_category` WHERE `catid` = 25 LIMIT 1   [ RunTime:0.0004s ]
SQL: UPDATE `qzvideo_weishi` SET `hits`='12' WHERE `id` = '32' [ RunTime:0.0231s ]
SQL: SHOW COLUMNS FROM `qzvideo_hits` [ RunTime:0.0109s ]
SQL: SELECT * FROM `qzvideo_hits` WHERE `videoid` = '32' LIMIT 1   [ RunTime:0.0005s ]
SQL: UPDATE `qzvideo_hits` SET `views`='12',`updatetime`='2016-10-02',`dayviews`='1',`weekviews`='3',`monthviews`='2' WHERE `catid` = '25' AND `videoid` = '32' [ RunTime:0.0137s ]
SQL: SELECT * FROM `qzvideo_weishi` ORDER BY hits desc LIMIT 7   [ RunTime:0.0008s ]
NOTIC: [8] Use of undefined constant play - assumed 'play' D:\xampp\htdocs\qzvs\Index\Home\Controller\IndexController.class.php 第 187 行.
INFO: [ view_parse ] --START--
INFO: [ template_filter ] --START--
INFO: Run Behavior\ContentReplaceBehavior [ RunTime:0.000212s ]
INFO: [ template_filter ] --END-- [ RunTime:0.000301s ]
INFO: Run Behavior\ParseTemplateBehavior [ RunTime:0.029452s ]
INFO: [ view_parse ] --END-- [ RunTime:0.029578s ]
INFO: [ view_filter ] --START--
INFO: Run Behavior\WriteHtmlCacheBehavior [ RunTime:0.000882s ]
INFO: [ view_filter ] --END-- [ RunTime:0.000955s ]
INFO: [ app_end ] --START--
INFO: Run Behavior\ShowPageTraceBehavior [ RunTime:0.001082s ]
INFO: [ app_end ] --END-- [ RunTime:0.001151s ]

[ 2016-10-02T11:24:53+08:00 ] 62.138.2.243 /qzvs/index.php/Home/Index/play/id/12.html
INFO: [ app_init ] --START--
INFO: Run Behavior\BuildLiteBehavior [ RunTime:0.000036s ]
INFO: [ app_init ] --END-- [ RunTime:0.000626s ]
INFO: [ app_begin ] --START--
INFO: Run Behavior\ReadHtmlCacheBehavior [ RunTime:0.001161s ]
INFO: [ app_begin ] --END-- [ RunTime:0.001254s ]
SQL: SHOW COLUMNS FROM `qzvideo_weishi` [ RunTime:0.0150s ]
SQL: SELECT * FROM `qzvideo_weishi` WHERE `id` = '12' LIMIT 1   [ RunTime:0.0007s ]
SQL: SHOW COLUMNS FROM `qzvideo_category` [ RunTime:0.0146s ]
SQL: SELECT * FROM `qzvideo_category`  [ RunTime:0.0005s ]
SQL: SHOW COLUMNS FROM `qzvideo_lable` [ RunTime:0.0130s ]
SQL: SELECT * FROM `qzvideo_lable` WHERE `updh` = 1 AND `catname` = '微生活' ORDER BY lableid desc LIMIT 3   [ RunTime:0.0006s ]
SQL: SELECT * FROM `qzvideo_lable` WHERE `updh` = 1 AND `catname` = '微电影' ORDER BY lableid desc LIMIT 3   [ RunTime:0.0004s ]
SQL: SELECT * FROM `qzvideo_lable` WHERE `updh` = 1 AND `catname` = '微资讯' ORDER BY lableid desc LIMIT 3   [ RunTime:0.0003s ]
SQL: SELECT * FROM `qzvideo_lable` WHERE `updh` = 1 AND `catname` = '微访谈' ORDER BY lableid desc LIMIT 3   [ RunTime:0.0004s ]
SQL: SELECT * FROM `qzvideo_lable` WHERE `updh` = 1 AND `catname` = '微课堂' ORDER BY lableid desc LIMIT 3   [ RunTime:0.0004s ]
SQL: SELECT * FROM `qzvideo_lable` WHERE `updh` = 1 AND `catname` = '生涯导航' ORDER BY lableid desc LIMIT 3   [ RunTime:0.0004s ]
SQL: SELECT * FROM `qzvideo_lable` WHERE `updh` = 1 AND `catname` = '微分享' ORDER BY lableid desc LIMIT 3   [ RunTime:0.0004s ]
SQL: SELECT * FROM `qzvideo_lable` WHERE `updh` = 1 AND `catname` = '素材库' ORDER BY lableid desc LIMIT 3   [ RunTime:0.0004s ]
SQL: SELECT * FROM `qzvideo_lable` WHERE `updh` = 1 AND `catname` = '微专题' LIMIT 3   [ RunTime:0.0004s ]
SQL: SHOW COLUMNS FROM `qzvideo_special` [ RunTime:0.0159s ]
SQL: SELECT * FROM `qzvideo_special` WHERE `title` = '印象大学城' LIMIT 1   [ RunTime:0.0005s ]
SQL: SELECT * FROM `qzvideo_special` WHERE `title` = '梦想在路上' LIMIT 1   [ RunTime:0.0004s ]
SQL: SELECT * FROM `qzvideo_category` WHERE `catid` = 25 LIMIT 1   [ RunTime:0.0004s ]
SQL: UPDATE `qzvideo_weishi` SET `hits`='31' WHERE `id` = '12' [ RunTime:0.0074s ]
SQL: SHOW COLUMNS FROM `qzvideo_hits` [ RunTime:0.0103s ]
SQL: SELECT * FROM `qzvideo_hits` WHERE `videoid` = '12' LIMIT 1   [ RunTime:0.0004s ]
SQL: UPDATE `qzvideo_hits` SET `views`='31',`updatetime`='2016-10-02',`dayviews`='1',`weekviews`='3',`monthviews`='2' WHERE `catid` = '25' AND `videoid` = '12' [ RunTime:0.0120s ]
SQL: SELECT * FROM `qzvideo_weishi` ORDER BY hits desc LIMIT 7   [ RunTime:0.0007s ]
NOTIC: [8] Use of undefined constant play - assumed 'play' D:\xampp\htdocs\qzvs\Index\Home\Controller\IndexController.class.php 第 187 行.
INFO: [ view_parse ] --START--
INFO: [ template_filter ] --START--
INFO: Run Behavior\ContentReplaceBehavior [ RunTime:0.000221s ]
INFO: [ template_filter ] --END-- [ RunTime:0.000357s ]
INFO: Run Behavior\ParseTemplateBehavior [ RunTime:0.030482s ]
INFO: [ view_parse ] --END-- [ RunTime:0.030570s ]
INFO: [ view_filter ] --START--
INFO: Run Behavior\WriteHtmlCacheBehavior [ RunTime:0.000870s ]
INFO: [ view_filter ] --END-- [ RunTime:0.000931s ]
INFO: [ app_end ] --START--
INFO: Run Behavior\ShowPageTraceBehavior [ RunTime:0.001068s ]
INFO: [ app_end ] --END-- [ RunTime:0.001159s ]

[ 2016-10-02T11:24:56+08:00 ] 62.138.2.243 /qzvs/index.php/Home/Index/play/id/14.html
INFO: [ app_init ] --START--
INFO: Run Behavior\BuildLiteBehavior [ RunTime:0.000024s ]
INFO: [ app_init ] --END-- [ RunTime:0.000560s ]
INFO: [ app_begin ] --START--
INFO: Run Behavior\ReadHtmlCacheBehavior [ RunTime:0.001497s ]
INFO: [ app_begin ] --END-- [ RunTime:0.001590s ]
SQL: SHOW COLUMNS FROM `qzvideo_weishi` [ RunTime:0.0169s ]
SQL: SELECT * FROM `qzvideo_weishi` WHERE `id` = '14' LIMIT 1   [ RunTime:0.0007s ]
SQL: SHOW COLUMNS FROM `qzvideo_category` [ RunTime:0.0162s ]
SQL: SELECT * FROM `qzvideo_category`  [ RunTime:0.0007s ]
SQL: SHOW COLUMNS FROM `qzvideo_lable` [ RunTime:0.0167s ]
SQL: SELECT * FROM `qzvideo_lable` WHERE `updh` = 1 AND `catname` = '微生活' ORDER BY lableid desc LIMIT 3   [ RunTime:0.0005s ]
SQL: SELECT * FROM `qzvideo_lable` WHERE `updh` = 1 AND `catname` = '微电影' ORDER BY lableid desc LIMIT 3   [ RunTime:0.0003s ]
SQL: SELECT * FROM `qzvideo_lable` WHERE `updh` = 1 AND `catname` = '微资讯' ORDER BY lableid desc LIMIT 3   [ RunTime:0.0003s ]
SQL: SELECT * FROM `qzvideo_lable` WHERE `updh` = 1 AND `catname` = '微访谈' ORDER BY lableid desc LIMIT 3   [ RunTime:0.0003s ]
SQL: SELECT * FROM `qzvideo_lable` WHERE `updh` = 1 AND `catname` = '微课堂' ORDER BY lableid desc LIMIT 3   [ RunTime:0.0003s ]
SQL: SELECT * FROM `qzvideo_lable` WHERE `updh` = 1 AND `catname` = '生涯导航' ORDER BY lableid desc LIMIT 3   [ RunTime:0.0003s ]
SQL: SELECT * FROM `qzvideo_lable` WHERE `updh` = 1 AND `catname` = '微分享' ORDER BY lableid desc LIMIT 3   [ RunTime:0.0004s ]
SQL: SELECT * FROM `qzvideo_lable` WHERE `updh` = 1 AND `catname` = '素材库' ORDER BY lableid desc LIMIT 3   [ RunTime:0.0003s ]
SQL: SELECT * FROM `qzvideo_lable` WHERE `updh` = 1 AND `catname` = '微专题' LIMIT 3   [ RunTime:0.0004s ]
SQL: SHOW COLUMNS FROM `qzvideo_special` [ RunTime:0.0157s ]
SQL: SELECT * FROM `qzvideo_special` WHERE `title` = '印象大学城' LIMIT 1   [ RunTime:0.0006s ]
SQL: SELECT * FROM `qzvideo_special` WHERE `title` = '梦想在路上' LIMIT 1   [ RunTime:0.0005s ]
SQL: SELECT * FROM `qzvideo_category` WHERE `catid` = 25 LIMIT 1   [ RunTime:0.0004s ]
SQL: UPDATE `qzvideo_weishi` SET `hits`='26' WHERE `id` = '14' [ RunTime:0.0076s ]
SQL: SHOW COLUMNS FROM `qzvideo_hits` [ RunTime:0.0153s ]
SQL: SELECT * FROM `qzvideo_hits` WHERE `videoid` = '14' LIMIT 1   [ RunTime:0.0005s ]
SQL: UPDATE `qzvideo_hits` SET `views`='26',`updatetime`='2016-10-02',`dayviews`='1',`weekviews`='3',`monthviews`='2' WHERE `catid` = '25' AND `videoid` = '14' [ RunTime:0.0086s ]
SQL: SELECT * FROM `qzvideo_weishi` ORDER BY hits desc LIMIT 7   [ RunTime:0.0007s ]
NOTIC: [8] Use of undefined constant play - assumed 'play' D:\xampp\htdocs\qzvs\Index\Home\Controller\IndexController.class.php 第 187 行.
INFO: [ view_parse ] --START--
INFO: [ template_filter ] --START--
INFO: Run Behavior\ContentReplaceBehavior [ RunTime:0.000327s ]
INFO: [ template_filter ] --END-- [ RunTime:0.000566s ]
INFO: Run Behavior\ParseTemplateBehavior [ RunTime:0.032044s ]
INFO: [ view_parse ] --END-- [ RunTime:0.032138s ]
INFO: [ view_filter ] --START--
INFO: Run Behavior\WriteHtmlCacheBehavior [ RunTime:0.000927s ]
INFO: [ view_filter ] --END-- [ RunTime:0.000989s ]
INFO: [ app_end ] --START--
INFO: Run Behavior\ShowPageTraceBehavior [ RunTime:0.001077s ]
INFO: [ app_end ] --END-- [ RunTime:0.001164s ]

[ 2016-10-02T11:24:59+08:00 ] 62.138.2.243 /qzvs/index.php/Home/Index/play/id/15.html
INFO: [ app_init ] --START--
INFO: Run Behavior\BuildLiteBehavior [ RunTime:0.000023s ]
INFO: [ app_init ] --END-- [ RunTime:0.000562s ]
INFO: [ app_begin ] --START--
INFO: Run Behavior\ReadHtmlCacheBehavior [ RunTime:0.001052s ]
INFO: [ app_begin ] --END-- [ RunTime:0.001125s ]
SQL: SHOW COLUMNS FROM `qzvideo_weishi` [ RunTime:0.0127s ]
SQL: SELECT * FROM `qzvideo_weishi` WHERE `id` = '15' LIMIT 1   [ RunTime:0.0006s ]
SQL: SHOW COLUMNS FROM `qzvideo_category` [ RunTime:0.0117s ]
SQL: SELECT * FROM `qzvideo_category`  [ RunTime:0.0006s ]
SQL: SHOW COLUMNS FROM `qzvideo_lable` [ RunTime:0.0146s ]
SQL: SELECT * FROM `qzvideo_lable` WHERE `updh` = 1 AND `catname` = '微生活' ORDER BY lableid desc LIMIT 3   [ RunTime:0.0004s ]
SQL: SELECT * FROM `qzvideo_lable` WHERE `updh` = 1 AND `catname` = '微电影' ORDER BY lableid desc LIMIT 3   [ RunTime:0.0003s ]
SQL: SELECT * FROM `qzvideo_lable` WHERE `updh` = 1 AND `catname` = '微资讯' ORDER BY lableid desc LIMIT 3   [ RunTime:0.0003s ]
SQL: SELECT * FROM `qzvideo_lable` WHERE `updh` = 1 AND `catname` = '微访谈' ORDER BY lableid desc LIMIT 3   [ RunTime:0.0003s ]
SQL: SELECT * FROM `qzvideo_lable` WHERE `updh` = 1 AND `catname` = '微课堂' ORDER BY lableid desc LIMIT 3   [ RunTime:0.0003s ]
SQL: SELECT * FROM `qzvideo_lable` WHERE `updh` = 1 AND `catname` = '生涯导航' ORDER BY lableid desc LIMIT 3   [ RunTime:0.0003s ]
SQL: SELECT * FROM `qzvideo_lable` WHERE `updh` = 1 AND `catname` = '微分享' ORDER BY lableid desc LIMIT 3   [ RunTime:0.0003s ]
SQL: SELECT * FROM `qzvideo_lable` WHERE `updh` = 1 AND `catname` = '素材库' ORDER BY lableid desc LIMIT 3   [ RunTime:0.0003s ]
SQL: SELECT * FROM `qzvideo_lable` WHERE `updh` = 1 AND `catname` = '微专题' LIMIT 3   [ RunTime:0.0003s ]
SQL: SHOW COLUMNS FROM `qzvideo_special` [ RunTime:0.0153s ]
SQL: SELECT * FROM `qzvideo_special` WHERE `title` = '印象大学城' LIMIT 1   [ RunTime:0.0004s ]
SQL: SELECT * FROM `qzvideo_special` WHERE `title` = '梦想在路上' LIMIT 1   [ RunTime:0.0004s ]
SQL: SELECT * FROM `qzvideo_category` WHERE `catid` = 25 LIMIT 1   [ RunTime:0.0004s ]
SQL: UPDATE `qzvideo_weishi` SET `hits`='28' WHERE `id` = '15' [ RunTime:0.0090s ]
SQL: SHOW COLUMNS FROM `qzvideo_hits` [ RunTime:0.0111s ]
SQL: SELECT * FROM `qzvideo_hits` WHERE `videoid` = '15' LIMIT 1   [ RunTime:0.0004s ]
SQL: UPDATE `qzvideo_hits` SET `views`='28',`updatetime`='2016-10-02',`dayviews`='1',`weekviews`='3',`monthviews`='2' WHERE `catid` = '25' AND `videoid` = '15' [ RunTime:0.0059s ]
SQL: SELECT * FROM `qzvideo_weishi` ORDER BY hits desc LIMIT 7   [ RunTime:0.0006s ]
NOTIC: [8] Use of undefined constant play - assumed 'play' D:\xampp\htdocs\qzvs\Index\Home\Controller\IndexController.class.php 第 187 行.
INFO: [ view_parse ] --START--
INFO: [ template_filter ] --START--
INFO: Run Behavior\ContentReplaceBehavior [ RunTime:0.000223s ]
INFO: [ template_filter ] --END-- [ RunTime:0.000298s ]
INFO: Run Behavior\ParseTemplateBehavior [ RunTime:0.029532s ]
INFO: [ view_parse ] --END-- [ RunTime:0.029637s ]
INFO: [ view_filter ] --START--
INFO: Run Behavior\WriteHtmlCacheBehavior [ RunTime:0.000875s ]
INFO: [ view_filter ] --END-- [ RunTime:0.000953s ]
INFO: [ app_end ] --START--
INFO: Run Behavior\ShowPageTraceBehavior [ RunTime:0.001055s ]
INFO: [ app_end ] --END-- [ RunTime:0.001150s ]

[ 2016-10-02T11:25:05+08:00 ] 62.138.2.243 /qzvs/index.php/Home/Index/play/id/17.html
INFO: [ app_init ] --START--
INFO: Run Behavior\BuildLiteBehavior [ RunTime:0.000027s ]
INFO: [ app_init ] --END-- [ RunTime:0.000627s ]
INFO: [ app_begin ] --START--
INFO: Run Behavior\ReadHtmlCacheBehavior [ RunTime:0.001104s ]
INFO: [ app_begin ] --END-- [ RunTime:0.001182s ]
SQL: SHOW COLUMNS FROM `qzvideo_weishi` [ RunTime:0.0126s ]
SQL: SELECT * FROM `qzvideo_weishi` WHERE `id` = '17' LIMIT 1   [ RunTime:0.0006s ]
SQL: SHOW COLUMNS FROM `qzvideo_category` [ RunTime:0.0107s ]
SQL: SELECT * FROM `qzvideo_category`  [ RunTime:0.0006s ]
SQL: SHOW COLUMNS FROM `qzvideo_lable` [ RunTime:0.0140s ]
SQL: SELECT * FROM `qzvideo_lable` WHERE `updh` = 1 AND `catname` = '微生活' ORDER BY lableid desc LIMIT 3   [ RunTime:0.0005s ]
SQL: SELECT * FROM `qzvideo_lable` WHERE `updh` = 1 AND `catname` = '微电影' ORDER BY lableid desc LIMIT 3   [ RunTime:0.0004s ]
SQL: SELECT * FROM `qzvideo_lable` WHERE `updh` = 1 AND `catname` = '微资讯' ORDER BY lableid desc LIMIT 3   [ RunTime:0.0003s ]
SQL: SELECT * FROM `qzvideo_lable` WHERE `updh` = 1 AND `catname` = '微访谈' ORDER BY lableid desc LIMIT 3   [ RunTime:0.0003s ]
SQL: SELECT * FROM `qzvideo_lable` WHERE `updh` = 1 AND `catname` = '微课堂' ORDER BY lableid desc LIMIT 3   [ RunTime:0.0003s ]
SQL: SELECT * FROM `qzvideo_lable` WHERE `updh` = 1 AND `catname` = '生涯导航' ORDER BY lableid desc LIMIT 3   [ RunTime:0.0003s ]
SQL: SELECT * FROM `qzvideo_lable` WHERE `updh` = 1 AND `catname` = '微分享' ORDER BY lableid desc LIMIT 3   [ RunTime:0.0003s ]
SQL: SELECT * FROM `qzvideo_lable` WHERE `updh` = 1 AND `catname` = '素材库' ORDER BY lableid desc LIMIT 3   [ RunTime:0.0003s ]
SQL: SELECT * FROM `qzvideo_lable` WHERE `updh` = 1 AND `catname` = '微专题' LIMIT 3   [ RunTime:0.0003s ]
SQL: SHOW COLUMNS FROM `qzvideo_special` [ RunTime:0.0154s ]
SQL: SELECT * FROM `qzvideo_special` WHERE `title` = '印象大学城' LIMIT 1   [ RunTime:0.0005s ]
SQL: SELECT * FROM `qzvideo_special` WHERE `title` = '梦想在路上' LIMIT 1   [ RunTime:0.0004s ]
SQL: SELECT * FROM `qzvideo_category` WHERE `catid` = 23 LIMIT 1   [ RunTime:0.0004s ]
SQL: UPDATE `qzvideo_weishi` SET `hits`='19' WHERE `id` = '17' [ RunTime:0.0078s ]
SQL: SHOW COLUMNS FROM `qzvideo_hits` [ RunTime:0.0118s ]
SQL: SELECT * FROM `qzvideo_hits` WHERE `videoid` = '17' LIMIT 1   [ RunTime:0.0007s ]
SQL: UPDATE `qzvideo_hits` SET `views`='19',`updatetime`='2016-10-02',`dayviews`='1',`weekviews`='3',`monthviews`='2' WHERE `catid` = '23' AND `videoid` = '17' [ RunTime:0.0074s ]
SQL: SELECT * FROM `qzvideo_weishi` ORDER BY hits desc LIMIT 7   [ RunTime:0.0007s ]
NOTIC: [8] Use of undefined constant play - assumed 'play' D:\xampp\htdocs\qzvs\Index\Home\Controller\IndexController.class.php 第 187 行.
INFO: [ view_parse ] --START--
INFO: [ template_filter ] --START--
INFO: Run Behavior\ContentReplaceBehavior [ RunTime:0.000219s ]
INFO: [ template_filter ] --END-- [ RunTime:0.000322s ]
INFO: Run Behavior\ParseTemplateBehavior [ RunTime:0.030572s ]
INFO: [ view_parse ] --END-- [ RunTime:0.030670s ]
INFO: [ view_filter ] --START--
INFO: Run Behavior\WriteHtmlCacheBehavior [ RunTime:0.000966s ]
INFO: [ view_filter ] --END-- [ RunTime:0.001029s ]
INFO: [ app_end ] --START--
INFO: Run Behavior\ShowPageTraceBehavior [ RunTime:0.001165s ]
INFO: [ app_end ] --END-- [ RunTime:0.001238s ]

[ 2016-10-02T12:52:48+08:00 ] 106.120.188.154 /qzvs/
INFO: [ app_init ] --START--
INFO: Run Behavior\BuildLiteBehavior [ RunTime:0.000023s ]
INFO: [ app_init ] --END-- [ RunTime:0.000545s ]
INFO: [ app_begin ] --START--
INFO: Run Behavior\ReadHtmlCacheBehavior [ RunTime:0.001239s ]
INFO: [ app_begin ] --END-- [ RunTime:0.001333s ]
SQL: SHOW COLUMNS FROM `banner` [ RunTime:0.0278s ]
SQL: SELECT * FROM `banner` WHERE `if_valid` = '有效' ORDER BY slide_order desc LIMIT 9   [ RunTime:0.0006s ]
SQL: SHOW COLUMNS FROM `qzvideo_special` [ RunTime:0.0158s ]
SQL: SELECT * FROM `qzvideo_special` ORDER BY id desc LIMIT 7   [ RunTime:0.0005s ]
SQL: SHOW COLUMNS FROM `qzvideo_weishi` [ RunTime:0.0152s ]
SQL: SELECT * FROM `qzvideo_weishi` WHERE `catid` = 26 ORDER BY id desc LIMIT 6   [ RunTime:0.0006s ]
SQL: SELECT COUNT(*) AS tp_Count FROM `qzvideo_weishi` WHERE `catid` = 26 LIMIT 1   [ RunTime:0.0005s ]
SQL: SELECT * FROM `qzvideo_weishi` WHERE `catid` = 26 AND `up` = 1 ORDER BY id desc LIMIT 1   [ RunTime:0.0005s ]
SQL: SELECT * FROM `qzvideo_weishi` WHERE `catid` = 23 ORDER BY id desc LIMIT 5   [ RunTime:0.0005s ]
SQL: SELECT COUNT(*) AS tp_Count FROM `qzvideo_weishi` WHERE `catid` = 23 LIMIT 1   [ RunTime:0.0003s ]
SQL: SELECT * FROM `qzvideo_weishi` WHERE `catid` = 27 ORDER BY id desc LIMIT 6   [ RunTime:0.0004s ]
SQL: SELECT COUNT(*) AS tp_Count FROM `qzvideo_weishi` WHERE `catid` = 27 LIMIT 1   [ RunTime:0.0003s ]
SQL: SELECT * FROM `qzvideo_weishi` WHERE `catid` = 27 AND `up` = 1 ORDER BY id desc LIMIT 5   [ RunTime:0.0006s ]
SQL: SELECT * FROM `qzvideo_weishi` WHERE `catid` = 25 ORDER BY id desc LIMIT 5   [ RunTime:0.0006s ]
SQL: SELECT COUNT(*) AS tp_Count FROM `qzvideo_weishi` WHERE `catid` = 25 LIMIT 1   [ RunTime:0.0003s ]
SQL: SELECT * FROM `qzvideo_weishi` WHERE `catid` = 28 ORDER BY id desc LIMIT 3   [ RunTime:0.0004s ]
SQL: SELECT COUNT(*) AS tp_Count FROM `qzvideo_weishi` WHERE `catid` = 28 LIMIT 1   [ RunTime:0.0003s ]
SQL: SELECT * FROM `qzvideo_weishi` WHERE `catid` = 28 AND `up` = 1 ORDER BY id desc LIMIT 1   [ RunTime:0.0004s ]
SQL: SELECT * FROM `qzvideo_weishi` WHERE `catid` = 29 ORDER BY id desc LIMIT 5   [ RunTime:0.0005s ]
SQL: SELECT COUNT(*) AS tp_Count FROM `qzvideo_weishi` WHERE `catid` = 29 LIMIT 1   [ RunTime:0.0003s ]
SQL: SELECT * FROM `qzvideo_weishi` WHERE `catid` = 30 ORDER BY id desc LIMIT 5   [ RunTime:0.0004s ]
SQL: SELECT COUNT(*) AS tp_Count FROM `qzvideo_weishi` WHERE `catid` = 30 LIMIT 1   [ RunTime:0.0003s ]
SQL: SELECT * FROM `qzvideo_weishi` WHERE `catid` = 31 ORDER BY id desc LIMIT 5   [ RunTime:0.0004s ]
SQL: SELECT COUNT(*) AS tp_Count FROM `qzvideo_weishi` WHERE `catid` = 31 LIMIT 1   [ RunTime:0.0003s ]
SQL: SHOW COLUMNS FROM `qzvideo_category` [ RunTime:0.0449s ]
SQL: SELECT * FROM `qzvideo_category`  [ RunTime:0.0006s ]
SQL: SHOW COLUMNS FROM `qzvideo_lable` [ RunTime:0.0156s ]
SQL: SELECT * FROM `qzvideo_lable` WHERE `uplm` = 1 AND `catname` = '微生活' ORDER BY lableid desc LIMIT 3   [ RunTime:0.0005s ]
SQL: SELECT * FROM `qzvideo_lable` WHERE `uplm` = 1 AND `catname` = '微电影' ORDER BY lableid desc LIMIT 3   [ RunTime:0.0003s ]
SQL: SELECT * FROM `qzvideo_lable` WHERE `uplm` = 1 AND `catname` = '微资讯' ORDER BY lableid desc LIMIT 3   [ RunTime:0.0004s ]
SQL: SELECT * FROM `qzvideo_lable` WHERE `uplm` = 1 AND `catname` = '微访谈' ORDER BY lableid desc LIMIT 3   [ RunTime:0.0004s ]
SQL: SELECT * FROM `qzvideo_lable` WHERE `uplm` = 1 AND `catname` = '微课堂' ORDER BY lableid desc LIMIT 3   [ RunTime:0.0003s ]
SQL: SELECT * FROM `qzvideo_lable` WHERE `uplm` = 1 AND `catname` = '生涯导航' ORDER BY lableid desc LIMIT 3   [ RunTime:0.0004s ]
SQL: SELECT * FROM `qzvideo_lable` WHERE `uplm` = 1 AND `catname` = '微分享' ORDER BY lableid desc LIMIT 3   [ RunTime:0.0003s ]
SQL: SELECT * FROM `qzvideo_lable` WHERE `uplm` = 1 AND `catname` = '素材库' ORDER BY lableid desc LIMIT 3   [ RunTime:0.0004s ]
SQL: SHOW COLUMNS FROM `qzvideo_search` [ RunTime:0.0143s ]
SQL: SELECT * FROM `qzvideo_search` ORDER BY searchnums desc LIMIT 5   [ RunTime:0.0005s ]
NOTIC: [8] Use of undefined constant index - assumed 'index' D:\xampp\htdocs\qzvs\Index\Home\Controller\IndexController.class.php 第 97 行.
INFO: [ view_parse ] --START--
INFO: [ template_filter ] --START--
INFO: Run Behavior\ContentReplaceBehavior [ RunTime:0.000442s ]
INFO: [ template_filter ] --END-- [ RunTime:0.000537s ]
NOTIC: [8] Undefined offset: 1 D:\xampp\htdocs\qzvs\Index\Runtime\Cache\Home\f8cf203eb98c60ed9cec339b90173a5c.php 第 409 行.
NOTIC: [8] Undefined offset: 1 D:\xampp\htdocs\qzvs\Index\Runtime\Cache\Home\f8cf203eb98c60ed9cec339b90173a5c.php 第 410 行.
NOTIC: [8] Undefined offset: 2 D:\xampp\htdocs\qzvs\Index\Runtime\Cache\Home\f8cf203eb98c60ed9cec339b90173a5c.php 第 412 行.
NOTIC: [8] Undefined offset: 2 D:\xampp\htdocs\qzvs\Index\Runtime\Cache\Home\f8cf203eb98c60ed9cec339b90173a5c.php 第 413 行.
NOTIC: [8] Undefined offset: 3 D:\xampp\htdocs\qzvs\Index\Runtime\Cache\Home\f8cf203eb98c60ed9cec339b90173a5c.php 第 415 行.
NOTIC: [8] Undefined offset: 3 D:\xampp\htdocs\qzvs\Index\Runtime\Cache\Home\f8cf203eb98c60ed9cec339b90173a5c.php 第 416 行.
NOTIC: [8] Undefined offset: 4 D:\xampp\htdocs\qzvs\Index\Runtime\Cache\Home\f8cf203eb98c60ed9cec339b90173a5c.php 第 418 行.
NOTIC: [8] Undefined offset: 4 D:\xampp\htdocs\qzvs\Index\Runtime\Cache\Home\f8cf203eb98c60ed9cec339b90173a5c.php 第 419 行.
NOTIC: [8] Undefined offset: 5 D:\xampp\htdocs\qzvs\Index\Runtime\Cache\Home\f8cf203eb98c60ed9cec339b90173a5c.php 第 421 行.
NOTIC: [8] Undefined offset: 5 D:\xampp\htdocs\qzvs\Index\Runtime\Cache\Home\f8cf203eb98c60ed9cec339b90173a5c.php 第 422 行.
NOTIC: [8] Undefined offset: 6 D:\xampp\htdocs\qzvs\Index\Runtime\Cache\Home\f8cf203eb98c60ed9cec339b90173a5c.php 第 424 行.
NOTIC: [8] Undefined offset: 6 D:\xampp\htdocs\qzvs\Index\Runtime\Cache\Home\f8cf203eb98c60ed9cec339b90173a5c.php 第 425 行.
NOTIC: [8] Undefined offset: 5 D:\xampp\htdocs\qzvs\Index\Runtime\Cache\Home\f8cf203eb98c60ed9cec339b90173a5c.php 第 442 行.
NOTIC: [8] Undefined offset: 5 D:\xampp\htdocs\qzvs\Index\Runtime\Cache\Home\f8cf203eb98c60ed9cec339b90173a5c.php 第 442 行.
NOTIC: [8] Undefined offset: 6 D:\xampp\htdocs\qzvs\Index\Runtime\Cache\Home\f8cf203eb98c60ed9cec339b90173a5c.php 第 443 行.
NOTIC: [8] Undefined offset: 6 D:\xampp\htdocs\qzvs\Index\Runtime\Cache\Home\f8cf203eb98c60ed9cec339b90173a5c.php 第 443 行.
NOTIC: [8] Undefined offset: 7 D:\xampp\htdocs\qzvs\Index\Runtime\Cache\Home\f8cf203eb98c60ed9cec339b90173a5c.php 第 444 行.
NOTIC: [8] Undefined offset: 7 D:\xampp\htdocs\qzvs\Index\Runtime\Cache\Home\f8cf203eb98c60ed9cec339b90173a5c.php 第 444 行.
NOTIC: [8] Undefined offset: 8 D:\xampp\htdocs\qzvs\Index\Runtime\Cache\Home\f8cf203eb98c60ed9cec339b90173a5c.php 第 445 行.
NOTIC: [8] Undefined offset: 8 D:\xampp\htdocs\qzvs\Index\Runtime\Cache\Home\f8cf203eb98c60ed9cec339b90173a5c.php 第 445 行.
NOTIC: [8] Undefined offset: 9 D:\xampp\htdocs\qzvs\Index\Runtime\Cache\Home\f8cf203eb98c60ed9cec339b90173a5c.php 第 446 行.
NOTIC: [8] Undefined offset: 9 D:\xampp\htdocs\qzvs\Index\Runtime\Cache\Home\f8cf203eb98c60ed9cec339b90173a5c.php 第 446 行.
NOTIC: [8] Undefined offset: 10 D:\xampp\htdocs\qzvs\Index\Runtime\Cache\Home\f8cf203eb98c60ed9cec339b90173a5c.php 第 447 行.
NOTIC: [8] Undefined offset: 10 D:\xampp\htdocs\qzvs\Index\Runtime\Cache\Home\f8cf203eb98c60ed9cec339b90173a5c.php 第 447 行.
NOTIC: [8] Undefined offset: 11 D:\xampp\htdocs\qzvs\Index\Runtime\Cache\Home\f8cf203eb98c60ed9cec339b90173a5c.php 第 448 行.
NOTIC: [8] Undefined offset: 11 D:\xampp\htdocs\qzvs\Index\Runtime\Cache\Home\f8cf203eb98c60ed9cec339b90173a5c.php 第 448 行.
NOTIC: [8] Undefined offset: 12 D:\xampp\htdocs\qzvs\Index\Runtime\Cache\Home\f8cf203eb98c60ed9cec339b90173a5c.php 第 449 行.
NOTIC: [8] Undefined offset: 12 D:\xampp\htdocs\qzvs\Index\Runtime\Cache\Home\f8cf203eb98c60ed9cec339b90173a5c.php 第 449 行.
NOTIC: [8] Undefined offset: 13 D:\xampp\htdocs\qzvs\Index\Runtime\Cache\Home\f8cf203eb98c60ed9cec339b90173a5c.php 第 450 行.
NOTIC: [8] Undefined offset: 13 D:\xampp\htdocs\qzvs\Index\Runtime\Cache\Home\f8cf203eb98c60ed9cec339b90173a5c.php 第 450 行.
NOTIC: [8] Undefined variable: wzx D:\xampp\htdocs\qzvs\Index\Runtime\Cache\Home\f8cf203eb98c60ed9cec339b90173a5c.php 第 468 行.
NOTIC: [8] Undefined variable: wzx D:\xampp\htdocs\qzvs\Index\Runtime\Cache\Home\f8cf203eb98c60ed9cec339b90173a5c.php 第 469 行.
NOTIC: [8] Undefined variable: wzx D:\xampp\htdocs\qzvs\Index\Runtime\Cache\Home\f8cf203eb98c60ed9cec339b90173a5c.php 第 470 行.
NOTIC: [8] Undefined variable: wft D:\xampp\htdocs\qzvs\Index\Runtime\Cache\Home\f8cf203eb98c60ed9cec339b90173a5c.php 第 523 行.
NOTIC: [8] Undefined variable: wft D:\xampp\htdocs\qzvs\Index\Runtime\Cache\Home\f8cf203eb98c60ed9cec339b90173a5c.php 第 524 行.
NOTIC: [8] Undefined variable: wft D:\xampp\htdocs\qzvs\Index\Runtime\Cache\Home\f8cf203eb98c60ed9cec339b90173a5c.php 第 526 行.
NOTIC: [8] Undefined variable: wft D:\xampp\htdocs\qzvs\Index\Runtime\Cache\Home\f8cf203eb98c60ed9cec339b90173a5c.php 第 527 行.
NOTIC: [8] Undefined variable: wft D:\xampp\htdocs\qzvs\Index\Runtime\Cache\Home\f8cf203eb98c60ed9cec339b90173a5c.php 第 529 行.
NOTIC: [8] Undefined variable: wft D:\xampp\htdocs\qzvs\Index\Runtime\Cache\Home\f8cf203eb98c60ed9cec339b90173a5c.php 第 530 行.
NOTIC: [8] Undefined variable: wft D:\xampp\htdocs\qzvs\Index\Runtime\Cache\Home\f8cf203eb98c60ed9cec339b90173a5c.php 第 532 行.
NOTIC: [8] Undefined variable: wft D:\xampp\htdocs\qzvs\Index\Runtime\Cache\Home\f8cf203eb98c60ed9cec339b90173a5c.php 第 533 行.
NOTIC: [8] Undefined variable: wft D:\xampp\htdocs\qzvs\Index\Runtime\Cache\Home\f8cf203eb98c60ed9cec339b90173a5c.php 第 535 行.
NOTIC: [8] Undefined variable: wft D:\xampp\htdocs\qzvs\Index\Runtime\Cache\Home\f8cf203eb98c60ed9cec339b90173a5c.php 第 536 行.
NOTIC: [8] Undefined index: descipline D:\xampp\htdocs\qzvs\Index\Runtime\Cache\Home\f8cf203eb98c60ed9cec339b90173a5c.php 第 642 行.
INFO: Run Behavior\ParseTemplateBehavior [ RunTime:0.050245s ]
INFO: [ view_parse ] --END-- [ RunTime:0.050345s ]
INFO: [ view_filter ] --START--
INFO: Run Behavior\WriteHtmlCacheBehavior [ RunTime:0.001066s ]
INFO: [ view_filter ] --END-- [ RunTime:0.001136s ]
INFO: [ app_end ] --START--
INFO: Run Behavior\ShowPageTraceBehavior [ RunTime:0.001138s ]
INFO: [ app_end ] --END-- [ RunTime:0.001235s ]

[ 2016-10-02T12:52:48+08:00 ] 106.120.188.154 /qzvs/
INFO: [ app_init ] --START--
INFO: Run Behavior\BuildLiteBehavior [ RunTime:0.000021s ]
INFO: [ app_init ] --END-- [ RunTime:0.000560s ]
INFO: [ app_begin ] --START--
INFO: Run Behavior\ReadHtmlCacheBehavior [ RunTime:0.001151s ]
INFO: [ app_begin ] --END-- [ RunTime:0.001229s ]
SQL: SHOW COLUMNS FROM `banner` [ RunTime:0.0173s ]
SQL: SELECT * FROM `banner` WHERE `if_valid` = '有效' ORDER BY slide_order desc LIMIT 9   [ RunTime:0.0007s ]
SQL: SHOW COLUMNS FROM `qzvideo_special` [ RunTime:0.0129s ]
SQL: SELECT * FROM `qzvideo_special` ORDER BY id desc LIMIT 7   [ RunTime:0.0004s ]
SQL: SHOW COLUMNS FROM `qzvideo_weishi` [ RunTime:0.0131s ]
SQL: SELECT * FROM `qzvideo_weishi` WHERE `catid` = 26 ORDER BY id desc LIMIT 6   [ RunTime:0.0005s ]
SQL: SELECT COUNT(*) AS tp_Count FROM `qzvideo_weishi` WHERE `catid` = 26 LIMIT 1   [ RunTime:0.0003s ]
SQL: SELECT * FROM `qzvideo_weishi` WHERE `catid` = 26 AND `up` = 1 ORDER BY id desc LIMIT 1   [ RunTime:0.0004s ]
SQL: SELECT * FROM `qzvideo_weishi` WHERE `catid` = 23 ORDER BY id desc LIMIT 5   [ RunTime:0.0007s ]
SQL: SELECT COUNT(*) AS tp_Count FROM `qzvideo_weishi` WHERE `catid` = 23 LIMIT 1   [ RunTime:0.0003s ]
SQL: SELECT * FROM `qzvideo_weishi` WHERE `catid` = 27 ORDER BY id desc LIMIT 6   [ RunTime:0.0004s ]
SQL: SELECT COUNT(*) AS tp_Count FROM `qzvideo_weishi` WHERE `catid` = 27 LIMIT 1   [ RunTime:0.0003s ]
SQL: SELECT * FROM `qzvideo_weishi` WHERE `catid` = 27 AND `up` = 1 ORDER BY id desc LIMIT 5   [ RunTime:0.0004s ]
SQL: SELECT * FROM `qzvideo_weishi` WHERE `catid` = 25 ORDER BY id desc LIMIT 5   [ RunTime:0.0006s ]
SQL: SELECT COUNT(*) AS tp_Count FROM `qzvideo_weishi` WHERE `catid` = 25 LIMIT 1   [ RunTime:0.0004s ]
SQL: SELECT * FROM `qzvideo_weishi` WHERE `catid` = 28 ORDER BY id desc LIMIT 3   [ RunTime:0.0004s ]
SQL: SELECT COUNT(*) AS tp_Count FROM `qzvideo_weishi` WHERE `catid` = 28 LIMIT 1   [ RunTime:0.0003s ]
SQL: SELECT * FROM `qzvideo_weishi` WHERE `catid` = 28 AND `up` = 1 ORDER BY id desc LIMIT 1   [ RunTime:0.0004s ]
SQL: SELECT * FROM `qzvideo_weishi` WHERE `catid` = 29 ORDER BY id desc LIMIT 5   [ RunTime:0.0004s ]
SQL: SELECT COUNT(*) AS tp_Count FROM `qzvideo_weishi` WHERE `catid` = 29 LIMIT 1   [ RunTime:0.0003s ]
SQL: SELECT * FROM `qzvideo_weishi` WHERE `catid` = 30 ORDER BY id desc LIMIT 5   [ RunTime:0.0004s ]
SQL: SELECT COUNT(*) AS tp_Count FROM `qzvideo_weishi` WHERE `catid` = 30 LIMIT 1   [ RunTime:0.0006s ]
SQL: SELECT * FROM `qzvideo_weishi` WHERE `catid` = 31 ORDER BY id desc LIMIT 5   [ RunTime:0.0004s ]
SQL: SELECT COUNT(*) AS tp_Count FROM `qzvideo_weishi` WHERE `catid` = 31 LIMIT 1   [ RunTime:0.0008s ]
SQL: SHOW COLUMNS FROM `qzvideo_category` [ RunTime:0.0174s ]
SQL: SELECT * FROM `qzvideo_category`  [ RunTime:0.0005s ]
SQL: SHOW COLUMNS FROM `qzvideo_lable` [ RunTime:0.0169s ]
SQL: SELECT * FROM `qzvideo_lable` WHERE `uplm` = 1 AND `catname` = '微生活' ORDER BY lableid desc LIMIT 3   [ RunTime:0.0004s ]
SQL: SELECT * FROM `qzvideo_lable` WHERE `uplm` = 1 AND `catname` = '微电影' ORDER BY lableid desc LIMIT 3   [ RunTime:0.0005s ]
SQL: SELECT * FROM `qzvideo_lable` WHERE `uplm` = 1 AND `catname` = '微资讯' ORDER BY lableid desc LIMIT 3   [ RunTime:0.0004s ]
SQL: SELECT * FROM `qzvideo_lable` WHERE `uplm` = 1 AND `catname` = '微访谈' ORDER BY lableid desc LIMIT 3   [ RunTime:0.0003s ]
SQL: SELECT * FROM `qzvideo_lable` WHERE `uplm` = 1 AND `catname` = '微课堂' ORDER BY lableid desc LIMIT 3   [ RunTime:0.0003s ]
SQL: SELECT * FROM `qzvideo_lable` WHERE `uplm` = 1 AND `catname` = '生涯导航' ORDER BY lableid desc LIMIT 3   [ RunTime:0.0004s ]
SQL: SELECT * FROM `qzvideo_lable` WHERE `uplm` = 1 AND `catname` = '微分享' ORDER BY lableid desc LIMIT 3   [ RunTime:0.0005s ]
SQL: SELECT * FROM `qzvideo_lable` WHERE `uplm` = 1 AND `catname` = '素材库' ORDER BY lableid desc LIMIT 3   [ RunTime:0.0004s ]
SQL: SHOW COLUMNS FROM `qzvideo_search` [ RunTime:0.0156s ]
SQL: SELECT * FROM `qzvideo_search` ORDER BY searchnums desc LIMIT 5   [ RunTime:0.0009s ]
NOTIC: [8] Use of undefined constant index - assumed 'index' D:\xampp\htdocs\qzvs\Index\Home\Controller\IndexController.class.php 第 97 行.
INFO: [ view_parse ] --START--
INFO: [ template_filter ] --START--
INFO: Run Behavior\ContentReplaceBehavior [ RunTime:0.000397s ]
INFO: [ template_filter ] --END-- [ RunTime:0.000526s ]
NOTIC: [8] Undefined offset: 1 D:\xampp\htdocs\qzvs\Index\Runtime\Cache\Home\f8cf203eb98c60ed9cec339b90173a5c.php 第 409 行.
NOTIC: [8] Undefined offset: 1 D:\xampp\htdocs\qzvs\Index\Runtime\Cache\Home\f8cf203eb98c60ed9cec339b90173a5c.php 第 410 行.
NOTIC: [8] Undefined offset: 2 D:\xampp\htdocs\qzvs\Index\Runtime\Cache\Home\f8cf203eb98c60ed9cec339b90173a5c.php 第 412 行.
NOTIC: [8] Undefined offset: 2 D:\xampp\htdocs\qzvs\Index\Runtime\Cache\Home\f8cf203eb98c60ed9cec339b90173a5c.php 第 413 行.
NOTIC: [8] Undefined offset: 3 D:\xampp\htdocs\qzvs\Index\Runtime\Cache\Home\f8cf203eb98c60ed9cec339b90173a5c.php 第 415 行.
NOTIC: [8] Undefined offset: 3 D:\xampp\htdocs\qzvs\Index\Runtime\Cache\Home\f8cf203eb98c60ed9cec339b90173a5c.php 第 416 行.
NOTIC: [8] Undefined offset: 4 D:\xampp\htdocs\qzvs\Index\Runtime\Cache\Home\f8cf203eb98c60ed9cec339b90173a5c.php 第 418 行.
NOTIC: [8] Undefined offset: 4 D:\xampp\htdocs\qzvs\Index\Runtime\Cache\Home\f8cf203eb98c60ed9cec339b90173a5c.php 第 419 行.
NOTIC: [8] Undefined offset: 5 D:\xampp\htdocs\qzvs\Index\Runtime\Cache\Home\f8cf203eb98c60ed9cec339b90173a5c.php 第 421 行.
NOTIC: [8] Undefined offset: 5 D:\xampp\htdocs\qzvs\Index\Runtime\Cache\Home\f8cf203eb98c60ed9cec339b90173a5c.php 第 422 行.
NOTIC: [8] Undefined offset: 6 D:\xampp\htdocs\qzvs\Index\Runtime\Cache\Home\f8cf203eb98c60ed9cec339b90173a5c.php 第 424 行.
NOTIC: [8] Undefined offset: 6 D:\xampp\htdocs\qzvs\Index\Runtime\Cache\Home\f8cf203eb98c60ed9cec339b90173a5c.php 第 425 行.
NOTIC: [8] Undefined offset: 5 D:\xampp\htdocs\qzvs\Index\Runtime\Cache\Home\f8cf203eb98c60ed9cec339b90173a5c.php 第 442 行.
NOTIC: [8] Undefined offset: 5 D:\xampp\htdocs\qzvs\Index\Runtime\Cache\Home\f8cf203eb98c60ed9cec339b90173a5c.php 第 442 行.
NOTIC: [8] Undefined offset: 6 D:\xampp\htdocs\qzvs\Index\Runtime\Cache\Home\f8cf203eb98c60ed9cec339b90173a5c.php 第 443 行.
NOTIC: [8] Undefined offset: 6 D:\xampp\htdocs\qzvs\Index\Runtime\Cache\Home\f8cf203eb98c60ed9cec339b90173a5c.php 第 443 行.
NOTIC: [8] Undefined offset: 7 D:\xampp\htdocs\qzvs\Index\Runtime\Cache\Home\f8cf203eb98c60ed9cec339b90173a5c.php 第 444 行.
NOTIC: [8] Undefined offset: 7 D:\xampp\htdocs\qzvs\Index\Runtime\Cache\Home\f8cf203eb98c60ed9cec339b90173a5c.php 第 444 行.
NOTIC: [8] Undefined offset: 8 D:\xampp\htdocs\qzvs\Index\Runtime\Cache\Home\f8cf203eb98c60ed9cec339b90173a5c.php 第 445 行.
NOTIC: [8] Undefined offset: 8 D:\xampp\htdocs\qzvs\Index\Runtime\Cache\Home\f8cf203eb98c60ed9cec339b90173a5c.php 第 445 行.
NOTIC: [8] Undefined offset: 9 D:\xampp\htdocs\qzvs\Index\Runtime\Cache\Home\f8cf203eb98c60ed9cec339b90173a5c.php 第 446 行.
NOTIC: [8] Undefined offset: 9 D:\xampp\htdocs\qzvs\Index\Runtime\Cache\Home\f8cf203eb98c60ed9cec339b90173a5c.php 第 446 行.
NOTIC: [8] Undefined offset: 10 D:\xampp\htdocs\qzvs\Index\Runtime\Cache\Home\f8cf203eb98c60ed9cec339b90173a5c.php 第 447 行.
NOTIC: [8] Undefined offset: 10 D:\xampp\htdocs\qzvs\Index\Runtime\Cache\Home\f8cf203eb98c60ed9cec339b90173a5c.php 第 447 行.
NOTIC: [8] Undefined offset: 11 D:\xampp\htdocs\qzvs\Index\Runtime\Cache\Home\f8cf203eb98c60ed9cec339b90173a5c.php 第 448 行.
NOTIC: [8] Undefined offset: 11 D:\xampp\htdocs\qzvs\Index\Runtime\Cache\Home\f8cf203eb98c60ed9cec339b90173a5c.php 第 448 行.
NOTIC: [8] Undefined offset: 12 D:\xampp\htdocs\qzvs\Index\Runtime\Cache\Home\f8cf203eb98c60ed9cec339b90173a5c.php 第 449 行.
NOTIC: [8] Undefined offset: 12 D:\xampp\htdocs\qzvs\Index\Runtime\Cache\Home\f8cf203eb98c60ed9cec339b90173a5c.php 第 449 行.
NOTIC: [8] Undefined offset: 13 D:\xampp\htdocs\qzvs\Index\Runtime\Cache\Home\f8cf203eb98c60ed9cec339b90173a5c.php 第 450 行.
NOTIC: [8] Undefined offset: 13 D:\xampp\htdocs\qzvs\Index\Runtime\Cache\Home\f8cf203eb98c60ed9cec339b90173a5c.php 第 450 行.
NOTIC: [8] Undefined variable: wzx D:\xampp\htdocs\qzvs\Index\Runtime\Cache\Home\f8cf203eb98c60ed9cec339b90173a5c.php 第 468 行.
NOTIC: [8] Undefined variable: wzx D:\xampp\htdocs\qzvs\Index\Runtime\Cache\Home\f8cf203eb98c60ed9cec339b90173a5c.php 第 469 行.
NOTIC: [8] Undefined variable: wzx D:\xampp\htdocs\qzvs\Index\Runtime\Cache\Home\f8cf203eb98c60ed9cec339b90173a5c.php 第 470 行.
NOTIC: [8] Undefined variable: wft D:\xampp\htdocs\qzvs\Index\Runtime\Cache\Home\f8cf203eb98c60ed9cec339b90173a5c.php 第 523 行.
NOTIC: [8] Undefined variable: wft D:\xampp\htdocs\qzvs\Index\Runtime\Cache\Home\f8cf203eb98c60ed9cec339b90173a5c.php 第 524 行.
NOTIC: [8] Undefined variable: wft D:\xampp\htdocs\qzvs\Index\Runtime\Cache\Home\f8cf203eb98c60ed9cec339b90173a5c.php 第 526 行.
NOTIC: [8] Undefined variable: wft D:\xampp\htdocs\qzvs\Index\Runtime\Cache\Home\f8cf203eb98c60ed9cec339b90173a5c.php 第 527 行.
NOTIC: [8] Undefined variable: wft D:\xampp\htdocs\qzvs\Index\Runtime\Cache\Home\f8cf203eb98c60ed9cec339b90173a5c.php 第 529 行.
NOTIC: [8] Undefined variable: wft D:\xampp\htdocs\qzvs\Index\Runtime\Cache\Home\f8cf203eb98c60ed9cec339b90173a5c.php 第 530 行.
NOTIC: [8] Undefined variable: wft D:\xampp\htdocs\qzvs\Index\Runtime\Cache\Home\f8cf203eb98c60ed9cec339b90173a5c.php 第 532 行.
NOTIC: [8] Undefined variable: wft D:\xampp\htdocs\qzvs\Index\Runtime\Cache\Home\f8cf203eb98c60ed9cec339b90173a5c.php 第 533 行.
NOTIC: [8] Undefined variable: wft D:\xampp\htdocs\qzvs\Index\Runtime\Cache\Home\f8cf203eb98c60ed9cec339b90173a5c.php 第 535 行.
NOTIC: [8] Undefined variable: wft D:\xampp\htdocs\qzvs\Index\Runtime\Cache\Home\f8cf203eb98c60ed9cec339b90173a5c.php 第 536 行.
NOTIC: [8] Undefined index: descipline D:\xampp\htdocs\qzvs\Index\Runtime\Cache\Home\f8cf203eb98c60ed9cec339b90173a5c.php 第 642 行.
INFO: Run Behavior\ParseTemplateBehavior [ RunTime:0.056667s ]
INFO: [ view_parse ] --END-- [ RunTime:0.056754s ]
INFO: [ view_filter ] --START--
INFO: Run Behavior\WriteHtmlCacheBehavior [ RunTime:0.001319s ]
INFO: [ view_filter ] --END-- [ RunTime:0.001390s ]
INFO: [ app_end ] --START--
INFO: Run Behavior\ShowPageTraceBehavior [ RunTime:0.001309s ]
INFO: [ app_end ] --END-- [ RunTime:0.001383s ]

[ 2016-10-02T13:48:33+08:00 ] 66.249.64.83 /qzvs/index.php/Home/Index/play.html?id=12
INFO: [ app_init ] --START--
INFO: Run Behavior\BuildLiteBehavior [ RunTime:0.000021s ]
INFO: [ app_init ] --END-- [ RunTime:0.000553s ]
INFO: [ app_begin ] --START--
INFO: Run Behavior\ReadHtmlCacheBehavior [ RunTime:0.001162s ]
INFO: [ app_begin ] --END-- [ RunTime:0.001234s ]
SQL: SHOW COLUMNS FROM `qzvideo_weishi` [ RunTime:0.0154s ]
SQL: SELECT * FROM `qzvideo_weishi` WHERE `id` = '12' LIMIT 1   [ RunTime:0.0006s ]
SQL: SHOW COLUMNS FROM `qzvideo_category` [ RunTime:0.0157s ]
SQL: SELECT * FROM `qzvideo_category`  [ RunTime:0.0005s ]
SQL: SHOW COLUMNS FROM `qzvideo_lable` [ RunTime:0.0139s ]
SQL: SELECT * FROM `qzvideo_lable` WHERE `updh` = 1 AND `catname` = '微生活' ORDER BY lableid desc LIMIT 3   [ RunTime:0.0005s ]
SQL: SELECT * FROM `qzvideo_lable` WHERE `updh` = 1 AND `catname` = '微电影' ORDER BY lableid desc LIMIT 3   [ RunTime:0.0004s ]
SQL: SELECT * FROM `qzvideo_lable` WHERE `updh` = 1 AND `catname` = '微资讯' ORDER BY lableid desc LIMIT 3   [ RunTime:0.0003s ]
SQL: SELECT * FROM `qzvideo_lable` WHERE `updh` = 1 AND `catname` = '微访谈' ORDER BY lableid desc LIMIT 3   [ RunTime:0.0003s ]
SQL: SELECT * FROM `qzvideo_lable` WHERE `updh` = 1 AND `catname` = '微课堂' ORDER BY lableid desc LIMIT 3   [ RunTime:0.0003s ]
SQL: SELECT * FROM `qzvideo_lable` WHERE `updh` = 1 AND `catname` = '生涯导航' ORDER BY lableid desc LIMIT 3   [ RunTime:0.0003s ]
SQL: SELECT * FROM `qzvideo_lable` WHERE `updh` = 1 AND `catname` = '微分享' ORDER BY lableid desc LIMIT 3   [ RunTime:0.0003s ]
SQL: SELECT * FROM `qzvideo_lable` WHERE `updh` = 1 AND `catname` = '素材库' ORDER BY lableid desc LIMIT 3   [ RunTime:0.0003s ]
SQL: SELECT * FROM `qzvideo_lable` WHERE `updh` = 1 AND `catname` = '微专题' LIMIT 3   [ RunTime:0.0003s ]
SQL: SHOW COLUMNS FROM `qzvideo_special` [ RunTime:0.0146s ]
SQL: SELECT * FROM `qzvideo_special` WHERE `title` = '印象大学城' LIMIT 1   [ RunTime:0.0005s ]
SQL: SELECT * FROM `qzvideo_special` WHERE `title` = '梦想在路上' LIMIT 1   [ RunTime:0.0004s ]
SQL: SELECT * FROM `qzvideo_category` WHERE `catid` = 25 LIMIT 1   [ RunTime:0.0004s ]
SQL: UPDATE `qzvideo_weishi` SET `hits`='32' WHERE `id` = '12' [ RunTime:0.0242s ]
SQL: SHOW COLUMNS FROM `qzvideo_hits` [ RunTime:0.0144s ]
SQL: SELECT * FROM `qzvideo_hits` WHERE `videoid` = '12' LIMIT 1   [ RunTime:0.0006s ]
SQL: UPDATE `qzvideo_hits` SET `views`='32',`updatetime`='2016-10-02',`dayviews`='2',`weekviews`='4',`monthviews`='3' WHERE `catid` = '25' AND `videoid` = '12' [ RunTime:0.0103s ]
SQL: SELECT * FROM `qzvideo_weishi` ORDER BY hits desc LIMIT 7   [ RunTime:0.0007s ]
NOTIC: [8] Use of undefined constant play - assumed 'play' D:\xampp\htdocs\qzvs\Index\Home\Controller\IndexController.class.php 第 187 行.
INFO: [ view_parse ] --START--
INFO: [ template_filter ] --START--
INFO: Run Behavior\ContentReplaceBehavior [ RunTime:0.000206s ]
INFO: [ template_filter ] --END-- [ RunTime:0.000292s ]
INFO: Run Behavior\ParseTemplateBehavior [ RunTime:0.028463s ]
INFO: [ view_parse ] --END-- [ RunTime:0.028546s ]
INFO: [ view_filter ] --START--
INFO: Run Behavior\WriteHtmlCacheBehavior [ RunTime:0.000856s ]
INFO: [ view_filter ] --END-- [ RunTime:0.000916s ]
INFO: [ app_end ] --START--
INFO: Run Behavior\ShowPageTraceBehavior [ RunTime:0.001057s ]
INFO: [ app_end ] --END-- [ RunTime:0.001128s ]

