[ 2016-10-08T00:00:01+08:00 ] 203.208.60.188 /qzvs/index.php/Home/Index/play.html?id=19
INFO: [ app_init ] --START--
INFO: Run Behavior\BuildLiteBehavior [ RunTime:0.000023s ]
INFO: [ app_init ] --END-- [ RunTime:0.000551s ]
INFO: [ app_begin ] --START--
INFO: Run Behavior\ReadHtmlCacheBehavior [ RunTime:0.000839s ]
INFO: [ app_begin ] --END-- [ RunTime:0.000912s ]
SQL: SHOW COLUMNS FROM `qzvideo_weishi` [ RunTime:0.0426s ]
SQL: SELECT * FROM `qzvideo_weishi` WHERE `id` = '19' LIMIT 1   [ RunTime:0.0008s ]
SQL: SHOW COLUMNS FROM `qzvideo_category` [ RunTime:0.0161s ]
SQL: SELECT * FROM `qzvideo_category`  [ RunTime:0.0006s ]
SQL: SHOW COLUMNS FROM `qzvideo_lable` [ RunTime:0.0271s ]
SQL: SELECT * FROM `qzvideo_lable` WHERE `updh` = 1 AND `catname` = '微生活' ORDER BY lableid desc LIMIT 3   [ RunTime:0.0005s ]
SQL: SELECT * FROM `qzvideo_lable` WHERE `updh` = 1 AND `catname` = '微电影' ORDER BY lableid desc LIMIT 3   [ RunTime:0.0004s ]
SQL: SELECT * FROM `qzvideo_lable` WHERE `updh` = 1 AND `catname` = '微资讯' ORDER BY lableid desc LIMIT 3   [ RunTime:0.0003s ]
SQL: SELECT * FROM `qzvideo_lable` WHERE `updh` = 1 AND `catname` = '微访谈' ORDER BY lableid desc LIMIT 3   [ RunTime:0.0003s ]
SQL: SELECT * FROM `qzvideo_lable` WHERE `updh` = 1 AND `catname` = '微课堂' ORDER BY lableid desc LIMIT 3   [ RunTime:0.0003s ]
SQL: SELECT * FROM `qzvideo_lable` WHERE `updh` = 1 AND `catname` = '生涯导航' ORDER BY lableid desc LIMIT 3   [ RunTime:0.0004s ]
SQL: SELECT * FROM `qzvideo_lable` WHERE `updh` = 1 AND `catname` = '微分享' ORDER BY lableid desc LIMIT 3   [ RunTime:0.0004s ]
SQL: SELECT * FROM `qzvideo_lable` WHERE `updh` = 1 AND `catname` = '素材库' ORDER BY lableid desc LIMIT 3   [ RunTime:0.0005s ]
SQL: SELECT * FROM `qzvideo_lable` WHERE `updh` = 1 AND `catname` = '微专题' LIMIT 3   [ RunTime:0.0003s ]
SQL: SHOW COLUMNS FROM `qzvideo_special` [ RunTime:0.0307s ]
SQL: SELECT * FROM `qzvideo_special` WHERE `title` = '印象大学城' LIMIT 1   [ RunTime:0.0006s ]
SQL: SELECT * FROM `qzvideo_special` WHERE `title` = '梦想在路上' LIMIT 1   [ RunTime:0.0005s ]
SQL: SELECT * FROM `qzvideo_category` WHERE `catid` = 30 LIMIT 1   [ RunTime:0.0005s ]
SQL: UPDATE `qzvideo_weishi` SET `hits`='41' WHERE `id` = '19' [ RunTime:0.0269s ]
SQL: SHOW COLUMNS FROM `qzvideo_hits` [ RunTime:0.0118s ]
SQL: SELECT * FROM `qzvideo_hits` WHERE `videoid` = '19' LIMIT 1   [ RunTime:0.0004s ]
SQL: UPDATE `qzvideo_hits` SET `views`='41',`updatetime`='2016-10-08',`dayviews`='1',`weekviews`='16',`monthviews`='18' WHERE `catid` = '30' AND `videoid` = '19' [ RunTime:0.0113s ]
SQL: SELECT * FROM `qzvideo_weishi` ORDER BY hits desc LIMIT 7   [ RunTime:0.0009s ]
NOTIC: [8] Use of undefined constant play - assumed 'play' D:\xampp\htdocs\qzvs\Index\Home\Controller\IndexController.class.php 第 187 行.
INFO: [ view_parse ] --START--
INFO: [ template_filter ] --START--
INFO: Run Behavior\ContentReplaceBehavior [ RunTime:0.000223s ]
INFO: [ template_filter ] --END-- [ RunTime:0.000322s ]
INFO: Run Behavior\ParseTemplateBehavior [ RunTime:0.028948s ]
INFO: [ view_parse ] --END-- [ RunTime:0.029045s ]
INFO: [ view_filter ] --START--
INFO: Run Behavior\WriteHtmlCacheBehavior [ RunTime:0.000556s ]
INFO: [ view_filter ] --END-- [ RunTime:0.000627s ]
INFO: [ app_end ] --START--
INFO: Run Behavior\ShowPageTraceBehavior [ RunTime:0.000784s ]
INFO: [ app_end ] --END-- [ RunTime:0.000853s ]

[ 2016-10-08T04:20:17+08:00 ] 203.208.60.184 /qzvs/index.php/Home/Video/showlist/catid/26.html
INFO: [ app_init ] --START--
INFO: Run Behavior\BuildLiteBehavior [ RunTime:0.000025s ]
INFO: [ app_init ] --END-- [ RunTime:0.000571s ]
INFO: [ app_begin ] --START--
INFO: Run Behavior\ReadHtmlCacheBehavior [ RunTime:0.000836s ]
INFO: [ app_begin ] --END-- [ RunTime:0.000909s ]
SQL: SHOW COLUMNS FROM `qzvideo_weishi` [ RunTime:0.0632s ]
SQL: SELECT COUNT(*) AS tp_count FROM `qzvideo_weishi` WHERE `catid` = 26 LIMIT 1   [ RunTime:0.0005s ]
SQL: SELECT `id`,`catid`,`title`,`thumb`,`keywords`,`description`,`content`,`url`,`username`,`inputtime`,`updatetime`,`director`,`performer`,`length`,`Score`,`bigpic`,`top`,`discipline`,`authorthum`,`up`,`picplayer`,`teamdes`,`directoraim`,`guest`,`hits`,`specialid`,`lable`,`zan` FROM `qzvideo_weishi` WHERE `catid` = 26 ORDER BY id desc LIMIT 0,8   [ RunTime:0.0006s ]
SQL: SELECT COUNT(*) AS tp_Count FROM `qzvideo_weishi` WHERE `catid` = 26 LIMIT 1   [ RunTime:0.0003s ]
SQL: SHOW COLUMNS FROM `qzvideo_category` [ RunTime:0.0217s ]
SQL: SELECT * FROM `qzvideo_category`  [ RunTime:0.0006s ]
SQL: SHOW COLUMNS FROM `qzvideo_lable` [ RunTime:0.0305s ]
SQL: SELECT * FROM `qzvideo_lable` WHERE `updh` = 1 AND `catname` = '微生活' ORDER BY lableid desc LIMIT 3   [ RunTime:0.0005s ]
SQL: SELECT * FROM `qzvideo_lable` WHERE `updh` = 1 AND `catname` = '微电影' ORDER BY lableid desc LIMIT 3   [ RunTime:0.0004s ]
SQL: SELECT * FROM `qzvideo_lable` WHERE `updh` = 1 AND `catname` = '微资讯' ORDER BY lableid desc LIMIT 3   [ RunTime:0.0003s ]
SQL: SELECT * FROM `qzvideo_lable` WHERE `updh` = 1 AND `catname` = '微访谈' ORDER BY lableid desc LIMIT 3   [ RunTime:0.0003s ]
SQL: SELECT * FROM `qzvideo_lable` WHERE `updh` = 1 AND `catname` = '微课堂' ORDER BY lableid desc LIMIT 3   [ RunTime:0.0004s ]
SQL: SELECT * FROM `qzvideo_lable` WHERE `updh` = 1 AND `catname` = '生涯导航' ORDER BY lableid desc LIMIT 3   [ RunTime:0.0004s ]
SQL: SELECT * FROM `qzvideo_lable` WHERE `updh` = 1 AND `catname` = '微分享' ORDER BY lableid desc LIMIT 3   [ RunTime:0.0004s ]
SQL: SELECT * FROM `qzvideo_lable` WHERE `updh` = 1 AND `catname` = '素材库' ORDER BY lableid desc LIMIT 3   [ RunTime:0.0003s ]
SQL: SELECT * FROM `qzvideo_lable` WHERE `updh` = 1 AND `catname` = '微专题' LIMIT 3   [ RunTime:0.0004s ]
SQL: SHOW COLUMNS FROM `qzvideo_special` [ RunTime:0.0335s ]
SQL: SELECT * FROM `qzvideo_special` WHERE `title` = '印象大学城' LIMIT 1   [ RunTime:0.0006s ]
SQL: SELECT * FROM `qzvideo_special` WHERE `title` = '梦想在路上' LIMIT 1   [ RunTime:0.0004s ]
SQL: SHOW COLUMNS FROM `qzvideo_search` [ RunTime:0.0164s ]
SQL: SELECT * FROM `qzvideo_search` ORDER BY searchnums desc LIMIT 5   [ RunTime:0.0004s ]
SQL: SELECT * FROM `qzvideo_lable` WHERE `catname` = '微资讯' LIMIT 6   [ RunTime:0.0003s ]
NOTIC: [8] Use of undefined constant weizixun - assumed 'weizixun' D:\xampp\htdocs\qzvs\Index\Home\Controller\VideoController.class.php 第 93 行.
INFO: [ view_parse ] --START--
INFO: [ template_filter ] --START--
INFO: Run Behavior\ContentReplaceBehavior [ RunTime:0.000209s ]
INFO: [ template_filter ] --END-- [ RunTime:0.000284s ]
INFO: Run Behavior\ParseTemplateBehavior [ RunTime:0.030932s ]
INFO: [ view_parse ] --END-- [ RunTime:0.031013s ]
INFO: [ view_filter ] --START--
INFO: Run Behavior\WriteHtmlCacheBehavior [ RunTime:0.000507s ]
INFO: [ view_filter ] --END-- [ RunTime:0.000572s ]
INFO: [ app_end ] --START--
INFO: Run Behavior\ShowPageTraceBehavior [ RunTime:0.000772s ]
INFO: [ app_end ] --END-- [ RunTime:0.000840s ]

[ 2016-10-08T05:15:56+08:00 ] 203.208.60.186 /qzvs/index.php/Home/Video/showlist/catid/30.html
INFO: [ app_init ] --START--
INFO: Run Behavior\BuildLiteBehavior [ RunTime:0.000025s ]
INFO: [ app_init ] --END-- [ RunTime:0.000708s ]
INFO: [ app_begin ] --START--
INFO: Run Behavior\ReadHtmlCacheBehavior [ RunTime:0.000867s ]
INFO: [ app_begin ] --END-- [ RunTime:0.000956s ]
SQL: SHOW COLUMNS FROM `qzvideo_weishi` [ RunTime:0.0133s ]
SQL: SELECT COUNT(*) AS tp_count FROM `qzvideo_weishi` WHERE `catid` = 30 LIMIT 1   [ RunTime:0.0004s ]
SQL: SELECT `id`,`catid`,`title`,`thumb`,`keywords`,`description`,`content`,`url`,`username`,`inputtime`,`updatetime`,`director`,`performer`,`length`,`Score`,`bigpic`,`top`,`discipline`,`authorthum`,`up`,`picplayer`,`teamdes`,`directoraim`,`guest`,`hits`,`specialid`,`lable`,`zan` FROM `qzvideo_weishi` WHERE `catid` = 30 ORDER BY id desc LIMIT 0,8   [ RunTime:0.0006s ]
SQL: SELECT COUNT(*) AS tp_Count FROM `qzvideo_weishi` WHERE `catid` = 30 LIMIT 1   [ RunTime:0.0003s ]
SQL: SHOW COLUMNS FROM `qzvideo_category` [ RunTime:0.0112s ]
SQL: SELECT * FROM `qzvideo_category`  [ RunTime:0.0005s ]
SQL: SHOW COLUMNS FROM `qzvideo_lable` [ RunTime:0.0127s ]
SQL: SELECT * FROM `qzvideo_lable` WHERE `updh` = 1 AND `catname` = '微生活' ORDER BY lableid desc LIMIT 3   [ RunTime:0.0004s ]
SQL: SELECT * FROM `qzvideo_lable` WHERE `updh` = 1 AND `catname` = '微电影' ORDER BY lableid desc LIMIT 3   [ RunTime:0.0003s ]
SQL: SELECT * FROM `qzvideo_lable` WHERE `updh` = 1 AND `catname` = '微资讯' ORDER BY lableid desc LIMIT 3   [ RunTime:0.0004s ]
SQL: SELECT * FROM `qzvideo_lable` WHERE `updh` = 1 AND `catname` = '微访谈' ORDER BY lableid desc LIMIT 3   [ RunTime:0.0004s ]
SQL: SELECT * FROM `qzvideo_lable` WHERE `updh` = 1 AND `catname` = '微课堂' ORDER BY lableid desc LIMIT 3   [ RunTime:0.0003s ]
SQL: SELECT * FROM `qzvideo_lable` WHERE `updh` = 1 AND `catname` = '生涯导航' ORDER BY lableid desc LIMIT 3   [ RunTime:0.0003s ]
SQL: SELECT * FROM `qzvideo_lable` WHERE `updh` = 1 AND `catname` = '微分享' ORDER BY lableid desc LIMIT 3   [ RunTime:0.0003s ]
SQL: SELECT * FROM `qzvideo_lable` WHERE `updh` = 1 AND `catname` = '素材库' ORDER BY lableid desc LIMIT 3   [ RunTime:0.0003s ]
SQL: SELECT * FROM `qzvideo_lable` WHERE `updh` = 1 AND `catname` = '微专题' LIMIT 3   [ RunTime:0.0003s ]
SQL: SHOW COLUMNS FROM `qzvideo_special` [ RunTime:0.0128s ]
SQL: SELECT * FROM `qzvideo_special` WHERE `title` = '印象大学城' LIMIT 1   [ RunTime:0.0004s ]
SQL: SELECT * FROM `qzvideo_special` WHERE `title` = '梦想在路上' LIMIT 1   [ RunTime:0.0004s ]
SQL: SHOW COLUMNS FROM `qzvideo_search` [ RunTime:0.0116s ]
SQL: SELECT * FROM `qzvideo_search` ORDER BY searchnums desc LIMIT 5   [ RunTime:0.0003s ]
SQL: SELECT * FROM `qzvideo_lable` WHERE `catname` = '微分享' LIMIT 6   [ RunTime:0.0003s ]
NOTIC: [8] Use of undefined constant weifenxiang - assumed 'weifenxiang' D:\xampp\htdocs\qzvs\Index\Home\Controller\VideoController.class.php 第 117 行.
INFO: [ view_parse ] --START--
INFO: [ template_filter ] --START--
INFO: Run Behavior\ContentReplaceBehavior [ RunTime:0.000207s ]
INFO: [ template_filter ] --END-- [ RunTime:0.000281s ]
INFO: Run Behavior\ParseTemplateBehavior [ RunTime:0.030600s ]
INFO: [ view_parse ] --END-- [ RunTime:0.030677s ]
INFO: [ view_filter ] --START--
INFO: Run Behavior\WriteHtmlCacheBehavior [ RunTime:0.000484s ]
INFO: [ view_filter ] --END-- [ RunTime:0.000546s ]
INFO: [ app_end ] --START--
INFO: Run Behavior\ShowPageTraceBehavior [ RunTime:0.000755s ]
INFO: [ app_end ] --END-- [ RunTime:0.000823s ]

[ 2016-10-08T11:22:56+08:00 ] 203.208.60.183 /qzvs/index.php/Home/Video/showlist/catid/26.html
INFO: [ app_init ] --START--
INFO: Run Behavior\BuildLiteBehavior [ RunTime:0.000023s ]
INFO: [ app_init ] --END-- [ RunTime:0.000560s ]
INFO: [ app_begin ] --START--
INFO: Run Behavior\ReadHtmlCacheBehavior [ RunTime:0.000813s ]
INFO: [ app_begin ] --END-- [ RunTime:0.000886s ]
SQL: SHOW COLUMNS FROM `qzvideo_weishi` [ RunTime:0.0296s ]
SQL: SELECT COUNT(*) AS tp_count FROM `qzvideo_weishi` WHERE `catid` = 26 LIMIT 1   [ RunTime:0.0005s ]
SQL: SELECT `id`,`catid`,`title`,`thumb`,`keywords`,`description`,`content`,`url`,`username`,`inputtime`,`updatetime`,`director`,`performer`,`length`,`Score`,`bigpic`,`top`,`discipline`,`authorthum`,`up`,`picplayer`,`teamdes`,`directoraim`,`guest`,`hits`,`specialid`,`lable`,`zan` FROM `qzvideo_weishi` WHERE `catid` = 26 ORDER BY id desc LIMIT 0,8   [ RunTime:0.0006s ]
SQL: SELECT COUNT(*) AS tp_Count FROM `qzvideo_weishi` WHERE `catid` = 26 LIMIT 1   [ RunTime:0.0003s ]
SQL: SHOW COLUMNS FROM `qzvideo_category` [ RunTime:0.0144s ]
SQL: SELECT * FROM `qzvideo_category`  [ RunTime:0.0005s ]
SQL: SHOW COLUMNS FROM `qzvideo_lable` [ RunTime:0.0285s ]
SQL: SELECT * FROM `qzvideo_lable` WHERE `updh` = 1 AND `catname` = '微生活' ORDER BY lableid desc LIMIT 3   [ RunTime:0.0005s ]
SQL: SELECT * FROM `qzvideo_lable` WHERE `updh` = 1 AND `catname` = '微电影' ORDER BY lableid desc LIMIT 3   [ RunTime:0.0004s ]
SQL: SELECT * FROM `qzvideo_lable` WHERE `updh` = 1 AND `catname` = '微资讯' ORDER BY lableid desc LIMIT 3   [ RunTime:0.0004s ]
SQL: SELECT * FROM `qzvideo_lable` WHERE `updh` = 1 AND `catname` = '微访谈' ORDER BY lableid desc LIMIT 3   [ RunTime:0.0004s ]
SQL: SELECT * FROM `qzvideo_lable` WHERE `updh` = 1 AND `catname` = '微课堂' ORDER BY lableid desc LIMIT 3   [ RunTime:0.0004s ]
SQL: SELECT * FROM `qzvideo_lable` WHERE `updh` = 1 AND `catname` = '生涯导航' ORDER BY lableid desc LIMIT 3   [ RunTime:0.0004s ]
SQL: SELECT * FROM `qzvideo_lable` WHERE `updh` = 1 AND `catname` = '微分享' ORDER BY lableid desc LIMIT 3   [ RunTime:0.0004s ]
SQL: SELECT * FROM `qzvideo_lable` WHERE `updh` = 1 AND `catname` = '素材库' ORDER BY lableid desc LIMIT 3   [ RunTime:0.0004s ]
SQL: SELECT * FROM `qzvideo_lable` WHERE `updh` = 1 AND `catname` = '微专题' LIMIT 3   [ RunTime:0.0003s ]
SQL: SHOW COLUMNS FROM `qzvideo_special` [ RunTime:0.0274s ]
SQL: SELECT * FROM `qzvideo_special` WHERE `title` = '印象大学城' LIMIT 1   [ RunTime:0.0005s ]
SQL: SELECT * FROM `qzvideo_special` WHERE `title` = '梦想在路上' LIMIT 1   [ RunTime:0.0004s ]
SQL: SHOW COLUMNS FROM `qzvideo_search` [ RunTime:0.0222s ]
SQL: SELECT * FROM `qzvideo_search` ORDER BY searchnums desc LIMIT 5   [ RunTime:0.0004s ]
SQL: SELECT * FROM `qzvideo_lable` WHERE `catname` = '微资讯' LIMIT 6   [ RunTime:0.0003s ]
NOTIC: [8] Use of undefined constant weizixun - assumed 'weizixun' D:\xampp\htdocs\qzvs\Index\Home\Controller\VideoController.class.php 第 93 行.
INFO: [ view_parse ] --START--
INFO: [ template_filter ] --START--
INFO: Run Behavior\ContentReplaceBehavior [ RunTime:0.000216s ]
INFO: [ template_filter ] --END-- [ RunTime:0.000291s ]
INFO: Run Behavior\ParseTemplateBehavior [ RunTime:0.031937s ]
INFO: [ view_parse ] --END-- [ RunTime:0.032016s ]
INFO: [ view_filter ] --START--
INFO: Run Behavior\WriteHtmlCacheBehavior [ RunTime:0.000523s ]
INFO: [ view_filter ] --END-- [ RunTime:0.000590s ]
INFO: [ app_end ] --START--
INFO: Run Behavior\ShowPageTraceBehavior [ RunTime:0.000834s ]
INFO: [ app_end ] --END-- [ RunTime:0.000924s ]

[ 2016-10-08T11:37:50+08:00 ] 194.8.144.114 /qzvs/
INFO: [ app_init ] --START--
INFO: Run Behavior\BuildLiteBehavior [ RunTime:0.000024s ]
INFO: [ app_init ] --END-- [ RunTime:0.000624s ]
INFO: [ app_begin ] --START--
INFO: Run Behavior\ReadHtmlCacheBehavior [ RunTime:0.001394s ]
INFO: [ app_begin ] --END-- [ RunTime:0.001481s ]
SQL: SHOW COLUMNS FROM `banner` [ RunTime:0.0168s ]
SQL: SELECT * FROM `banner` WHERE `if_valid` = '有效' ORDER BY slide_order desc LIMIT 9   [ RunTime:0.0006s ]
SQL: SHOW COLUMNS FROM `qzvideo_special` [ RunTime:0.0173s ]
SQL: SELECT * FROM `qzvideo_special` ORDER BY id desc LIMIT 7   [ RunTime:0.0005s ]
SQL: SHOW COLUMNS FROM `qzvideo_weishi` [ RunTime:0.0149s ]
SQL: SELECT * FROM `qzvideo_weishi` WHERE `catid` = 26 ORDER BY id desc LIMIT 6   [ RunTime:0.0006s ]
SQL: SELECT COUNT(*) AS tp_Count FROM `qzvideo_weishi` WHERE `catid` = 26 LIMIT 1   [ RunTime:0.0004s ]
SQL: SELECT * FROM `qzvideo_weishi` WHERE `catid` = 26 AND `up` = 1 ORDER BY id desc LIMIT 1   [ RunTime:0.0005s ]
SQL: SELECT * FROM `qzvideo_weishi` WHERE `catid` = 23 ORDER BY id desc LIMIT 5   [ RunTime:0.0005s ]
SQL: SELECT COUNT(*) AS tp_Count FROM `qzvideo_weishi` WHERE `catid` = 23 LIMIT 1   [ RunTime:0.0003s ]
SQL: SELECT * FROM `qzvideo_weishi` WHERE `catid` = 27 ORDER BY id desc LIMIT 6   [ RunTime:0.0005s ]
SQL: SELECT COUNT(*) AS tp_Count FROM `qzvideo_weishi` WHERE `catid` = 27 LIMIT 1   [ RunTime:0.0003s ]
SQL: SELECT * FROM `qzvideo_weishi` WHERE `catid` = 27 AND `up` = 1 ORDER BY id desc LIMIT 5   [ RunTime:0.0005s ]
SQL: SELECT * FROM `qzvideo_weishi` WHERE `catid` = 25 ORDER BY id desc LIMIT 5   [ RunTime:0.0005s ]
SQL: SELECT COUNT(*) AS tp_Count FROM `qzvideo_weishi` WHERE `catid` = 25 LIMIT 1   [ RunTime:0.0003s ]
SQL: SELECT * FROM `qzvideo_weishi` WHERE `catid` = 28 ORDER BY id desc LIMIT 3   [ RunTime:0.0005s ]
SQL: SELECT COUNT(*) AS tp_Count FROM `qzvideo_weishi` WHERE `catid` = 28 LIMIT 1   [ RunTime:0.0003s ]
SQL: SELECT * FROM `qzvideo_weishi` WHERE `catid` = 28 AND `up` = 1 ORDER BY id desc LIMIT 1   [ RunTime:0.0005s ]
SQL: SELECT * FROM `qzvideo_weishi` WHERE `catid` = 29 ORDER BY id desc LIMIT 5   [ RunTime:0.0005s ]
SQL: SELECT COUNT(*) AS tp_Count FROM `qzvideo_weishi` WHERE `catid` = 29 LIMIT 1   [ RunTime:0.0003s ]
SQL: SELECT * FROM `qzvideo_weishi` WHERE `catid` = 30 ORDER BY id desc LIMIT 5   [ RunTime:0.0005s ]
SQL: SELECT COUNT(*) AS tp_Count FROM `qzvideo_weishi` WHERE `catid` = 30 LIMIT 1   [ RunTime:0.0003s ]
SQL: SELECT * FROM `qzvideo_weishi` WHERE `catid` = 31 ORDER BY id desc LIMIT 5   [ RunTime:0.0005s ]
SQL: SELECT COUNT(*) AS tp_Count FROM `qzvideo_weishi` WHERE `catid` = 31 LIMIT 1   [ RunTime:0.0004s ]
SQL: SHOW COLUMNS FROM `qzvideo_category` [ RunTime:0.0159s ]
SQL: SELECT * FROM `qzvideo_category`  [ RunTime:0.0005s ]
SQL: SHOW COLUMNS FROM `qzvideo_lable` [ RunTime:0.0161s ]
SQL: SELECT * FROM `qzvideo_lable` WHERE `uplm` = 1 AND `catname` = '微生活' ORDER BY lableid desc LIMIT 3   [ RunTime:0.0005s ]
SQL: SELECT * FROM `qzvideo_lable` WHERE `uplm` = 1 AND `catname` = '微电影' ORDER BY lableid desc LIMIT 3   [ RunTime:0.0004s ]
SQL: SELECT * FROM `qzvideo_lable` WHERE `uplm` = 1 AND `catname` = '微资讯' ORDER BY lableid desc LIMIT 3   [ RunTime:0.0003s ]
SQL: SELECT * FROM `qzvideo_lable` WHERE `uplm` = 1 AND `catname` = '微访谈' ORDER BY lableid desc LIMIT 3   [ RunTime:0.0003s ]
SQL: SELECT * FROM `qzvideo_lable` WHERE `uplm` = 1 AND `catname` = '微课堂' ORDER BY lableid desc LIMIT 3   [ RunTime:0.0003s ]
SQL: SELECT * FROM `qzvideo_lable` WHERE `uplm` = 1 AND `catname` = '生涯导航' ORDER BY lableid desc LIMIT 3   [ RunTime:0.0005s ]
SQL: SELECT * FROM `qzvideo_lable` WHERE `uplm` = 1 AND `catname` = '微分享' ORDER BY lableid desc LIMIT 3   [ RunTime:0.0003s ]
SQL: SELECT * FROM `qzvideo_lable` WHERE `uplm` = 1 AND `catname` = '素材库' ORDER BY lableid desc LIMIT 3   [ RunTime:0.0004s ]
SQL: SHOW COLUMNS FROM `qzvideo_search` [ RunTime:0.0169s ]
SQL: SELECT * FROM `qzvideo_search` ORDER BY searchnums desc LIMIT 5   [ RunTime:0.0003s ]
NOTIC: [8] Use of undefined constant index - assumed 'index' D:\xampp\htdocs\qzvs\Index\Home\Controller\IndexController.class.php 第 97 行.
INFO: [ view_parse ] --START--
INFO: [ template_filter ] --START--
INFO: Run Behavior\ContentReplaceBehavior [ RunTime:0.000403s ]
INFO: [ template_filter ] --END-- [ RunTime:0.000488s ]
NOTIC: [8] Undefined offset: 1 D:\xampp\htdocs\qzvs\Index\Runtime\Cache\Home\f8cf203eb98c60ed9cec339b90173a5c.php 第 409 行.
NOTIC: [8] Undefined offset: 1 D:\xampp\htdocs\qzvs\Index\Runtime\Cache\Home\f8cf203eb98c60ed9cec339b90173a5c.php 第 410 行.
NOTIC: [8] Undefined offset: 2 D:\xampp\htdocs\qzvs\Index\Runtime\Cache\Home\f8cf203eb98c60ed9cec339b90173a5c.php 第 412 行.
NOTIC: [8] Undefined offset: 2 D:\xampp\htdocs\qzvs\Index\Runtime\Cache\Home\f8cf203eb98c60ed9cec339b90173a5c.php 第 413 行.
NOTIC: [8] Undefined offset: 3 D:\xampp\htdocs\qzvs\Index\Runtime\Cache\Home\f8cf203eb98c60ed9cec339b90173a5c.php 第 415 行.
NOTIC: [8] Undefined offset: 3 D:\xampp\htdocs\qzvs\Index\Runtime\Cache\Home\f8cf203eb98c60ed9cec339b90173a5c.php 第 416 行.
NOTIC: [8] Undefined offset: 4 D:\xampp\htdocs\qzvs\Index\Runtime\Cache\Home\f8cf203eb98c60ed9cec339b90173a5c.php 第 418 行.
NOTIC: [8] Undefined offset: 4 D:\xampp\htdocs\qzvs\Index\Runtime\Cache\Home\f8cf203eb98c60ed9cec339b90173a5c.php 第 419 行.
NOTIC: [8] Undefined offset: 5 D:\xampp\htdocs\qzvs\Index\Runtime\Cache\Home\f8cf203eb98c60ed9cec339b90173a5c.php 第 421 行.
NOTIC: [8] Undefined offset: 5 D:\xampp\htdocs\qzvs\Index\Runtime\Cache\Home\f8cf203eb98c60ed9cec339b90173a5c.php 第 422 行.
NOTIC: [8] Undefined offset: 6 D:\xampp\htdocs\qzvs\Index\Runtime\Cache\Home\f8cf203eb98c60ed9cec339b90173a5c.php 第 424 行.
NOTIC: [8] Undefined offset: 6 D:\xampp\htdocs\qzvs\Index\Runtime\Cache\Home\f8cf203eb98c60ed9cec339b90173a5c.php 第 425 行.
NOTIC: [8] Undefined offset: 5 D:\xampp\htdocs\qzvs\Index\Runtime\Cache\Home\f8cf203eb98c60ed9cec339b90173a5c.php 第 442 行.
NOTIC: [8] Undefined offset: 5 D:\xampp\htdocs\qzvs\Index\Runtime\Cache\Home\f8cf203eb98c60ed9cec339b90173a5c.php 第 442 行.
NOTIC: [8] Undefined offset: 6 D:\xampp\htdocs\qzvs\Index\Runtime\Cache\Home\f8cf203eb98c60ed9cec339b90173a5c.php 第 443 行.
NOTIC: [8] Undefined offset: 6 D:\xampp\htdocs\qzvs\Index\Runtime\Cache\Home\f8cf203eb98c60ed9cec339b90173a5c.php 第 443 行.
NOTIC: [8] Undefined offset: 7 D:\xampp\htdocs\qzvs\Index\Runtime\Cache\Home\f8cf203eb98c60ed9cec339b90173a5c.php 第 444 行.
NOTIC: [8] Undefined offset: 7 D:\xampp\htdocs\qzvs\Index\Runtime\Cache\Home\f8cf203eb98c60ed9cec339b90173a5c.php 第 444 行.
NOTIC: [8] Undefined offset: 8 D:\xampp\htdocs\qzvs\Index\Runtime\Cache\Home\f8cf203eb98c60ed9cec339b90173a5c.php 第 445 行.
NOTIC: [8] Undefined offset: 8 D:\xampp\htdocs\qzvs\Index\Runtime\Cache\Home\f8cf203eb98c60ed9cec339b90173a5c.php 第 445 行.
NOTIC: [8] Undefined offset: 9 D:\xampp\htdocs\qzvs\Index\Runtime\Cache\Home\f8cf203eb98c60ed9cec339b90173a5c.php 第 446 行.
NOTIC: [8] Undefined offset: 9 D:\xampp\htdocs\qzvs\Index\Runtime\Cache\Home\f8cf203eb98c60ed9cec339b90173a5c.php 第 446 行.
NOTIC: [8] Undefined offset: 10 D:\xampp\htdocs\qzvs\Index\Runtime\Cache\Home\f8cf203eb98c60ed9cec339b90173a5c.php 第 447 行.
NOTIC: [8] Undefined offset: 10 D:\xampp\htdocs\qzvs\Index\Runtime\Cache\Home\f8cf203eb98c60ed9cec339b90173a5c.php 第 447 行.
NOTIC: [8] Undefined offset: 11 D:\xampp\htdocs\qzvs\Index\Runtime\Cache\Home\f8cf203eb98c60ed9cec339b90173a5c.php 第 448 行.
NOTIC: [8] Undefined offset: 11 D:\xampp\htdocs\qzvs\Index\Runtime\Cache\Home\f8cf203eb98c60ed9cec339b90173a5c.php 第 448 行.
NOTIC: [8] Undefined offset: 12 D:\xampp\htdocs\qzvs\Index\Runtime\Cache\Home\f8cf203eb98c60ed9cec339b90173a5c.php 第 449 行.
NOTIC: [8] Undefined offset: 12 D:\xampp\htdocs\qzvs\Index\Runtime\Cache\Home\f8cf203eb98c60ed9cec339b90173a5c.php 第 449 行.
NOTIC: [8] Undefined offset: 13 D:\xampp\htdocs\qzvs\Index\Runtime\Cache\Home\f8cf203eb98c60ed9cec339b90173a5c.php 第 450 行.
NOTIC: [8] Undefined offset: 13 D:\xampp\htdocs\qzvs\Index\Runtime\Cache\Home\f8cf203eb98c60ed9cec339b90173a5c.php 第 450 行.
NOTIC: [8] Undefined variable: wzx D:\xampp\htdocs\qzvs\Index\Runtime\Cache\Home\f8cf203eb98c60ed9cec339b90173a5c.php 第 468 行.
NOTIC: [8] Undefined variable: wzx D:\xampp\htdocs\qzvs\Index\Runtime\Cache\Home\f8cf203eb98c60ed9cec339b90173a5c.php 第 469 行.
NOTIC: [8] Undefined variable: wzx D:\xampp\htdocs\qzvs\Index\Runtime\Cache\Home\f8cf203eb98c60ed9cec339b90173a5c.php 第 470 行.
NOTIC: [8] Undefined variable: wft D:\xampp\htdocs\qzvs\Index\Runtime\Cache\Home\f8cf203eb98c60ed9cec339b90173a5c.php 第 523 行.
NOTIC: [8] Undefined variable: wft D:\xampp\htdocs\qzvs\Index\Runtime\Cache\Home\f8cf203eb98c60ed9cec339b90173a5c.php 第 524 行.
NOTIC: [8] Undefined variable: wft D:\xampp\htdocs\qzvs\Index\Runtime\Cache\Home\f8cf203eb98c60ed9cec339b90173a5c.php 第 526 行.
NOTIC: [8] Undefined variable: wft D:\xampp\htdocs\qzvs\Index\Runtime\Cache\Home\f8cf203eb98c60ed9cec339b90173a5c.php 第 527 行.
NOTIC: [8] Undefined variable: wft D:\xampp\htdocs\qzvs\Index\Runtime\Cache\Home\f8cf203eb98c60ed9cec339b90173a5c.php 第 529 行.
NOTIC: [8] Undefined variable: wft D:\xampp\htdocs\qzvs\Index\Runtime\Cache\Home\f8cf203eb98c60ed9cec339b90173a5c.php 第 530 行.
NOTIC: [8] Undefined variable: wft D:\xampp\htdocs\qzvs\Index\Runtime\Cache\Home\f8cf203eb98c60ed9cec339b90173a5c.php 第 532 行.
NOTIC: [8] Undefined variable: wft D:\xampp\htdocs\qzvs\Index\Runtime\Cache\Home\f8cf203eb98c60ed9cec339b90173a5c.php 第 533 行.
NOTIC: [8] Undefined variable: wft D:\xampp\htdocs\qzvs\Index\Runtime\Cache\Home\f8cf203eb98c60ed9cec339b90173a5c.php 第 535 行.
NOTIC: [8] Undefined variable: wft D:\xampp\htdocs\qzvs\Index\Runtime\Cache\Home\f8cf203eb98c60ed9cec339b90173a5c.php 第 536 行.
NOTIC: [8] Undefined index: descipline D:\xampp\htdocs\qzvs\Index\Runtime\Cache\Home\f8cf203eb98c60ed9cec339b90173a5c.php 第 642 行.
INFO: Run Behavior\ParseTemplateBehavior [ RunTime:0.052759s ]
INFO: [ view_parse ] --END-- [ RunTime:0.052861s ]
INFO: [ view_filter ] --START--
INFO: Run Behavior\WriteHtmlCacheBehavior [ RunTime:0.001066s ]
INFO: [ view_filter ] --END-- [ RunTime:0.001131s ]
INFO: [ app_end ] --START--
INFO: Run Behavior\ShowPageTraceBehavior [ RunTime:0.001264s ]
INFO: [ app_end ] --END-- [ RunTime:0.001337s ]

[ 2016-10-08T13:07:21+08:00 ] 203.208.60.185 /qzvs/index.php/Home/Index/index.html
INFO: [ app_init ] --START--
INFO: Run Behavior\BuildLiteBehavior [ RunTime:0.000022s ]
INFO: [ app_init ] --END-- [ RunTime:0.000551s ]
INFO: [ app_begin ] --START--
INFO: Run Behavior\ReadHtmlCacheBehavior [ RunTime:0.000795s ]
INFO: [ app_begin ] --END-- [ RunTime:0.000870s ]
SQL: SHOW COLUMNS FROM `banner` [ RunTime:0.0304s ]
SQL: SELECT * FROM `banner` WHERE `if_valid` = '有效' ORDER BY slide_order desc LIMIT 9   [ RunTime:0.0006s ]
SQL: SHOW COLUMNS FROM `qzvideo_special` [ RunTime:0.0129s ]
SQL: SELECT * FROM `qzvideo_special` ORDER BY id desc LIMIT 7   [ RunTime:0.0005s ]
SQL: SHOW COLUMNS FROM `qzvideo_weishi` [ RunTime:0.0320s ]
SQL: SELECT * FROM `qzvideo_weishi` WHERE `catid` = 26 ORDER BY id desc LIMIT 6   [ RunTime:0.0006s ]
SQL: SELECT COUNT(*) AS tp_Count FROM `qzvideo_weishi` WHERE `catid` = 26 LIMIT 1   [ RunTime:0.0003s ]
SQL: SELECT * FROM `qzvideo_weishi` WHERE `catid` = 26 AND `up` = 1 ORDER BY id desc LIMIT 1   [ RunTime:0.0005s ]
SQL: SELECT * FROM `qzvideo_weishi` WHERE `catid` = 23 ORDER BY id desc LIMIT 5   [ RunTime:0.0004s ]
SQL: SELECT COUNT(*) AS tp_Count FROM `qzvideo_weishi` WHERE `catid` = 23 LIMIT 1   [ RunTime:0.0003s ]
SQL: SELECT * FROM `qzvideo_weishi` WHERE `catid` = 27 ORDER BY id desc LIMIT 6   [ RunTime:0.0004s ]
SQL: SELECT COUNT(*) AS tp_Count FROM `qzvideo_weishi` WHERE `catid` = 27 LIMIT 1   [ RunTime:0.0003s ]
SQL: SELECT * FROM `qzvideo_weishi` WHERE `catid` = 27 AND `up` = 1 ORDER BY id desc LIMIT 5   [ RunTime:0.0004s ]
SQL: SELECT * FROM `qzvideo_weishi` WHERE `catid` = 25 ORDER BY id desc LIMIT 5   [ RunTime:0.0004s ]
SQL: SELECT COUNT(*) AS tp_Count FROM `qzvideo_weishi` WHERE `catid` = 25 LIMIT 1   [ RunTime:0.0003s ]
SQL: SELECT * FROM `qzvideo_weishi` WHERE `catid` = 28 ORDER BY id desc LIMIT 3   [ RunTime:0.0004s ]
SQL: SELECT COUNT(*) AS tp_Count FROM `qzvideo_weishi` WHERE `catid` = 28 LIMIT 1   [ RunTime:0.0003s ]
SQL: SELECT * FROM `qzvideo_weishi` WHERE `catid` = 28 AND `up` = 1 ORDER BY id desc LIMIT 1   [ RunTime:0.0004s ]
SQL: SELECT * FROM `qzvideo_weishi` WHERE `catid` = 29 ORDER BY id desc LIMIT 5   [ RunTime:0.0004s ]
SQL: SELECT COUNT(*) AS tp_Count FROM `qzvideo_weishi` WHERE `catid` = 29 LIMIT 1   [ RunTime:0.0003s ]
SQL: SELECT * FROM `qzvideo_weishi` WHERE `catid` = 30 ORDER BY id desc LIMIT 5   [ RunTime:0.0004s ]
SQL: SELECT COUNT(*) AS tp_Count FROM `qzvideo_weishi` WHERE `catid` = 30 LIMIT 1   [ RunTime:0.0003s ]
SQL: SELECT * FROM `qzvideo_weishi` WHERE `catid` = 31 ORDER BY id desc LIMIT 5   [ RunTime:0.0005s ]
SQL: SELECT COUNT(*) AS tp_Count FROM `qzvideo_weishi` WHERE `catid` = 31 LIMIT 1   [ RunTime:0.0003s ]
SQL: SHOW COLUMNS FROM `qzvideo_category` [ RunTime:0.0311s ]
SQL: SELECT * FROM `qzvideo_category`  [ RunTime:0.0005s ]
SQL: SHOW COLUMNS FROM `qzvideo_lable` [ RunTime:0.0169s ]
SQL: SELECT * FROM `qzvideo_lable` WHERE `uplm` = 1 AND `catname` = '微生活' ORDER BY lableid desc LIMIT 3   [ RunTime:0.0004s ]
SQL: SELECT * FROM `qzvideo_lable` WHERE `uplm` = 1 AND `catname` = '微电影' ORDER BY lableid desc LIMIT 3   [ RunTime:0.0003s ]
SQL: SELECT * FROM `qzvideo_lable` WHERE `uplm` = 1 AND `catname` = '微资讯' ORDER BY lableid desc LIMIT 3   [ RunTime:0.0003s ]
SQL: SELECT * FROM `qzvideo_lable` WHERE `uplm` = 1 AND `catname` = '微访谈' ORDER BY lableid desc LIMIT 3   [ RunTime:0.0003s ]
SQL: SELECT * FROM `qzvideo_lable` WHERE `uplm` = 1 AND `catname` = '微课堂' ORDER BY lableid desc LIMIT 3   [ RunTime:0.0003s ]
SQL: SELECT * FROM `qzvideo_lable` WHERE `uplm` = 1 AND `catname` = '生涯导航' ORDER BY lableid desc LIMIT 3   [ RunTime:0.0003s ]
SQL: SELECT * FROM `qzvideo_lable` WHERE `uplm` = 1 AND `catname` = '微分享' ORDER BY lableid desc LIMIT 3   [ RunTime:0.0003s ]
SQL: SELECT * FROM `qzvideo_lable` WHERE `uplm` = 1 AND `catname` = '素材库' ORDER BY lableid desc LIMIT 3   [ RunTime:0.0003s ]
SQL: SHOW COLUMNS FROM `qzvideo_search` [ RunTime:0.0251s ]
SQL: SELECT * FROM `qzvideo_search` ORDER BY searchnums desc LIMIT 5   [ RunTime:0.0004s ]
NOTIC: [8] Use of undefined constant index - assumed 'index' D:\xampp\htdocs\qzvs\Index\Home\Controller\IndexController.class.php 第 97 行.
INFO: [ view_parse ] --START--
INFO: [ template_filter ] --START--
INFO: Run Behavior\ContentReplaceBehavior [ RunTime:0.000400s ]
INFO: [ template_filter ] --END-- [ RunTime:0.000481s ]
NOTIC: [8] Undefined offset: 1 D:\xampp\htdocs\qzvs\Index\Runtime\Cache\Home\f8cf203eb98c60ed9cec339b90173a5c.php 第 409 行.
NOTIC: [8] Undefined offset: 1 D:\xampp\htdocs\qzvs\Index\Runtime\Cache\Home\f8cf203eb98c60ed9cec339b90173a5c.php 第 410 行.
NOTIC: [8] Undefined offset: 2 D:\xampp\htdocs\qzvs\Index\Runtime\Cache\Home\f8cf203eb98c60ed9cec339b90173a5c.php 第 412 行.
NOTIC: [8] Undefined offset: 2 D:\xampp\htdocs\qzvs\Index\Runtime\Cache\Home\f8cf203eb98c60ed9cec339b90173a5c.php 第 413 行.
NOTIC: [8] Undefined offset: 3 D:\xampp\htdocs\qzvs\Index\Runtime\Cache\Home\f8cf203eb98c60ed9cec339b90173a5c.php 第 415 行.
NOTIC: [8] Undefined offset: 3 D:\xampp\htdocs\qzvs\Index\Runtime\Cache\Home\f8cf203eb98c60ed9cec339b90173a5c.php 第 416 行.
NOTIC: [8] Undefined offset: 4 D:\xampp\htdocs\qzvs\Index\Runtime\Cache\Home\f8cf203eb98c60ed9cec339b90173a5c.php 第 418 行.
NOTIC: [8] Undefined offset: 4 D:\xampp\htdocs\qzvs\Index\Runtime\Cache\Home\f8cf203eb98c60ed9cec339b90173a5c.php 第 419 行.
NOTIC: [8] Undefined offset: 5 D:\xampp\htdocs\qzvs\Index\Runtime\Cache\Home\f8cf203eb98c60ed9cec339b90173a5c.php 第 421 行.
NOTIC: [8] Undefined offset: 5 D:\xampp\htdocs\qzvs\Index\Runtime\Cache\Home\f8cf203eb98c60ed9cec339b90173a5c.php 第 422 行.
NOTIC: [8] Undefined offset: 6 D:\xampp\htdocs\qzvs\Index\Runtime\Cache\Home\f8cf203eb98c60ed9cec339b90173a5c.php 第 424 行.
NOTIC: [8] Undefined offset: 6 D:\xampp\htdocs\qzvs\Index\Runtime\Cache\Home\f8cf203eb98c60ed9cec339b90173a5c.php 第 425 行.
NOTIC: [8] Undefined offset: 5 D:\xampp\htdocs\qzvs\Index\Runtime\Cache\Home\f8cf203eb98c60ed9cec339b90173a5c.php 第 442 行.
NOTIC: [8] Undefined offset: 5 D:\xampp\htdocs\qzvs\Index\Runtime\Cache\Home\f8cf203eb98c60ed9cec339b90173a5c.php 第 442 行.
NOTIC: [8] Undefined offset: 6 D:\xampp\htdocs\qzvs\Index\Runtime\Cache\Home\f8cf203eb98c60ed9cec339b90173a5c.php 第 443 行.
NOTIC: [8] Undefined offset: 6 D:\xampp\htdocs\qzvs\Index\Runtime\Cache\Home\f8cf203eb98c60ed9cec339b90173a5c.php 第 443 行.
NOTIC: [8] Undefined offset: 7 D:\xampp\htdocs\qzvs\Index\Runtime\Cache\Home\f8cf203eb98c60ed9cec339b90173a5c.php 第 444 行.
NOTIC: [8] Undefined offset: 7 D:\xampp\htdocs\qzvs\Index\Runtime\Cache\Home\f8cf203eb98c60ed9cec339b90173a5c.php 第 444 行.
NOTIC: [8] Undefined offset: 8 D:\xampp\htdocs\qzvs\Index\Runtime\Cache\Home\f8cf203eb98c60ed9cec339b90173a5c.php 第 445 行.
NOTIC: [8] Undefined offset: 8 D:\xampp\htdocs\qzvs\Index\Runtime\Cache\Home\f8cf203eb98c60ed9cec339b90173a5c.php 第 445 行.
NOTIC: [8] Undefined offset: 9 D:\xampp\htdocs\qzvs\Index\Runtime\Cache\Home\f8cf203eb98c60ed9cec339b90173a5c.php 第 446 行.
NOTIC: [8] Undefined offset: 9 D:\xampp\htdocs\qzvs\Index\Runtime\Cache\Home\f8cf203eb98c60ed9cec339b90173a5c.php 第 446 行.
NOTIC: [8] Undefined offset: 10 D:\xampp\htdocs\qzvs\Index\Runtime\Cache\Home\f8cf203eb98c60ed9cec339b90173a5c.php 第 447 行.
NOTIC: [8] Undefined offset: 10 D:\xampp\htdocs\qzvs\Index\Runtime\Cache\Home\f8cf203eb98c60ed9cec339b90173a5c.php 第 447 行.
NOTIC: [8] Undefined offset: 11 D:\xampp\htdocs\qzvs\Index\Runtime\Cache\Home\f8cf203eb98c60ed9cec339b90173a5c.php 第 448 行.
NOTIC: [8] Undefined offset: 11 D:\xampp\htdocs\qzvs\Index\Runtime\Cache\Home\f8cf203eb98c60ed9cec339b90173a5c.php 第 448 行.
NOTIC: [8] Undefined offset: 12 D:\xampp\htdocs\qzvs\Index\Runtime\Cache\Home\f8cf203eb98c60ed9cec339b90173a5c.php 第 449 行.
NOTIC: [8] Undefined offset: 12 D:\xampp\htdocs\qzvs\Index\Runtime\Cache\Home\f8cf203eb98c60ed9cec339b90173a5c.php 第 449 行.
NOTIC: [8] Undefined offset: 13 D:\xampp\htdocs\qzvs\Index\Runtime\Cache\Home\f8cf203eb98c60ed9cec339b90173a5c.php 第 450 行.
NOTIC: [8] Undefined offset: 13 D:\xampp\htdocs\qzvs\Index\Runtime\Cache\Home\f8cf203eb98c60ed9cec339b90173a5c.php 第 450 行.
NOTIC: [8] Undefined variable: wzx D:\xampp\htdocs\qzvs\Index\Runtime\Cache\Home\f8cf203eb98c60ed9cec339b90173a5c.php 第 468 行.
NOTIC: [8] Undefined variable: wzx D:\xampp\htdocs\qzvs\Index\Runtime\Cache\Home\f8cf203eb98c60ed9cec339b90173a5c.php 第 469 行.
NOTIC: [8] Undefined variable: wzx D:\xampp\htdocs\qzvs\Index\Runtime\Cache\Home\f8cf203eb98c60ed9cec339b90173a5c.php 第 470 行.
NOTIC: [8] Undefined variable: wft D:\xampp\htdocs\qzvs\Index\Runtime\Cache\Home\f8cf203eb98c60ed9cec339b90173a5c.php 第 523 行.
NOTIC: [8] Undefined variable: wft D:\xampp\htdocs\qzvs\Index\Runtime\Cache\Home\f8cf203eb98c60ed9cec339b90173a5c.php 第 524 行.
NOTIC: [8] Undefined variable: wft D:\xampp\htdocs\qzvs\Index\Runtime\Cache\Home\f8cf203eb98c60ed9cec339b90173a5c.php 第 526 行.
NOTIC: [8] Undefined variable: wft D:\xampp\htdocs\qzvs\Index\Runtime\Cache\Home\f8cf203eb98c60ed9cec339b90173a5c.php 第 527 行.
NOTIC: [8] Undefined variable: wft D:\xampp\htdocs\qzvs\Index\Runtime\Cache\Home\f8cf203eb98c60ed9cec339b90173a5c.php 第 529 行.
NOTIC: [8] Undefined variable: wft D:\xampp\htdocs\qzvs\Index\Runtime\Cache\Home\f8cf203eb98c60ed9cec339b90173a5c.php 第 530 行.
NOTIC: [8] Undefined variable: wft D:\xampp\htdocs\qzvs\Index\Runtime\Cache\Home\f8cf203eb98c60ed9cec339b90173a5c.php 第 532 行.
NOTIC: [8] Undefined variable: wft D:\xampp\htdocs\qzvs\Index\Runtime\Cache\Home\f8cf203eb98c60ed9cec339b90173a5c.php 第 533 行.
NOTIC: [8] Undefined variable: wft D:\xampp\htdocs\qzvs\Index\Runtime\Cache\Home\f8cf203eb98c60ed9cec339b90173a5c.php 第 535 行.
NOTIC: [8] Undefined variable: wft D:\xampp\htdocs\qzvs\Index\Runtime\Cache\Home\f8cf203eb98c60ed9cec339b90173a5c.php 第 536 行.
NOTIC: [8] Undefined index: descipline D:\xampp\htdocs\qzvs\Index\Runtime\Cache\Home\f8cf203eb98c60ed9cec339b90173a5c.php 第 642 行.
INFO: Run Behavior\ParseTemplateBehavior [ RunTime:0.047257s ]
INFO: [ view_parse ] --END-- [ RunTime:0.047332s ]
INFO: [ view_filter ] --START--
INFO: Run Behavior\WriteHtmlCacheBehavior [ RunTime:0.000533s ]
INFO: [ view_filter ] --END-- [ RunTime:0.000596s ]
INFO: [ app_end ] --START--
INFO: Run Behavior\ShowPageTraceBehavior [ RunTime:0.000775s ]
INFO: [ app_end ] --END-- [ RunTime:0.000847s ]

[ 2016-10-08T19:19:38+08:00 ] 192.154.110.242 /qzvs/
INFO: [ app_init ] --START--
INFO: Run Behavior\BuildLiteBehavior [ RunTime:0.000032s ]
INFO: [ app_init ] --END-- [ RunTime:0.000706s ]
INFO: [ app_begin ] --START--
INFO: Run Behavior\ReadHtmlCacheBehavior [ RunTime:0.001284s ]
INFO: [ app_begin ] --END-- [ RunTime:0.001360s ]
SQL: SHOW COLUMNS FROM `banner` [ RunTime:0.0172s ]
SQL: SELECT * FROM `banner` WHERE `if_valid` = '有效' ORDER BY slide_order desc LIMIT 9   [ RunTime:0.0006s ]
SQL: SHOW COLUMNS FROM `qzvideo_special` [ RunTime:0.0159s ]
SQL: SELECT * FROM `qzvideo_special` ORDER BY id desc LIMIT 7   [ RunTime:0.0005s ]
SQL: SHOW COLUMNS FROM `qzvideo_weishi` [ RunTime:0.0148s ]
SQL: SELECT * FROM `qzvideo_weishi` WHERE `catid` = 26 ORDER BY id desc LIMIT 6   [ RunTime:0.0006s ]
SQL: SELECT COUNT(*) AS tp_Count FROM `qzvideo_weishi` WHERE `catid` = 26 LIMIT 1   [ RunTime:0.0003s ]
SQL: SELECT * FROM `qzvideo_weishi` WHERE `catid` = 26 AND `up` = 1 ORDER BY id desc LIMIT 1   [ RunTime:0.0004s ]
SQL: SELECT * FROM `qzvideo_weishi` WHERE `catid` = 23 ORDER BY id desc LIMIT 5   [ RunTime:0.0004s ]
SQL: SELECT COUNT(*) AS tp_Count FROM `qzvideo_weishi` WHERE `catid` = 23 LIMIT 1   [ RunTime:0.0003s ]
SQL: SELECT * FROM `qzvideo_weishi` WHERE `catid` = 27 ORDER BY id desc LIMIT 6   [ RunTime:0.0004s ]
SQL: SELECT COUNT(*) AS tp_Count FROM `qzvideo_weishi` WHERE `catid` = 27 LIMIT 1   [ RunTime:0.0003s ]
SQL: SELECT * FROM `qzvideo_weishi` WHERE `catid` = 27 AND `up` = 1 ORDER BY id desc LIMIT 5   [ RunTime:0.0004s ]
SQL: SELECT * FROM `qzvideo_weishi` WHERE `catid` = 25 ORDER BY id desc LIMIT 5   [ RunTime:0.0004s ]
SQL: SELECT COUNT(*) AS tp_Count FROM `qzvideo_weishi` WHERE `catid` = 25 LIMIT 1   [ RunTime:0.0003s ]
SQL: SELECT * FROM `qzvideo_weishi` WHERE `catid` = 28 ORDER BY id desc LIMIT 3   [ RunTime:0.0004s ]
SQL: SELECT COUNT(*) AS tp_Count FROM `qzvideo_weishi` WHERE `catid` = 28 LIMIT 1   [ RunTime:0.0003s ]
SQL: SELECT * FROM `qzvideo_weishi` WHERE `catid` = 28 AND `up` = 1 ORDER BY id desc LIMIT 1   [ RunTime:0.0004s ]
SQL: SELECT * FROM `qzvideo_weishi` WHERE `catid` = 29 ORDER BY id desc LIMIT 5   [ RunTime:0.0004s ]
SQL: SELECT COUNT(*) AS tp_Count FROM `qzvideo_weishi` WHERE `catid` = 29 LIMIT 1   [ RunTime:0.0003s ]
SQL: SELECT * FROM `qzvideo_weishi` WHERE `catid` = 30 ORDER BY id desc LIMIT 5   [ RunTime:0.0004s ]
SQL: SELECT COUNT(*) AS tp_Count FROM `qzvideo_weishi` WHERE `catid` = 30 LIMIT 1   [ RunTime:0.0003s ]
SQL: SELECT * FROM `qzvideo_weishi` WHERE `catid` = 31 ORDER BY id desc LIMIT 5   [ RunTime:0.0004s ]
SQL: SELECT COUNT(*) AS tp_Count FROM `qzvideo_weishi` WHERE `catid` = 31 LIMIT 1   [ RunTime:0.0003s ]
SQL: SHOW COLUMNS FROM `qzvideo_category` [ RunTime:0.0162s ]
SQL: SELECT * FROM `qzvideo_category`  [ RunTime:0.0005s ]
SQL: SHOW COLUMNS FROM `qzvideo_lable` [ RunTime:0.0155s ]
SQL: SELECT * FROM `qzvideo_lable` WHERE `uplm` = 1 AND `catname` = '微生活' ORDER BY lableid desc LIMIT 3   [ RunTime:0.0005s ]
SQL: SELECT * FROM `qzvideo_lable` WHERE `uplm` = 1 AND `catname` = '微电影' ORDER BY lableid desc LIMIT 3   [ RunTime:0.0003s ]
SQL: SELECT * FROM `qzvideo_lable` WHERE `uplm` = 1 AND `catname` = '微资讯' ORDER BY lableid desc LIMIT 3   [ RunTime:0.0003s ]
SQL: SELECT * FROM `qzvideo_lable` WHERE `uplm` = 1 AND `catname` = '微访谈' ORDER BY lableid desc LIMIT 3   [ RunTime:0.0003s ]
SQL: SELECT * FROM `qzvideo_lable` WHERE `uplm` = 1 AND `catname` = '微课堂' ORDER BY lableid desc LIMIT 3   [ RunTime:0.0003s ]
SQL: SELECT * FROM `qzvideo_lable` WHERE `uplm` = 1 AND `catname` = '生涯导航' ORDER BY lableid desc LIMIT 3   [ RunTime:0.0003s ]
SQL: SELECT * FROM `qzvideo_lable` WHERE `uplm` = 1 AND `catname` = '微分享' ORDER BY lableid desc LIMIT 3   [ RunTime:0.0003s ]
SQL: SELECT * FROM `qzvideo_lable` WHERE `uplm` = 1 AND `catname` = '素材库' ORDER BY lableid desc LIMIT 3   [ RunTime:0.0003s ]
SQL: SHOW COLUMNS FROM `qzvideo_search` [ RunTime:0.0161s ]
SQL: SELECT * FROM `qzvideo_search` ORDER BY searchnums desc LIMIT 5   [ RunTime:0.0004s ]
NOTIC: [8] Use of undefined constant index - assumed 'index' D:\xampp\htdocs\qzvs\Index\Home\Controller\IndexController.class.php 第 97 行.
INFO: [ view_parse ] --START--
INFO: [ template_filter ] --START--
INFO: Run Behavior\ContentReplaceBehavior [ RunTime:0.000425s ]
INFO: [ template_filter ] --END-- [ RunTime:0.000522s ]
NOTIC: [8] Undefined offset: 1 D:\xampp\htdocs\qzvs\Index\Runtime\Cache\Home\f8cf203eb98c60ed9cec339b90173a5c.php 第 409 行.
NOTIC: [8] Undefined offset: 1 D:\xampp\htdocs\qzvs\Index\Runtime\Cache\Home\f8cf203eb98c60ed9cec339b90173a5c.php 第 410 行.
NOTIC: [8] Undefined offset: 2 D:\xampp\htdocs\qzvs\Index\Runtime\Cache\Home\f8cf203eb98c60ed9cec339b90173a5c.php 第 412 行.
NOTIC: [8] Undefined offset: 2 D:\xampp\htdocs\qzvs\Index\Runtime\Cache\Home\f8cf203eb98c60ed9cec339b90173a5c.php 第 413 行.
NOTIC: [8] Undefined offset: 3 D:\xampp\htdocs\qzvs\Index\Runtime\Cache\Home\f8cf203eb98c60ed9cec339b90173a5c.php 第 415 行.
NOTIC: [8] Undefined offset: 3 D:\xampp\htdocs\qzvs\Index\Runtime\Cache\Home\f8cf203eb98c60ed9cec339b90173a5c.php 第 416 行.
NOTIC: [8] Undefined offset: 4 D:\xampp\htdocs\qzvs\Index\Runtime\Cache\Home\f8cf203eb98c60ed9cec339b90173a5c.php 第 418 行.
NOTIC: [8] Undefined offset: 4 D:\xampp\htdocs\qzvs\Index\Runtime\Cache\Home\f8cf203eb98c60ed9cec339b90173a5c.php 第 419 行.
NOTIC: [8] Undefined offset: 5 D:\xampp\htdocs\qzvs\Index\Runtime\Cache\Home\f8cf203eb98c60ed9cec339b90173a5c.php 第 421 行.
NOTIC: [8] Undefined offset: 5 D:\xampp\htdocs\qzvs\Index\Runtime\Cache\Home\f8cf203eb98c60ed9cec339b90173a5c.php 第 422 行.
NOTIC: [8] Undefined offset: 6 D:\xampp\htdocs\qzvs\Index\Runtime\Cache\Home\f8cf203eb98c60ed9cec339b90173a5c.php 第 424 行.
NOTIC: [8] Undefined offset: 6 D:\xampp\htdocs\qzvs\Index\Runtime\Cache\Home\f8cf203eb98c60ed9cec339b90173a5c.php 第 425 行.
NOTIC: [8] Undefined offset: 5 D:\xampp\htdocs\qzvs\Index\Runtime\Cache\Home\f8cf203eb98c60ed9cec339b90173a5c.php 第 442 行.
NOTIC: [8] Undefined offset: 5 D:\xampp\htdocs\qzvs\Index\Runtime\Cache\Home\f8cf203eb98c60ed9cec339b90173a5c.php 第 442 行.
NOTIC: [8] Undefined offset: 6 D:\xampp\htdocs\qzvs\Index\Runtime\Cache\Home\f8cf203eb98c60ed9cec339b90173a5c.php 第 443 行.
NOTIC: [8] Undefined offset: 6 D:\xampp\htdocs\qzvs\Index\Runtime\Cache\Home\f8cf203eb98c60ed9cec339b90173a5c.php 第 443 行.
NOTIC: [8] Undefined offset: 7 D:\xampp\htdocs\qzvs\Index\Runtime\Cache\Home\f8cf203eb98c60ed9cec339b90173a5c.php 第 444 行.
NOTIC: [8] Undefined offset: 7 D:\xampp\htdocs\qzvs\Index\Runtime\Cache\Home\f8cf203eb98c60ed9cec339b90173a5c.php 第 444 行.
NOTIC: [8] Undefined offset: 8 D:\xampp\htdocs\qzvs\Index\Runtime\Cache\Home\f8cf203eb98c60ed9cec339b90173a5c.php 第 445 行.
NOTIC: [8] Undefined offset: 8 D:\xampp\htdocs\qzvs\Index\Runtime\Cache\Home\f8cf203eb98c60ed9cec339b90173a5c.php 第 445 行.
NOTIC: [8] Undefined offset: 9 D:\xampp\htdocs\qzvs\Index\Runtime\Cache\Home\f8cf203eb98c60ed9cec339b90173a5c.php 第 446 行.
NOTIC: [8] Undefined offset: 9 D:\xampp\htdocs\qzvs\Index\Runtime\Cache\Home\f8cf203eb98c60ed9cec339b90173a5c.php 第 446 行.
NOTIC: [8] Undefined offset: 10 D:\xampp\htdocs\qzvs\Index\Runtime\Cache\Home\f8cf203eb98c60ed9cec339b90173a5c.php 第 447 行.
NOTIC: [8] Undefined offset: 10 D:\xampp\htdocs\qzvs\Index\Runtime\Cache\Home\f8cf203eb98c60ed9cec339b90173a5c.php 第 447 行.
NOTIC: [8] Undefined offset: 11 D:\xampp\htdocs\qzvs\Index\Runtime\Cache\Home\f8cf203eb98c60ed9cec339b90173a5c.php 第 448 行.
NOTIC: [8] Undefined offset: 11 D:\xampp\htdocs\qzvs\Index\Runtime\Cache\Home\f8cf203eb98c60ed9cec339b90173a5c.php 第 448 行.
NOTIC: [8] Undefined offset: 12 D:\xampp\htdocs\qzvs\Index\Runtime\Cache\Home\f8cf203eb98c60ed9cec339b90173a5c.php 第 449 行.
NOTIC: [8] Undefined offset: 12 D:\xampp\htdocs\qzvs\Index\Runtime\Cache\Home\f8cf203eb98c60ed9cec339b90173a5c.php 第 449 行.
NOTIC: [8] Undefined offset: 13 D:\xampp\htdocs\qzvs\Index\Runtime\Cache\Home\f8cf203eb98c60ed9cec339b90173a5c.php 第 450 行.
NOTIC: [8] Undefined offset: 13 D:\xampp\htdocs\qzvs\Index\Runtime\Cache\Home\f8cf203eb98c60ed9cec339b90173a5c.php 第 450 行.
NOTIC: [8] Undefined variable: wzx D:\xampp\htdocs\qzvs\Index\Runtime\Cache\Home\f8cf203eb98c60ed9cec339b90173a5c.php 第 468 行.
NOTIC: [8] Undefined variable: wzx D:\xampp\htdocs\qzvs\Index\Runtime\Cache\Home\f8cf203eb98c60ed9cec339b90173a5c.php 第 469 行.
NOTIC: [8] Undefined variable: wzx D:\xampp\htdocs\qzvs\Index\Runtime\Cache\Home\f8cf203eb98c60ed9cec339b90173a5c.php 第 470 行.
NOTIC: [8] Undefined variable: wft D:\xampp\htdocs\qzvs\Index\Runtime\Cache\Home\f8cf203eb98c60ed9cec339b90173a5c.php 第 523 行.
NOTIC: [8] Undefined variable: wft D:\xampp\htdocs\qzvs\Index\Runtime\Cache\Home\f8cf203eb98c60ed9cec339b90173a5c.php 第 524 行.
NOTIC: [8] Undefined variable: wft D:\xampp\htdocs\qzvs\Index\Runtime\Cache\Home\f8cf203eb98c60ed9cec339b90173a5c.php 第 526 行.
NOTIC: [8] Undefined variable: wft D:\xampp\htdocs\qzvs\Index\Runtime\Cache\Home\f8cf203eb98c60ed9cec339b90173a5c.php 第 527 行.
NOTIC: [8] Undefined variable: wft D:\xampp\htdocs\qzvs\Index\Runtime\Cache\Home\f8cf203eb98c60ed9cec339b90173a5c.php 第 529 行.
NOTIC: [8] Undefined variable: wft D:\xampp\htdocs\qzvs\Index\Runtime\Cache\Home\f8cf203eb98c60ed9cec339b90173a5c.php 第 530 行.
NOTIC: [8] Undefined variable: wft D:\xampp\htdocs\qzvs\Index\Runtime\Cache\Home\f8cf203eb98c60ed9cec339b90173a5c.php 第 532 行.
NOTIC: [8] Undefined variable: wft D:\xampp\htdocs\qzvs\Index\Runtime\Cache\Home\f8cf203eb98c60ed9cec339b90173a5c.php 第 533 行.
NOTIC: [8] Undefined variable: wft D:\xampp\htdocs\qzvs\Index\Runtime\Cache\Home\f8cf203eb98c60ed9cec339b90173a5c.php 第 535 行.
NOTIC: [8] Undefined variable: wft D:\xampp\htdocs\qzvs\Index\Runtime\Cache\Home\f8cf203eb98c60ed9cec339b90173a5c.php 第 536 行.
NOTIC: [8] Undefined index: descipline D:\xampp\htdocs\qzvs\Index\Runtime\Cache\Home\f8cf203eb98c60ed9cec339b90173a5c.php 第 642 行.
INFO: Run Behavior\ParseTemplateBehavior [ RunTime:0.048880s ]
INFO: [ view_parse ] --END-- [ RunTime:0.048960s ]
INFO: [ view_filter ] --START--
INFO: Run Behavior\WriteHtmlCacheBehavior [ RunTime:0.000956s ]
INFO: [ view_filter ] --END-- [ RunTime:0.001019s ]
INFO: [ app_end ] --START--
INFO: Run Behavior\ShowPageTraceBehavior [ RunTime:0.001650s ]
INFO: [ app_end ] --END-- [ RunTime:0.001742s ]

[ 2016-10-08T19:19:41+08:00 ] 192.154.110.242 /qzvs/
INFO: [ app_init ] --START--
INFO: Run Behavior\BuildLiteBehavior [ RunTime:0.000022s ]
INFO: [ app_init ] --END-- [ RunTime:0.000544s ]
INFO: [ app_begin ] --START--
INFO: Run Behavior\ReadHtmlCacheBehavior [ RunTime:0.001139s ]
INFO: [ app_begin ] --END-- [ RunTime:0.001215s ]
SQL: SHOW COLUMNS FROM `banner` [ RunTime:0.0112s ]
SQL: SELECT * FROM `banner` WHERE `if_valid` = '有效' ORDER BY slide_order desc LIMIT 9   [ RunTime:0.0008s ]
SQL: SHOW COLUMNS FROM `qzvideo_special` [ RunTime:0.0138s ]
SQL: SELECT * FROM `qzvideo_special` ORDER BY id desc LIMIT 7   [ RunTime:0.0005s ]
SQL: SHOW COLUMNS FROM `qzvideo_weishi` [ RunTime:0.0155s ]
SQL: SELECT * FROM `qzvideo_weishi` WHERE `catid` = 26 ORDER BY id desc LIMIT 6   [ RunTime:0.0007s ]
SQL: SELECT COUNT(*) AS tp_Count FROM `qzvideo_weishi` WHERE `catid` = 26 LIMIT 1   [ RunTime:0.0004s ]
SQL: SELECT * FROM `qzvideo_weishi` WHERE `catid` = 26 AND `up` = 1 ORDER BY id desc LIMIT 1   [ RunTime:0.0006s ]
SQL: SELECT * FROM `qzvideo_weishi` WHERE `catid` = 23 ORDER BY id desc LIMIT 5   [ RunTime:0.0008s ]
SQL: SELECT COUNT(*) AS tp_Count FROM `qzvideo_weishi` WHERE `catid` = 23 LIMIT 1   [ RunTime:0.0004s ]
SQL: SELECT * FROM `qzvideo_weishi` WHERE `catid` = 27 ORDER BY id desc LIMIT 6   [ RunTime:0.0005s ]
SQL: SELECT COUNT(*) AS tp_Count FROM `qzvideo_weishi` WHERE `catid` = 27 LIMIT 1   [ RunTime:0.0003s ]
SQL: SELECT * FROM `qzvideo_weishi` WHERE `catid` = 27 AND `up` = 1 ORDER BY id desc LIMIT 5   [ RunTime:0.0004s ]
SQL: SELECT * FROM `qzvideo_weishi` WHERE `catid` = 25 ORDER BY id desc LIMIT 5   [ RunTime:0.0004s ]
SQL: SELECT COUNT(*) AS tp_Count FROM `qzvideo_weishi` WHERE `catid` = 25 LIMIT 1   [ RunTime:0.0003s ]
SQL: SELECT * FROM `qzvideo_weishi` WHERE `catid` = 28 ORDER BY id desc LIMIT 3   [ RunTime:0.0004s ]
SQL: SELECT COUNT(*) AS tp_Count FROM `qzvideo_weishi` WHERE `catid` = 28 LIMIT 1   [ RunTime:0.0003s ]
SQL: SELECT * FROM `qzvideo_weishi` WHERE `catid` = 28 AND `up` = 1 ORDER BY id desc LIMIT 1   [ RunTime:0.0004s ]
SQL: SELECT * FROM `qzvideo_weishi` WHERE `catid` = 29 ORDER BY id desc LIMIT 5   [ RunTime:0.0004s ]
SQL: SELECT COUNT(*) AS tp_Count FROM `qzvideo_weishi` WHERE `catid` = 29 LIMIT 1   [ RunTime:0.0003s ]
SQL: SELECT * FROM `qzvideo_weishi` WHERE `catid` = 30 ORDER BY id desc LIMIT 5   [ RunTime:0.0004s ]
SQL: SELECT COUNT(*) AS tp_Count FROM `qzvideo_weishi` WHERE `catid` = 30 LIMIT 1   [ RunTime:0.0003s ]
SQL: SELECT * FROM `qzvideo_weishi` WHERE `catid` = 31 ORDER BY id desc LIMIT 5   [ RunTime:0.0004s ]
SQL: SELECT COUNT(*) AS tp_Count FROM `qzvideo_weishi` WHERE `catid` = 31 LIMIT 1   [ RunTime:0.0003s ]
SQL: SHOW COLUMNS FROM `qzvideo_category` [ RunTime:0.0113s ]
SQL: SELECT * FROM `qzvideo_category`  [ RunTime:0.0006s ]
SQL: SHOW COLUMNS FROM `qzvideo_lable` [ RunTime:0.0097s ]
SQL: SELECT * FROM `qzvideo_lable` WHERE `uplm` = 1 AND `catname` = '微生活' ORDER BY lableid desc LIMIT 3   [ RunTime:0.0005s ]
SQL: SELECT * FROM `qzvideo_lable` WHERE `uplm` = 1 AND `catname` = '微电影' ORDER BY lableid desc LIMIT 3   [ RunTime:0.0003s ]
SQL: SELECT * FROM `qzvideo_lable` WHERE `uplm` = 1 AND `catname` = '微资讯' ORDER BY lableid desc LIMIT 3   [ RunTime:0.0003s ]
SQL: SELECT * FROM `qzvideo_lable` WHERE `uplm` = 1 AND `catname` = '微访谈' ORDER BY lableid desc LIMIT 3   [ RunTime:0.0003s ]
SQL: SELECT * FROM `qzvideo_lable` WHERE `uplm` = 1 AND `catname` = '微课堂' ORDER BY lableid desc LIMIT 3   [ RunTime:0.0003s ]
SQL: SELECT * FROM `qzvideo_lable` WHERE `uplm` = 1 AND `catname` = '生涯导航' ORDER BY lableid desc LIMIT 3   [ RunTime:0.0003s ]
SQL: SELECT * FROM `qzvideo_lable` WHERE `uplm` = 1 AND `catname` = '微分享' ORDER BY lableid desc LIMIT 3   [ RunTime:0.0003s ]
SQL: SELECT * FROM `qzvideo_lable` WHERE `uplm` = 1 AND `catname` = '素材库' ORDER BY lableid desc LIMIT 3   [ RunTime:0.0003s ]
SQL: SHOW COLUMNS FROM `qzvideo_search` [ RunTime:0.0281s ]
SQL: SELECT * FROM `qzvideo_search` ORDER BY searchnums desc LIMIT 5   [ RunTime:0.0005s ]
NOTIC: [8] Use of undefined constant index - assumed 'index' D:\xampp\htdocs\qzvs\Index\Home\Controller\IndexController.class.php 第 97 行.
INFO: [ view_parse ] --START--
INFO: [ template_filter ] --START--
INFO: Run Behavior\ContentReplaceBehavior [ RunTime:0.000409s ]
INFO: [ template_filter ] --END-- [ RunTime:0.000508s ]
NOTIC: [8] Undefined offset: 1 D:\xampp\htdocs\qzvs\Index\Runtime\Cache\Home\f8cf203eb98c60ed9cec339b90173a5c.php 第 409 行.
NOTIC: [8] Undefined offset: 1 D:\xampp\htdocs\qzvs\Index\Runtime\Cache\Home\f8cf203eb98c60ed9cec339b90173a5c.php 第 410 行.
NOTIC: [8] Undefined offset: 2 D:\xampp\htdocs\qzvs\Index\Runtime\Cache\Home\f8cf203eb98c60ed9cec339b90173a5c.php 第 412 行.
NOTIC: [8] Undefined offset: 2 D:\xampp\htdocs\qzvs\Index\Runtime\Cache\Home\f8cf203eb98c60ed9cec339b90173a5c.php 第 413 行.
NOTIC: [8] Undefined offset: 3 D:\xampp\htdocs\qzvs\Index\Runtime\Cache\Home\f8cf203eb98c60ed9cec339b90173a5c.php 第 415 行.
NOTIC: [8] Undefined offset: 3 D:\xampp\htdocs\qzvs\Index\Runtime\Cache\Home\f8cf203eb98c60ed9cec339b90173a5c.php 第 416 行.
NOTIC: [8] Undefined offset: 4 D:\xampp\htdocs\qzvs\Index\Runtime\Cache\Home\f8cf203eb98c60ed9cec339b90173a5c.php 第 418 行.
NOTIC: [8] Undefined offset: 4 D:\xampp\htdocs\qzvs\Index\Runtime\Cache\Home\f8cf203eb98c60ed9cec339b90173a5c.php 第 419 行.
NOTIC: [8] Undefined offset: 5 D:\xampp\htdocs\qzvs\Index\Runtime\Cache\Home\f8cf203eb98c60ed9cec339b90173a5c.php 第 421 行.
NOTIC: [8] Undefined offset: 5 D:\xampp\htdocs\qzvs\Index\Runtime\Cache\Home\f8cf203eb98c60ed9cec339b90173a5c.php 第 422 行.
NOTIC: [8] Undefined offset: 6 D:\xampp\htdocs\qzvs\Index\Runtime\Cache\Home\f8cf203eb98c60ed9cec339b90173a5c.php 第 424 行.
NOTIC: [8] Undefined offset: 6 D:\xampp\htdocs\qzvs\Index\Runtime\Cache\Home\f8cf203eb98c60ed9cec339b90173a5c.php 第 425 行.
NOTIC: [8] Undefined offset: 5 D:\xampp\htdocs\qzvs\Index\Runtime\Cache\Home\f8cf203eb98c60ed9cec339b90173a5c.php 第 442 行.
NOTIC: [8] Undefined offset: 5 D:\xampp\htdocs\qzvs\Index\Runtime\Cache\Home\f8cf203eb98c60ed9cec339b90173a5c.php 第 442 行.
NOTIC: [8] Undefined offset: 6 D:\xampp\htdocs\qzvs\Index\Runtime\Cache\Home\f8cf203eb98c60ed9cec339b90173a5c.php 第 443 行.
NOTIC: [8] Undefined offset: 6 D:\xampp\htdocs\qzvs\Index\Runtime\Cache\Home\f8cf203eb98c60ed9cec339b90173a5c.php 第 443 行.
NOTIC: [8] Undefined offset: 7 D:\xampp\htdocs\qzvs\Index\Runtime\Cache\Home\f8cf203eb98c60ed9cec339b90173a5c.php 第 444 行.
NOTIC: [8] Undefined offset: 7 D:\xampp\htdocs\qzvs\Index\Runtime\Cache\Home\f8cf203eb98c60ed9cec339b90173a5c.php 第 444 行.
NOTIC: [8] Undefined offset: 8 D:\xampp\htdocs\qzvs\Index\Runtime\Cache\Home\f8cf203eb98c60ed9cec339b90173a5c.php 第 445 行.
NOTIC: [8] Undefined offset: 8 D:\xampp\htdocs\qzvs\Index\Runtime\Cache\Home\f8cf203eb98c60ed9cec339b90173a5c.php 第 445 行.
NOTIC: [8] Undefined offset: 9 D:\xampp\htdocs\qzvs\Index\Runtime\Cache\Home\f8cf203eb98c60ed9cec339b90173a5c.php 第 446 行.
NOTIC: [8] Undefined offset: 9 D:\xampp\htdocs\qzvs\Index\Runtime\Cache\Home\f8cf203eb98c60ed9cec339b90173a5c.php 第 446 行.
NOTIC: [8] Undefined offset: 10 D:\xampp\htdocs\qzvs\Index\Runtime\Cache\Home\f8cf203eb98c60ed9cec339b90173a5c.php 第 447 行.
NOTIC: [8] Undefined offset: 10 D:\xampp\htdocs\qzvs\Index\Runtime\Cache\Home\f8cf203eb98c60ed9cec339b90173a5c.php 第 447 行.
NOTIC: [8] Undefined offset: 11 D:\xampp\htdocs\qzvs\Index\Runtime\Cache\Home\f8cf203eb98c60ed9cec339b90173a5c.php 第 448 行.
NOTIC: [8] Undefined offset: 11 D:\xampp\htdocs\qzvs\Index\Runtime\Cache\Home\f8cf203eb98c60ed9cec339b90173a5c.php 第 448 行.
NOTIC: [8] Undefined offset: 12 D:\xampp\htdocs\qzvs\Index\Runtime\Cache\Home\f8cf203eb98c60ed9cec339b90173a5c.php 第 449 行.
NOTIC: [8] Undefined offset: 12 D:\xampp\htdocs\qzvs\Index\Runtime\Cache\Home\f8cf203eb98c60ed9cec339b90173a5c.php 第 449 行.
NOTIC: [8] Undefined offset: 13 D:\xampp\htdocs\qzvs\Index\Runtime\Cache\Home\f8cf203eb98c60ed9cec339b90173a5c.php 第 450 行.
NOTIC: [8] Undefined offset: 13 D:\xampp\htdocs\qzvs\Index\Runtime\Cache\Home\f8cf203eb98c60ed9cec339b90173a5c.php 第 450 行.
NOTIC: [8] Undefined variable: wzx D:\xampp\htdocs\qzvs\Index\Runtime\Cache\Home\f8cf203eb98c60ed9cec339b90173a5c.php 第 468 行.
NOTIC: [8] Undefined variable: wzx D:\xampp\htdocs\qzvs\Index\Runtime\Cache\Home\f8cf203eb98c60ed9cec339b90173a5c.php 第 469 行.
NOTIC: [8] Undefined variable: wzx D:\xampp\htdocs\qzvs\Index\Runtime\Cache\Home\f8cf203eb98c60ed9cec339b90173a5c.php 第 470 行.
NOTIC: [8] Undefined variable: wft D:\xampp\htdocs\qzvs\Index\Runtime\Cache\Home\f8cf203eb98c60ed9cec339b90173a5c.php 第 523 行.
NOTIC: [8] Undefined variable: wft D:\xampp\htdocs\qzvs\Index\Runtime\Cache\Home\f8cf203eb98c60ed9cec339b90173a5c.php 第 524 行.
NOTIC: [8] Undefined variable: wft D:\xampp\htdocs\qzvs\Index\Runtime\Cache\Home\f8cf203eb98c60ed9cec339b90173a5c.php 第 526 行.
NOTIC: [8] Undefined variable: wft D:\xampp\htdocs\qzvs\Index\Runtime\Cache\Home\f8cf203eb98c60ed9cec339b90173a5c.php 第 527 行.
NOTIC: [8] Undefined variable: wft D:\xampp\htdocs\qzvs\Index\Runtime\Cache\Home\f8cf203eb98c60ed9cec339b90173a5c.php 第 529 行.
NOTIC: [8] Undefined variable: wft D:\xampp\htdocs\qzvs\Index\Runtime\Cache\Home\f8cf203eb98c60ed9cec339b90173a5c.php 第 530 行.
NOTIC: [8] Undefined variable: wft D:\xampp\htdocs\qzvs\Index\Runtime\Cache\Home\f8cf203eb98c60ed9cec339b90173a5c.php 第 532 行.
NOTIC: [8] Undefined variable: wft D:\xampp\htdocs\qzvs\Index\Runtime\Cache\Home\f8cf203eb98c60ed9cec339b90173a5c.php 第 533 行.
NOTIC: [8] Undefined variable: wft D:\xampp\htdocs\qzvs\Index\Runtime\Cache\Home\f8cf203eb98c60ed9cec339b90173a5c.php 第 535 行.
NOTIC: [8] Undefined variable: wft D:\xampp\htdocs\qzvs\Index\Runtime\Cache\Home\f8cf203eb98c60ed9cec339b90173a5c.php 第 536 行.
NOTIC: [8] Undefined index: descipline D:\xampp\htdocs\qzvs\Index\Runtime\Cache\Home\f8cf203eb98c60ed9cec339b90173a5c.php 第 642 行.
INFO: Run Behavior\ParseTemplateBehavior [ RunTime:0.049208s ]
INFO: [ view_parse ] --END-- [ RunTime:0.049296s ]
INFO: [ view_filter ] --START--
INFO: Run Behavior\WriteHtmlCacheBehavior [ RunTime:0.001327s ]
INFO: [ view_filter ] --END-- [ RunTime:0.001394s ]
INFO: [ app_end ] --START--
INFO: Run Behavior\ShowPageTraceBehavior [ RunTime:0.001135s ]
INFO: [ app_end ] --END-- [ RunTime:0.001237s ]

[ 2016-10-08T20:20:32+08:00 ] 101.7.164.204 /qzvs/
INFO: [ app_init ] --START--
INFO: Run Behavior\BuildLiteBehavior [ RunTime:0.000020s ]
INFO: [ app_init ] --END-- [ RunTime:0.000542s ]
INFO: [ app_begin ] --START--
INFO: Run Behavior\ReadHtmlCacheBehavior [ RunTime:0.001152s ]
INFO: [ app_begin ] --END-- [ RunTime:0.001228s ]
SQL: SHOW COLUMNS FROM `banner` [ RunTime:0.0241s ]
SQL: SELECT * FROM `banner` WHERE `if_valid` = '有效' ORDER BY slide_order desc LIMIT 9   [ RunTime:0.0006s ]
SQL: SHOW COLUMNS FROM `qzvideo_special` [ RunTime:0.0107s ]
SQL: SELECT * FROM `qzvideo_special` ORDER BY id desc LIMIT 7   [ RunTime:0.0004s ]
SQL: SHOW COLUMNS FROM `qzvideo_weishi` [ RunTime:0.0095s ]
SQL: SELECT * FROM `qzvideo_weishi` WHERE `catid` = 26 ORDER BY id desc LIMIT 6   [ RunTime:0.0005s ]
SQL: SELECT COUNT(*) AS tp_Count FROM `qzvideo_weishi` WHERE `catid` = 26 LIMIT 1   [ RunTime:0.0003s ]
SQL: SELECT * FROM `qzvideo_weishi` WHERE `catid` = 26 AND `up` = 1 ORDER BY id desc LIMIT 1   [ RunTime:0.0005s ]
SQL: SELECT * FROM `qzvideo_weishi` WHERE `catid` = 23 ORDER BY id desc LIMIT 5   [ RunTime:0.0005s ]
SQL: SELECT COUNT(*) AS tp_Count FROM `qzvideo_weishi` WHERE `catid` = 23 LIMIT 1   [ RunTime:0.0005s ]
SQL: SELECT * FROM `qzvideo_weishi` WHERE `catid` = 27 ORDER BY id desc LIMIT 6   [ RunTime:0.0005s ]
SQL: SELECT COUNT(*) AS tp_Count FROM `qzvideo_weishi` WHERE `catid` = 27 LIMIT 1   [ RunTime:0.0003s ]
SQL: SELECT * FROM `qzvideo_weishi` WHERE `catid` = 27 AND `up` = 1 ORDER BY id desc LIMIT 5   [ RunTime:0.0004s ]
SQL: SELECT * FROM `qzvideo_weishi` WHERE `catid` = 25 ORDER BY id desc LIMIT 5   [ RunTime:0.0005s ]
SQL: SELECT COUNT(*) AS tp_Count FROM `qzvideo_weishi` WHERE `catid` = 25 LIMIT 1   [ RunTime:0.0003s ]
SQL: SELECT * FROM `qzvideo_weishi` WHERE `catid` = 28 ORDER BY id desc LIMIT 3   [ RunTime:0.0004s ]
SQL: SELECT COUNT(*) AS tp_Count FROM `qzvideo_weishi` WHERE `catid` = 28 LIMIT 1   [ RunTime:0.0003s ]
SQL: SELECT * FROM `qzvideo_weishi` WHERE `catid` = 28 AND `up` = 1 ORDER BY id desc LIMIT 1   [ RunTime:0.0004s ]
SQL: SELECT * FROM `qzvideo_weishi` WHERE `catid` = 29 ORDER BY id desc LIMIT 5   [ RunTime:0.0004s ]
SQL: SELECT COUNT(*) AS tp_Count FROM `qzvideo_weishi` WHERE `catid` = 29 LIMIT 1   [ RunTime:0.0003s ]
SQL: SELECT * FROM `qzvideo_weishi` WHERE `catid` = 30 ORDER BY id desc LIMIT 5   [ RunTime:0.0004s ]
SQL: SELECT COUNT(*) AS tp_Count FROM `qzvideo_weishi` WHERE `catid` = 30 LIMIT 1   [ RunTime:0.0003s ]
SQL: SELECT * FROM `qzvideo_weishi` WHERE `catid` = 31 ORDER BY id desc LIMIT 5   [ RunTime:0.0004s ]
SQL: SELECT COUNT(*) AS tp_Count FROM `qzvideo_weishi` WHERE `catid` = 31 LIMIT 1   [ RunTime:0.0003s ]
SQL: SHOW COLUMNS FROM `qzvideo_category` [ RunTime:0.0102s ]
SQL: SELECT * FROM `qzvideo_category`  [ RunTime:0.0004s ]
SQL: SHOW COLUMNS FROM `qzvideo_lable` [ RunTime:0.0094s ]
SQL: SELECT * FROM `qzvideo_lable` WHERE `uplm` = 1 AND `catname` = '微生活' ORDER BY lableid desc LIMIT 3   [ RunTime:0.0004s ]
SQL: SELECT * FROM `qzvideo_lable` WHERE `uplm` = 1 AND `catname` = '微电影' ORDER BY lableid desc LIMIT 3   [ RunTime:0.0003s ]
SQL: SELECT * FROM `qzvideo_lable` WHERE `uplm` = 1 AND `catname` = '微资讯' ORDER BY lableid desc LIMIT 3   [ RunTime:0.0003s ]
SQL: SELECT * FROM `qzvideo_lable` WHERE `uplm` = 1 AND `catname` = '微访谈' ORDER BY lableid desc LIMIT 3   [ RunTime:0.0003s ]
SQL: SELECT * FROM `qzvideo_lable` WHERE `uplm` = 1 AND `catname` = '微课堂' ORDER BY lableid desc LIMIT 3   [ RunTime:0.0003s ]
SQL: SELECT * FROM `qzvideo_lable` WHERE `uplm` = 1 AND `catname` = '生涯导航' ORDER BY lableid desc LIMIT 3   [ RunTime:0.0003s ]
SQL: SELECT * FROM `qzvideo_lable` WHERE `uplm` = 1 AND `catname` = '微分享' ORDER BY lableid desc LIMIT 3   [ RunTime:0.0003s ]
SQL: SELECT * FROM `qzvideo_lable` WHERE `uplm` = 1 AND `catname` = '素材库' ORDER BY lableid desc LIMIT 3   [ RunTime:0.0003s ]
SQL: SHOW COLUMNS FROM `qzvideo_search` [ RunTime:0.0192s ]
SQL: SELECT * FROM `qzvideo_search` ORDER BY searchnums desc LIMIT 5   [ RunTime:0.0004s ]
NOTIC: [8] Use of undefined constant index - assumed 'index' D:\xampp\htdocs\qzvs\Index\Home\Controller\IndexController.class.php 第 97 行.
INFO: [ view_parse ] --START--
INFO: [ template_filter ] --START--
INFO: Run Behavior\ContentReplaceBehavior [ RunTime:0.000392s ]
INFO: [ template_filter ] --END-- [ RunTime:0.000475s ]
NOTIC: [8] Undefined offset: 1 D:\xampp\htdocs\qzvs\Index\Runtime\Cache\Home\f8cf203eb98c60ed9cec339b90173a5c.php 第 409 行.
NOTIC: [8] Undefined offset: 1 D:\xampp\htdocs\qzvs\Index\Runtime\Cache\Home\f8cf203eb98c60ed9cec339b90173a5c.php 第 410 行.
NOTIC: [8] Undefined offset: 2 D:\xampp\htdocs\qzvs\Index\Runtime\Cache\Home\f8cf203eb98c60ed9cec339b90173a5c.php 第 412 行.
NOTIC: [8] Undefined offset: 2 D:\xampp\htdocs\qzvs\Index\Runtime\Cache\Home\f8cf203eb98c60ed9cec339b90173a5c.php 第 413 行.
NOTIC: [8] Undefined offset: 3 D:\xampp\htdocs\qzvs\Index\Runtime\Cache\Home\f8cf203eb98c60ed9cec339b90173a5c.php 第 415 行.
NOTIC: [8] Undefined offset: 3 D:\xampp\htdocs\qzvs\Index\Runtime\Cache\Home\f8cf203eb98c60ed9cec339b90173a5c.php 第 416 行.
NOTIC: [8] Undefined offset: 4 D:\xampp\htdocs\qzvs\Index\Runtime\Cache\Home\f8cf203eb98c60ed9cec339b90173a5c.php 第 418 行.
NOTIC: [8] Undefined offset: 4 D:\xampp\htdocs\qzvs\Index\Runtime\Cache\Home\f8cf203eb98c60ed9cec339b90173a5c.php 第 419 行.
NOTIC: [8] Undefined offset: 5 D:\xampp\htdocs\qzvs\Index\Runtime\Cache\Home\f8cf203eb98c60ed9cec339b90173a5c.php 第 421 行.
NOTIC: [8] Undefined offset: 5 D:\xampp\htdocs\qzvs\Index\Runtime\Cache\Home\f8cf203eb98c60ed9cec339b90173a5c.php 第 422 行.
NOTIC: [8] Undefined offset: 6 D:\xampp\htdocs\qzvs\Index\Runtime\Cache\Home\f8cf203eb98c60ed9cec339b90173a5c.php 第 424 行.
NOTIC: [8] Undefined offset: 6 D:\xampp\htdocs\qzvs\Index\Runtime\Cache\Home\f8cf203eb98c60ed9cec339b90173a5c.php 第 425 行.
NOTIC: [8] Undefined offset: 5 D:\xampp\htdocs\qzvs\Index\Runtime\Cache\Home\f8cf203eb98c60ed9cec339b90173a5c.php 第 442 行.
NOTIC: [8] Undefined offset: 5 D:\xampp\htdocs\qzvs\Index\Runtime\Cache\Home\f8cf203eb98c60ed9cec339b90173a5c.php 第 442 行.
NOTIC: [8] Undefined offset: 6 D:\xampp\htdocs\qzvs\Index\Runtime\Cache\Home\f8cf203eb98c60ed9cec339b90173a5c.php 第 443 行.
NOTIC: [8] Undefined offset: 6 D:\xampp\htdocs\qzvs\Index\Runtime\Cache\Home\f8cf203eb98c60ed9cec339b90173a5c.php 第 443 行.
NOTIC: [8] Undefined offset: 7 D:\xampp\htdocs\qzvs\Index\Runtime\Cache\Home\f8cf203eb98c60ed9cec339b90173a5c.php 第 444 行.
NOTIC: [8] Undefined offset: 7 D:\xampp\htdocs\qzvs\Index\Runtime\Cache\Home\f8cf203eb98c60ed9cec339b90173a5c.php 第 444 行.
NOTIC: [8] Undefined offset: 8 D:\xampp\htdocs\qzvs\Index\Runtime\Cache\Home\f8cf203eb98c60ed9cec339b90173a5c.php 第 445 行.
NOTIC: [8] Undefined offset: 8 D:\xampp\htdocs\qzvs\Index\Runtime\Cache\Home\f8cf203eb98c60ed9cec339b90173a5c.php 第 445 行.
NOTIC: [8] Undefined offset: 9 D:\xampp\htdocs\qzvs\Index\Runtime\Cache\Home\f8cf203eb98c60ed9cec339b90173a5c.php 第 446 行.
NOTIC: [8] Undefined offset: 9 D:\xampp\htdocs\qzvs\Index\Runtime\Cache\Home\f8cf203eb98c60ed9cec339b90173a5c.php 第 446 行.
NOTIC: [8] Undefined offset: 10 D:\xampp\htdocs\qzvs\Index\Runtime\Cache\Home\f8cf203eb98c60ed9cec339b90173a5c.php 第 447 行.
NOTIC: [8] Undefined offset: 10 D:\xampp\htdocs\qzvs\Index\Runtime\Cache\Home\f8cf203eb98c60ed9cec339b90173a5c.php 第 447 行.
NOTIC: [8] Undefined offset: 11 D:\xampp\htdocs\qzvs\Index\Runtime\Cache\Home\f8cf203eb98c60ed9cec339b90173a5c.php 第 448 行.
NOTIC: [8] Undefined offset: 11 D:\xampp\htdocs\qzvs\Index\Runtime\Cache\Home\f8cf203eb98c60ed9cec339b90173a5c.php 第 448 行.
NOTIC: [8] Undefined offset: 12 D:\xampp\htdocs\qzvs\Index\Runtime\Cache\Home\f8cf203eb98c60ed9cec339b90173a5c.php 第 449 行.
NOTIC: [8] Undefined offset: 12 D:\xampp\htdocs\qzvs\Index\Runtime\Cache\Home\f8cf203eb98c60ed9cec339b90173a5c.php 第 449 行.
NOTIC: [8] Undefined offset: 13 D:\xampp\htdocs\qzvs\Index\Runtime\Cache\Home\f8cf203eb98c60ed9cec339b90173a5c.php 第 450 行.
NOTIC: [8] Undefined offset: 13 D:\xampp\htdocs\qzvs\Index\Runtime\Cache\Home\f8cf203eb98c60ed9cec339b90173a5c.php 第 450 行.
NOTIC: [8] Undefined variable: wzx D:\xampp\htdocs\qzvs\Index\Runtime\Cache\Home\f8cf203eb98c60ed9cec339b90173a5c.php 第 468 行.
NOTIC: [8] Undefined variable: wzx D:\xampp\htdocs\qzvs\Index\Runtime\Cache\Home\f8cf203eb98c60ed9cec339b90173a5c.php 第 469 行.
NOTIC: [8] Undefined variable: wzx D:\xampp\htdocs\qzvs\Index\Runtime\Cache\Home\f8cf203eb98c60ed9cec339b90173a5c.php 第 470 行.
NOTIC: [8] Undefined variable: wft D:\xampp\htdocs\qzvs\Index\Runtime\Cache\Home\f8cf203eb98c60ed9cec339b90173a5c.php 第 523 行.
NOTIC: [8] Undefined variable: wft D:\xampp\htdocs\qzvs\Index\Runtime\Cache\Home\f8cf203eb98c60ed9cec339b90173a5c.php 第 524 行.
NOTIC: [8] Undefined variable: wft D:\xampp\htdocs\qzvs\Index\Runtime\Cache\Home\f8cf203eb98c60ed9cec339b90173a5c.php 第 526 行.
NOTIC: [8] Undefined variable: wft D:\xampp\htdocs\qzvs\Index\Runtime\Cache\Home\f8cf203eb98c60ed9cec339b90173a5c.php 第 527 行.
NOTIC: [8] Undefined variable: wft D:\xampp\htdocs\qzvs\Index\Runtime\Cache\Home\f8cf203eb98c60ed9cec339b90173a5c.php 第 529 行.
NOTIC: [8] Undefined variable: wft D:\xampp\htdocs\qzvs\Index\Runtime\Cache\Home\f8cf203eb98c60ed9cec339b90173a5c.php 第 530 行.
NOTIC: [8] Undefined variable: wft D:\xampp\htdocs\qzvs\Index\Runtime\Cache\Home\f8cf203eb98c60ed9cec339b90173a5c.php 第 532 行.
NOTIC: [8] Undefined variable: wft D:\xampp\htdocs\qzvs\Index\Runtime\Cache\Home\f8cf203eb98c60ed9cec339b90173a5c.php 第 533 行.
NOTIC: [8] Undefined variable: wft D:\xampp\htdocs\qzvs\Index\Runtime\Cache\Home\f8cf203eb98c60ed9cec339b90173a5c.php 第 535 行.
NOTIC: [8] Undefined variable: wft D:\xampp\htdocs\qzvs\Index\Runtime\Cache\Home\f8cf203eb98c60ed9cec339b90173a5c.php 第 536 行.
NOTIC: [8] Undefined index: descipline D:\xampp\htdocs\qzvs\Index\Runtime\Cache\Home\f8cf203eb98c60ed9cec339b90173a5c.php 第 642 行.
INFO: Run Behavior\ParseTemplateBehavior [ RunTime:0.048195s ]
INFO: [ view_parse ] --END-- [ RunTime:0.048274s ]
INFO: [ view_filter ] --START--
INFO: Run Behavior\WriteHtmlCacheBehavior [ RunTime:0.000918s ]
INFO: [ view_filter ] --END-- [ RunTime:0.000980s ]
INFO: [ app_end ] --START--
INFO: Run Behavior\ShowPageTraceBehavior [ RunTime:0.001340s ]
INFO: [ app_end ] --END-- [ RunTime:0.001412s ]

[ 2016-10-08T20:23:32+08:00 ] 101.226.33.219 /qzvs/
INFO: [ app_init ] --START--
INFO: Run Behavior\BuildLiteBehavior [ RunTime:0.000028s ]
INFO: [ app_init ] --END-- [ RunTime:0.000629s ]
INFO: [ app_begin ] --START--
INFO: Run Behavior\ReadHtmlCacheBehavior [ RunTime:0.000846s ]
INFO: [ app_begin ] --END-- [ RunTime:0.000923s ]
SQL: SHOW COLUMNS FROM `banner` [ RunTime:0.0241s ]
SQL: SELECT * FROM `banner` WHERE `if_valid` = '有效' ORDER BY slide_order desc LIMIT 9   [ RunTime:0.0005s ]
SQL: SHOW COLUMNS FROM `qzvideo_special` [ RunTime:0.0237s ]
SQL: SELECT * FROM `qzvideo_special` ORDER BY id desc LIMIT 7   [ RunTime:0.0006s ]
SQL: SHOW COLUMNS FROM `qzvideo_weishi` [ RunTime:0.0247s ]
SQL: SELECT * FROM `qzvideo_weishi` WHERE `catid` = 26 ORDER BY id desc LIMIT 6   [ RunTime:0.0006s ]
SQL: SELECT COUNT(*) AS tp_Count FROM `qzvideo_weishi` WHERE `catid` = 26 LIMIT 1   [ RunTime:0.0003s ]
SQL: SELECT * FROM `qzvideo_weishi` WHERE `catid` = 26 AND `up` = 1 ORDER BY id desc LIMIT 1   [ RunTime:0.0005s ]
SQL: SELECT * FROM `qzvideo_weishi` WHERE `catid` = 23 ORDER BY id desc LIMIT 5   [ RunTime:0.0005s ]
SQL: SELECT COUNT(*) AS tp_Count FROM `qzvideo_weishi` WHERE `catid` = 23 LIMIT 1   [ RunTime:0.0004s ]
SQL: SELECT * FROM `qzvideo_weishi` WHERE `catid` = 27 ORDER BY id desc LIMIT 6   [ RunTime:0.0005s ]
SQL: SELECT COUNT(*) AS tp_Count FROM `qzvideo_weishi` WHERE `catid` = 27 LIMIT 1   [ RunTime:0.0003s ]
SQL: SELECT * FROM `qzvideo_weishi` WHERE `catid` = 27 AND `up` = 1 ORDER BY id desc LIMIT 5   [ RunTime:0.0004s ]
SQL: SELECT * FROM `qzvideo_weishi` WHERE `catid` = 25 ORDER BY id desc LIMIT 5   [ RunTime:0.0005s ]
SQL: SELECT COUNT(*) AS tp_Count FROM `qzvideo_weishi` WHERE `catid` = 25 LIMIT 1   [ RunTime:0.0003s ]
SQL: SELECT * FROM `qzvideo_weishi` WHERE `catid` = 28 ORDER BY id desc LIMIT 3   [ RunTime:0.0004s ]
SQL: SELECT COUNT(*) AS tp_Count FROM `qzvideo_weishi` WHERE `catid` = 28 LIMIT 1   [ RunTime:0.0003s ]
SQL: SELECT * FROM `qzvideo_weishi` WHERE `catid` = 28 AND `up` = 1 ORDER BY id desc LIMIT 1   [ RunTime:0.0005s ]
SQL: SELECT * FROM `qzvideo_weishi` WHERE `catid` = 29 ORDER BY id desc LIMIT 5   [ RunTime:0.0004s ]
SQL: SELECT COUNT(*) AS tp_Count FROM `qzvideo_weishi` WHERE `catid` = 29 LIMIT 1   [ RunTime:0.0003s ]
SQL: SELECT * FROM `qzvideo_weishi` WHERE `catid` = 30 ORDER BY id desc LIMIT 5   [ RunTime:0.0004s ]
SQL: SELECT COUNT(*) AS tp_Count FROM `qzvideo_weishi` WHERE `catid` = 30 LIMIT 1   [ RunTime:0.0003s ]
SQL: SELECT * FROM `qzvideo_weishi` WHERE `catid` = 31 ORDER BY id desc LIMIT 5   [ RunTime:0.0004s ]
SQL: SELECT COUNT(*) AS tp_Count FROM `qzvideo_weishi` WHERE `catid` = 31 LIMIT 1   [ RunTime:0.0003s ]
SQL: SHOW COLUMNS FROM `qzvideo_category` [ RunTime:0.0320s ]
SQL: SELECT * FROM `qzvideo_category`  [ RunTime:0.0005s ]
SQL: SHOW COLUMNS FROM `qzvideo_lable` [ RunTime:0.0201s ]
SQL: SELECT * FROM `qzvideo_lable` WHERE `uplm` = 1 AND `catname` = '微生活' ORDER BY lableid desc LIMIT 3   [ RunTime:0.0004s ]
SQL: SELECT * FROM `qzvideo_lable` WHERE `uplm` = 1 AND `catname` = '微电影' ORDER BY lableid desc LIMIT 3   [ RunTime:0.0005s ]
SQL: SELECT * FROM `qzvideo_lable` WHERE `uplm` = 1 AND `catname` = '微资讯' ORDER BY lableid desc LIMIT 3   [ RunTime:0.0003s ]
SQL: SELECT * FROM `qzvideo_lable` WHERE `uplm` = 1 AND `catname` = '微访谈' ORDER BY lableid desc LIMIT 3   [ RunTime:0.0004s ]
SQL: SELECT * FROM `qzvideo_lable` WHERE `uplm` = 1 AND `catname` = '微课堂' ORDER BY lableid desc LIMIT 3   [ RunTime:0.0003s ]
SQL: SELECT * FROM `qzvideo_lable` WHERE `uplm` = 1 AND `catname` = '生涯导航' ORDER BY lableid desc LIMIT 3   [ RunTime:0.0003s ]
SQL: SELECT * FROM `qzvideo_lable` WHERE `uplm` = 1 AND `catname` = '微分享' ORDER BY lableid desc LIMIT 3   [ RunTime:0.0003s ]
SQL: SELECT * FROM `qzvideo_lable` WHERE `uplm` = 1 AND `catname` = '素材库' ORDER BY lableid desc LIMIT 3   [ RunTime:0.0003s ]
SQL: SHOW COLUMNS FROM `qzvideo_search` [ RunTime:0.0134s ]
SQL: SELECT * FROM `qzvideo_search` ORDER BY searchnums desc LIMIT 5   [ RunTime:0.0004s ]
NOTIC: [8] Use of undefined constant index - assumed 'index' D:\xampp\htdocs\qzvs\Index\Home\Controller\IndexController.class.php 第 97 行.
INFO: [ view_parse ] --START--
INFO: [ template_filter ] --START--
INFO: Run Behavior\ContentReplaceBehavior [ RunTime:0.000420s ]
INFO: [ template_filter ] --END-- [ RunTime:0.000498s ]
NOTIC: [8] Undefined offset: 1 D:\xampp\htdocs\qzvs\Index\Runtime\Cache\Home\f8cf203eb98c60ed9cec339b90173a5c.php 第 409 行.
NOTIC: [8] Undefined offset: 1 D:\xampp\htdocs\qzvs\Index\Runtime\Cache\Home\f8cf203eb98c60ed9cec339b90173a5c.php 第 410 行.
NOTIC: [8] Undefined offset: 2 D:\xampp\htdocs\qzvs\Index\Runtime\Cache\Home\f8cf203eb98c60ed9cec339b90173a5c.php 第 412 行.
NOTIC: [8] Undefined offset: 2 D:\xampp\htdocs\qzvs\Index\Runtime\Cache\Home\f8cf203eb98c60ed9cec339b90173a5c.php 第 413 行.
NOTIC: [8] Undefined offset: 3 D:\xampp\htdocs\qzvs\Index\Runtime\Cache\Home\f8cf203eb98c60ed9cec339b90173a5c.php 第 415 行.
NOTIC: [8] Undefined offset: 3 D:\xampp\htdocs\qzvs\Index\Runtime\Cache\Home\f8cf203eb98c60ed9cec339b90173a5c.php 第 416 行.
NOTIC: [8] Undefined offset: 4 D:\xampp\htdocs\qzvs\Index\Runtime\Cache\Home\f8cf203eb98c60ed9cec339b90173a5c.php 第 418 行.
NOTIC: [8] Undefined offset: 4 D:\xampp\htdocs\qzvs\Index\Runtime\Cache\Home\f8cf203eb98c60ed9cec339b90173a5c.php 第 419 行.
NOTIC: [8] Undefined offset: 5 D:\xampp\htdocs\qzvs\Index\Runtime\Cache\Home\f8cf203eb98c60ed9cec339b90173a5c.php 第 421 行.
NOTIC: [8] Undefined offset: 5 D:\xampp\htdocs\qzvs\Index\Runtime\Cache\Home\f8cf203eb98c60ed9cec339b90173a5c.php 第 422 行.
NOTIC: [8] Undefined offset: 6 D:\xampp\htdocs\qzvs\Index\Runtime\Cache\Home\f8cf203eb98c60ed9cec339b90173a5c.php 第 424 行.
NOTIC: [8] Undefined offset: 6 D:\xampp\htdocs\qzvs\Index\Runtime\Cache\Home\f8cf203eb98c60ed9cec339b90173a5c.php 第 425 行.
NOTIC: [8] Undefined offset: 5 D:\xampp\htdocs\qzvs\Index\Runtime\Cache\Home\f8cf203eb98c60ed9cec339b90173a5c.php 第 442 行.
NOTIC: [8] Undefined offset: 5 D:\xampp\htdocs\qzvs\Index\Runtime\Cache\Home\f8cf203eb98c60ed9cec339b90173a5c.php 第 442 行.
NOTIC: [8] Undefined offset: 6 D:\xampp\htdocs\qzvs\Index\Runtime\Cache\Home\f8cf203eb98c60ed9cec339b90173a5c.php 第 443 行.
NOTIC: [8] Undefined offset: 6 D:\xampp\htdocs\qzvs\Index\Runtime\Cache\Home\f8cf203eb98c60ed9cec339b90173a5c.php 第 443 行.
NOTIC: [8] Undefined offset: 7 D:\xampp\htdocs\qzvs\Index\Runtime\Cache\Home\f8cf203eb98c60ed9cec339b90173a5c.php 第 444 行.
NOTIC: [8] Undefined offset: 7 D:\xampp\htdocs\qzvs\Index\Runtime\Cache\Home\f8cf203eb98c60ed9cec339b90173a5c.php 第 444 行.
NOTIC: [8] Undefined offset: 8 D:\xampp\htdocs\qzvs\Index\Runtime\Cache\Home\f8cf203eb98c60ed9cec339b90173a5c.php 第 445 行.
NOTIC: [8] Undefined offset: 8 D:\xampp\htdocs\qzvs\Index\Runtime\Cache\Home\f8cf203eb98c60ed9cec339b90173a5c.php 第 445 行.
NOTIC: [8] Undefined offset: 9 D:\xampp\htdocs\qzvs\Index\Runtime\Cache\Home\f8cf203eb98c60ed9cec339b90173a5c.php 第 446 行.
NOTIC: [8] Undefined offset: 9 D:\xampp\htdocs\qzvs\Index\Runtime\Cache\Home\f8cf203eb98c60ed9cec339b90173a5c.php 第 446 行.
NOTIC: [8] Undefined offset: 10 D:\xampp\htdocs\qzvs\Index\Runtime\Cache\Home\f8cf203eb98c60ed9cec339b90173a5c.php 第 447 行.
NOTIC: [8] Undefined offset: 10 D:\xampp\htdocs\qzvs\Index\Runtime\Cache\Home\f8cf203eb98c60ed9cec339b90173a5c.php 第 447 行.
NOTIC: [8] Undefined offset: 11 D:\xampp\htdocs\qzvs\Index\Runtime\Cache\Home\f8cf203eb98c60ed9cec339b90173a5c.php 第 448 行.
NOTIC: [8] Undefined offset: 11 D:\xampp\htdocs\qzvs\Index\Runtime\Cache\Home\f8cf203eb98c60ed9cec339b90173a5c.php 第 448 行.
NOTIC: [8] Undefined offset: 12 D:\xampp\htdocs\qzvs\Index\Runtime\Cache\Home\f8cf203eb98c60ed9cec339b90173a5c.php 第 449 行.
NOTIC: [8] Undefined offset: 12 D:\xampp\htdocs\qzvs\Index\Runtime\Cache\Home\f8cf203eb98c60ed9cec339b90173a5c.php 第 449 行.
NOTIC: [8] Undefined offset: 13 D:\xampp\htdocs\qzvs\Index\Runtime\Cache\Home\f8cf203eb98c60ed9cec339b90173a5c.php 第 450 行.
NOTIC: [8] Undefined offset: 13 D:\xampp\htdocs\qzvs\Index\Runtime\Cache\Home\f8cf203eb98c60ed9cec339b90173a5c.php 第 450 行.
NOTIC: [8] Undefined variable: wzx D:\xampp\htdocs\qzvs\Index\Runtime\Cache\Home\f8cf203eb98c60ed9cec339b90173a5c.php 第 468 行.
NOTIC: [8] Undefined variable: wzx D:\xampp\htdocs\qzvs\Index\Runtime\Cache\Home\f8cf203eb98c60ed9cec339b90173a5c.php 第 469 行.
NOTIC: [8] Undefined variable: wzx D:\xampp\htdocs\qzvs\Index\Runtime\Cache\Home\f8cf203eb98c60ed9cec339b90173a5c.php 第 470 行.
NOTIC: [8] Undefined variable: wft D:\xampp\htdocs\qzvs\Index\Runtime\Cache\Home\f8cf203eb98c60ed9cec339b90173a5c.php 第 523 行.
NOTIC: [8] Undefined variable: wft D:\xampp\htdocs\qzvs\Index\Runtime\Cache\Home\f8cf203eb98c60ed9cec339b90173a5c.php 第 524 行.
NOTIC: [8] Undefined variable: wft D:\xampp\htdocs\qzvs\Index\Runtime\Cache\Home\f8cf203eb98c60ed9cec339b90173a5c.php 第 526 行.
NOTIC: [8] Undefined variable: wft D:\xampp\htdocs\qzvs\Index\Runtime\Cache\Home\f8cf203eb98c60ed9cec339b90173a5c.php 第 527 行.
NOTIC: [8] Undefined variable: wft D:\xampp\htdocs\qzvs\Index\Runtime\Cache\Home\f8cf203eb98c60ed9cec339b90173a5c.php 第 529 行.
NOTIC: [8] Undefined variable: wft D:\xampp\htdocs\qzvs\Index\Runtime\Cache\Home\f8cf203eb98c60ed9cec339b90173a5c.php 第 530 行.
NOTIC: [8] Undefined variable: wft D:\xampp\htdocs\qzvs\Index\Runtime\Cache\Home\f8cf203eb98c60ed9cec339b90173a5c.php 第 532 行.
NOTIC: [8] Undefined variable: wft D:\xampp\htdocs\qzvs\Index\Runtime\Cache\Home\f8cf203eb98c60ed9cec339b90173a5c.php 第 533 行.
NOTIC: [8] Undefined variable: wft D:\xampp\htdocs\qzvs\Index\Runtime\Cache\Home\f8cf203eb98c60ed9cec339b90173a5c.php 第 535 行.
NOTIC: [8] Undefined variable: wft D:\xampp\htdocs\qzvs\Index\Runtime\Cache\Home\f8cf203eb98c60ed9cec339b90173a5c.php 第 536 行.
NOTIC: [8] Undefined index: descipline D:\xampp\htdocs\qzvs\Index\Runtime\Cache\Home\f8cf203eb98c60ed9cec339b90173a5c.php 第 642 行.
INFO: Run Behavior\ParseTemplateBehavior [ RunTime:0.047615s ]
INFO: [ view_parse ] --END-- [ RunTime:0.047697s ]
INFO: [ view_filter ] --START--
INFO: Run Behavior\WriteHtmlCacheBehavior [ RunTime:0.000521s ]
INFO: [ view_filter ] --END-- [ RunTime:0.000582s ]
INFO: [ app_end ] --START--
INFO: Run Behavior\ShowPageTraceBehavior [ RunTime:0.000805s ]
INFO: [ app_end ] --END-- [ RunTime:0.000875s ]

[ 2016-10-08T20:23:32+08:00 ] 101.226.33.218 /qzvs/
INFO: [ app_init ] --START--
INFO: Run Behavior\BuildLiteBehavior [ RunTime:0.000024s ]
INFO: [ app_init ] --END-- [ RunTime:0.000604s ]
INFO: [ app_begin ] --START--
INFO: Run Behavior\ReadHtmlCacheBehavior [ RunTime:0.000883s ]
INFO: [ app_begin ] --END-- [ RunTime:0.000959s ]
SQL: SHOW COLUMNS FROM `banner` [ RunTime:0.0237s ]
SQL: SELECT * FROM `banner` WHERE `if_valid` = '有效' ORDER BY slide_order desc LIMIT 9   [ RunTime:0.0006s ]
SQL: SHOW COLUMNS FROM `qzvideo_special` [ RunTime:0.0236s ]
SQL: SELECT * FROM `qzvideo_special` ORDER BY id desc LIMIT 7   [ RunTime:0.0005s ]
SQL: SHOW COLUMNS FROM `qzvideo_weishi` [ RunTime:0.0248s ]
SQL: SELECT * FROM `qzvideo_weishi` WHERE `catid` = 26 ORDER BY id desc LIMIT 6   [ RunTime:0.0006s ]
SQL: SELECT COUNT(*) AS tp_Count FROM `qzvideo_weishi` WHERE `catid` = 26 LIMIT 1   [ RunTime:0.0003s ]
SQL: SELECT * FROM `qzvideo_weishi` WHERE `catid` = 26 AND `up` = 1 ORDER BY id desc LIMIT 1   [ RunTime:0.0005s ]
SQL: SELECT * FROM `qzvideo_weishi` WHERE `catid` = 23 ORDER BY id desc LIMIT 5   [ RunTime:0.0005s ]
SQL: SELECT COUNT(*) AS tp_Count FROM `qzvideo_weishi` WHERE `catid` = 23 LIMIT 1   [ RunTime:0.0003s ]
SQL: SELECT * FROM `qzvideo_weishi` WHERE `catid` = 27 ORDER BY id desc LIMIT 6   [ RunTime:0.0005s ]
SQL: SELECT COUNT(*) AS tp_Count FROM `qzvideo_weishi` WHERE `catid` = 27 LIMIT 1   [ RunTime:0.0003s ]
SQL: SELECT * FROM `qzvideo_weishi` WHERE `catid` = 27 AND `up` = 1 ORDER BY id desc LIMIT 5   [ RunTime:0.0004s ]
SQL: SELECT * FROM `qzvideo_weishi` WHERE `catid` = 25 ORDER BY id desc LIMIT 5   [ RunTime:0.0004s ]
SQL: SELECT COUNT(*) AS tp_Count FROM `qzvideo_weishi` WHERE `catid` = 25 LIMIT 1   [ RunTime:0.0003s ]
SQL: SELECT * FROM `qzvideo_weishi` WHERE `catid` = 28 ORDER BY id desc LIMIT 3   [ RunTime:0.0004s ]
SQL: SELECT COUNT(*) AS tp_Count FROM `qzvideo_weishi` WHERE `catid` = 28 LIMIT 1   [ RunTime:0.0003s ]
SQL: SELECT * FROM `qzvideo_weishi` WHERE `catid` = 28 AND `up` = 1 ORDER BY id desc LIMIT 1   [ RunTime:0.0004s ]
SQL: SELECT * FROM `qzvideo_weishi` WHERE `catid` = 29 ORDER BY id desc LIMIT 5   [ RunTime:0.0004s ]
SQL: SELECT COUNT(*) AS tp_Count FROM `qzvideo_weishi` WHERE `catid` = 29 LIMIT 1   [ RunTime:0.0003s ]
SQL: SELECT * FROM `qzvideo_weishi` WHERE `catid` = 30 ORDER BY id desc LIMIT 5   [ RunTime:0.0004s ]
SQL: SELECT COUNT(*) AS tp_Count FROM `qzvideo_weishi` WHERE `catid` = 30 LIMIT 1   [ RunTime:0.0003s ]
SQL: SELECT * FROM `qzvideo_weishi` WHERE `catid` = 31 ORDER BY id desc LIMIT 5   [ RunTime:0.0004s ]
SQL: SELECT COUNT(*) AS tp_Count FROM `qzvideo_weishi` WHERE `catid` = 31 LIMIT 1   [ RunTime:0.0003s ]
SQL: SHOW COLUMNS FROM `qzvideo_category` [ RunTime:0.0321s ]
SQL: SELECT * FROM `qzvideo_category`  [ RunTime:0.0006s ]
SQL: SHOW COLUMNS FROM `qzvideo_lable` [ RunTime:0.0206s ]
SQL: SELECT * FROM `qzvideo_lable` WHERE `uplm` = 1 AND `catname` = '微生活' ORDER BY lableid desc LIMIT 3   [ RunTime:0.0004s ]
SQL: SELECT * FROM `qzvideo_lable` WHERE `uplm` = 1 AND `catname` = '微电影' ORDER BY lableid desc LIMIT 3   [ RunTime:0.0004s ]
SQL: SELECT * FROM `qzvideo_lable` WHERE `uplm` = 1 AND `catname` = '微资讯' ORDER BY lableid desc LIMIT 3   [ RunTime:0.0003s ]
SQL: SELECT * FROM `qzvideo_lable` WHERE `uplm` = 1 AND `catname` = '微访谈' ORDER BY lableid desc LIMIT 3   [ RunTime:0.0006s ]
SQL: SELECT * FROM `qzvideo_lable` WHERE `uplm` = 1 AND `catname` = '微课堂' ORDER BY lableid desc LIMIT 3   [ RunTime:0.0003s ]
SQL: SELECT * FROM `qzvideo_lable` WHERE `uplm` = 1 AND `catname` = '生涯导航' ORDER BY lableid desc LIMIT 3   [ RunTime:0.0004s ]
SQL: SELECT * FROM `qzvideo_lable` WHERE `uplm` = 1 AND `catname` = '微分享' ORDER BY lableid desc LIMIT 3   [ RunTime:0.0003s ]
SQL: SELECT * FROM `qzvideo_lable` WHERE `uplm` = 1 AND `catname` = '素材库' ORDER BY lableid desc LIMIT 3   [ RunTime:0.0003s ]
SQL: SHOW COLUMNS FROM `qzvideo_search` [ RunTime:0.0215s ]
SQL: SELECT * FROM `qzvideo_search` ORDER BY searchnums desc LIMIT 5   [ RunTime:0.0003s ]
NOTIC: [8] Use of undefined constant index - assumed 'index' D:\xampp\htdocs\qzvs\Index\Home\Controller\IndexController.class.php 第 97 行.
INFO: [ view_parse ] --START--
INFO: [ template_filter ] --START--
INFO: Run Behavior\ContentReplaceBehavior [ RunTime:0.000407s ]
INFO: [ template_filter ] --END-- [ RunTime:0.000489s ]
NOTIC: [8] Undefined offset: 1 D:\xampp\htdocs\qzvs\Index\Runtime\Cache\Home\f8cf203eb98c60ed9cec339b90173a5c.php 第 409 行.
NOTIC: [8] Undefined offset: 1 D:\xampp\htdocs\qzvs\Index\Runtime\Cache\Home\f8cf203eb98c60ed9cec339b90173a5c.php 第 410 行.
NOTIC: [8] Undefined offset: 2 D:\xampp\htdocs\qzvs\Index\Runtime\Cache\Home\f8cf203eb98c60ed9cec339b90173a5c.php 第 412 行.
NOTIC: [8] Undefined offset: 2 D:\xampp\htdocs\qzvs\Index\Runtime\Cache\Home\f8cf203eb98c60ed9cec339b90173a5c.php 第 413 行.
NOTIC: [8] Undefined offset: 3 D:\xampp\htdocs\qzvs\Index\Runtime\Cache\Home\f8cf203eb98c60ed9cec339b90173a5c.php 第 415 行.
NOTIC: [8] Undefined offset: 3 D:\xampp\htdocs\qzvs\Index\Runtime\Cache\Home\f8cf203eb98c60ed9cec339b90173a5c.php 第 416 行.
NOTIC: [8] Undefined offset: 4 D:\xampp\htdocs\qzvs\Index\Runtime\Cache\Home\f8cf203eb98c60ed9cec339b90173a5c.php 第 418 行.
NOTIC: [8] Undefined offset: 4 D:\xampp\htdocs\qzvs\Index\Runtime\Cache\Home\f8cf203eb98c60ed9cec339b90173a5c.php 第 419 行.
NOTIC: [8] Undefined offset: 5 D:\xampp\htdocs\qzvs\Index\Runtime\Cache\Home\f8cf203eb98c60ed9cec339b90173a5c.php 第 421 行.
NOTIC: [8] Undefined offset: 5 D:\xampp\htdocs\qzvs\Index\Runtime\Cache\Home\f8cf203eb98c60ed9cec339b90173a5c.php 第 422 行.
NOTIC: [8] Undefined offset: 6 D:\xampp\htdocs\qzvs\Index\Runtime\Cache\Home\f8cf203eb98c60ed9cec339b90173a5c.php 第 424 行.
NOTIC: [8] Undefined offset: 6 D:\xampp\htdocs\qzvs\Index\Runtime\Cache\Home\f8cf203eb98c60ed9cec339b90173a5c.php 第 425 行.
NOTIC: [8] Undefined offset: 5 D:\xampp\htdocs\qzvs\Index\Runtime\Cache\Home\f8cf203eb98c60ed9cec339b90173a5c.php 第 442 行.
NOTIC: [8] Undefined offset: 5 D:\xampp\htdocs\qzvs\Index\Runtime\Cache\Home\f8cf203eb98c60ed9cec339b90173a5c.php 第 442 行.
NOTIC: [8] Undefined offset: 6 D:\xampp\htdocs\qzvs\Index\Runtime\Cache\Home\f8cf203eb98c60ed9cec339b90173a5c.php 第 443 行.
NOTIC: [8] Undefined offset: 6 D:\xampp\htdocs\qzvs\Index\Runtime\Cache\Home\f8cf203eb98c60ed9cec339b90173a5c.php 第 443 行.
NOTIC: [8] Undefined offset: 7 D:\xampp\htdocs\qzvs\Index\Runtime\Cache\Home\f8cf203eb98c60ed9cec339b90173a5c.php 第 444 行.
NOTIC: [8] Undefined offset: 7 D:\xampp\htdocs\qzvs\Index\Runtime\Cache\Home\f8cf203eb98c60ed9cec339b90173a5c.php 第 444 行.
NOTIC: [8] Undefined offset: 8 D:\xampp\htdocs\qzvs\Index\Runtime\Cache\Home\f8cf203eb98c60ed9cec339b90173a5c.php 第 445 行.
NOTIC: [8] Undefined offset: 8 D:\xampp\htdocs\qzvs\Index\Runtime\Cache\Home\f8cf203eb98c60ed9cec339b90173a5c.php 第 445 行.
NOTIC: [8] Undefined offset: 9 D:\xampp\htdocs\qzvs\Index\Runtime\Cache\Home\f8cf203eb98c60ed9cec339b90173a5c.php 第 446 行.
NOTIC: [8] Undefined offset: 9 D:\xampp\htdocs\qzvs\Index\Runtime\Cache\Home\f8cf203eb98c60ed9cec339b90173a5c.php 第 446 行.
NOTIC: [8] Undefined offset: 10 D:\xampp\htdocs\qzvs\Index\Runtime\Cache\Home\f8cf203eb98c60ed9cec339b90173a5c.php 第 447 行.
NOTIC: [8] Undefined offset: 10 D:\xampp\htdocs\qzvs\Index\Runtime\Cache\Home\f8cf203eb98c60ed9cec339b90173a5c.php 第 447 行.
NOTIC: [8] Undefined offset: 11 D:\xampp\htdocs\qzvs\Index\Runtime\Cache\Home\f8cf203eb98c60ed9cec339b90173a5c.php 第 448 行.
NOTIC: [8] Undefined offset: 11 D:\xampp\htdocs\qzvs\Index\Runtime\Cache\Home\f8cf203eb98c60ed9cec339b90173a5c.php 第 448 行.
NOTIC: [8] Undefined offset: 12 D:\xampp\htdocs\qzvs\Index\Runtime\Cache\Home\f8cf203eb98c60ed9cec339b90173a5c.php 第 449 行.
NOTIC: [8] Undefined offset: 12 D:\xampp\htdocs\qzvs\Index\Runtime\Cache\Home\f8cf203eb98c60ed9cec339b90173a5c.php 第 449 行.
NOTIC: [8] Undefined offset: 13 D:\xampp\htdocs\qzvs\Index\Runtime\Cache\Home\f8cf203eb98c60ed9cec339b90173a5c.php 第 450 行.
NOTIC: [8] Undefined offset: 13 D:\xampp\htdocs\qzvs\Index\Runtime\Cache\Home\f8cf203eb98c60ed9cec339b90173a5c.php 第 450 行.
NOTIC: [8] Undefined variable: wzx D:\xampp\htdocs\qzvs\Index\Runtime\Cache\Home\f8cf203eb98c60ed9cec339b90173a5c.php 第 468 行.
NOTIC: [8] Undefined variable: wzx D:\xampp\htdocs\qzvs\Index\Runtime\Cache\Home\f8cf203eb98c60ed9cec339b90173a5c.php 第 469 行.
NOTIC: [8] Undefined variable: wzx D:\xampp\htdocs\qzvs\Index\Runtime\Cache\Home\f8cf203eb98c60ed9cec339b90173a5c.php 第 470 行.
NOTIC: [8] Undefined variable: wft D:\xampp\htdocs\qzvs\Index\Runtime\Cache\Home\f8cf203eb98c60ed9cec339b90173a5c.php 第 523 行.
NOTIC: [8] Undefined variable: wft D:\xampp\htdocs\qzvs\Index\Runtime\Cache\Home\f8cf203eb98c60ed9cec339b90173a5c.php 第 524 行.
NOTIC: [8] Undefined variable: wft D:\xampp\htdocs\qzvs\Index\Runtime\Cache\Home\f8cf203eb98c60ed9cec339b90173a5c.php 第 526 行.
NOTIC: [8] Undefined variable: wft D:\xampp\htdocs\qzvs\Index\Runtime\Cache\Home\f8cf203eb98c60ed9cec339b90173a5c.php 第 527 行.
NOTIC: [8] Undefined variable: wft D:\xampp\htdocs\qzvs\Index\Runtime\Cache\Home\f8cf203eb98c60ed9cec339b90173a5c.php 第 529 行.
NOTIC: [8] Undefined variable: wft D:\xampp\htdocs\qzvs\Index\Runtime\Cache\Home\f8cf203eb98c60ed9cec339b90173a5c.php 第 530 行.
NOTIC: [8] Undefined variable: wft D:\xampp\htdocs\qzvs\Index\Runtime\Cache\Home\f8cf203eb98c60ed9cec339b90173a5c.php 第 532 行.
NOTIC: [8] Undefined variable: wft D:\xampp\htdocs\qzvs\Index\Runtime\Cache\Home\f8cf203eb98c60ed9cec339b90173a5c.php 第 533 行.
NOTIC: [8] Undefined variable: wft D:\xampp\htdocs\qzvs\Index\Runtime\Cache\Home\f8cf203eb98c60ed9cec339b90173a5c.php 第 535 行.
NOTIC: [8] Undefined variable: wft D:\xampp\htdocs\qzvs\Index\Runtime\Cache\Home\f8cf203eb98c60ed9cec339b90173a5c.php 第 536 行.
NOTIC: [8] Undefined index: descipline D:\xampp\htdocs\qzvs\Index\Runtime\Cache\Home\f8cf203eb98c60ed9cec339b90173a5c.php 第 642 行.
INFO: Run Behavior\ParseTemplateBehavior [ RunTime:0.047703s ]
INFO: [ view_parse ] --END-- [ RunTime:0.047795s ]
INFO: [ view_filter ] --START--
INFO: Run Behavior\WriteHtmlCacheBehavior [ RunTime:0.000551s ]
INFO: [ view_filter ] --END-- [ RunTime:0.000611s ]
INFO: [ app_end ] --START--
INFO: Run Behavior\ShowPageTraceBehavior [ RunTime:0.000744s ]
INFO: [ app_end ] --END-- [ RunTime:0.000827s ]

