[ 2016-08-19T11:13:30+08:00 ] ::1 /qzvs/admin.php
INFO: [ app_init ] --START--
INFO: Run Behavior\BuildLiteBehavior [ RunTime:0.000006s ]
INFO: [ app_init ] --END-- [ RunTime:0.000271s ]
INFO: [ app_begin ] --START--
INFO: Run Behavior\ReadHtmlCacheBehavior [ RunTime:0.000389s ]
INFO: [ app_begin ] --END-- [ RunTime:0.000413s ]

[ 2016-08-19T11:13:30+08:00 ] ::1 /qzvs/admin.php/Home/Index/login/0/cate_id%3D%3E2.html
INFO: [ app_init ] --START--
INFO: Run Behavior\BuildLiteBehavior [ RunTime:0.000005s ]
INFO: [ app_init ] --END-- [ RunTime:0.000238s ]
INFO: [ app_begin ] --START--
INFO: Run Behavior\ReadHtmlCacheBehavior [ RunTime:0.000267s ]
INFO: [ app_begin ] --END-- [ RunTime:0.000290s ]
INFO: [ view_parse ] --START--
INFO: [ template_filter ] --START--
INFO: Run Behavior\ContentReplaceBehavior [ RunTime:0.000068s ]
INFO: [ template_filter ] --END-- [ RunTime:0.000106s ]
INFO: Run Behavior\ParseTemplateBehavior [ RunTime:0.004039s ]
INFO: [ view_parse ] --END-- [ RunTime:0.004065s ]
INFO: [ view_filter ] --START--
INFO: Run Behavior\WriteHtmlCacheBehavior [ RunTime:0.000319s ]
INFO: [ view_filter ] --END-- [ RunTime:0.000340s ]
INFO: [ app_end ] --START--
INFO: Run Behavior\ShowPageTraceBehavior [ RunTime:0.000521s ]
INFO: [ app_end ] --END-- [ RunTime:0.000552s ]

[ 2016-08-19T11:13:30+08:00 ] ::1 /qzvs/admin.php/Home/Index/login/0/favicon.ico
INFO: [ app_init ] --START--
INFO: Run Behavior\BuildLiteBehavior [ RunTime:0.000007s ]
INFO: [ app_init ] --END-- [ RunTime:0.000247s ]

[ 2016-08-19T11:13:34+08:00 ] ::1 /qzvs/admin.php/Home/Index/login.html
INFO: [ app_init ] --START--
INFO: Run Behavior\BuildLiteBehavior [ RunTime:0.000005s ]
INFO: [ app_init ] --END-- [ RunTime:0.000249s ]
INFO: [ app_begin ] --START--
INFO: Run Behavior\ReadHtmlCacheBehavior [ RunTime:0.000295s ]
INFO: [ app_begin ] --END-- [ RunTime:0.000320s ]
SQL: SHOW COLUMNS FROM `qzvideo_admin` [ RunTime:0.0028s ]
SQL: SELECT * FROM `qzvideo_admin` WHERE `username` = '采薇' AND `password` = 'e10adc3949ba59abbe56e057f20f883e' LIMIT 1   [ RunTime:0.0002s ]
SQL: UPDATE `qzvideo_admin` SET `lastloginip`='0.0.0.0',`lastlogintime`='16-08-19 11:08:34' WHERE `username` = '采薇' AND `password` = 'e10adc3949ba59abbe56e057f20f883e' AND `userid` = 66 [ RunTime:0.0014s ]
INFO: [ view_parse ] --START--
INFO: [ template_filter ] --START--
INFO: Run Behavior\ContentReplaceBehavior [ RunTime:0.000025s ]
INFO: [ template_filter ] --END-- [ RunTime:0.000051s ]
INFO: Run Behavior\ParseTemplateBehavior [ RunTime:0.003415s ]
INFO: [ view_parse ] --END-- [ RunTime:0.003455s ]
INFO: [ view_filter ] --START--
INFO: Run Behavior\WriteHtmlCacheBehavior [ RunTime:0.000176s ]
INFO: [ view_filter ] --END-- [ RunTime:0.000194s ]
INFO: [ app_end ] --START--
INFO: Run Behavior\ShowPageTraceBehavior [ RunTime:0.000291s ]
INFO: [ app_end ] --END-- [ RunTime:0.000310s ]

[ 2016-08-19T11:13:36+08:00 ] ::1 /qzvs/admin.php/Home/Index/index
INFO: [ app_init ] --START--
INFO: Run Behavior\BuildLiteBehavior [ RunTime:0.000006s ]
INFO: [ app_init ] --END-- [ RunTime:0.000279s ]
INFO: [ app_begin ] --START--
INFO: Run Behavior\ReadHtmlCacheBehavior [ RunTime:0.000343s ]
INFO: [ app_begin ] --END-- [ RunTime:0.000368s ]
SQL: SHOW COLUMNS FROM `qzvideo_admin_role` [ RunTime:0.0034s ]
SQL: SELECT * FROM `qzvideo_admin_role`  [ RunTime:0.0002s ]
SQL: SHOW COLUMNS FROM `qzvideo_admin` [ RunTime:0.0022s ]
SQL: SELECT * FROM `qzvideo_admin` WHERE `username` = '采薇' LIMIT 1   [ RunTime:0.0002s ]
SQL: SHOW COLUMNS FROM `qzvideo_category` [ RunTime:0.0024s ]
SQL: SELECT * FROM `qzvideo_category`  [ RunTime:0.0003s ]
SQL: SELECT * FROM `qzvideo_category`  [ RunTime:0.0002s ]
NOTIC: [8] Use of undefined constant 超级管理员 - assumed '超级管理员' D:\xampp\htdocs\qzvs\Admin\Home\Controller\IndexController.class.php 第 33 行.
NOTIC: [8] Use of undefined constant index - assumed 'index' D:\xampp\htdocs\qzvs\Admin\Home\Controller\IndexController.class.php 第 34 行.
INFO: [ view_parse ] --START--
INFO: [ template_filter ] --START--
INFO: Run Behavior\ContentReplaceBehavior [ RunTime:0.000150s ]
INFO: [ template_filter ] --END-- [ RunTime:0.000187s ]
INFO: Run Behavior\ParseTemplateBehavior [ RunTime:0.006344s ]
INFO: [ view_parse ] --END-- [ RunTime:0.006372s ]
INFO: [ view_filter ] --START--
INFO: Run Behavior\WriteHtmlCacheBehavior [ RunTime:0.000170s ]
INFO: [ view_filter ] --END-- [ RunTime:0.000189s ]
INFO: [ app_end ] --START--
INFO: Run Behavior\ShowPageTraceBehavior [ RunTime:0.000343s ]
INFO: [ app_end ] --END-- [ RunTime:0.000379s ]

[ 2016-08-19T11:13:36+08:00 ] ::1 /qzvs/admin.php/Home/Index/index_v1.html?v=4.0
INFO: [ app_init ] --START--
INFO: Run Behavior\BuildLiteBehavior [ RunTime:0.000018s ]
INFO: [ app_init ] --END-- [ RunTime:0.000318s ]
INFO: [ app_begin ] --START--
INFO: Run Behavior\ReadHtmlCacheBehavior [ RunTime:0.000387s ]
INFO: [ app_begin ] --END-- [ RunTime:0.000418s ]
INFO: [ view_parse ] --START--
INFO: [ template_filter ] --START--
INFO: Run Behavior\ContentReplaceBehavior [ RunTime:0.000054s ]
INFO: [ template_filter ] --END-- [ RunTime:0.000083s ]
INFO: Run Behavior\ParseTemplateBehavior [ RunTime:0.003738s ]
INFO: [ view_parse ] --END-- [ RunTime:0.003765s ]
INFO: [ view_filter ] --START--
INFO: Run Behavior\WriteHtmlCacheBehavior [ RunTime:0.000151s ]
INFO: [ view_filter ] --END-- [ RunTime:0.000169s ]
INFO: [ app_end ] --START--
INFO: Run Behavior\ShowPageTraceBehavior [ RunTime:0.000284s ]
INFO: [ app_end ] --END-- [ RunTime:0.000304s ]

[ 2016-08-19T11:13:36+08:00 ] ::1 /qzvs/admin.php/Home/Index/favicon.ico
INFO: [ app_init ] --START--
INFO: Run Behavior\BuildLiteBehavior [ RunTime:0.000009s ]
INFO: [ app_init ] --END-- [ RunTime:0.000261s ]

[ 2016-08-19T11:16:48+08:00 ] ::1 /qzvs/admin.php/Home/Index/loginout.html
INFO: [ app_init ] --START--
INFO: Run Behavior\BuildLiteBehavior [ RunTime:0.000005s ]
INFO: [ app_init ] --END-- [ RunTime:0.000289s ]
INFO: [ app_begin ] --START--
INFO: Run Behavior\ReadHtmlCacheBehavior [ RunTime:0.000379s ]
INFO: [ app_begin ] --END-- [ RunTime:0.000403s ]
INFO: [ view_parse ] --START--
INFO: [ template_filter ] --START--
INFO: Run Behavior\ContentReplaceBehavior [ RunTime:0.000024s ]
INFO: [ template_filter ] --END-- [ RunTime:0.000048s ]
INFO: Run Behavior\ParseTemplateBehavior [ RunTime:0.003886s ]
INFO: [ view_parse ] --END-- [ RunTime:0.003913s ]
INFO: [ view_filter ] --START--
INFO: Run Behavior\WriteHtmlCacheBehavior [ RunTime:0.000269s ]
INFO: [ view_filter ] --END-- [ RunTime:0.000288s ]
INFO: [ app_end ] --START--
INFO: Run Behavior\ShowPageTraceBehavior [ RunTime:0.000396s ]
INFO: [ app_end ] --END-- [ RunTime:0.000416s ]

[ 2016-08-19T11:16:49+08:00 ] ::1 /qzvs/admin.php/Home/Index/login
INFO: [ app_init ] --START--
INFO: Run Behavior\BuildLiteBehavior [ RunTime:0.000006s ]
INFO: [ app_init ] --END-- [ RunTime:0.000211s ]
INFO: [ app_begin ] --START--
INFO: Run Behavior\ReadHtmlCacheBehavior [ RunTime:0.000294s ]
INFO: [ app_begin ] --END-- [ RunTime:0.000318s ]
INFO: [ view_parse ] --START--
INFO: [ template_filter ] --START--
INFO: Run Behavior\ContentReplaceBehavior [ RunTime:0.000028s ]
INFO: [ template_filter ] --END-- [ RunTime:0.000052s ]
INFO: Run Behavior\ParseTemplateBehavior [ RunTime:0.002880s ]
INFO: [ view_parse ] --END-- [ RunTime:0.002903s ]
INFO: [ view_filter ] --START--
INFO: Run Behavior\WriteHtmlCacheBehavior [ RunTime:0.000148s ]
INFO: [ view_filter ] --END-- [ RunTime:0.000165s ]
INFO: [ app_end ] --START--
INFO: Run Behavior\ShowPageTraceBehavior [ RunTime:0.000280s ]
INFO: [ app_end ] --END-- [ RunTime:0.000300s ]

[ 2016-08-19T11:17:11+08:00 ] ::1 /qzvs/admin.php/Home/Index/login.html
INFO: [ app_init ] --START--
INFO: Run Behavior\BuildLiteBehavior [ RunTime:0.000006s ]
INFO: [ app_init ] --END-- [ RunTime:0.000236s ]
INFO: [ app_begin ] --START--
INFO: Run Behavior\ReadHtmlCacheBehavior [ RunTime:0.000266s ]
INFO: [ app_begin ] --END-- [ RunTime:0.000290s ]
SQL: SHOW COLUMNS FROM `qzvideo_admin` [ RunTime:0.0029s ]
SQL: SELECT * FROM `qzvideo_admin` WHERE `username` = '青阳' AND `password` = 'e10adc3949ba59abbe56e057f20f883e' LIMIT 1   [ RunTime:0.0003s ]
SQL: UPDATE `qzvideo_admin` SET `lastloginip`='0.0.0.0',`lastlogintime`='16-08-19 11:08:11' WHERE `username` = '青阳' AND `password` = 'e10adc3949ba59abbe56e057f20f883e' AND `userid` = 68 [ RunTime:0.0011s ]
INFO: [ view_parse ] --START--
INFO: [ template_filter ] --START--
INFO: Run Behavior\ContentReplaceBehavior [ RunTime:0.000025s ]
INFO: [ template_filter ] --END-- [ RunTime:0.000050s ]
INFO: Run Behavior\ParseTemplateBehavior [ RunTime:0.003270s ]
INFO: [ view_parse ] --END-- [ RunTime:0.003292s ]
INFO: [ view_filter ] --START--
INFO: Run Behavior\WriteHtmlCacheBehavior [ RunTime:0.000147s ]
INFO: [ view_filter ] --END-- [ RunTime:0.000165s ]
INFO: [ app_end ] --START--
INFO: Run Behavior\ShowPageTraceBehavior [ RunTime:0.000313s ]
INFO: [ app_end ] --END-- [ RunTime:0.000333s ]

[ 2016-08-19T11:17:13+08:00 ] ::1 /qzvs/admin.php/Home/Index/index
INFO: [ app_init ] --START--
INFO: Run Behavior\BuildLiteBehavior [ RunTime:0.000006s ]
INFO: [ app_init ] --END-- [ RunTime:0.000273s ]
INFO: [ app_begin ] --START--
INFO: Run Behavior\ReadHtmlCacheBehavior [ RunTime:0.000288s ]
INFO: [ app_begin ] --END-- [ RunTime:0.000310s ]
SQL: SHOW COLUMNS FROM `qzvideo_admin_role` [ RunTime:0.0027s ]
SQL: SELECT * FROM `qzvideo_admin_role`  [ RunTime:0.0002s ]
SQL: SHOW COLUMNS FROM `qzvideo_admin` [ RunTime:0.0025s ]
SQL: SELECT * FROM `qzvideo_admin` WHERE `username` = '青阳' LIMIT 1   [ RunTime:0.0002s ]
SQL: SHOW COLUMNS FROM `qzvideo_category` [ RunTime:0.0026s ]
SQL: SELECT * FROM `qzvideo_category`  [ RunTime:0.0003s ]
SQL: SELECT * FROM `qzvideo_category`  [ RunTime:0.0003s ]
NOTIC: [8] Use of undefined constant 超级管理员 - assumed '超级管理员' D:\xampp\htdocs\qzvs\Admin\Home\Controller\IndexController.class.php 第 33 行.
NOTIC: [8] Use of undefined constant 幻灯管理员 - assumed '幻灯管理员' D:\xampp\htdocs\qzvs\Admin\Home\Controller\IndexController.class.php 第 36 行.
NOTIC: [8] Use of undefined constant 内容管理员 - assumed '内容管理员' D:\xampp\htdocs\qzvs\Admin\Home\Controller\IndexController.class.php 第 39 行.
NOTIC: [8] Use of undefined constant index_content - assumed 'index_content' D:\xampp\htdocs\qzvs\Admin\Home\Controller\IndexController.class.php 第 40 行.
INFO: [ view_parse ] --START--
INFO: [ template_filter ] --START--
INFO: Run Behavior\ContentReplaceBehavior [ RunTime:0.000143s ]
INFO: [ template_filter ] --END-- [ RunTime:0.000186s ]
INFO: Run Behavior\ParseTemplateBehavior [ RunTime:0.004502s ]
INFO: [ view_parse ] --END-- [ RunTime:0.004527s ]
INFO: [ view_filter ] --START--
INFO: Run Behavior\WriteHtmlCacheBehavior [ RunTime:0.000159s ]
INFO: [ view_filter ] --END-- [ RunTime:0.000177s ]
INFO: [ app_end ] --START--
INFO: Run Behavior\ShowPageTraceBehavior [ RunTime:0.000342s ]
INFO: [ app_end ] --END-- [ RunTime:0.000364s ]

[ 2016-08-19T11:17:13+08:00 ] ::1 /qzvs/admin.php/Home/Index/index_v1.html?v=4.0
INFO: [ app_init ] --START--
INFO: Run Behavior\BuildLiteBehavior [ RunTime:0.000006s ]
INFO: [ app_init ] --END-- [ RunTime:0.000214s ]
INFO: [ app_begin ] --START--
INFO: Run Behavior\ReadHtmlCacheBehavior [ RunTime:0.000297s ]
INFO: [ app_begin ] --END-- [ RunTime:0.000320s ]
INFO: [ view_parse ] --START--
INFO: [ template_filter ] --START--
INFO: Run Behavior\ContentReplaceBehavior [ RunTime:0.000060s ]
INFO: [ template_filter ] --END-- [ RunTime:0.000094s ]
INFO: Run Behavior\ParseTemplateBehavior [ RunTime:0.003543s ]
INFO: [ view_parse ] --END-- [ RunTime:0.003577s ]
INFO: [ view_filter ] --START--
INFO: Run Behavior\WriteHtmlCacheBehavior [ RunTime:0.000185s ]
INFO: [ view_filter ] --END-- [ RunTime:0.000204s ]
INFO: [ app_end ] --START--
INFO: Run Behavior\ShowPageTraceBehavior [ RunTime:0.000325s ]
INFO: [ app_end ] --END-- [ RunTime:0.000350s ]

[ 2016-08-19T11:17:54+08:00 ] ::1 /qzvs/admin.php/Home/Special/Add.html?v=4.0
INFO: [ app_init ] --START--
INFO: Run Behavior\BuildLiteBehavior [ RunTime:0.000007s ]
INFO: [ app_init ] --END-- [ RunTime:0.000217s ]
INFO: [ app_begin ] --START--
INFO: Run Behavior\ReadHtmlCacheBehavior [ RunTime:0.002464s ]
INFO: [ app_begin ] --END-- [ RunTime:0.002504s ]
SQL: SHOW COLUMNS FROM `qzvideo_category` [ RunTime:0.0028s ]
SQL: SELECT * FROM `qzvideo_category`  [ RunTime:0.0003s ]
INFO: [ view_parse ] --START--
INFO: [ template_filter ] --START--
INFO: Run Behavior\ContentReplaceBehavior [ RunTime:0.000047s ]
INFO: [ template_filter ] --END-- [ RunTime:0.000071s ]
INFO: Run Behavior\ParseTemplateBehavior [ RunTime:0.003773s ]
INFO: [ view_parse ] --END-- [ RunTime:0.003800s ]
INFO: [ view_filter ] --START--
INFO: Run Behavior\WriteHtmlCacheBehavior [ RunTime:0.000160s ]
INFO: [ view_filter ] --END-- [ RunTime:0.000177s ]
INFO: [ app_end ] --START--
INFO: Run Behavior\ShowPageTraceBehavior [ RunTime:0.000300s ]
INFO: [ app_end ] --END-- [ RunTime:0.000319s ]

[ 2016-08-19T11:18:45+08:00 ] ::1 /qzvs/admin.php/Home/Index/index
INFO: [ app_init ] --START--
INFO: Run Behavior\BuildLiteBehavior [ RunTime:0.000007s ]
INFO: [ app_init ] --END-- [ RunTime:0.000233s ]
INFO: [ app_begin ] --START--
INFO: Run Behavior\ReadHtmlCacheBehavior [ RunTime:0.000284s ]
INFO: [ app_begin ] --END-- [ RunTime:0.000307s ]
SQL: SHOW COLUMNS FROM `qzvideo_admin_role` [ RunTime:0.0027s ]
SQL: SELECT * FROM `qzvideo_admin_role`  [ RunTime:0.0002s ]
SQL: SHOW COLUMNS FROM `qzvideo_admin` [ RunTime:0.0025s ]
SQL: SELECT * FROM `qzvideo_admin` WHERE `username` = '青阳' LIMIT 1   [ RunTime:0.0002s ]
SQL: SHOW COLUMNS FROM `qzvideo_category` [ RunTime:0.0026s ]
SQL: SELECT * FROM `qzvideo_category`  [ RunTime:0.0003s ]
SQL: SELECT * FROM `qzvideo_category`  [ RunTime:0.0002s ]
NOTIC: [8] Use of undefined constant 超级管理员 - assumed '超级管理员' D:\xampp\htdocs\qzvs\Admin\Home\Controller\IndexController.class.php 第 33 行.
NOTIC: [8] Use of undefined constant 幻灯管理员 - assumed '幻灯管理员' D:\xampp\htdocs\qzvs\Admin\Home\Controller\IndexController.class.php 第 36 行.
NOTIC: [8] Use of undefined constant 内容管理员 - assumed '内容管理员' D:\xampp\htdocs\qzvs\Admin\Home\Controller\IndexController.class.php 第 39 行.
NOTIC: [8] Use of undefined constant index_content - assumed 'index_content' D:\xampp\htdocs\qzvs\Admin\Home\Controller\IndexController.class.php 第 40 行.
INFO: [ view_parse ] --START--
INFO: [ template_filter ] --START--
INFO: Run Behavior\ContentReplaceBehavior [ RunTime:0.000078s ]
INFO: [ template_filter ] --END-- [ RunTime:0.000101s ]
INFO: Run Behavior\ParseTemplateBehavior [ RunTime:0.004128s ]
INFO: [ view_parse ] --END-- [ RunTime:0.004151s ]
INFO: [ view_filter ] --START--
INFO: Run Behavior\WriteHtmlCacheBehavior [ RunTime:0.000211s ]
INFO: [ view_filter ] --END-- [ RunTime:0.000252s ]
INFO: [ app_end ] --START--
INFO: Run Behavior\ShowPageTraceBehavior [ RunTime:0.000453s ]
INFO: [ app_end ] --END-- [ RunTime:0.000534s ]

[ 2016-08-19T11:18:45+08:00 ] ::1 /qzvs/admin.php/Home/Index/index_v1.html?v=4.0
INFO: [ app_init ] --START--
INFO: Run Behavior\BuildLiteBehavior [ RunTime:0.000007s ]
INFO: [ app_init ] --END-- [ RunTime:0.000262s ]
INFO: [ app_begin ] --START--
INFO: Run Behavior\ReadHtmlCacheBehavior [ RunTime:0.000436s ]
INFO: [ app_begin ] --END-- [ RunTime:0.000470s ]
INFO: [ view_parse ] --START--
INFO: [ template_filter ] --START--
INFO: Run Behavior\ContentReplaceBehavior [ RunTime:0.000087s ]
INFO: [ template_filter ] --END-- [ RunTime:0.000127s ]
INFO: Run Behavior\ParseTemplateBehavior [ RunTime:0.005280s ]
INFO: [ view_parse ] --END-- [ RunTime:0.005313s ]
INFO: [ view_filter ] --START--
INFO: Run Behavior\WriteHtmlCacheBehavior [ RunTime:0.000290s ]
INFO: [ view_filter ] --END-- [ RunTime:0.000309s ]
INFO: [ app_end ] --START--
INFO: Run Behavior\ShowPageTraceBehavior [ RunTime:0.000440s ]
INFO: [ app_end ] --END-- [ RunTime:0.000461s ]

[ 2016-08-19T17:20:53+08:00 ] ::1 /qzvs/admin.php/Home/Index/favicon.ico
INFO: [ app_init ] --START--
INFO: Run Behavior\BuildLiteBehavior [ RunTime:0.000011s ]
INFO: [ app_init ] --END-- [ RunTime:0.000635s ]

[ 2016-08-19T17:20:59+08:00 ] ::1 /qzvs/admin.php/Home/Index/index
INFO: [ app_init ] --START--
INFO: Run Behavior\BuildLiteBehavior [ RunTime:0.000006s ]
INFO: [ app_init ] --END-- [ RunTime:0.000249s ]
INFO: [ app_begin ] --START--
INFO: Run Behavior\ReadHtmlCacheBehavior [ RunTime:0.000745s ]
INFO: [ app_begin ] --END-- [ RunTime:0.000783s ]
SQL: SHOW COLUMNS FROM `qzvideo_admin_role` [ RunTime:0.0048s ]
SQL: SELECT * FROM `qzvideo_admin_role`  [ RunTime:0.0003s ]
SQL: SHOW COLUMNS FROM `qzvideo_admin` [ RunTime:0.0046s ]
SQL: SELECT * FROM `qzvideo_admin` WHERE `username` = '青阳' LIMIT 1   [ RunTime:0.0003s ]
SQL: SHOW COLUMNS FROM `qzvideo_category` [ RunTime:0.0043s ]
SQL: SELECT * FROM `qzvideo_category`  [ RunTime:0.0003s ]
SQL: SELECT * FROM `qzvideo_category`  [ RunTime:0.0002s ]
NOTIC: [8] Use of undefined constant 超级管理员 - assumed '超级管理员' D:\xampp\htdocs\qzvs\Admin\Home\Controller\IndexController.class.php 第 33 行.
NOTIC: [8] Use of undefined constant 幻灯管理员 - assumed '幻灯管理员' D:\xampp\htdocs\qzvs\Admin\Home\Controller\IndexController.class.php 第 36 行.
NOTIC: [8] Use of undefined constant 内容管理员 - assumed '内容管理员' D:\xampp\htdocs\qzvs\Admin\Home\Controller\IndexController.class.php 第 39 行.
NOTIC: [8] Use of undefined constant index_content - assumed 'index_content' D:\xampp\htdocs\qzvs\Admin\Home\Controller\IndexController.class.php 第 40 行.
INFO: [ view_parse ] --START--
INFO: [ template_filter ] --START--
INFO: Run Behavior\ContentReplaceBehavior [ RunTime:0.000614s ]
INFO: [ template_filter ] --END-- [ RunTime:0.000642s ]
INFO: Run Behavior\ParseTemplateBehavior [ RunTime:0.007974s ]
INFO: [ view_parse ] --END-- [ RunTime:0.007999s ]
INFO: [ view_filter ] --START--
INFO: Run Behavior\WriteHtmlCacheBehavior [ RunTime:0.000634s ]
INFO: [ view_filter ] --END-- [ RunTime:0.000654s ]
INFO: [ app_end ] --START--
INFO: Run Behavior\ShowPageTraceBehavior [ RunTime:0.000720s ]
INFO: [ app_end ] --END-- [ RunTime:0.000745s ]

[ 2016-08-19T17:21:00+08:00 ] ::1 /qzvs/admin.php/Home/Index/index_v1.html?v=4.0
INFO: [ app_init ] --START--
INFO: Run Behavior\BuildLiteBehavior [ RunTime:0.000007s ]
INFO: [ app_init ] --END-- [ RunTime:0.000281s ]
INFO: [ app_begin ] --START--
INFO: Run Behavior\ReadHtmlCacheBehavior [ RunTime:0.000441s ]
INFO: [ app_begin ] --END-- [ RunTime:0.000479s ]
INFO: [ view_parse ] --START--
INFO: [ template_filter ] --START--
INFO: Run Behavior\ContentReplaceBehavior [ RunTime:0.000061s ]
INFO: [ template_filter ] --END-- [ RunTime:0.000097s ]
INFO: Run Behavior\ParseTemplateBehavior [ RunTime:0.005324s ]
INFO: [ view_parse ] --END-- [ RunTime:0.005373s ]
INFO: [ view_filter ] --START--
INFO: Run Behavior\WriteHtmlCacheBehavior [ RunTime:0.000409s ]
INFO: [ view_filter ] --END-- [ RunTime:0.000439s ]
INFO: [ app_end ] --START--
INFO: Run Behavior\ShowPageTraceBehavior [ RunTime:0.000501s ]
INFO: [ app_end ] --END-- [ RunTime:0.000541s ]

[ 2016-08-19T17:21:03+08:00 ] ::1 /qzvs/admin.php/Home/Admin/userchange.html?v=4.0
INFO: [ app_init ] --START--
INFO: Run Behavior\BuildLiteBehavior [ RunTime:0.000010s ]
INFO: [ app_init ] --END-- [ RunTime:0.000364s ]
INFO: [ app_begin ] --START--
INFO: Run Behavior\ReadHtmlCacheBehavior [ RunTime:0.000447s ]
INFO: [ app_begin ] --END-- [ RunTime:0.000482s ]
SQL: SHOW COLUMNS FROM `qzvideo_admin_role` [ RunTime:0.0028s ]
SQL: SELECT * FROM `qzvideo_admin_role`  [ RunTime:0.0002s ]
SQL: SHOW COLUMNS FROM `qzvideo_admin` [ RunTime:0.0027s ]
SQL: SELECT * FROM `qzvideo_admin` WHERE `username` = '青阳' LIMIT 1   [ RunTime:0.0002s ]
NOTIC: [8] Undefined index: id D:\xampp\htdocs\qzvs\Admin\Home\Controller\AdminController.class.php 第 184 行.
INFO: [ view_parse ] --START--
INFO: [ template_filter ] --START--
INFO: Run Behavior\ContentReplaceBehavior [ RunTime:0.000050s ]
INFO: [ template_filter ] --END-- [ RunTime:0.000079s ]
INFO: Run Behavior\ParseTemplateBehavior [ RunTime:0.005470s ]
INFO: [ view_parse ] --END-- [ RunTime:0.005495s ]
INFO: [ view_filter ] --START--
INFO: Run Behavior\WriteHtmlCacheBehavior [ RunTime:0.000234s ]
INFO: [ view_filter ] --END-- [ RunTime:0.000253s ]
INFO: [ app_end ] --START--
INFO: Run Behavior\ShowPageTraceBehavior [ RunTime:0.000400s ]
INFO: [ app_end ] --END-- [ RunTime:0.000419s ]

