[ 2016-08-10T11:51:52+08:00 ] ::1 /qzvs/admin.php
INFO: [ app_init ] --START--
INFO: Run Behavior\BuildLiteBehavior [ RunTime:0.000008s ]
INFO: [ app_init ] --END-- [ RunTime:0.000252s ]
INFO: [ app_begin ] --START--
INFO: Run Behavior\ReadHtmlCacheBehavior [ RunTime:0.000305s ]
INFO: [ app_begin ] --END-- [ RunTime:0.000333s ]

[ 2016-08-10T11:51:52+08:00 ] ::1 /qzvs/admin.php/Home/Index/login/0/cate_id%3D%3E2.html
INFO: [ app_init ] --START--
INFO: Run Behavior\BuildLiteBehavior [ RunTime:0.000017s ]
INFO: [ app_init ] --END-- [ RunTime:0.000264s ]
INFO: [ app_begin ] --START--
INFO: Run Behavior\ReadHtmlCacheBehavior [ RunTime:0.000310s ]
INFO: [ app_begin ] --END-- [ RunTime:0.000335s ]
INFO: [ view_parse ] --START--
INFO: [ template_filter ] --START--
INFO: Run Behavior\ContentReplaceBehavior [ RunTime:0.000029s ]
INFO: [ template_filter ] --END-- [ RunTime:0.000053s ]
INFO: Run Behavior\ParseTemplateBehavior [ RunTime:0.002720s ]
INFO: [ view_parse ] --END-- [ RunTime:0.002744s ]
INFO: [ view_filter ] --START--
INFO: Run Behavior\WriteHtmlCacheBehavior [ RunTime:0.000147s ]
INFO: [ view_filter ] --END-- [ RunTime:0.000166s ]
INFO: [ app_end ] --START--
INFO: Run Behavior\ShowPageTraceBehavior [ RunTime:0.000286s ]
INFO: [ app_end ] --END-- [ RunTime:0.000307s ]

[ 2016-08-10T11:51:52+08:00 ] ::1 /qzvs/admin.php/Home/Index/login/0/favicon.ico
INFO: [ app_init ] --START--
INFO: Run Behavior\BuildLiteBehavior [ RunTime:0.000007s ]
INFO: [ app_init ] --END-- [ RunTime:0.000230s ]

[ 2016-08-10T11:51:56+08:00 ] ::1 /qzvs/admin.php/Home/Index/login.html
INFO: [ app_init ] --START--
INFO: Run Behavior\BuildLiteBehavior [ RunTime:0.000008s ]
INFO: [ app_init ] --END-- [ RunTime:0.000292s ]
INFO: [ app_begin ] --START--
INFO: Run Behavior\ReadHtmlCacheBehavior [ RunTime:0.000347s ]
INFO: [ app_begin ] --END-- [ RunTime:0.000375s ]
SQL: SHOW COLUMNS FROM `qzvideo_admin` [ RunTime:0.0026s ]
SQL: SELECT * FROM `qzvideo_admin` WHERE `username` = 'root' AND `password` = '63a9f0ea7bb98050796b649e85481845' LIMIT 1   [ RunTime:0.0003s ]
INFO: [ view_parse ] --START--
INFO: [ template_filter ] --START--
INFO: Run Behavior\ContentReplaceBehavior [ RunTime:0.000024s ]
INFO: [ template_filter ] --END-- [ RunTime:0.000045s ]
INFO: Run Behavior\ParseTemplateBehavior [ RunTime:0.003026s ]
INFO: [ view_parse ] --END-- [ RunTime:0.003051s ]
INFO: [ view_filter ] --START--
INFO: Run Behavior\WriteHtmlCacheBehavior [ RunTime:0.000202s ]
INFO: [ view_filter ] --END-- [ RunTime:0.000221s ]

[ 2016-08-10T11:51:59+08:00 ] ::1 /qzvs/admin.php/Home/Index/login/0/favicon.ico
INFO: [ app_init ] --START--
INFO: Run Behavior\BuildLiteBehavior [ RunTime:0.000007s ]
INFO: [ app_init ] --END-- [ RunTime:0.000228s ]

[ 2016-08-10T11:52:30+08:00 ] ::1 /qzvs/admin.php/Home/Index/login.html
INFO: [ app_init ] --START--
INFO: Run Behavior\BuildLiteBehavior [ RunTime:0.000007s ]
INFO: [ app_init ] --END-- [ RunTime:0.000221s ]
INFO: [ app_begin ] --START--
INFO: Run Behavior\ReadHtmlCacheBehavior [ RunTime:0.000537s ]
INFO: [ app_begin ] --END-- [ RunTime:0.000603s ]
SQL: SHOW COLUMNS FROM `qzvideo_admin` [ RunTime:0.0024s ]
SQL: SELECT * FROM `qzvideo_admin` WHERE `username` = '采薇' AND `password` = 'e10adc3949ba59abbe56e057f20f883e' LIMIT 1   [ RunTime:0.0003s ]
SQL: UPDATE `qzvideo_admin` SET `lastloginip`='0.0.0.0',`lastlogintime`='16' WHERE `username` = '采薇' AND `password` = 'e10adc3949ba59abbe56e057f20f883e' AND `userid` = 66 [ RunTime:0.0014s ]
INFO: [ view_parse ] --START--
INFO: [ template_filter ] --START--
INFO: Run Behavior\ContentReplaceBehavior [ RunTime:0.000025s ]
INFO: [ template_filter ] --END-- [ RunTime:0.000048s ]
INFO: Run Behavior\ParseTemplateBehavior [ RunTime:0.002881s ]
INFO: [ view_parse ] --END-- [ RunTime:0.002916s ]
INFO: [ view_filter ] --START--
INFO: Run Behavior\WriteHtmlCacheBehavior [ RunTime:0.000165s ]
INFO: [ view_filter ] --END-- [ RunTime:0.000185s ]
INFO: [ app_end ] --START--
INFO: Run Behavior\ShowPageTraceBehavior [ RunTime:0.000401s ]
INFO: [ app_end ] --END-- [ RunTime:0.000431s ]

[ 2016-08-10T11:52:32+08:00 ] ::1 /qzvs/admin.php/Home/Index/index
INFO: [ app_init ] --START--
INFO: Run Behavior\BuildLiteBehavior [ RunTime:0.000018s ]
INFO: [ app_init ] --END-- [ RunTime:0.000283s ]
INFO: [ app_begin ] --START--
INFO: Run Behavior\ReadHtmlCacheBehavior [ RunTime:0.000278s ]
INFO: [ app_begin ] --END-- [ RunTime:0.000306s ]
SQL: SHOW COLUMNS FROM `qzvideo_category` [ RunTime:0.0027s ]
SQL: SELECT * FROM `qzvideo_category`  [ RunTime:0.0003s ]
SQL: SELECT * FROM `qzvideo_category`  [ RunTime:0.0002s ]
NOTIC: [8] Use of undefined constant 超级管理员 - assumed '超级管理员' D:\xampp\htdocs\qzvs\Admin\Home\Controller\IndexController.class.php 第 24 行.
NOTIC: [8] Use of undefined constant index - assumed 'index' D:\xampp\htdocs\qzvs\Admin\Home\Controller\IndexController.class.php 第 25 行.
INFO: [ view_parse ] --START--
INFO: [ template_filter ] --START--
INFO: Run Behavior\ContentReplaceBehavior [ RunTime:0.000082s ]
INFO: [ template_filter ] --END-- [ RunTime:0.000104s ]
INFO: Run Behavior\ParseTemplateBehavior [ RunTime:0.004295s ]
INFO: [ view_parse ] --END-- [ RunTime:0.004319s ]
INFO: [ view_filter ] --START--
INFO: Run Behavior\WriteHtmlCacheBehavior [ RunTime:0.000153s ]
INFO: [ view_filter ] --END-- [ RunTime:0.000170s ]
INFO: [ app_end ] --START--
INFO: Run Behavior\ShowPageTraceBehavior [ RunTime:0.000478s ]
INFO: [ app_end ] --END-- [ RunTime:0.000505s ]

[ 2016-08-10T11:52:32+08:00 ] ::1 /qzvs/admin.php/Home/Index/favicon.ico
INFO: [ app_init ] --START--
INFO: Run Behavior\BuildLiteBehavior [ RunTime:0.000017s ]
INFO: [ app_init ] --END-- [ RunTime:0.000291s ]

[ 2016-08-10T11:52:32+08:00 ] ::1 /qzvs/admin.php/Home/Index/index_v1.html?v=4.0
INFO: [ app_init ] --START--
INFO: Run Behavior\BuildLiteBehavior [ RunTime:0.000006s ]
INFO: [ app_init ] --END-- [ RunTime:0.000253s ]
INFO: [ app_begin ] --START--
INFO: Run Behavior\ReadHtmlCacheBehavior [ RunTime:0.000470s ]
INFO: [ app_begin ] --END-- [ RunTime:0.000496s ]
INFO: [ view_parse ] --START--
INFO: [ template_filter ] --START--
INFO: Run Behavior\ContentReplaceBehavior [ RunTime:0.000058s ]
INFO: [ template_filter ] --END-- [ RunTime:0.000100s ]
INFO: Run Behavior\ParseTemplateBehavior [ RunTime:0.004517s ]
INFO: [ view_parse ] --END-- [ RunTime:0.004549s ]
INFO: [ view_filter ] --START--
INFO: Run Behavior\WriteHtmlCacheBehavior [ RunTime:0.000239s ]
INFO: [ view_filter ] --END-- [ RunTime:0.000262s ]
INFO: [ app_end ] --START--
INFO: Run Behavior\ShowPageTraceBehavior [ RunTime:0.000399s ]
INFO: [ app_end ] --END-- [ RunTime:0.000423s ]

[ 2016-08-10T11:52:41+08:00 ] ::1 /qzvs/admin.php/Home/Lable/Showlist.html?v=4.0
INFO: [ app_init ] --START--
INFO: Run Behavior\BuildLiteBehavior [ RunTime:0.000007s ]
INFO: [ app_init ] --END-- [ RunTime:0.000224s ]
INFO: [ app_begin ] --START--
INFO: Run Behavior\ReadHtmlCacheBehavior [ RunTime:0.000338s ]
INFO: [ app_begin ] --END-- [ RunTime:0.000368s ]
SQL: SHOW COLUMNS FROM `qzvideo_category` [ RunTime:0.0026s ]
SQL: SELECT * FROM `qzvideo_category`  [ RunTime:0.0003s ]
SQL: SHOW COLUMNS FROM `qzvideo_lable` [ RunTime:0.0023s ]
NOTIC: [8] Undefined variable: condition D:\xampp\htdocs\qzvs\Admin\Home\Controller\LableController.class.php 第 17 行.
SQL: SELECT COUNT(*) AS tp_count FROM `qzvideo_lable` LIMIT 1   [ RunTime:0.0001s ]
NOTIC: [8] Undefined variable: condition D:\xampp\htdocs\qzvs\Admin\Home\Controller\LableController.class.php 第 18 行.
SQL: SELECT `lableid`,`catname`,`labname`,`uplm`,`updh` FROM `qzvideo_lable` ORDER BY lableid desc LIMIT 0,10   [ RunTime:0.0002s ]
INFO: [ view_parse ] --START--
INFO: [ template_filter ] --START--
INFO: Run Behavior\ContentReplaceBehavior [ RunTime:0.000099s ]
INFO: [ template_filter ] --END-- [ RunTime:0.000123s ]
INFO: Run Behavior\ParseTemplateBehavior [ RunTime:0.004939s ]
INFO: [ view_parse ] --END-- [ RunTime:0.004963s ]
INFO: [ view_filter ] --START--
INFO: Run Behavior\WriteHtmlCacheBehavior [ RunTime:0.000146s ]
INFO: [ view_filter ] --END-- [ RunTime:0.000163s ]
INFO: [ app_end ] --START--
INFO: Run Behavior\ShowPageTraceBehavior [ RunTime:0.000378s ]
INFO: [ app_end ] --END-- [ RunTime:0.000410s ]

[ 2016-08-10T11:52:45+08:00 ] ::1 /qzvs/admin.php/Home/Lable/updh/id/22.html
INFO: [ app_init ] --START--
INFO: Run Behavior\BuildLiteBehavior [ RunTime:0.000006s ]
INFO: [ app_init ] --END-- [ RunTime:0.000198s ]
INFO: [ app_begin ] --START--
INFO: Run Behavior\ReadHtmlCacheBehavior [ RunTime:0.000298s ]
INFO: [ app_begin ] --END-- [ RunTime:0.000322s ]
SQL: SHOW COLUMNS FROM `qzvideo_lable` [ RunTime:0.0028s ]
SQL: SELECT * FROM `qzvideo_lable` WHERE `lableid` = 22 LIMIT 1   [ RunTime:0.0002s ]
SQL: UPDATE `qzvideo_lable` SET `updh`='1' WHERE `lableid` = 22 [ RunTime:0.0012s ]

[ 2016-08-10T11:52:47+08:00 ] ::1 /qzvs/admin.php/Home/Lable/Showlist/cate_id/2.html
INFO: [ app_init ] --START--
INFO: Run Behavior\BuildLiteBehavior [ RunTime:0.000005s ]
INFO: [ app_init ] --END-- [ RunTime:0.000195s ]
INFO: [ app_begin ] --START--
INFO: Run Behavior\ReadHtmlCacheBehavior [ RunTime:0.000254s ]
INFO: [ app_begin ] --END-- [ RunTime:0.000277s ]
SQL: SHOW COLUMNS FROM `qzvideo_category` [ RunTime:0.0026s ]
SQL: SELECT * FROM `qzvideo_category`  [ RunTime:0.0003s ]
SQL: SHOW COLUMNS FROM `qzvideo_lable` [ RunTime:0.0023s ]
NOTIC: [8] Undefined variable: condition D:\xampp\htdocs\qzvs\Admin\Home\Controller\LableController.class.php 第 17 行.
SQL: SELECT COUNT(*) AS tp_count FROM `qzvideo_lable` LIMIT 1   [ RunTime:0.0001s ]
NOTIC: [8] Undefined variable: condition D:\xampp\htdocs\qzvs\Admin\Home\Controller\LableController.class.php 第 18 行.
SQL: SELECT `lableid`,`catname`,`labname`,`uplm`,`updh` FROM `qzvideo_lable` ORDER BY lableid desc LIMIT 0,10   [ RunTime:0.0002s ]
INFO: [ view_parse ] --START--
INFO: [ template_filter ] --START--
INFO: Run Behavior\ContentReplaceBehavior [ RunTime:0.000058s ]
INFO: [ template_filter ] --END-- [ RunTime:0.000078s ]
INFO: Run Behavior\ParseTemplateBehavior [ RunTime:0.004398s ]
INFO: [ view_parse ] --END-- [ RunTime:0.004421s ]
INFO: [ view_filter ] --START--
INFO: Run Behavior\WriteHtmlCacheBehavior [ RunTime:0.000141s ]
INFO: [ view_filter ] --END-- [ RunTime:0.000159s ]
INFO: [ app_end ] --START--
INFO: Run Behavior\ShowPageTraceBehavior [ RunTime:0.000409s ]
INFO: [ app_end ] --END-- [ RunTime:0.000441s ]

[ 2016-08-10T11:52:50+08:00 ] ::1 /qzvs/admin.php/Home/Lable/updh/id/12.html
INFO: [ app_init ] --START--
INFO: Run Behavior\BuildLiteBehavior [ RunTime:0.000005s ]
INFO: [ app_init ] --END-- [ RunTime:0.000203s ]
INFO: [ app_begin ] --START--
INFO: Run Behavior\ReadHtmlCacheBehavior [ RunTime:0.000256s ]
INFO: [ app_begin ] --END-- [ RunTime:0.000279s ]
SQL: SHOW COLUMNS FROM `qzvideo_lable` [ RunTime:0.0023s ]
SQL: SELECT * FROM `qzvideo_lable` WHERE `lableid` = 12 LIMIT 1   [ RunTime:0.0002s ]
SQL: UPDATE `qzvideo_lable` SET `updh`='1' WHERE `lableid` = 12 [ RunTime:0.0013s ]

[ 2016-08-10T11:52:52+08:00 ] ::1 /qzvs/admin.php/Home/Lable/Showlist/cate_id/2.html
INFO: [ app_init ] --START--
INFO: Run Behavior\BuildLiteBehavior [ RunTime:0.000005s ]
INFO: [ app_init ] --END-- [ RunTime:0.000198s ]
INFO: [ app_begin ] --START--
INFO: Run Behavior\ReadHtmlCacheBehavior [ RunTime:0.000255s ]
INFO: [ app_begin ] --END-- [ RunTime:0.000278s ]
SQL: SHOW COLUMNS FROM `qzvideo_category` [ RunTime:0.0026s ]
SQL: SELECT * FROM `qzvideo_category`  [ RunTime:0.0003s ]
SQL: SHOW COLUMNS FROM `qzvideo_lable` [ RunTime:0.0023s ]
NOTIC: [8] Undefined variable: condition D:\xampp\htdocs\qzvs\Admin\Home\Controller\LableController.class.php 第 17 行.
SQL: SELECT COUNT(*) AS tp_count FROM `qzvideo_lable` LIMIT 1   [ RunTime:0.0002s ]
NOTIC: [8] Undefined variable: condition D:\xampp\htdocs\qzvs\Admin\Home\Controller\LableController.class.php 第 18 行.
SQL: SELECT `lableid`,`catname`,`labname`,`uplm`,`updh` FROM `qzvideo_lable` ORDER BY lableid desc LIMIT 0,10   [ RunTime:0.0002s ]
INFO: [ view_parse ] --START--
INFO: [ template_filter ] --START--
INFO: Run Behavior\ContentReplaceBehavior [ RunTime:0.000058s ]
INFO: [ template_filter ] --END-- [ RunTime:0.000079s ]
INFO: Run Behavior\ParseTemplateBehavior [ RunTime:0.004392s ]
INFO: [ view_parse ] --END-- [ RunTime:0.004414s ]
INFO: [ view_filter ] --START--
INFO: Run Behavior\WriteHtmlCacheBehavior [ RunTime:0.000141s ]
INFO: [ view_filter ] --END-- [ RunTime:0.000159s ]
INFO: [ app_end ] --START--
INFO: Run Behavior\ShowPageTraceBehavior [ RunTime:0.000398s ]
INFO: [ app_end ] --END-- [ RunTime:0.000440s ]

[ 2016-08-10T11:52:58+08:00 ] ::1 /qzvs/admin.php/Home/Lable/updh/id/11.html
INFO: [ app_init ] --START--
INFO: Run Behavior\BuildLiteBehavior [ RunTime:0.000005s ]
INFO: [ app_init ] --END-- [ RunTime:0.000198s ]
INFO: [ app_begin ] --START--
INFO: Run Behavior\ReadHtmlCacheBehavior [ RunTime:0.000253s ]
INFO: [ app_begin ] --END-- [ RunTime:0.000276s ]
SQL: SHOW COLUMNS FROM `qzvideo_lable` [ RunTime:0.0025s ]
SQL: SELECT * FROM `qzvideo_lable` WHERE `lableid` = 11 LIMIT 1   [ RunTime:0.0002s ]
SQL: UPDATE `qzvideo_lable` SET `updh`='1' WHERE `lableid` = 11 [ RunTime:0.0015s ]

[ 2016-08-10T11:53:00+08:00 ] ::1 /qzvs/admin.php/Home/Lable/Showlist/cate_id/2.html
INFO: [ app_init ] --START--
INFO: Run Behavior\BuildLiteBehavior [ RunTime:0.000005s ]
INFO: [ app_init ] --END-- [ RunTime:0.000225s ]
INFO: [ app_begin ] --START--
INFO: Run Behavior\ReadHtmlCacheBehavior [ RunTime:0.000256s ]
INFO: [ app_begin ] --END-- [ RunTime:0.000278s ]
SQL: SHOW COLUMNS FROM `qzvideo_category` [ RunTime:0.0028s ]
SQL: SELECT * FROM `qzvideo_category`  [ RunTime:0.0003s ]
SQL: SHOW COLUMNS FROM `qzvideo_lable` [ RunTime:0.0020s ]
NOTIC: [8] Undefined variable: condition D:\xampp\htdocs\qzvs\Admin\Home\Controller\LableController.class.php 第 17 行.
SQL: SELECT COUNT(*) AS tp_count FROM `qzvideo_lable` LIMIT 1   [ RunTime:0.0001s ]
NOTIC: [8] Undefined variable: condition D:\xampp\htdocs\qzvs\Admin\Home\Controller\LableController.class.php 第 18 行.
SQL: SELECT `lableid`,`catname`,`labname`,`uplm`,`updh` FROM `qzvideo_lable` ORDER BY lableid desc LIMIT 0,10   [ RunTime:0.0002s ]
INFO: [ view_parse ] --START--
INFO: [ template_filter ] --START--
INFO: Run Behavior\ContentReplaceBehavior [ RunTime:0.000058s ]
INFO: [ template_filter ] --END-- [ RunTime:0.000079s ]
INFO: Run Behavior\ParseTemplateBehavior [ RunTime:0.004422s ]
INFO: [ view_parse ] --END-- [ RunTime:0.004444s ]
INFO: [ view_filter ] --START--
INFO: Run Behavior\WriteHtmlCacheBehavior [ RunTime:0.000140s ]
INFO: [ view_filter ] --END-- [ RunTime:0.000157s ]
INFO: [ app_end ] --START--
INFO: Run Behavior\ShowPageTraceBehavior [ RunTime:0.000408s ]
INFO: [ app_end ] --END-- [ RunTime:0.000440s ]

[ 2016-08-10T11:53:03+08:00 ] ::1 /qzvs/admin.php/Home/Lable/updh/id/10.html
INFO: [ app_init ] --START--
INFO: Run Behavior\BuildLiteBehavior [ RunTime:0.000005s ]
INFO: [ app_init ] --END-- [ RunTime:0.000198s ]
INFO: [ app_begin ] --START--
INFO: Run Behavior\ReadHtmlCacheBehavior [ RunTime:0.000296s ]
INFO: [ app_begin ] --END-- [ RunTime:0.000319s ]
SQL: SHOW COLUMNS FROM `qzvideo_lable` [ RunTime:0.0025s ]
SQL: SELECT * FROM `qzvideo_lable` WHERE `lableid` = 10 LIMIT 1   [ RunTime:0.0002s ]
SQL: UPDATE `qzvideo_lable` SET `updh`='1' WHERE `lableid` = 10 [ RunTime:0.0012s ]

[ 2016-08-10T11:53:05+08:00 ] ::1 /qzvs/admin.php/Home/Lable/Showlist/cate_id/2.html
INFO: [ app_init ] --START--
INFO: Run Behavior\BuildLiteBehavior [ RunTime:0.000005s ]
INFO: [ app_init ] --END-- [ RunTime:0.000197s ]
INFO: [ app_begin ] --START--
INFO: Run Behavior\ReadHtmlCacheBehavior [ RunTime:0.000256s ]
INFO: [ app_begin ] --END-- [ RunTime:0.000278s ]
SQL: SHOW COLUMNS FROM `qzvideo_category` [ RunTime:0.0026s ]
SQL: SELECT * FROM `qzvideo_category`  [ RunTime:0.0003s ]
SQL: SHOW COLUMNS FROM `qzvideo_lable` [ RunTime:0.0023s ]
NOTIC: [8] Undefined variable: condition D:\xampp\htdocs\qzvs\Admin\Home\Controller\LableController.class.php 第 17 行.
SQL: SELECT COUNT(*) AS tp_count FROM `qzvideo_lable` LIMIT 1   [ RunTime:0.0001s ]
NOTIC: [8] Undefined variable: condition D:\xampp\htdocs\qzvs\Admin\Home\Controller\LableController.class.php 第 18 行.
SQL: SELECT `lableid`,`catname`,`labname`,`uplm`,`updh` FROM `qzvideo_lable` ORDER BY lableid desc LIMIT 0,10   [ RunTime:0.0002s ]
INFO: [ view_parse ] --START--
INFO: [ template_filter ] --START--
INFO: Run Behavior\ContentReplaceBehavior [ RunTime:0.000058s ]
INFO: [ template_filter ] --END-- [ RunTime:0.000079s ]
INFO: Run Behavior\ParseTemplateBehavior [ RunTime:0.004387s ]
INFO: [ view_parse ] --END-- [ RunTime:0.004410s ]
INFO: [ view_filter ] --START--
INFO: Run Behavior\WriteHtmlCacheBehavior [ RunTime:0.000141s ]
INFO: [ view_filter ] --END-- [ RunTime:0.000158s ]
INFO: [ app_end ] --START--
INFO: Run Behavior\ShowPageTraceBehavior [ RunTime:0.000414s ]
INFO: [ app_end ] --END-- [ RunTime:0.000447s ]

[ 2016-08-10T11:53:08+08:00 ] ::1 /qzvs/admin.php/Home/Lable/updh/id/4.html
INFO: [ app_init ] --START--
INFO: Run Behavior\BuildLiteBehavior [ RunTime:0.000016s ]
INFO: [ app_init ] --END-- [ RunTime:0.000227s ]
INFO: [ app_begin ] --START--
INFO: Run Behavior\ReadHtmlCacheBehavior [ RunTime:0.000255s ]
INFO: [ app_begin ] --END-- [ RunTime:0.000278s ]
SQL: SHOW COLUMNS FROM `qzvideo_lable` [ RunTime:0.0024s ]
SQL: SELECT * FROM `qzvideo_lable` WHERE `lableid` = 4 LIMIT 1   [ RunTime:0.0002s ]
SQL: UPDATE `qzvideo_lable` SET `updh`='1' WHERE `lableid` = 4 [ RunTime:0.0012s ]

[ 2016-08-10T11:53:10+08:00 ] ::1 /qzvs/admin.php/Home/Lable/Showlist/cate_id/2.html
INFO: [ app_init ] --START--
INFO: Run Behavior\BuildLiteBehavior [ RunTime:0.000006s ]
INFO: [ app_init ] --END-- [ RunTime:0.000197s ]
INFO: [ app_begin ] --START--
INFO: Run Behavior\ReadHtmlCacheBehavior [ RunTime:0.000254s ]
INFO: [ app_begin ] --END-- [ RunTime:0.000277s ]
SQL: SHOW COLUMNS FROM `qzvideo_category` [ RunTime:0.0028s ]
SQL: SELECT * FROM `qzvideo_category`  [ RunTime:0.0003s ]
SQL: SHOW COLUMNS FROM `qzvideo_lable` [ RunTime:0.0022s ]
NOTIC: [8] Undefined variable: condition D:\xampp\htdocs\qzvs\Admin\Home\Controller\LableController.class.php 第 17 行.
SQL: SELECT COUNT(*) AS tp_count FROM `qzvideo_lable` LIMIT 1   [ RunTime:0.0001s ]
NOTIC: [8] Undefined variable: condition D:\xampp\htdocs\qzvs\Admin\Home\Controller\LableController.class.php 第 18 行.
SQL: SELECT `lableid`,`catname`,`labname`,`uplm`,`updh` FROM `qzvideo_lable` ORDER BY lableid desc LIMIT 0,10   [ RunTime:0.0002s ]
INFO: [ view_parse ] --START--
INFO: [ template_filter ] --START--
INFO: Run Behavior\ContentReplaceBehavior [ RunTime:0.000059s ]
INFO: [ template_filter ] --END-- [ RunTime:0.000080s ]
INFO: Run Behavior\ParseTemplateBehavior [ RunTime:0.004530s ]
INFO: [ view_parse ] --END-- [ RunTime:0.004554s ]
INFO: [ view_filter ] --START--
INFO: Run Behavior\WriteHtmlCacheBehavior [ RunTime:0.000142s ]
INFO: [ view_filter ] --END-- [ RunTime:0.000159s ]
INFO: [ app_end ] --START--
INFO: Run Behavior\ShowPageTraceBehavior [ RunTime:0.000413s ]
INFO: [ app_end ] --END-- [ RunTime:0.000445s ]

[ 2016-08-10T11:53:32+08:00 ] ::1 /qzvs/admin.php/Home/Lable/updh/id/9.html
INFO: [ app_init ] --START--
INFO: Run Behavior\BuildLiteBehavior [ RunTime:0.000005s ]
INFO: [ app_init ] --END-- [ RunTime:0.000197s ]
INFO: [ app_begin ] --START--
INFO: Run Behavior\ReadHtmlCacheBehavior [ RunTime:0.000254s ]
INFO: [ app_begin ] --END-- [ RunTime:0.000277s ]
SQL: SHOW COLUMNS FROM `qzvideo_lable` [ RunTime:0.0024s ]
SQL: SELECT * FROM `qzvideo_lable` WHERE `lableid` = 9 LIMIT 1   [ RunTime:0.0002s ]
SQL: UPDATE `qzvideo_lable` SET `updh`='1' WHERE `lableid` = 9 [ RunTime:0.0040s ]

[ 2016-08-10T11:53:34+08:00 ] ::1 /qzvs/admin.php/Home/Lable/Showlist/cate_id/2.html
INFO: [ app_init ] --START--
INFO: Run Behavior\BuildLiteBehavior [ RunTime:0.000006s ]
INFO: [ app_init ] --END-- [ RunTime:0.000325s ]
INFO: [ app_begin ] --START--
INFO: Run Behavior\ReadHtmlCacheBehavior [ RunTime:0.000271s ]
INFO: [ app_begin ] --END-- [ RunTime:0.000294s ]
SQL: SHOW COLUMNS FROM `qzvideo_category` [ RunTime:0.0027s ]
SQL: SELECT * FROM `qzvideo_category`  [ RunTime:0.0003s ]
SQL: SHOW COLUMNS FROM `qzvideo_lable` [ RunTime:0.0023s ]
NOTIC: [8] Undefined variable: condition D:\xampp\htdocs\qzvs\Admin\Home\Controller\LableController.class.php 第 17 行.
SQL: SELECT COUNT(*) AS tp_count FROM `qzvideo_lable` LIMIT 1   [ RunTime:0.0001s ]
NOTIC: [8] Undefined variable: condition D:\xampp\htdocs\qzvs\Admin\Home\Controller\LableController.class.php 第 18 行.
SQL: SELECT `lableid`,`catname`,`labname`,`uplm`,`updh` FROM `qzvideo_lable` ORDER BY lableid desc LIMIT 0,10   [ RunTime:0.0002s ]
INFO: [ view_parse ] --START--
INFO: [ template_filter ] --START--
INFO: Run Behavior\ContentReplaceBehavior [ RunTime:0.000058s ]
INFO: [ template_filter ] --END-- [ RunTime:0.000080s ]
INFO: Run Behavior\ParseTemplateBehavior [ RunTime:0.004429s ]
INFO: [ view_parse ] --END-- [ RunTime:0.004452s ]
INFO: [ view_filter ] --START--
INFO: Run Behavior\WriteHtmlCacheBehavior [ RunTime:0.000141s ]
INFO: [ view_filter ] --END-- [ RunTime:0.000158s ]
INFO: [ app_end ] --START--
INFO: Run Behavior\ShowPageTraceBehavior [ RunTime:0.000398s ]
INFO: [ app_end ] --END-- [ RunTime:0.000440s ]

[ 2016-08-10T11:53:57+08:00 ] ::1 /qzvs/admin.php/Home/Lable/Showlist/cate_id/2/p/2.html
INFO: [ app_init ] --START--
INFO: Run Behavior\BuildLiteBehavior [ RunTime:0.000006s ]
INFO: [ app_init ] --END-- [ RunTime:0.000255s ]
INFO: [ app_begin ] --START--
INFO: Run Behavior\ReadHtmlCacheBehavior [ RunTime:0.000372s ]
INFO: [ app_begin ] --END-- [ RunTime:0.000396s ]
SQL: SHOW COLUMNS FROM `qzvideo_category` [ RunTime:0.0027s ]
SQL: SELECT * FROM `qzvideo_category`  [ RunTime:0.0003s ]
SQL: SHOW COLUMNS FROM `qzvideo_lable` [ RunTime:0.0023s ]
NOTIC: [8] Undefined variable: condition D:\xampp\htdocs\qzvs\Admin\Home\Controller\LableController.class.php 第 17 行.
SQL: SELECT COUNT(*) AS tp_count FROM `qzvideo_lable` LIMIT 1   [ RunTime:0.0002s ]
NOTIC: [8] Undefined variable: condition D:\xampp\htdocs\qzvs\Admin\Home\Controller\LableController.class.php 第 18 行.
SQL: SELECT `lableid`,`catname`,`labname`,`uplm`,`updh` FROM `qzvideo_lable` ORDER BY lableid desc LIMIT 10,10   [ RunTime:0.0002s ]
INFO: [ view_parse ] --START--
INFO: [ template_filter ] --START--
INFO: Run Behavior\ContentReplaceBehavior [ RunTime:0.000058s ]
INFO: [ template_filter ] --END-- [ RunTime:0.000081s ]
INFO: Run Behavior\ParseTemplateBehavior [ RunTime:0.004303s ]
INFO: [ view_parse ] --END-- [ RunTime:0.004326s ]
INFO: [ view_filter ] --START--
INFO: Run Behavior\WriteHtmlCacheBehavior [ RunTime:0.000233s ]
INFO: [ view_filter ] --END-- [ RunTime:0.000251s ]
INFO: [ app_end ] --START--
INFO: Run Behavior\ShowPageTraceBehavior [ RunTime:0.000508s ]
INFO: [ app_end ] --END-- [ RunTime:0.000561s ]

[ 2016-08-10T11:54:03+08:00 ] ::1 /qzvs/admin.php/Home/Lable/updh/id/1.html
INFO: [ app_init ] --START--
INFO: Run Behavior\BuildLiteBehavior [ RunTime:0.000005s ]
INFO: [ app_init ] --END-- [ RunTime:0.000202s ]
INFO: [ app_begin ] --START--
INFO: Run Behavior\ReadHtmlCacheBehavior [ RunTime:0.000255s ]
INFO: [ app_begin ] --END-- [ RunTime:0.000278s ]
SQL: SHOW COLUMNS FROM `qzvideo_lable` [ RunTime:0.0024s ]
SQL: SELECT * FROM `qzvideo_lable` WHERE `lableid` = 1 LIMIT 1   [ RunTime:0.0002s ]
SQL: UPDATE `qzvideo_lable` SET `updh`='1' WHERE `lableid` = 1 [ RunTime:0.0011s ]

[ 2016-08-10T11:54:05+08:00 ] ::1 /qzvs/admin.php/Home/Lable/Showlist/cate_id/2.html
INFO: [ app_init ] --START--
INFO: Run Behavior\BuildLiteBehavior [ RunTime:0.000005s ]
INFO: [ app_init ] --END-- [ RunTime:0.000198s ]
INFO: [ app_begin ] --START--
INFO: Run Behavior\ReadHtmlCacheBehavior [ RunTime:0.000255s ]
INFO: [ app_begin ] --END-- [ RunTime:0.000278s ]
SQL: SHOW COLUMNS FROM `qzvideo_category` [ RunTime:0.0029s ]
SQL: SELECT * FROM `qzvideo_category`  [ RunTime:0.0003s ]
SQL: SHOW COLUMNS FROM `qzvideo_lable` [ RunTime:0.0021s ]
NOTIC: [8] Undefined variable: condition D:\xampp\htdocs\qzvs\Admin\Home\Controller\LableController.class.php 第 17 行.
SQL: SELECT COUNT(*) AS tp_count FROM `qzvideo_lable` LIMIT 1   [ RunTime:0.0002s ]
NOTIC: [8] Undefined variable: condition D:\xampp\htdocs\qzvs\Admin\Home\Controller\LableController.class.php 第 18 行.
SQL: SELECT `lableid`,`catname`,`labname`,`uplm`,`updh` FROM `qzvideo_lable` ORDER BY lableid desc LIMIT 0,10   [ RunTime:0.0002s ]
INFO: [ view_parse ] --START--
INFO: [ template_filter ] --START--
INFO: Run Behavior\ContentReplaceBehavior [ RunTime:0.000060s ]
INFO: [ template_filter ] --END-- [ RunTime:0.000083s ]
INFO: Run Behavior\ParseTemplateBehavior [ RunTime:0.004789s ]
INFO: [ view_parse ] --END-- [ RunTime:0.004814s ]
INFO: [ view_filter ] --START--
INFO: Run Behavior\WriteHtmlCacheBehavior [ RunTime:0.000173s ]
INFO: [ view_filter ] --END-- [ RunTime:0.000191s ]
INFO: [ app_end ] --START--
INFO: Run Behavior\ShowPageTraceBehavior [ RunTime:0.000387s ]
INFO: [ app_end ] --END-- [ RunTime:0.000429s ]

[ 2016-08-10T11:54:34+08:00 ] ::1 /qzvs/admin.php/Home/Lable/updh/id/7.html
INFO: [ app_init ] --START--
INFO: Run Behavior\BuildLiteBehavior [ RunTime:0.000006s ]
INFO: [ app_init ] --END-- [ RunTime:0.000214s ]
INFO: [ app_begin ] --START--
INFO: Run Behavior\ReadHtmlCacheBehavior [ RunTime:0.000253s ]
INFO: [ app_begin ] --END-- [ RunTime:0.000276s ]
SQL: SHOW COLUMNS FROM `qzvideo_lable` [ RunTime:0.0025s ]
SQL: SELECT * FROM `qzvideo_lable` WHERE `lableid` = 7 LIMIT 1   [ RunTime:0.0004s ]
SQL: UPDATE `qzvideo_lable` SET `updh`='1' WHERE `lableid` = 7 [ RunTime:0.0012s ]

[ 2016-08-10T11:54:36+08:00 ] ::1 /qzvs/admin.php/Home/Lable/Showlist/cate_id/2.html
INFO: [ app_init ] --START--
INFO: Run Behavior\BuildLiteBehavior [ RunTime:0.000005s ]
INFO: [ app_init ] --END-- [ RunTime:0.000195s ]
INFO: [ app_begin ] --START--
INFO: Run Behavior\ReadHtmlCacheBehavior [ RunTime:0.000251s ]
INFO: [ app_begin ] --END-- [ RunTime:0.000274s ]
SQL: SHOW COLUMNS FROM `qzvideo_category` [ RunTime:0.0027s ]
SQL: SELECT * FROM `qzvideo_category`  [ RunTime:0.0003s ]
SQL: SHOW COLUMNS FROM `qzvideo_lable` [ RunTime:0.0023s ]
NOTIC: [8] Undefined variable: condition D:\xampp\htdocs\qzvs\Admin\Home\Controller\LableController.class.php 第 17 行.
SQL: SELECT COUNT(*) AS tp_count FROM `qzvideo_lable` LIMIT 1   [ RunTime:0.0001s ]
NOTIC: [8] Undefined variable: condition D:\xampp\htdocs\qzvs\Admin\Home\Controller\LableController.class.php 第 18 行.
SQL: SELECT `lableid`,`catname`,`labname`,`uplm`,`updh` FROM `qzvideo_lable` ORDER BY lableid desc LIMIT 0,10   [ RunTime:0.0002s ]
INFO: [ view_parse ] --START--
INFO: [ template_filter ] --START--
INFO: Run Behavior\ContentReplaceBehavior [ RunTime:0.000058s ]
INFO: [ template_filter ] --END-- [ RunTime:0.000079s ]
INFO: Run Behavior\ParseTemplateBehavior [ RunTime:0.004382s ]
INFO: [ view_parse ] --END-- [ RunTime:0.004405s ]
INFO: [ view_filter ] --START--
INFO: Run Behavior\WriteHtmlCacheBehavior [ RunTime:0.000138s ]
INFO: [ view_filter ] --END-- [ RunTime:0.000156s ]
INFO: [ app_end ] --START--
INFO: Run Behavior\ShowPageTraceBehavior [ RunTime:0.000406s ]
INFO: [ app_end ] --END-- [ RunTime:0.000430s ]

[ 2016-08-10T11:54:38+08:00 ] ::1 /qzvs/admin.php/Home/Lable/updh/id/6.html
INFO: [ app_init ] --START--
INFO: Run Behavior\BuildLiteBehavior [ RunTime:0.000005s ]
INFO: [ app_init ] --END-- [ RunTime:0.000195s ]
INFO: [ app_begin ] --START--
INFO: Run Behavior\ReadHtmlCacheBehavior [ RunTime:0.000249s ]
INFO: [ app_begin ] --END-- [ RunTime:0.000272s ]
SQL: SHOW COLUMNS FROM `qzvideo_lable` [ RunTime:0.0025s ]
SQL: SELECT * FROM `qzvideo_lable` WHERE `lableid` = 6 LIMIT 1   [ RunTime:0.0004s ]
SQL: UPDATE `qzvideo_lable` SET `updh`='1' WHERE `lableid` = 6 [ RunTime:0.0013s ]

[ 2016-08-10T11:54:40+08:00 ] ::1 /qzvs/admin.php/Home/Lable/Showlist/cate_id/2.html
INFO: [ app_init ] --START--
INFO: Run Behavior\BuildLiteBehavior [ RunTime:0.000005s ]
INFO: [ app_init ] --END-- [ RunTime:0.000196s ]
INFO: [ app_begin ] --START--
INFO: Run Behavior\ReadHtmlCacheBehavior [ RunTime:0.000251s ]
INFO: [ app_begin ] --END-- [ RunTime:0.000274s ]
SQL: SHOW COLUMNS FROM `qzvideo_category` [ RunTime:0.0027s ]
SQL: SELECT * FROM `qzvideo_category`  [ RunTime:0.0003s ]
SQL: SHOW COLUMNS FROM `qzvideo_lable` [ RunTime:0.0023s ]
NOTIC: [8] Undefined variable: condition D:\xampp\htdocs\qzvs\Admin\Home\Controller\LableController.class.php 第 17 行.
SQL: SELECT COUNT(*) AS tp_count FROM `qzvideo_lable` LIMIT 1   [ RunTime:0.0001s ]
NOTIC: [8] Undefined variable: condition D:\xampp\htdocs\qzvs\Admin\Home\Controller\LableController.class.php 第 18 行.
SQL: SELECT `lableid`,`catname`,`labname`,`uplm`,`updh` FROM `qzvideo_lable` ORDER BY lableid desc LIMIT 0,10   [ RunTime:0.0002s ]
INFO: [ view_parse ] --START--
INFO: [ template_filter ] --START--
INFO: Run Behavior\ContentReplaceBehavior [ RunTime:0.000058s ]
INFO: [ template_filter ] --END-- [ RunTime:0.000080s ]
INFO: Run Behavior\ParseTemplateBehavior [ RunTime:0.004319s ]
INFO: [ view_parse ] --END-- [ RunTime:0.004342s ]
INFO: [ view_filter ] --START--
INFO: Run Behavior\WriteHtmlCacheBehavior [ RunTime:0.000136s ]
INFO: [ view_filter ] --END-- [ RunTime:0.000154s ]
INFO: [ app_end ] --START--
INFO: Run Behavior\ShowPageTraceBehavior [ RunTime:0.000418s ]
INFO: [ app_end ] --END-- [ RunTime:0.000461s ]

[ 2016-08-10T11:54:43+08:00 ] ::1 /qzvs/admin.php/Home/Lable/Showlist/cate_id/2/p/2.html
INFO: [ app_init ] --START--
INFO: Run Behavior\BuildLiteBehavior [ RunTime:0.000005s ]
INFO: [ app_init ] --END-- [ RunTime:0.000197s ]
INFO: [ app_begin ] --START--
INFO: Run Behavior\ReadHtmlCacheBehavior [ RunTime:0.000266s ]
INFO: [ app_begin ] --END-- [ RunTime:0.000299s ]
SQL: SHOW COLUMNS FROM `qzvideo_category` [ RunTime:0.0027s ]
SQL: SELECT * FROM `qzvideo_category`  [ RunTime:0.0005s ]
SQL: SHOW COLUMNS FROM `qzvideo_lable` [ RunTime:0.0022s ]
NOTIC: [8] Undefined variable: condition D:\xampp\htdocs\qzvs\Admin\Home\Controller\LableController.class.php 第 17 行.
SQL: SELECT COUNT(*) AS tp_count FROM `qzvideo_lable` LIMIT 1   [ RunTime:0.0001s ]
NOTIC: [8] Undefined variable: condition D:\xampp\htdocs\qzvs\Admin\Home\Controller\LableController.class.php 第 18 行.
SQL: SELECT `lableid`,`catname`,`labname`,`uplm`,`updh` FROM `qzvideo_lable` ORDER BY lableid desc LIMIT 10,10   [ RunTime:0.0002s ]
INFO: [ view_parse ] --START--
INFO: [ template_filter ] --START--
INFO: Run Behavior\ContentReplaceBehavior [ RunTime:0.000059s ]
INFO: [ template_filter ] --END-- [ RunTime:0.000081s ]
INFO: Run Behavior\ParseTemplateBehavior [ RunTime:0.003950s ]
INFO: [ view_parse ] --END-- [ RunTime:0.003973s ]
INFO: [ view_filter ] --START--
INFO: Run Behavior\WriteHtmlCacheBehavior [ RunTime:0.000138s ]
INFO: [ view_filter ] --END-- [ RunTime:0.000155s ]
INFO: [ app_end ] --START--
INFO: Run Behavior\ShowPageTraceBehavior [ RunTime:0.000397s ]
INFO: [ app_end ] --END-- [ RunTime:0.000439s ]

[ 2016-08-10T11:54:46+08:00 ] ::1 /qzvs/admin.php/Home/Lable/updh/id/3.html
INFO: [ app_init ] --START--
INFO: Run Behavior\BuildLiteBehavior [ RunTime:0.000006s ]
INFO: [ app_init ] --END-- [ RunTime:0.000228s ]
INFO: [ app_begin ] --START--
INFO: Run Behavior\ReadHtmlCacheBehavior [ RunTime:0.000252s ]
INFO: [ app_begin ] --END-- [ RunTime:0.000275s ]
SQL: SHOW COLUMNS FROM `qzvideo_lable` [ RunTime:0.0023s ]
SQL: SELECT * FROM `qzvideo_lable` WHERE `lableid` = 3 LIMIT 1   [ RunTime:0.0002s ]
SQL: UPDATE `qzvideo_lable` SET `updh`='1' WHERE `lableid` = 3 [ RunTime:0.0010s ]

[ 2016-08-10T11:54:48+08:00 ] ::1 /qzvs/admin.php/Home/Lable/Showlist/cate_id/2.html
INFO: [ app_init ] --START--
INFO: Run Behavior\BuildLiteBehavior [ RunTime:0.000006s ]
INFO: [ app_init ] --END-- [ RunTime:0.000194s ]
INFO: [ app_begin ] --START--
INFO: Run Behavior\ReadHtmlCacheBehavior [ RunTime:0.000250s ]
INFO: [ app_begin ] --END-- [ RunTime:0.000273s ]
SQL: SHOW COLUMNS FROM `qzvideo_category` [ RunTime:0.0026s ]
SQL: SELECT * FROM `qzvideo_category`  [ RunTime:0.0003s ]
SQL: SHOW COLUMNS FROM `qzvideo_lable` [ RunTime:0.0024s ]
NOTIC: [8] Undefined variable: condition D:\xampp\htdocs\qzvs\Admin\Home\Controller\LableController.class.php 第 17 行.
SQL: SELECT COUNT(*) AS tp_count FROM `qzvideo_lable` LIMIT 1   [ RunTime:0.0002s ]
NOTIC: [8] Undefined variable: condition D:\xampp\htdocs\qzvs\Admin\Home\Controller\LableController.class.php 第 18 行.
SQL: SELECT `lableid`,`catname`,`labname`,`uplm`,`updh` FROM `qzvideo_lable` ORDER BY lableid desc LIMIT 0,10   [ RunTime:0.0002s ]
INFO: [ view_parse ] --START--
INFO: [ template_filter ] --START--
INFO: Run Behavior\ContentReplaceBehavior [ RunTime:0.000058s ]
INFO: [ template_filter ] --END-- [ RunTime:0.000080s ]
INFO: Run Behavior\ParseTemplateBehavior [ RunTime:0.004317s ]
INFO: [ view_parse ] --END-- [ RunTime:0.004340s ]
INFO: [ view_filter ] --START--
INFO: Run Behavior\WriteHtmlCacheBehavior [ RunTime:0.000139s ]
INFO: [ view_filter ] --END-- [ RunTime:0.000156s ]
INFO: [ app_end ] --START--
INFO: Run Behavior\ShowPageTraceBehavior [ RunTime:0.000396s ]
INFO: [ app_end ] --END-- [ RunTime:0.000439s ]

[ 2016-08-10T11:54:53+08:00 ] ::1 /qzvs/admin.php/Home/Lable/Showlist/cate_id/2/p/2.html
INFO: [ app_init ] --START--
INFO: Run Behavior\BuildLiteBehavior [ RunTime:0.000006s ]
INFO: [ app_init ] --END-- [ RunTime:0.000196s ]
INFO: [ app_begin ] --START--
INFO: Run Behavior\ReadHtmlCacheBehavior [ RunTime:0.000278s ]
INFO: [ app_begin ] --END-- [ RunTime:0.000300s ]
SQL: SHOW COLUMNS FROM `qzvideo_category` [ RunTime:0.0027s ]
SQL: SELECT * FROM `qzvideo_category`  [ RunTime:0.0003s ]
SQL: SHOW COLUMNS FROM `qzvideo_lable` [ RunTime:0.0023s ]
NOTIC: [8] Undefined variable: condition D:\xampp\htdocs\qzvs\Admin\Home\Controller\LableController.class.php 第 17 行.
SQL: SELECT COUNT(*) AS tp_count FROM `qzvideo_lable` LIMIT 1   [ RunTime:0.0002s ]
NOTIC: [8] Undefined variable: condition D:\xampp\htdocs\qzvs\Admin\Home\Controller\LableController.class.php 第 18 行.
SQL: SELECT `lableid`,`catname`,`labname`,`uplm`,`updh` FROM `qzvideo_lable` ORDER BY lableid desc LIMIT 10,10   [ RunTime:0.0002s ]
INFO: [ view_parse ] --START--
INFO: [ template_filter ] --START--
INFO: Run Behavior\ContentReplaceBehavior [ RunTime:0.000059s ]
INFO: [ template_filter ] --END-- [ RunTime:0.000081s ]
INFO: Run Behavior\ParseTemplateBehavior [ RunTime:0.004087s ]
INFO: [ view_parse ] --END-- [ RunTime:0.004124s ]
INFO: [ view_filter ] --START--
INFO: Run Behavior\WriteHtmlCacheBehavior [ RunTime:0.000139s ]
INFO: [ view_filter ] --END-- [ RunTime:0.000157s ]
INFO: [ app_end ] --START--
INFO: Run Behavior\ShowPageTraceBehavior [ RunTime:0.000398s ]
INFO: [ app_end ] --END-- [ RunTime:0.000439s ]

[ 2016-08-10T11:54:55+08:00 ] ::1 /qzvs/admin.php/Home/Lable/updh/id/2.html
INFO: [ app_init ] --START--
INFO: Run Behavior\BuildLiteBehavior [ RunTime:0.000006s ]
INFO: [ app_init ] --END-- [ RunTime:0.000204s ]
INFO: [ app_begin ] --START--
INFO: Run Behavior\ReadHtmlCacheBehavior [ RunTime:0.000257s ]
INFO: [ app_begin ] --END-- [ RunTime:0.000281s ]
SQL: SHOW COLUMNS FROM `qzvideo_lable` [ RunTime:0.0025s ]
SQL: SELECT * FROM `qzvideo_lable` WHERE `lableid` = 2 LIMIT 1   [ RunTime:0.0002s ]
SQL: UPDATE `qzvideo_lable` SET `updh`='1' WHERE `lableid` = 2 [ RunTime:0.0012s ]

[ 2016-08-10T11:54:58+08:00 ] ::1 /qzvs/admin.php/Home/Lable/Showlist/cate_id/2.html
INFO: [ app_init ] --START--
INFO: Run Behavior\BuildLiteBehavior [ RunTime:0.000005s ]
INFO: [ app_init ] --END-- [ RunTime:0.000220s ]
INFO: [ app_begin ] --START--
INFO: Run Behavior\ReadHtmlCacheBehavior [ RunTime:0.000323s ]
INFO: [ app_begin ] --END-- [ RunTime:0.000346s ]
SQL: SHOW COLUMNS FROM `qzvideo_category` [ RunTime:0.0027s ]
SQL: SELECT * FROM `qzvideo_category`  [ RunTime:0.0003s ]
SQL: SHOW COLUMNS FROM `qzvideo_lable` [ RunTime:0.0022s ]
NOTIC: [8] Undefined variable: condition D:\xampp\htdocs\qzvs\Admin\Home\Controller\LableController.class.php 第 17 行.
SQL: SELECT COUNT(*) AS tp_count FROM `qzvideo_lable` LIMIT 1   [ RunTime:0.0001s ]
NOTIC: [8] Undefined variable: condition D:\xampp\htdocs\qzvs\Admin\Home\Controller\LableController.class.php 第 18 行.
SQL: SELECT `lableid`,`catname`,`labname`,`uplm`,`updh` FROM `qzvideo_lable` ORDER BY lableid desc LIMIT 0,10   [ RunTime:0.0002s ]
INFO: [ view_parse ] --START--
INFO: [ template_filter ] --START--
INFO: Run Behavior\ContentReplaceBehavior [ RunTime:0.000058s ]
INFO: [ template_filter ] --END-- [ RunTime:0.000079s ]
INFO: Run Behavior\ParseTemplateBehavior [ RunTime:0.004339s ]
INFO: [ view_parse ] --END-- [ RunTime:0.004362s ]
INFO: [ view_filter ] --START--
INFO: Run Behavior\WriteHtmlCacheBehavior [ RunTime:0.000138s ]
INFO: [ view_filter ] --END-- [ RunTime:0.000157s ]
INFO: [ app_end ] --START--
INFO: Run Behavior\ShowPageTraceBehavior [ RunTime:0.000393s ]
INFO: [ app_end ] --END-- [ RunTime:0.000435s ]

