[ 2016-08-18T15:30:53+08:00 ] ::1 /qzvs/admin.php
INFO: [ app_init ] --START--
INFO: Run Behavior\BuildLiteBehavior [ RunTime:0.000014s ]
INFO: [ app_init ] --END-- [ RunTime:0.000626s ]
INFO: [ app_begin ] --START--
INFO: Run Behavior\ReadHtmlCacheBehavior [ RunTime:0.000590s ]
INFO: [ app_begin ] --END-- [ RunTime:0.000616s ]

[ 2016-08-18T15:30:53+08:00 ] ::1 /qzvs/admin.php/Home/Index/login/0/cate_id%3D%3E2.html
INFO: [ app_init ] --START--
INFO: Run Behavior\BuildLiteBehavior [ RunTime:0.000005s ]
INFO: [ app_init ] --END-- [ RunTime:0.000211s ]
INFO: [ app_begin ] --START--
INFO: Run Behavior\ReadHtmlCacheBehavior [ RunTime:0.000302s ]
INFO: [ app_begin ] --END-- [ RunTime:0.000326s ]
INFO: [ view_parse ] --START--
INFO: [ template_filter ] --START--
INFO: Run Behavior\ContentReplaceBehavior [ RunTime:0.000430s ]
INFO: [ template_filter ] --END-- [ RunTime:0.000460s ]
INFO: Run Behavior\ParseTemplateBehavior [ RunTime:0.005946s ]
INFO: [ view_parse ] --END-- [ RunTime:0.005998s ]
INFO: [ view_filter ] --START--
INFO: Run Behavior\WriteHtmlCacheBehavior [ RunTime:0.000586s ]
INFO: [ view_filter ] --END-- [ RunTime:0.000606s ]
INFO: [ app_end ] --START--
INFO: Run Behavior\ShowPageTraceBehavior [ RunTime:0.000620s ]
INFO: [ app_end ] --END-- [ RunTime:0.000651s ]

[ 2016-08-18T15:30:54+08:00 ] ::1 /qzvs/admin.php/Home/Index/login/0/favicon.ico
INFO: [ app_init ] --START--
INFO: Run Behavior\BuildLiteBehavior [ RunTime:0.000008s ]
INFO: [ app_init ] --END-- [ RunTime:0.000236s ]

[ 2016-08-18T15:31:02+08:00 ] ::1 /qzvs/admin.php/Home/Index/login.html
INFO: [ app_init ] --START--
INFO: Run Behavior\BuildLiteBehavior [ RunTime:0.000005s ]
INFO: [ app_init ] --END-- [ RunTime:0.000233s ]
INFO: [ app_begin ] --START--
INFO: Run Behavior\ReadHtmlCacheBehavior [ RunTime:0.000303s ]
INFO: [ app_begin ] --END-- [ RunTime:0.000328s ]
SQL: SHOW COLUMNS FROM `qzvideo_admin` [ RunTime:0.0039s ]
SQL: SELECT * FROM `qzvideo_admin` WHERE `username` = '采薇' AND `password` = 'e10adc3949ba59abbe56e057f20f883e' LIMIT 1   [ RunTime:0.0004s ]
SQL: UPDATE `qzvideo_admin` SET `lastloginip`='0.0.0.0',`lastlogintime`='16' WHERE `username` = '采薇' AND `password` = 'e10adc3949ba59abbe56e057f20f883e' AND `userid` = 66 [ RunTime:0.0015s ]
INFO: [ view_parse ] --START--
INFO: [ template_filter ] --START--
INFO: Run Behavior\ContentReplaceBehavior [ RunTime:0.000026s ]
INFO: [ template_filter ] --END-- [ RunTime:0.000057s ]
INFO: Run Behavior\ParseTemplateBehavior [ RunTime:0.003660s ]
INFO: [ view_parse ] --END-- [ RunTime:0.003688s ]
INFO: [ view_filter ] --START--
INFO: Run Behavior\WriteHtmlCacheBehavior [ RunTime:0.000197s ]
INFO: [ view_filter ] --END-- [ RunTime:0.000217s ]
INFO: [ app_end ] --START--
INFO: Run Behavior\ShowPageTraceBehavior [ RunTime:0.000398s ]
INFO: [ app_end ] --END-- [ RunTime:0.000418s ]

[ 2016-08-18T15:31:04+08:00 ] ::1 /qzvs/admin.php/Home/Index/index
INFO: [ app_init ] --START--
INFO: Run Behavior\BuildLiteBehavior [ RunTime:0.000006s ]
INFO: [ app_init ] --END-- [ RunTime:0.000225s ]
INFO: [ app_begin ] --START--
INFO: Run Behavior\ReadHtmlCacheBehavior [ RunTime:0.000282s ]
INFO: [ app_begin ] --END-- [ RunTime:0.000306s ]
SQL: SHOW COLUMNS FROM `qzvideo_admin_role` [ RunTime:0.0040s ]
SQL: SELECT * FROM `qzvideo_admin_role`  [ RunTime:0.0002s ]
SQL: SHOW COLUMNS FROM `qzvideo_admin` [ RunTime:0.0024s ]
SQL: SELECT * FROM `qzvideo_admin` WHERE `username` = '采薇' LIMIT 1   [ RunTime:0.0002s ]
SQL: SHOW COLUMNS FROM `qzvideo_category` [ RunTime:0.0040s ]
SQL: SELECT * FROM `qzvideo_category`  [ RunTime:0.0004s ]
SQL: SELECT * FROM `qzvideo_category`  [ RunTime:0.0003s ]
NOTIC: [8] Use of undefined constant 超级管理员 - assumed '超级管理员' D:\xampp\htdocs\qzvs\Admin\Home\Controller\IndexController.class.php 第 33 行.
NOTIC: [8] Use of undefined constant index - assumed 'index' D:\xampp\htdocs\qzvs\Admin\Home\Controller\IndexController.class.php 第 34 行.
INFO: [ view_parse ] --START--
INFO: [ template_filter ] --START--
INFO: Run Behavior\ContentReplaceBehavior [ RunTime:0.000109s ]
INFO: [ template_filter ] --END-- [ RunTime:0.000131s ]
INFO: Run Behavior\ParseTemplateBehavior [ RunTime:0.006355s ]
INFO: [ view_parse ] --END-- [ RunTime:0.006380s ]
INFO: [ view_filter ] --START--
INFO: Run Behavior\WriteHtmlCacheBehavior [ RunTime:0.000186s ]
INFO: [ view_filter ] --END-- [ RunTime:0.000204s ]
INFO: [ app_end ] --START--
INFO: Run Behavior\ShowPageTraceBehavior [ RunTime:0.000339s ]
INFO: [ app_end ] --END-- [ RunTime:0.000362s ]

[ 2016-08-18T15:31:04+08:00 ] ::1 /qzvs/admin.php/Home/Index/index_v1.html?v=4.0
INFO: [ app_init ] --START--
INFO: Run Behavior\BuildLiteBehavior [ RunTime:0.000008s ]
INFO: [ app_init ] --END-- [ RunTime:0.000244s ]
INFO: [ app_begin ] --START--
INFO: Run Behavior\ReadHtmlCacheBehavior [ RunTime:0.000343s ]
INFO: [ app_begin ] --END-- [ RunTime:0.000372s ]
INFO: [ view_parse ] --START--
INFO: [ template_filter ] --START--
INFO: Run Behavior\ContentReplaceBehavior [ RunTime:0.000058s ]
INFO: [ template_filter ] --END-- [ RunTime:0.000104s ]
INFO: Run Behavior\ParseTemplateBehavior [ RunTime:0.004107s ]
INFO: [ view_parse ] --END-- [ RunTime:0.004142s ]
INFO: [ view_filter ] --START--
INFO: Run Behavior\WriteHtmlCacheBehavior [ RunTime:0.000172s ]
INFO: [ view_filter ] --END-- [ RunTime:0.000191s ]
INFO: [ app_end ] --START--
INFO: Run Behavior\ShowPageTraceBehavior [ RunTime:0.000310s ]
INFO: [ app_end ] --END-- [ RunTime:0.000331s ]

[ 2016-08-18T15:31:04+08:00 ] ::1 /qzvs/admin.php/Home/Index/favicon.ico
INFO: [ app_init ] --START--
INFO: Run Behavior\BuildLiteBehavior [ RunTime:0.000007s ]
INFO: [ app_init ] --END-- [ RunTime:0.000228s ]

[ 2016-08-18T20:26:43+08:00 ] 127.0.0.1 /qzvs/admin.php/Home/Index/index
INFO: [ app_init ] --START--
INFO: Run Behavior\BuildLiteBehavior [ RunTime:0.000006s ]
INFO: [ app_init ] --END-- [ RunTime:0.000284s ]
INFO: [ app_begin ] --START--
INFO: Run Behavior\ReadHtmlCacheBehavior [ RunTime:0.000403s ]
INFO: [ app_begin ] --END-- [ RunTime:0.000427s ]

[ 2016-08-18T20:26:43+08:00 ] 127.0.0.1 /qzvs/admin.php/Home/Index/login/0/cate_id%3D%3E2.html
INFO: [ app_init ] --START--
INFO: Run Behavior\BuildLiteBehavior [ RunTime:0.000006s ]
INFO: [ app_init ] --END-- [ RunTime:0.000215s ]
INFO: [ app_begin ] --START--
INFO: Run Behavior\ReadHtmlCacheBehavior [ RunTime:0.000324s ]
INFO: [ app_begin ] --END-- [ RunTime:0.000360s ]
INFO: [ view_parse ] --START--
INFO: [ template_filter ] --START--
INFO: Run Behavior\ContentReplaceBehavior [ RunTime:0.000028s ]
INFO: [ template_filter ] --END-- [ RunTime:0.000053s ]
INFO: Run Behavior\ParseTemplateBehavior [ RunTime:0.003215s ]
INFO: [ view_parse ] --END-- [ RunTime:0.003242s ]
INFO: [ view_filter ] --START--
INFO: Run Behavior\WriteHtmlCacheBehavior [ RunTime:0.000231s ]
INFO: [ view_filter ] --END-- [ RunTime:0.000250s ]
INFO: [ app_end ] --START--
INFO: Run Behavior\ShowPageTraceBehavior [ RunTime:0.000365s ]
INFO: [ app_end ] --END-- [ RunTime:0.000385s ]

[ 2016-08-18T20:26:43+08:00 ] 127.0.0.1 /qzvs/admin.php/Home/Index/login/0/favicon.ico
INFO: [ app_init ] --START--
INFO: Run Behavior\BuildLiteBehavior [ RunTime:0.000007s ]
INFO: [ app_init ] --END-- [ RunTime:0.000257s ]

[ 2016-08-18T20:26:56+08:00 ] 127.0.0.1 /qzvs/admin.php/Home/Index/login.html
INFO: [ app_init ] --START--
INFO: Run Behavior\BuildLiteBehavior [ RunTime:0.000007s ]
INFO: [ app_init ] --END-- [ RunTime:0.000217s ]
INFO: [ app_begin ] --START--
INFO: Run Behavior\ReadHtmlCacheBehavior [ RunTime:0.000402s ]
INFO: [ app_begin ] --END-- [ RunTime:0.000427s ]
SQL: SHOW COLUMNS FROM `qzvideo_admin` [ RunTime:0.0033s ]
SQL: SELECT * FROM `qzvideo_admin` WHERE `username` = '采薇' AND `password` = 'e10adc3949ba59abbe56e057f20f883e' LIMIT 1   [ RunTime:0.0003s ]
SQL: UPDATE `qzvideo_admin` SET `lastloginip`='127.0.0.1',`lastlogintime`='16' WHERE `username` = '采薇' AND `password` = 'e10adc3949ba59abbe56e057f20f883e' AND `userid` = 66 [ RunTime:0.0012s ]
INFO: [ view_parse ] --START--
INFO: [ template_filter ] --START--
INFO: Run Behavior\ContentReplaceBehavior [ RunTime:0.000025s ]
INFO: [ template_filter ] --END-- [ RunTime:0.000048s ]
INFO: Run Behavior\ParseTemplateBehavior [ RunTime:0.004159s ]
INFO: [ view_parse ] --END-- [ RunTime:0.004186s ]
INFO: [ view_filter ] --START--
INFO: Run Behavior\WriteHtmlCacheBehavior [ RunTime:0.000231s ]
INFO: [ view_filter ] --END-- [ RunTime:0.000250s ]
INFO: [ app_end ] --START--
INFO: Run Behavior\ShowPageTraceBehavior [ RunTime:0.000411s ]
INFO: [ app_end ] --END-- [ RunTime:0.000431s ]

[ 2016-08-18T20:26:58+08:00 ] 127.0.0.1 /qzvs/admin.php/Home/Index/index
INFO: [ app_init ] --START--
INFO: Run Behavior\BuildLiteBehavior [ RunTime:0.000008s ]
INFO: [ app_init ] --END-- [ RunTime:0.000303s ]
INFO: [ app_begin ] --START--
INFO: Run Behavior\ReadHtmlCacheBehavior [ RunTime:0.000300s ]
INFO: [ app_begin ] --END-- [ RunTime:0.000327s ]
SQL: SHOW COLUMNS FROM `qzvideo_admin_role` [ RunTime:0.0032s ]
SQL: SELECT * FROM `qzvideo_admin_role`  [ RunTime:0.0002s ]
SQL: SHOW COLUMNS FROM `qzvideo_admin` [ RunTime:0.0027s ]
SQL: SELECT * FROM `qzvideo_admin` WHERE `username` = '采薇' LIMIT 1   [ RunTime:0.0003s ]
SQL: SHOW COLUMNS FROM `qzvideo_category` [ RunTime:0.0029s ]
SQL: SELECT * FROM `qzvideo_category`  [ RunTime:0.0002s ]
SQL: SELECT * FROM `qzvideo_category`  [ RunTime:0.0002s ]
NOTIC: [8] Use of undefined constant 超级管理员 - assumed '超级管理员' D:\xampp\htdocs\qzvs\Admin\Home\Controller\IndexController.class.php 第 33 行.
NOTIC: [8] Use of undefined constant index - assumed 'index' D:\xampp\htdocs\qzvs\Admin\Home\Controller\IndexController.class.php 第 34 行.
INFO: [ view_parse ] --START--
INFO: [ template_filter ] --START--
INFO: Run Behavior\ContentReplaceBehavior [ RunTime:0.000107s ]
INFO: [ template_filter ] --END-- [ RunTime:0.000128s ]
INFO: Run Behavior\ParseTemplateBehavior [ RunTime:0.005038s ]
INFO: [ view_parse ] --END-- [ RunTime:0.005061s ]
INFO: [ view_filter ] --START--
INFO: Run Behavior\WriteHtmlCacheBehavior [ RunTime:0.000154s ]
INFO: [ view_filter ] --END-- [ RunTime:0.000172s ]
INFO: [ app_end ] --START--
INFO: Run Behavior\ShowPageTraceBehavior [ RunTime:0.000309s ]
INFO: [ app_end ] --END-- [ RunTime:0.000332s ]

[ 2016-08-18T20:26:58+08:00 ] 127.0.0.1 /qzvs/admin.php/Home/Index/index_v1.html?v=4.0
INFO: [ app_init ] --START--
INFO: Run Behavior\BuildLiteBehavior [ RunTime:0.000016s ]
INFO: [ app_init ] --END-- [ RunTime:0.000328s ]
INFO: [ app_begin ] --START--
INFO: Run Behavior\ReadHtmlCacheBehavior [ RunTime:0.000336s ]
INFO: [ app_begin ] --END-- [ RunTime:0.000362s ]
INFO: [ view_parse ] --START--
INFO: [ template_filter ] --START--
INFO: Run Behavior\ContentReplaceBehavior [ RunTime:0.000065s ]
INFO: [ template_filter ] --END-- [ RunTime:0.000096s ]
INFO: Run Behavior\ParseTemplateBehavior [ RunTime:0.003393s ]
INFO: [ view_parse ] --END-- [ RunTime:0.003421s ]
INFO: [ view_filter ] --START--
INFO: Run Behavior\WriteHtmlCacheBehavior [ RunTime:0.000160s ]
INFO: [ view_filter ] --END-- [ RunTime:0.000178s ]
INFO: [ app_end ] --START--
INFO: Run Behavior\ShowPageTraceBehavior [ RunTime:0.000311s ]
INFO: [ app_end ] --END-- [ RunTime:0.000331s ]

[ 2016-08-18T20:26:58+08:00 ] 127.0.0.1 /qzvs/admin.php/Home/Index/favicon.ico
INFO: [ app_init ] --START--
INFO: Run Behavior\BuildLiteBehavior [ RunTime:0.000006s ]
INFO: [ app_init ] --END-- [ RunTime:0.000223s ]

[ 2016-08-18T20:27:07+08:00 ] 127.0.0.1 /qzvs/admin.php/Home/Admin/Showlist.html?v=4.0
INFO: [ app_init ] --START--
INFO: Run Behavior\BuildLiteBehavior [ RunTime:0.000018s ]
INFO: [ app_init ] --END-- [ RunTime:0.000267s ]
INFO: [ app_begin ] --START--
INFO: Run Behavior\ReadHtmlCacheBehavior [ RunTime:0.000392s ]
INFO: [ app_begin ] --END-- [ RunTime:0.000430s ]
SQL: SHOW COLUMNS FROM `qzvideo_admin` [ RunTime:0.0026s ]
SQL: SELECT COUNT(*) AS tp_count FROM `qzvideo_admin` LIMIT 1   [ RunTime:0.0002s ]
SQL: SELECT `userid`,`username`,`password`,`roleid`,`rolename`,`lastloginip`,`lastlogintime`,`email`,`realname` FROM `qzvideo_admin` ORDER BY userid desc LIMIT 0,10   [ RunTime:0.0002s ]
SQL: SELECT COUNT(*) AS tp_Count FROM `qzvideo_admin` LIMIT 1   [ RunTime:0.0001s ]
INFO: [ view_parse ] --START--
INFO: [ template_filter ] --START--
INFO: Run Behavior\ContentReplaceBehavior [ RunTime:0.000049s ]
INFO: [ template_filter ] --END-- [ RunTime:0.000071s ]
INFO: Run Behavior\ParseTemplateBehavior [ RunTime:0.004099s ]
INFO: [ view_parse ] --END-- [ RunTime:0.004135s ]
INFO: [ view_filter ] --START--
INFO: Run Behavior\WriteHtmlCacheBehavior [ RunTime:0.000152s ]
INFO: [ view_filter ] --END-- [ RunTime:0.000171s ]
INFO: [ app_end ] --START--
INFO: Run Behavior\ShowPageTraceBehavior [ RunTime:0.000309s ]
INFO: [ app_end ] --END-- [ RunTime:0.000329s ]

[ 2016-08-18T20:27:10+08:00 ] 127.0.0.1 /qzvs/admin.php/Home/Admin/userchange.html?v=4.0
INFO: [ app_init ] --START--
INFO: Run Behavior\BuildLiteBehavior [ RunTime:0.000009s ]
INFO: [ app_init ] --END-- [ RunTime:0.000426s ]
INFO: [ app_begin ] --START--
INFO: Run Behavior\ReadHtmlCacheBehavior [ RunTime:0.000564s ]
INFO: [ app_begin ] --END-- [ RunTime:0.000601s ]
SQL: SHOW COLUMNS FROM `qzvideo_admin_role` [ RunTime:0.0027s ]
SQL: SELECT * FROM `qzvideo_admin_role`  [ RunTime:0.0002s ]
SQL: SHOW COLUMNS FROM `qzvideo_admin` [ RunTime:0.0026s ]
SQL: SELECT * FROM `qzvideo_admin` WHERE `username` = '采薇' LIMIT 1   [ RunTime:0.0002s ]
NOTIC: [8] Undefined index: id D:\xampp\htdocs\qzvs\Admin\Home\Controller\AdminController.class.php 第 179 行.
INFO: [ view_parse ] --START--
INFO: [ template_filter ] --START--
INFO: Run Behavior\ContentReplaceBehavior [ RunTime:0.000048s ]
INFO: [ template_filter ] --END-- [ RunTime:0.000072s ]
INFO: Run Behavior\ParseTemplateBehavior [ RunTime:0.005163s ]
INFO: [ view_parse ] --END-- [ RunTime:0.005186s ]
INFO: [ view_filter ] --START--
INFO: Run Behavior\WriteHtmlCacheBehavior [ RunTime:0.000259s ]
INFO: [ view_filter ] --END-- [ RunTime:0.000279s ]
INFO: [ app_end ] --START--
INFO: Run Behavior\ShowPageTraceBehavior [ RunTime:0.000484s ]
INFO: [ app_end ] --END-- [ RunTime:0.000517s ]

[ 2016-08-18T20:27:19+08:00 ] 127.0.0.1 /qzvs/admin.php/Home/Admin/Change.html
INFO: [ app_init ] --START--
INFO: Run Behavior\BuildLiteBehavior [ RunTime:0.000006s ]
INFO: [ app_init ] --END-- [ RunTime:0.000245s ]
INFO: [ app_begin ] --START--
INFO: Run Behavior\ReadHtmlCacheBehavior [ RunTime:0.000271s ]
INFO: [ app_begin ] --END-- [ RunTime:0.000304s ]
SQL: SHOW COLUMNS FROM `qzvideo_admin_role` [ RunTime:0.0023s ]
SQL: SELECT * FROM `qzvideo_admin_role` WHERE `rolename` = '超级管理员' LIMIT 1   [ RunTime:0.0002s ]
SQL: SHOW COLUMNS FROM `qzvideo_admin` [ RunTime:0.0024s ]
SQL: SELECT * FROM `qzvideo_admin` WHERE `userid` = 66 LIMIT 1   [ RunTime:0.0002s ]
SQL: UPDATE `qzvideo_admin` SET `username`='采薇',`email`='2657614304@qq.com',`realname`='采薇亦止已',`roleid`='1',`rolename`='超级管理员' WHERE `userid` = 66 [ RunTime:0.0011s ]
NOTIC: [8] Undefined index: userid D:\xampp\htdocs\qzvs\Admin\Home\Controller\AdminController.class.php 第 108 行.
INFO: [ view_parse ] --START--
INFO: [ template_filter ] --START--
INFO: Run Behavior\ContentReplaceBehavior [ RunTime:0.000026s ]
INFO: [ template_filter ] --END-- [ RunTime:0.000051s ]
INFO: Run Behavior\ParseTemplateBehavior [ RunTime:0.003050s ]
INFO: [ view_parse ] --END-- [ RunTime:0.003093s ]
INFO: [ view_filter ] --START--
INFO: Run Behavior\WriteHtmlCacheBehavior [ RunTime:0.000144s ]
INFO: [ view_filter ] --END-- [ RunTime:0.000162s ]
INFO: [ app_end ] --START--
INFO: Run Behavior\ShowPageTraceBehavior [ RunTime:0.000455s ]
INFO: [ app_end ] --END-- [ RunTime:0.000474s ]

[ 2016-08-18T20:27:21+08:00 ] 127.0.0.1 /qzvs/admin.php/Home/Admin/Showlist
INFO: [ app_init ] --START--
INFO: Run Behavior\BuildLiteBehavior [ RunTime:0.000021s ]
INFO: [ app_init ] --END-- [ RunTime:0.000240s ]
INFO: [ app_begin ] --START--
INFO: Run Behavior\ReadHtmlCacheBehavior [ RunTime:0.000304s ]
INFO: [ app_begin ] --END-- [ RunTime:0.000327s ]
SQL: SHOW COLUMNS FROM `qzvideo_admin` [ RunTime:0.0032s ]
SQL: SELECT COUNT(*) AS tp_count FROM `qzvideo_admin` LIMIT 1   [ RunTime:0.0002s ]
SQL: SELECT `userid`,`username`,`password`,`roleid`,`rolename`,`lastloginip`,`lastlogintime`,`email`,`realname` FROM `qzvideo_admin` ORDER BY userid desc LIMIT 0,10   [ RunTime:0.0003s ]
SQL: SELECT COUNT(*) AS tp_Count FROM `qzvideo_admin` LIMIT 1   [ RunTime:0.0001s ]
INFO: [ view_parse ] --START--
INFO: [ template_filter ] --START--
INFO: Run Behavior\ContentReplaceBehavior [ RunTime:0.000077s ]
INFO: [ template_filter ] --END-- [ RunTime:0.000100s ]
INFO: Run Behavior\ParseTemplateBehavior [ RunTime:0.003719s ]
INFO: [ view_parse ] --END-- [ RunTime:0.003743s ]
INFO: [ view_filter ] --START--
INFO: Run Behavior\WriteHtmlCacheBehavior [ RunTime:0.000153s ]
INFO: [ view_filter ] --END-- [ RunTime:0.000171s ]
INFO: [ app_end ] --START--
INFO: Run Behavior\ShowPageTraceBehavior [ RunTime:0.000294s ]
INFO: [ app_end ] --END-- [ RunTime:0.000315s ]

[ 2016-08-18T20:27:30+08:00 ] 127.0.0.1 /qzvs/admin.php/Home/Index/index
INFO: [ app_init ] --START--
INFO: Run Behavior\BuildLiteBehavior [ RunTime:0.000005s ]
INFO: [ app_init ] --END-- [ RunTime:0.000214s ]
INFO: [ app_begin ] --START--
INFO: Run Behavior\ReadHtmlCacheBehavior [ RunTime:0.000273s ]
INFO: [ app_begin ] --END-- [ RunTime:0.000296s ]
SQL: SHOW COLUMNS FROM `qzvideo_admin_role` [ RunTime:0.0025s ]
SQL: SELECT * FROM `qzvideo_admin_role`  [ RunTime:0.0002s ]
SQL: SHOW COLUMNS FROM `qzvideo_admin` [ RunTime:0.0023s ]
SQL: SELECT * FROM `qzvideo_admin` WHERE `username` = '采薇' LIMIT 1   [ RunTime:0.0002s ]
SQL: SHOW COLUMNS FROM `qzvideo_category` [ RunTime:0.0024s ]
SQL: SELECT * FROM `qzvideo_category`  [ RunTime:0.0003s ]
SQL: SELECT * FROM `qzvideo_category`  [ RunTime:0.0002s ]
NOTIC: [8] Use of undefined constant 超级管理员 - assumed '超级管理员' D:\xampp\htdocs\qzvs\Admin\Home\Controller\IndexController.class.php 第 33 行.
NOTIC: [8] Use of undefined constant index - assumed 'index' D:\xampp\htdocs\qzvs\Admin\Home\Controller\IndexController.class.php 第 34 行.
INFO: [ view_parse ] --START--
INFO: [ template_filter ] --START--
INFO: Run Behavior\ContentReplaceBehavior [ RunTime:0.000132s ]
INFO: [ template_filter ] --END-- [ RunTime:0.000160s ]
INFO: Run Behavior\ParseTemplateBehavior [ RunTime:0.005310s ]
INFO: [ view_parse ] --END-- [ RunTime:0.005334s ]
INFO: [ view_filter ] --START--
INFO: Run Behavior\WriteHtmlCacheBehavior [ RunTime:0.000170s ]
INFO: [ view_filter ] --END-- [ RunTime:0.000189s ]
INFO: [ app_end ] --START--
INFO: Run Behavior\ShowPageTraceBehavior [ RunTime:0.000366s ]
INFO: [ app_end ] --END-- [ RunTime:0.000390s ]

[ 2016-08-18T20:27:30+08:00 ] 127.0.0.1 /qzvs/admin.php/Home/Index/index_v1.html?v=4.0
INFO: [ app_init ] --START--
INFO: Run Behavior\BuildLiteBehavior [ RunTime:0.000007s ]
INFO: [ app_init ] --END-- [ RunTime:0.000245s ]
INFO: [ app_begin ] --START--
INFO: Run Behavior\ReadHtmlCacheBehavior [ RunTime:0.000274s ]
INFO: [ app_begin ] --END-- [ RunTime:0.000297s ]
INFO: [ view_parse ] --START--
INFO: [ template_filter ] --START--
INFO: Run Behavior\ContentReplaceBehavior [ RunTime:0.000063s ]
INFO: [ template_filter ] --END-- [ RunTime:0.000092s ]
INFO: Run Behavior\ParseTemplateBehavior [ RunTime:0.003631s ]
INFO: [ view_parse ] --END-- [ RunTime:0.003657s ]
INFO: [ view_filter ] --START--
INFO: Run Behavior\WriteHtmlCacheBehavior [ RunTime:0.000170s ]
INFO: [ view_filter ] --END-- [ RunTime:0.000188s ]
INFO: [ app_end ] --START--
INFO: Run Behavior\ShowPageTraceBehavior [ RunTime:0.000303s ]
INFO: [ app_end ] --END-- [ RunTime:0.000325s ]

[ 2016-08-18T20:37:13+08:00 ] 127.0.0.1 /qzvs/admin.php/Home/Index/index
INFO: [ app_init ] --START--
INFO: Run Behavior\BuildLiteBehavior [ RunTime:0.000006s ]
INFO: [ app_init ] --END-- [ RunTime:0.000297s ]
INFO: [ app_begin ] --START--
INFO: Run Behavior\ReadHtmlCacheBehavior [ RunTime:0.000396s ]
INFO: [ app_begin ] --END-- [ RunTime:0.000419s ]
SQL: SHOW COLUMNS FROM `qzvideo_admin_role` [ RunTime:0.0042s ]
SQL: SELECT * FROM `qzvideo_admin_role`  [ RunTime:0.0002s ]
SQL: SHOW COLUMNS FROM `qzvideo_admin` [ RunTime:0.0027s ]
SQL: SELECT * FROM `qzvideo_admin` WHERE `username` = '采薇' LIMIT 1   [ RunTime:0.0002s ]
SQL: SHOW COLUMNS FROM `qzvideo_category` [ RunTime:0.0027s ]
SQL: SELECT * FROM `qzvideo_category`  [ RunTime:0.0003s ]
SQL: SELECT * FROM `qzvideo_category`  [ RunTime:0.0002s ]
NOTIC: [8] Use of undefined constant 超级管理员 - assumed '超级管理员' D:\xampp\htdocs\qzvs\Admin\Home\Controller\IndexController.class.php 第 33 行.
NOTIC: [8] Use of undefined constant index - assumed 'index' D:\xampp\htdocs\qzvs\Admin\Home\Controller\IndexController.class.php 第 34 行.
INFO: [ view_parse ] --START--
INFO: [ template_filter ] --START--
INFO: Run Behavior\ContentReplaceBehavior [ RunTime:0.000111s ]
INFO: [ template_filter ] --END-- [ RunTime:0.000138s ]
INFO: Run Behavior\ParseTemplateBehavior [ RunTime:0.005910s ]
INFO: [ view_parse ] --END-- [ RunTime:0.005940s ]
INFO: [ view_filter ] --START--
INFO: Run Behavior\WriteHtmlCacheBehavior [ RunTime:0.000271s ]
INFO: [ view_filter ] --END-- [ RunTime:0.000289s ]
INFO: [ app_end ] --START--
INFO: Run Behavior\ShowPageTraceBehavior [ RunTime:0.000405s ]
INFO: [ app_end ] --END-- [ RunTime:0.000454s ]

[ 2016-08-18T20:37:13+08:00 ] 127.0.0.1 /qzvs/admin.php/Home/Index/index_v1.html?v=4.0
INFO: [ app_init ] --START--
INFO: Run Behavior\BuildLiteBehavior [ RunTime:0.000008s ]
INFO: [ app_init ] --END-- [ RunTime:0.000304s ]
INFO: [ app_begin ] --START--
INFO: Run Behavior\ReadHtmlCacheBehavior [ RunTime:0.000465s ]
INFO: [ app_begin ] --END-- [ RunTime:0.000503s ]
INFO: [ view_parse ] --START--
INFO: [ template_filter ] --START--
INFO: Run Behavior\ContentReplaceBehavior [ RunTime:0.000059s ]
INFO: [ template_filter ] --END-- [ RunTime:0.000093s ]
INFO: Run Behavior\ParseTemplateBehavior [ RunTime:0.005205s ]
INFO: [ view_parse ] --END-- [ RunTime:0.005241s ]
INFO: [ view_filter ] --START--
INFO: Run Behavior\WriteHtmlCacheBehavior [ RunTime:0.000319s ]
INFO: [ view_filter ] --END-- [ RunTime:0.000341s ]
INFO: [ app_end ] --START--
INFO: Run Behavior\ShowPageTraceBehavior [ RunTime:0.000457s ]
INFO: [ app_end ] --END-- [ RunTime:0.000492s ]

[ 2016-08-18T20:37:16+08:00 ] 127.0.0.1 /qzvs/admin.php/Home/Admin/Showlist.html?v=4.0
INFO: [ app_init ] --START--
INFO: Run Behavior\BuildLiteBehavior [ RunTime:0.000007s ]
INFO: [ app_init ] --END-- [ RunTime:0.000292s ]
INFO: [ app_begin ] --START--
INFO: Run Behavior\ReadHtmlCacheBehavior [ RunTime:0.000363s ]
INFO: [ app_begin ] --END-- [ RunTime:0.000391s ]
SQL: SHOW COLUMNS FROM `qzvideo_admin` [ RunTime:0.0028s ]
SQL: SELECT COUNT(*) AS tp_count FROM `qzvideo_admin` LIMIT 1   [ RunTime:0.0002s ]
SQL: SELECT `userid`,`username`,`password`,`roleid`,`rolename`,`lastloginip`,`lastlogintime`,`email`,`realname` FROM `qzvideo_admin` ORDER BY userid desc LIMIT 0,10   [ RunTime:0.0002s ]
SQL: SELECT COUNT(*) AS tp_Count FROM `qzvideo_admin` LIMIT 1   [ RunTime:0.0001s ]
INFO: [ view_parse ] --START--
INFO: [ template_filter ] --START--
INFO: Run Behavior\ContentReplaceBehavior [ RunTime:0.000047s ]
INFO: [ template_filter ] --END-- [ RunTime:0.000068s ]
INFO: Run Behavior\ParseTemplateBehavior [ RunTime:0.003660s ]
INFO: [ view_parse ] --END-- [ RunTime:0.003685s ]
INFO: [ view_filter ] --START--
INFO: Run Behavior\WriteHtmlCacheBehavior [ RunTime:0.000151s ]
INFO: [ view_filter ] --END-- [ RunTime:0.000171s ]
INFO: [ app_end ] --START--
INFO: Run Behavior\ShowPageTraceBehavior [ RunTime:0.000290s ]
INFO: [ app_end ] --END-- [ RunTime:0.000312s ]

[ 2016-08-18T20:37:19+08:00 ] 127.0.0.1 /qzvs/admin.php/Home/Admin/Add.html?v=4.0
INFO: [ app_init ] --START--
INFO: Run Behavior\BuildLiteBehavior [ RunTime:0.000006s ]
INFO: [ app_init ] --END-- [ RunTime:0.000210s ]
INFO: [ app_begin ] --START--
INFO: Run Behavior\ReadHtmlCacheBehavior [ RunTime:0.000264s ]
INFO: [ app_begin ] --END-- [ RunTime:0.000303s ]
SQL: SHOW COLUMNS FROM `qzvideo_admin_role` [ RunTime:0.0025s ]
SQL: SELECT * FROM `qzvideo_admin_role`  [ RunTime:0.0002s ]
NOTIC: [8] Use of undefined constant add - assumed 'add' D:\xampp\htdocs\qzvs\Admin\Home\Controller\AdminController.class.php 第 38 行.
INFO: [ view_parse ] --START--
INFO: [ template_filter ] --START--
INFO: Run Behavior\ContentReplaceBehavior [ RunTime:0.000043s ]
INFO: [ template_filter ] --END-- [ RunTime:0.000065s ]
INFO: Run Behavior\ParseTemplateBehavior [ RunTime:0.003573s ]
INFO: [ view_parse ] --END-- [ RunTime:0.003595s ]
INFO: [ view_filter ] --START--
INFO: Run Behavior\WriteHtmlCacheBehavior [ RunTime:0.000145s ]
INFO: [ view_filter ] --END-- [ RunTime:0.000165s ]
INFO: [ app_end ] --START--
INFO: Run Behavior\ShowPageTraceBehavior [ RunTime:0.000286s ]
INFO: [ app_end ] --END-- [ RunTime:0.000306s ]

[ 2016-08-18T20:37:43+08:00 ] 127.0.0.1 /qzvs/admin.php/Home/Admin/Add.html
INFO: [ app_init ] --START--
INFO: Run Behavior\BuildLiteBehavior [ RunTime:0.000006s ]
INFO: [ app_init ] --END-- [ RunTime:0.000216s ]
INFO: [ app_begin ] --START--
INFO: Run Behavior\ReadHtmlCacheBehavior [ RunTime:0.000301s ]
INFO: [ app_begin ] --END-- [ RunTime:0.000327s ]
SQL: SHOW COLUMNS FROM `qzvideo_admin_role` [ RunTime:0.0026s ]
SQL: SELECT * FROM `qzvideo_admin_role` WHERE `rolename` = '幻灯管理员' LIMIT 1   [ RunTime:0.0002s ]
SQL: SHOW COLUMNS FROM `qzvideo_admin` [ RunTime:0.0025s ]
NOTIC: [8] Undefined index: auto D:\xampp\htdocs\qzvs\ThinkPHP\Library\Think\Model.class.php 第 1128 行.
INFO: [ view_parse ] --START--
INFO: [ template_filter ] --START--
INFO: Run Behavior\ContentReplaceBehavior [ RunTime:0.000025s ]
INFO: [ template_filter ] --END-- [ RunTime:0.000048s ]
INFO: Run Behavior\ParseTemplateBehavior [ RunTime:0.002916s ]
INFO: [ view_parse ] --END-- [ RunTime:0.002939s ]
INFO: [ view_filter ] --START--
INFO: Run Behavior\WriteHtmlCacheBehavior [ RunTime:0.000167s ]
INFO: [ view_filter ] --END-- [ RunTime:0.000188s ]
INFO: [ app_end ] --START--
INFO: Run Behavior\ShowPageTraceBehavior [ RunTime:0.000294s ]
INFO: [ app_end ] --END-- [ RunTime:0.000316s ]

[ 2016-08-18T20:37:45+08:00 ] 127.0.0.1 /qzvs/admin.php/Home/Admin/Showlist
INFO: [ app_init ] --START--
INFO: Run Behavior\BuildLiteBehavior [ RunTime:0.000006s ]
INFO: [ app_init ] --END-- [ RunTime:0.000235s ]
INFO: [ app_begin ] --START--
INFO: Run Behavior\ReadHtmlCacheBehavior [ RunTime:0.000306s ]
INFO: [ app_begin ] --END-- [ RunTime:0.000330s ]
SQL: SHOW COLUMNS FROM `qzvideo_admin` [ RunTime:0.0031s ]
SQL: SELECT COUNT(*) AS tp_count FROM `qzvideo_admin` LIMIT 1   [ RunTime:0.0002s ]
SQL: SELECT `userid`,`username`,`password`,`roleid`,`rolename`,`lastloginip`,`lastlogintime`,`email`,`realname` FROM `qzvideo_admin` ORDER BY userid desc LIMIT 0,10   [ RunTime:0.0002s ]
SQL: SELECT COUNT(*) AS tp_Count FROM `qzvideo_admin` LIMIT 1   [ RunTime:0.0001s ]
INFO: [ view_parse ] --START--
INFO: [ template_filter ] --START--
INFO: Run Behavior\ContentReplaceBehavior [ RunTime:0.000050s ]
INFO: [ template_filter ] --END-- [ RunTime:0.000075s ]
INFO: Run Behavior\ParseTemplateBehavior [ RunTime:0.003624s ]
INFO: [ view_parse ] --END-- [ RunTime:0.003649s ]
INFO: [ view_filter ] --START--
INFO: Run Behavior\WriteHtmlCacheBehavior [ RunTime:0.000161s ]
INFO: [ view_filter ] --END-- [ RunTime:0.000180s ]
INFO: [ app_end ] --START--
INFO: Run Behavior\ShowPageTraceBehavior [ RunTime:0.000304s ]
INFO: [ app_end ] --END-- [ RunTime:0.000325s ]

[ 2016-08-18T20:38:10+08:00 ] 127.0.0.1 /qzvs/admin.php/Home/Admin/Showlist.html?v=4.0
INFO: [ app_init ] --START--
INFO: Run Behavior\BuildLiteBehavior [ RunTime:0.000008s ]
INFO: [ app_init ] --END-- [ RunTime:0.000461s ]
INFO: [ app_begin ] --START--
INFO: Run Behavior\ReadHtmlCacheBehavior [ RunTime:0.000319s ]
INFO: [ app_begin ] --END-- [ RunTime:0.000346s ]
SQL: SHOW COLUMNS FROM `qzvideo_admin` [ RunTime:0.0025s ]
SQL: SELECT COUNT(*) AS tp_count FROM `qzvideo_admin` LIMIT 1   [ RunTime:0.0001s ]
SQL: SELECT `userid`,`username`,`password`,`roleid`,`rolename`,`lastloginip`,`lastlogintime`,`email`,`realname` FROM `qzvideo_admin` ORDER BY userid desc LIMIT 0,10   [ RunTime:0.0002s ]
SQL: SELECT COUNT(*) AS tp_Count FROM `qzvideo_admin` LIMIT 1   [ RunTime:0.0001s ]
INFO: [ view_parse ] --START--
INFO: [ template_filter ] --START--
INFO: Run Behavior\ContentReplaceBehavior [ RunTime:0.000050s ]
INFO: [ template_filter ] --END-- [ RunTime:0.000087s ]
INFO: Run Behavior\ParseTemplateBehavior [ RunTime:0.003869s ]
INFO: [ view_parse ] --END-- [ RunTime:0.003892s ]
INFO: [ view_filter ] --START--
INFO: Run Behavior\WriteHtmlCacheBehavior [ RunTime:0.000156s ]
INFO: [ view_filter ] --END-- [ RunTime:0.000174s ]
INFO: [ app_end ] --START--
INFO: Run Behavior\ShowPageTraceBehavior [ RunTime:0.000312s ]
INFO: [ app_end ] --END-- [ RunTime:0.000332s ]

[ 2016-08-18T20:38:58+08:00 ] 127.0.0.1 /qzvs/admin.php/Home/Index/index
INFO: [ app_init ] --START--
INFO: Run Behavior\BuildLiteBehavior [ RunTime:0.000006s ]
INFO: [ app_init ] --END-- [ RunTime:0.000236s ]
INFO: [ app_begin ] --START--
INFO: Run Behavior\ReadHtmlCacheBehavior [ RunTime:0.000298s ]
INFO: [ app_begin ] --END-- [ RunTime:0.000321s ]
SQL: SHOW COLUMNS FROM `qzvideo_admin_role` [ RunTime:0.0041s ]
SQL: SELECT * FROM `qzvideo_admin_role`  [ RunTime:0.0002s ]
SQL: SHOW COLUMNS FROM `qzvideo_admin` [ RunTime:0.0025s ]
SQL: SELECT * FROM `qzvideo_admin` WHERE `username` = '采薇' LIMIT 1   [ RunTime:0.0002s ]
SQL: SHOW COLUMNS FROM `qzvideo_category` [ RunTime:0.0027s ]
SQL: SELECT * FROM `qzvideo_category`  [ RunTime:0.0003s ]
SQL: SELECT * FROM `qzvideo_category`  [ RunTime:0.0002s ]
NOTIC: [8] Use of undefined constant 超级管理员 - assumed '超级管理员' D:\xampp\htdocs\qzvs\Admin\Home\Controller\IndexController.class.php 第 33 行.
NOTIC: [8] Use of undefined constant index - assumed 'index' D:\xampp\htdocs\qzvs\Admin\Home\Controller\IndexController.class.php 第 34 行.
INFO: [ view_parse ] --START--
INFO: [ template_filter ] --START--
INFO: Run Behavior\ContentReplaceBehavior [ RunTime:0.000109s ]
INFO: [ template_filter ] --END-- [ RunTime:0.000136s ]
INFO: Run Behavior\ParseTemplateBehavior [ RunTime:0.005372s ]
INFO: [ view_parse ] --END-- [ RunTime:0.005402s ]
INFO: [ view_filter ] --START--
INFO: Run Behavior\WriteHtmlCacheBehavior [ RunTime:0.000178s ]
INFO: [ view_filter ] --END-- [ RunTime:0.000197s ]
INFO: [ app_end ] --START--
INFO: Run Behavior\ShowPageTraceBehavior [ RunTime:0.000317s ]
INFO: [ app_end ] --END-- [ RunTime:0.000344s ]

[ 2016-08-18T20:38:58+08:00 ] 127.0.0.1 /qzvs/admin.php/Home/Index/index_v1.html?v=4.0
INFO: [ app_init ] --START--
INFO: Run Behavior\BuildLiteBehavior [ RunTime:0.000006s ]
INFO: [ app_init ] --END-- [ RunTime:0.000246s ]
INFO: [ app_begin ] --START--
INFO: Run Behavior\ReadHtmlCacheBehavior [ RunTime:0.000294s ]
INFO: [ app_begin ] --END-- [ RunTime:0.000318s ]
INFO: [ view_parse ] --START--
INFO: [ template_filter ] --START--
INFO: Run Behavior\ContentReplaceBehavior [ RunTime:0.000056s ]
INFO: [ template_filter ] --END-- [ RunTime:0.000087s ]
INFO: Run Behavior\ParseTemplateBehavior [ RunTime:0.003654s ]
INFO: [ view_parse ] --END-- [ RunTime:0.003693s ]
INFO: [ view_filter ] --START--
INFO: Run Behavior\WriteHtmlCacheBehavior [ RunTime:0.000199s ]
INFO: [ view_filter ] --END-- [ RunTime:0.000218s ]
INFO: [ app_end ] --START--
INFO: Run Behavior\ShowPageTraceBehavior [ RunTime:0.000382s ]
INFO: [ app_end ] --END-- [ RunTime:0.000406s ]

[ 2016-08-18T20:39:01+08:00 ] 127.0.0.1 /qzvs/admin.php/Home/Admin/Add.html?v=4.0
INFO: [ app_init ] --START--
INFO: Run Behavior\BuildLiteBehavior [ RunTime:0.000008s ]
INFO: [ app_init ] --END-- [ RunTime:0.000323s ]
INFO: [ app_begin ] --START--
INFO: Run Behavior\ReadHtmlCacheBehavior [ RunTime:0.000467s ]
INFO: [ app_begin ] --END-- [ RunTime:0.000506s ]
SQL: SHOW COLUMNS FROM `qzvideo_admin_role` [ RunTime:0.0039s ]
SQL: SELECT * FROM `qzvideo_admin_role`  [ RunTime:0.0002s ]
NOTIC: [8] Use of undefined constant add - assumed 'add' D:\xampp\htdocs\qzvs\Admin\Home\Controller\AdminController.class.php 第 38 行.
INFO: [ view_parse ] --START--
INFO: [ template_filter ] --START--
INFO: Run Behavior\ContentReplaceBehavior [ RunTime:0.000047s ]
INFO: [ template_filter ] --END-- [ RunTime:0.000071s ]
INFO: Run Behavior\ParseTemplateBehavior [ RunTime:0.003715s ]
INFO: [ view_parse ] --END-- [ RunTime:0.003740s ]
INFO: [ view_filter ] --START--
INFO: Run Behavior\WriteHtmlCacheBehavior [ RunTime:0.000252s ]
INFO: [ view_filter ] --END-- [ RunTime:0.000272s ]
INFO: [ app_end ] --START--
INFO: Run Behavior\ShowPageTraceBehavior [ RunTime:0.000478s ]
INFO: [ app_end ] --END-- [ RunTime:0.000502s ]

[ 2016-08-18T20:39:36+08:00 ] 127.0.0.1 /qzvs/admin.php/Home/Admin/Add.html
INFO: [ app_init ] --START--
INFO: Run Behavior\BuildLiteBehavior [ RunTime:0.000006s ]
INFO: [ app_init ] --END-- [ RunTime:0.000252s ]
INFO: [ app_begin ] --START--
INFO: Run Behavior\ReadHtmlCacheBehavior [ RunTime:0.000280s ]
INFO: [ app_begin ] --END-- [ RunTime:0.000314s ]
SQL: SHOW COLUMNS FROM `qzvideo_admin_role` [ RunTime:0.0032s ]
SQL: SELECT * FROM `qzvideo_admin_role` WHERE `rolename` = '幻灯管理员' LIMIT 1   [ RunTime:0.0002s ]
SQL: SHOW COLUMNS FROM `qzvideo_admin` [ RunTime:0.0027s ]
SQL: SELECT * FROM `qzvideo_admin` WHERE `username` = '采薇' LIMIT 1   [ RunTime:0.0002s ]
INFO: [ view_parse ] --START--
INFO: [ template_filter ] --START--
INFO: Run Behavior\ContentReplaceBehavior [ RunTime:0.000045s ]
INFO: [ template_filter ] --END-- [ RunTime:0.000080s ]
INFO: Run Behavior\ParseTemplateBehavior [ RunTime:0.003311s ]
INFO: [ view_parse ] --END-- [ RunTime:0.003357s ]
INFO: [ view_filter ] --START--
INFO: Run Behavior\WriteHtmlCacheBehavior [ RunTime:0.000163s ]
INFO: [ view_filter ] --END-- [ RunTime:0.000182s ]

[ 2016-08-18T20:40:35+08:00 ] 127.0.0.1 /qzvs/admin.php/Home/Admin/Add.html?v=4.0
INFO: [ app_init ] --START--
INFO: Run Behavior\BuildLiteBehavior [ RunTime:0.000008s ]
INFO: [ app_init ] --END-- [ RunTime:0.000317s ]
INFO: [ app_begin ] --START--
INFO: Run Behavior\ReadHtmlCacheBehavior [ RunTime:0.000410s ]
INFO: [ app_begin ] --END-- [ RunTime:0.000434s ]
SQL: SHOW COLUMNS FROM `qzvideo_admin_role` [ RunTime:0.0034s ]
SQL: SELECT * FROM `qzvideo_admin_role`  [ RunTime:0.0003s ]
NOTIC: [8] Use of undefined constant add - assumed 'add' D:\xampp\htdocs\qzvs\Admin\Home\Controller\AdminController.class.php 第 38 行.
INFO: [ view_parse ] --START--
INFO: [ template_filter ] --START--
INFO: Run Behavior\ContentReplaceBehavior [ RunTime:0.000045s ]
INFO: [ template_filter ] --END-- [ RunTime:0.000068s ]
INFO: Run Behavior\ParseTemplateBehavior [ RunTime:0.003758s ]
INFO: [ view_parse ] --END-- [ RunTime:0.003782s ]
INFO: [ view_filter ] --START--
INFO: Run Behavior\WriteHtmlCacheBehavior [ RunTime:0.000253s ]
INFO: [ view_filter ] --END-- [ RunTime:0.000271s ]
INFO: [ app_end ] --START--
INFO: Run Behavior\ShowPageTraceBehavior [ RunTime:0.000394s ]
INFO: [ app_end ] --END-- [ RunTime:0.000414s ]

[ 2016-08-18T20:40:52+08:00 ] 127.0.0.1 /qzvs/admin.php/Home/Admin/Add.html
INFO: [ app_init ] --START--
INFO: Run Behavior\BuildLiteBehavior [ RunTime:0.000007s ]
INFO: [ app_init ] --END-- [ RunTime:0.000215s ]
INFO: [ app_begin ] --START--
INFO: Run Behavior\ReadHtmlCacheBehavior [ RunTime:0.000302s ]
INFO: [ app_begin ] --END-- [ RunTime:0.000327s ]
SQL: SHOW COLUMNS FROM `qzvideo_admin_role` [ RunTime:0.0027s ]
SQL: SELECT * FROM `qzvideo_admin_role` WHERE `rolename` = '幻灯管理员' LIMIT 1   [ RunTime:0.0002s ]
SQL: SHOW COLUMNS FROM `qzvideo_admin` [ RunTime:0.0025s ]
SQL: SELECT * FROM `qzvideo_admin` WHERE `username` = '采薇' LIMIT 1   [ RunTime:0.0002s ]

[ 2016-08-18T20:41:32+08:00 ] 127.0.0.1 /qzvs/admin.php/Home/Admin/Add.html?v=4.0
INFO: [ app_init ] --START--
INFO: Run Behavior\BuildLiteBehavior [ RunTime:0.000022s ]
INFO: [ app_init ] --END-- [ RunTime:0.000556s ]
INFO: [ app_begin ] --START--
INFO: Run Behavior\ReadHtmlCacheBehavior [ RunTime:0.000343s ]
INFO: [ app_begin ] --END-- [ RunTime:0.000371s ]
SQL: SHOW COLUMNS FROM `qzvideo_admin_role` [ RunTime:0.0027s ]
SQL: SELECT * FROM `qzvideo_admin_role`  [ RunTime:0.0002s ]
NOTIC: [8] Use of undefined constant add - assumed 'add' D:\xampp\htdocs\qzvs\Admin\Home\Controller\AdminController.class.php 第 38 行.
INFO: [ view_parse ] --START--
INFO: [ template_filter ] --START--
INFO: Run Behavior\ContentReplaceBehavior [ RunTime:0.000044s ]
INFO: [ template_filter ] --END-- [ RunTime:0.000066s ]
INFO: Run Behavior\ParseTemplateBehavior [ RunTime:0.003280s ]
INFO: [ view_parse ] --END-- [ RunTime:0.003306s ]
INFO: [ view_filter ] --START--
INFO: Run Behavior\WriteHtmlCacheBehavior [ RunTime:0.000188s ]
INFO: [ view_filter ] --END-- [ RunTime:0.000209s ]
INFO: [ app_end ] --START--
INFO: Run Behavior\ShowPageTraceBehavior [ RunTime:0.000435s ]
INFO: [ app_end ] --END-- [ RunTime:0.000484s ]

[ 2016-08-18T20:41:48+08:00 ] 127.0.0.1 /qzvs/admin.php/Home/Admin/Add.html
INFO: [ app_init ] --START--
INFO: Run Behavior\BuildLiteBehavior [ RunTime:0.000006s ]
INFO: [ app_init ] --END-- [ RunTime:0.000218s ]
INFO: [ app_begin ] --START--
INFO: Run Behavior\ReadHtmlCacheBehavior [ RunTime:0.000266s ]
INFO: [ app_begin ] --END-- [ RunTime:0.000290s ]
SQL: SHOW COLUMNS FROM `qzvideo_admin_role` [ RunTime:0.0032s ]
SQL: SELECT * FROM `qzvideo_admin_role` WHERE `rolename` = '幻灯管理员' LIMIT 1   [ RunTime:0.0002s ]
SQL: SHOW COLUMNS FROM `qzvideo_admin` [ RunTime:0.0029s ]
SQL: SELECT * FROM `qzvideo_admin` WHERE `username` = '采薇' LIMIT 1   [ RunTime:0.0002s ]
INFO: [ view_parse ] --START--
INFO: [ template_filter ] --START--
INFO: Run Behavior\ContentReplaceBehavior [ RunTime:0.000024s ]
INFO: [ template_filter ] --END-- [ RunTime:0.000047s ]
INFO: Run Behavior\ParseTemplateBehavior [ RunTime:0.002863s ]
INFO: [ view_parse ] --END-- [ RunTime:0.002888s ]
INFO: [ view_filter ] --START--
INFO: Run Behavior\WriteHtmlCacheBehavior [ RunTime:0.000147s ]
INFO: [ view_filter ] --END-- [ RunTime:0.000164s ]

