[ 2016-10-18T21:41:00+08:00 ] 59.49.50.200 /qzvs/admin.php
INFO: [ app_init ] --START--
INFO: Run Behavior\BuildLiteBehavior [ RunTime:0.000024s ]
INFO: [ app_init ] --END-- [ RunTime:0.000564s ]
INFO: [ app_begin ] --START--
INFO: Run Behavior\ReadHtmlCacheBehavior [ RunTime:0.001376s ]
INFO: [ app_begin ] --END-- [ RunTime:0.001480s ]

[ 2016-10-18T21:41:00+08:00 ] 59.49.50.200 /qzvs/admin.php/Home/Index/login/0/cate_id%3D%3E2.html
INFO: [ app_init ] --START--
INFO: Run Behavior\BuildLiteBehavior [ RunTime:0.000023s ]
INFO: [ app_init ] --END-- [ RunTime:0.000560s ]
INFO: [ app_begin ] --START--
INFO: Run Behavior\ReadHtmlCacheBehavior [ RunTime:0.001141s ]
INFO: [ app_begin ] --END-- [ RunTime:0.001219s ]
INFO: [ view_parse ] --START--
INFO: [ template_filter ] --START--
INFO: Run Behavior\ContentReplaceBehavior [ RunTime:0.000076s ]
INFO: [ template_filter ] --END-- [ RunTime:0.000149s ]
INFO: Run Behavior\ParseTemplateBehavior [ RunTime:0.010144s ]
INFO: [ view_parse ] --END-- [ RunTime:0.010219s ]
INFO: [ view_filter ] --START--
INFO: Run Behavior\WriteHtmlCacheBehavior [ RunTime:0.001602s ]
INFO: [ view_filter ] --END-- [ RunTime:0.001677s ]
INFO: [ app_end ] --START--
INFO: Run Behavior\ShowPageTraceBehavior [ RunTime:0.001680s ]
INFO: [ app_end ] --END-- [ RunTime:0.001749s ]

[ 2016-10-18T21:41:01+08:00 ] 59.49.50.200 /qzvs/admin.php/Home/Index/login/0/favicon.ico
INFO: [ app_init ] --START--
INFO: Run Behavior\BuildLiteBehavior [ RunTime:0.000023s ]
INFO: [ app_init ] --END-- [ RunTime:0.000566s ]

[ 2016-10-18T21:41:23+08:00 ] 59.49.50.200 /qzvs/admin.php/Home/Index/login.html
INFO: [ app_init ] --START--
INFO: Run Behavior\BuildLiteBehavior [ RunTime:0.000022s ]
INFO: [ app_init ] --END-- [ RunTime:0.000607s ]
INFO: [ app_begin ] --START--
INFO: Run Behavior\ReadHtmlCacheBehavior [ RunTime:0.000945s ]
INFO: [ app_begin ] --END-- [ RunTime:0.001021s ]
SQL: SHOW COLUMNS FROM `qzvideo_admin` [ RunTime:0.0621s ]
SQL: SELECT * FROM `qzvideo_admin` WHERE `username` = '小萌萌' AND `password` = '439a28c324f83bab1c64336cd95a31e9' LIMIT 1   [ RunTime:0.0043s ]
SQL: UPDATE `qzvideo_admin` SET `lastloginip`='59.49.50.200',`lastlogintime`='16-10-18 09:10:22' WHERE `username` = '小萌萌' AND `password` = '439a28c324f83bab1c64336cd95a31e9' AND `userid` = 73 [ RunTime:0.0304s ]
INFO: [ view_parse ] --START--
INFO: [ template_filter ] --START--
INFO: Run Behavior\ContentReplaceBehavior [ RunTime:0.000074s ]
INFO: [ template_filter ] --END-- [ RunTime:0.000142s ]
INFO: Run Behavior\ParseTemplateBehavior [ RunTime:0.010508s ]
INFO: [ view_parse ] --END-- [ RunTime:0.010592s ]
INFO: [ view_filter ] --START--
INFO: Run Behavior\WriteHtmlCacheBehavior [ RunTime:0.001014s ]
INFO: [ view_filter ] --END-- [ RunTime:0.001076s ]
INFO: [ app_end ] --START--
INFO: Run Behavior\ShowPageTraceBehavior [ RunTime:0.001279s ]
INFO: [ app_end ] --END-- [ RunTime:0.001345s ]

[ 2016-10-18T21:41:24+08:00 ] 59.49.50.200 /qzvs/admin.php/Home/Index/index
INFO: [ app_init ] --START--
INFO: Run Behavior\BuildLiteBehavior [ RunTime:0.000022s ]
INFO: [ app_init ] --END-- [ RunTime:0.000586s ]
INFO: [ app_begin ] --START--
INFO: Run Behavior\ReadHtmlCacheBehavior [ RunTime:0.001037s ]
INFO: [ app_begin ] --END-- [ RunTime:0.001114s ]
SQL: SHOW COLUMNS FROM `qzvideo_admin_role` [ RunTime:0.0411s ]
SQL: SELECT * FROM `qzvideo_admin_role`  [ RunTime:0.0004s ]
SQL: SHOW COLUMNS FROM `qzvideo_admin` [ RunTime:0.0107s ]
SQL: SELECT * FROM `qzvideo_admin` WHERE `username` = '小萌萌' LIMIT 1   [ RunTime:0.0005s ]
SQL: SHOW COLUMNS FROM `qzvideo_category` [ RunTime:0.0097s ]
SQL: SELECT * FROM `qzvideo_category`  [ RunTime:0.0032s ]
SQL: SELECT * FROM `qzvideo_category`  [ RunTime:0.0005s ]
NOTIC: [8] Use of undefined constant 超级管理员 - assumed '超级管理员' D:\xampp\htdocs\qzvs\Admin\Home\Controller\IndexController.class.php 第 33 行.
NOTIC: [8] Use of undefined constant 幻灯管理员 - assumed '幻灯管理员' D:\xampp\htdocs\qzvs\Admin\Home\Controller\IndexController.class.php 第 36 行.
NOTIC: [8] Use of undefined constant 内容管理员 - assumed '内容管理员' D:\xampp\htdocs\qzvs\Admin\Home\Controller\IndexController.class.php 第 39 行.
NOTIC: [8] Use of undefined constant index_content - assumed 'index_content' D:\xampp\htdocs\qzvs\Admin\Home\Controller\IndexController.class.php 第 40 行.
INFO: [ view_parse ] --START--
INFO: [ template_filter ] --START--
INFO: Run Behavior\ContentReplaceBehavior [ RunTime:0.000162s ]
INFO: [ template_filter ] --END-- [ RunTime:0.000242s ]
INFO: Run Behavior\ParseTemplateBehavior [ RunTime:0.014078s ]
INFO: [ view_parse ] --END-- [ RunTime:0.014170s ]
INFO: [ view_filter ] --START--
INFO: Run Behavior\WriteHtmlCacheBehavior [ RunTime:0.000735s ]
INFO: [ view_filter ] --END-- [ RunTime:0.000794s ]
INFO: [ app_end ] --START--
INFO: Run Behavior\ShowPageTraceBehavior [ RunTime:0.001000s ]
INFO: [ app_end ] --END-- [ RunTime:0.001076s ]

[ 2016-10-18T21:41:24+08:00 ] 59.49.50.200 /qzvs/admin.php/Home/Index/index_v1.html?v=4.0
INFO: [ app_init ] --START--
INFO: Run Behavior\BuildLiteBehavior [ RunTime:0.000022s ]
INFO: [ app_init ] --END-- [ RunTime:0.000744s ]
INFO: [ app_begin ] --START--
INFO: Run Behavior\ReadHtmlCacheBehavior [ RunTime:0.001546s ]
INFO: [ app_begin ] --END-- [ RunTime:0.001625s ]
INFO: [ view_parse ] --START--
INFO: [ template_filter ] --START--
INFO: Run Behavior\ContentReplaceBehavior [ RunTime:0.000112s ]
INFO: [ template_filter ] --END-- [ RunTime:0.000187s ]
INFO: Run Behavior\ParseTemplateBehavior [ RunTime:0.009139s ]
INFO: [ view_parse ] --END-- [ RunTime:0.009226s ]
INFO: [ view_filter ] --START--
INFO: Run Behavior\WriteHtmlCacheBehavior [ RunTime:0.000698s ]
INFO: [ view_filter ] --END-- [ RunTime:0.000759s ]
INFO: [ app_end ] --START--
INFO: Run Behavior\ShowPageTraceBehavior [ RunTime:0.000898s ]
INFO: [ app_end ] --END-- [ RunTime:0.000961s ]

[ 2016-10-18T21:41:24+08:00 ] 59.49.50.200 /qzvs/admin.php/Home/Index/favicon.ico
INFO: [ app_init ] --START--
INFO: Run Behavior\BuildLiteBehavior [ RunTime:0.000022s ]
INFO: [ app_init ] --END-- [ RunTime:0.000570s ]

[ 2016-10-18T21:42:02+08:00 ] 59.49.50.200 /qzvs/admin.php/Home/VideoFile/Addvideo.html?v=4.0
INFO: [ app_init ] --START--
INFO: Run Behavior\BuildLiteBehavior [ RunTime:0.000025s ]
INFO: [ app_init ] --END-- [ RunTime:0.000583s ]
INFO: [ app_begin ] --START--
INFO: Run Behavior\ReadHtmlCacheBehavior [ RunTime:0.000998s ]
INFO: [ app_begin ] --END-- [ RunTime:0.001077s ]
INFO: [ view_parse ] --START--
INFO: [ template_filter ] --START--
INFO: Run Behavior\ContentReplaceBehavior [ RunTime:0.000112s ]
INFO: [ template_filter ] --END-- [ RunTime:0.000194s ]
INFO: Run Behavior\ParseTemplateBehavior [ RunTime:0.009112s ]
INFO: [ view_parse ] --END-- [ RunTime:0.009192s ]
INFO: [ view_filter ] --START--
INFO: Run Behavior\WriteHtmlCacheBehavior [ RunTime:0.000716s ]
INFO: [ view_filter ] --END-- [ RunTime:0.000790s ]
INFO: [ app_end ] --START--
INFO: Run Behavior\ShowPageTraceBehavior [ RunTime:0.000969s ]
INFO: [ app_end ] --END-- [ RunTime:0.001035s ]

[ 2016-10-18T21:42:33+08:00 ] ::1 /qzvs/admin.php/Home/VideoFile/filewrite?name=印象乐.mp4.mp4&cryptname=20161018034233vsWTLeIrQav32.mp4
INFO: [ app_init ] --START--
INFO: Run Behavior\BuildLiteBehavior [ RunTime:0.000024s ]
INFO: [ app_init ] --END-- [ RunTime:0.000619s ]
INFO: [ app_begin ] --START--
INFO: Run Behavior\ReadHtmlCacheBehavior [ RunTime:0.001038s ]
INFO: [ app_begin ] --END-- [ RunTime:0.001134s ]
SQL: SHOW COLUMNS FROM `qzvideo_file` [ RunTime:0.0189s ]
SQL: INSERT INTO `qzvideo_file` (`filename`,`cryptname`,`createtime`) VALUES ('印象乐.mp4.mp4','20161018034233vsWTLeIrQav32.mp4','2016-10-18') [ RunTime:0.0004s ]
INFO: [ app_end ] --START--
INFO: Run Behavior\ShowPageTraceBehavior [ RunTime:0.001995s ]
INFO: [ app_end ] --END-- [ RunTime:0.002071s ]

[ 2016-10-18T21:44:47+08:00 ] 59.49.50.200 /qzvs/admin.php/Home/Video/Add.html?v=4.0
INFO: [ app_init ] --START--
INFO: Run Behavior\BuildLiteBehavior [ RunTime:0.000023s ]
INFO: [ app_init ] --END-- [ RunTime:0.000582s ]
INFO: [ app_begin ] --START--
INFO: Run Behavior\ReadHtmlCacheBehavior [ RunTime:0.000821s ]
INFO: [ app_begin ] --END-- [ RunTime:0.000898s ]
SQL: SHOW COLUMNS FROM `qzvideo_category` [ RunTime:0.0108s ]
SQL: SELECT * FROM `qzvideo_category`  [ RunTime:0.0005s ]
SQL: SHOW COLUMNS FROM `qzvideo_file` [ RunTime:0.0163s ]
SQL: SELECT * FROM `qzvideo_file` WHERE `createtime` = '2016-10-18' ORDER BY id desc LIMIT 8   [ RunTime:0.0004s ]
SQL: SHOW COLUMNS FROM `qzvideo_lable` [ RunTime:0.0154s ]
SQL: SELECT * FROM `qzvideo_lable`  [ RunTime:0.0005s ]
NOTIC: [8] Use of undefined constant add - assumed 'add' D:\xampp\htdocs\qzvs\Admin\Home\Controller\VideoController.class.php 第 85 行.
INFO: [ view_parse ] --START--
INFO: [ template_filter ] --START--
INFO: Run Behavior\ContentReplaceBehavior [ RunTime:0.000207s ]
INFO: [ template_filter ] --END-- [ RunTime:0.000275s ]
NOTIC: [8] Undefined variable: info D:\xampp\htdocs\qzvs\Admin\Runtime\Cache\Home\8d1e6f506ffe6fd6422c219b9f016813.php 第 115 行.
NOTIC: [8] Undefined variable: info D:\xampp\htdocs\qzvs\Admin\Runtime\Cache\Home\8d1e6f506ffe6fd6422c219b9f016813.php 第 122 行.
NOTIC: [8] Undefined variable: info D:\xampp\htdocs\qzvs\Admin\Runtime\Cache\Home\8d1e6f506ffe6fd6422c219b9f016813.php 第 129 行.
NOTIC: [8] Undefined variable: info D:\xampp\htdocs\qzvs\Admin\Runtime\Cache\Home\8d1e6f506ffe6fd6422c219b9f016813.php 第 143 行.
INFO: Run Behavior\ParseTemplateBehavior [ RunTime:0.014215s ]
INFO: [ view_parse ] --END-- [ RunTime:0.014308s ]
INFO: [ view_filter ] --START--
INFO: Run Behavior\WriteHtmlCacheBehavior [ RunTime:0.000482s ]
INFO: [ view_filter ] --END-- [ RunTime:0.000543s ]
INFO: [ app_end ] --START--
INFO: Run Behavior\ShowPageTraceBehavior [ RunTime:0.000826s ]
INFO: [ app_end ] --END-- [ RunTime:0.000895s ]

[ 2016-10-18T21:44:47+08:00 ] 59.49.50.200 /qzvs/admin.php/Home/Video/_/qzvs/Public/asset/js/demo/form-validate-demo.js
INFO: [ app_init ] --START--
INFO: Run Behavior\BuildLiteBehavior [ RunTime:0.000033s ]
INFO: [ app_init ] --END-- [ RunTime:0.000629s ]
INFO: [ app_begin ] --START--
INFO: Run Behavior\ReadHtmlCacheBehavior [ RunTime:0.002073s ]
INFO: [ app_begin ] --END-- [ RunTime:0.002151s ]
ERR: 非法操作:_

[ 2016-10-18T21:49:31+08:00 ] 59.49.50.200 /qzvs/admin.php/Home/VideoFile/VideoFileList.html?v=4.0
INFO: [ app_init ] --START--
INFO: Run Behavior\BuildLiteBehavior [ RunTime:0.000022s ]
INFO: [ app_init ] --END-- [ RunTime:0.000586s ]
INFO: [ app_begin ] --START--
INFO: Run Behavior\ReadHtmlCacheBehavior [ RunTime:0.000992s ]
INFO: [ app_begin ] --END-- [ RunTime:0.001072s ]
SQL: SHOW COLUMNS FROM `qzvideo_file` [ RunTime:0.0160s ]
SQL: SELECT COUNT(*) AS tp_count FROM `qzvideo_file` LIMIT 1   [ RunTime:0.0003s ]
SQL: SELECT * FROM `qzvideo_file` ORDER BY id desc LIMIT 0,20   [ RunTime:0.0005s ]
INFO: [ view_parse ] --START--
INFO: [ template_filter ] --START--
INFO: Run Behavior\ContentReplaceBehavior [ RunTime:0.000109s ]
INFO: [ template_filter ] --END-- [ RunTime:0.000190s ]
INFO: Run Behavior\ParseTemplateBehavior [ RunTime:0.012606s ]
INFO: [ view_parse ] --END-- [ RunTime:0.012696s ]
INFO: [ view_filter ] --START--
INFO: Run Behavior\WriteHtmlCacheBehavior [ RunTime:0.001011s ]
INFO: [ view_filter ] --END-- [ RunTime:0.001074s ]
INFO: [ app_end ] --START--
INFO: Run Behavior\ShowPageTraceBehavior [ RunTime:0.001257s ]
INFO: [ app_end ] --END-- [ RunTime:0.001338s ]

[ 2016-10-18T21:49:34+08:00 ] 59.49.50.200 /qzvs/admin.php/Home/VideoFile/VideoFileDel/id/66/filename/20161018034233vsWTLeIrQav32.mp4.html
INFO: [ app_init ] --START--
INFO: Run Behavior\BuildLiteBehavior [ RunTime:0.000026s ]
INFO: [ app_init ] --END-- [ RunTime:0.000641s ]
INFO: [ app_begin ] --START--
INFO: Run Behavior\ReadHtmlCacheBehavior [ RunTime:0.001001s ]
INFO: [ app_begin ] --END-- [ RunTime:0.001084s ]
SQL: SHOW COLUMNS FROM `qzvideo_file` [ RunTime:0.0148s ]
SQL: DELETE FROM `qzvideo_file` WHERE `id` = 66 [ RunTime:0.0005s ]
INFO: [ view_parse ] --START--
INFO: [ template_filter ] --START--
INFO: Run Behavior\ContentReplaceBehavior [ RunTime:0.000076s ]
INFO: [ template_filter ] --END-- [ RunTime:0.000151s ]
INFO: Run Behavior\ParseTemplateBehavior [ RunTime:0.009705s ]
INFO: [ view_parse ] --END-- [ RunTime:0.009809s ]
INFO: [ view_filter ] --START--
INFO: Run Behavior\WriteHtmlCacheBehavior [ RunTime:0.000662s ]
INFO: [ view_filter ] --END-- [ RunTime:0.000723s ]
INFO: [ app_end ] --START--
INFO: Run Behavior\ShowPageTraceBehavior [ RunTime:0.000754s ]
INFO: [ app_end ] --END-- [ RunTime:0.000822s ]

[ 2016-10-18T21:49:35+08:00 ] 59.49.50.200 /qzvs/admin.php/Home/VideoFile/VideoFileList.html
INFO: [ app_init ] --START--
INFO: Run Behavior\BuildLiteBehavior [ RunTime:0.000033s ]
INFO: [ app_init ] --END-- [ RunTime:0.000638s ]
INFO: [ app_begin ] --START--
INFO: Run Behavior\ReadHtmlCacheBehavior [ RunTime:0.000788s ]
INFO: [ app_begin ] --END-- [ RunTime:0.000867s ]
SQL: SHOW COLUMNS FROM `qzvideo_file` [ RunTime:0.0113s ]
SQL: SELECT COUNT(*) AS tp_count FROM `qzvideo_file` LIMIT 1   [ RunTime:0.0003s ]
SQL: SELECT * FROM `qzvideo_file` ORDER BY id desc LIMIT 0,20   [ RunTime:0.0005s ]
INFO: [ view_parse ] --START--
INFO: [ template_filter ] --START--
INFO: Run Behavior\ContentReplaceBehavior [ RunTime:0.000098s ]
INFO: [ template_filter ] --END-- [ RunTime:0.000168s ]
INFO: Run Behavior\ParseTemplateBehavior [ RunTime:0.009898s ]
INFO: [ view_parse ] --END-- [ RunTime:0.009988s ]
INFO: [ view_filter ] --START--
INFO: Run Behavior\WriteHtmlCacheBehavior [ RunTime:0.000471s ]
INFO: [ view_filter ] --END-- [ RunTime:0.000534s ]
INFO: [ app_end ] --START--
INFO: Run Behavior\ShowPageTraceBehavior [ RunTime:0.000758s ]
INFO: [ app_end ] --END-- [ RunTime:0.000825s ]

[ 2016-10-18T21:51:58+08:00 ] 59.49.50.200 /qzvs/admin.php
INFO: [ app_init ] --START--
INFO: Run Behavior\BuildLiteBehavior [ RunTime:0.000022s ]
INFO: [ app_init ] --END-- [ RunTime:0.000677s ]
INFO: [ app_begin ] --START--
INFO: Run Behavior\ReadHtmlCacheBehavior [ RunTime:0.001070s ]
INFO: [ app_begin ] --END-- [ RunTime:0.001146s ]

[ 2016-10-18T21:51:58+08:00 ] 59.49.50.200 /qzvs/admin.php/Home/Index/login/0/cate_id%3D%3E2.html
INFO: [ app_init ] --START--
INFO: Run Behavior\BuildLiteBehavior [ RunTime:0.000021s ]
INFO: [ app_init ] --END-- [ RunTime:0.000534s ]
INFO: [ app_begin ] --START--
INFO: Run Behavior\ReadHtmlCacheBehavior [ RunTime:0.000667s ]
INFO: [ app_begin ] --END-- [ RunTime:0.000743s ]
INFO: [ view_parse ] --START--
INFO: [ template_filter ] --START--
INFO: Run Behavior\ContentReplaceBehavior [ RunTime:0.000074s ]
INFO: [ template_filter ] --END-- [ RunTime:0.000144s ]
INFO: Run Behavior\ParseTemplateBehavior [ RunTime:0.007229s ]
INFO: [ view_parse ] --END-- [ RunTime:0.007301s ]
INFO: [ view_filter ] --START--
INFO: Run Behavior\WriteHtmlCacheBehavior [ RunTime:0.000487s ]
INFO: [ view_filter ] --END-- [ RunTime:0.000549s ]
INFO: [ app_end ] --START--
INFO: Run Behavior\ShowPageTraceBehavior [ RunTime:0.000736s ]
INFO: [ app_end ] --END-- [ RunTime:0.000801s ]

[ 2016-10-18T21:51:58+08:00 ] 59.49.50.200 /qzvs/admin.php/Home/Index/login/0/favicon.ico
INFO: [ app_init ] --START--
INFO: Run Behavior\BuildLiteBehavior [ RunTime:0.000022s ]
INFO: [ app_init ] --END-- [ RunTime:0.000663s ]

[ 2016-10-18T21:52:09+08:00 ] 59.49.50.200 /qzvs/admin.php/Home/Index/login.html
INFO: [ app_init ] --START--
INFO: Run Behavior\BuildLiteBehavior [ RunTime:0.000021s ]
INFO: [ app_init ] --END-- [ RunTime:0.000485s ]
INFO: [ app_begin ] --START--
INFO: Run Behavior\ReadHtmlCacheBehavior [ RunTime:0.000584s ]
INFO: [ app_begin ] --END-- [ RunTime:0.000657s ]
SQL: SHOW COLUMNS FROM `qzvideo_admin` [ RunTime:0.0188s ]
SQL: SELECT * FROM `qzvideo_admin` WHERE `username` = '小萌萌' AND `password` = '439a28c324f83bab1c64336cd95a31e9' LIMIT 1   [ RunTime:0.0005s ]
SQL: UPDATE `qzvideo_admin` SET `lastloginip`='59.49.50.200',`lastlogintime`='16-10-18 09:10:09' WHERE `username` = '小萌萌' AND `password` = '439a28c324f83bab1c64336cd95a31e9' AND `userid` = 73 [ RunTime:0.0050s ]
INFO: [ view_parse ] --START--
INFO: [ template_filter ] --START--
INFO: Run Behavior\ContentReplaceBehavior [ RunTime:0.000077s ]
INFO: [ template_filter ] --END-- [ RunTime:0.000145s ]
INFO: Run Behavior\ParseTemplateBehavior [ RunTime:0.006778s ]
INFO: [ view_parse ] --END-- [ RunTime:0.006859s ]
INFO: [ view_filter ] --START--
INFO: Run Behavior\WriteHtmlCacheBehavior [ RunTime:0.000326s ]
INFO: [ view_filter ] --END-- [ RunTime:0.000384s ]
INFO: [ app_end ] --START--
INFO: Run Behavior\ShowPageTraceBehavior [ RunTime:0.000617s ]
INFO: [ app_end ] --END-- [ RunTime:0.000685s ]

[ 2016-10-18T21:52:10+08:00 ] 59.49.50.200 /qzvs/admin.php/Home/Index/index
INFO: [ app_init ] --START--
INFO: Run Behavior\BuildLiteBehavior [ RunTime:0.000023s ]
INFO: [ app_init ] --END-- [ RunTime:0.000518s ]
INFO: [ app_begin ] --START--
INFO: Run Behavior\ReadHtmlCacheBehavior [ RunTime:0.000590s ]
INFO: [ app_begin ] --END-- [ RunTime:0.000662s ]
SQL: SHOW COLUMNS FROM `qzvideo_admin_role` [ RunTime:0.0147s ]
SQL: SELECT * FROM `qzvideo_admin_role`  [ RunTime:0.0005s ]
SQL: SHOW COLUMNS FROM `qzvideo_admin` [ RunTime:0.0254s ]
SQL: SELECT * FROM `qzvideo_admin` WHERE `username` = '小萌萌' LIMIT 1   [ RunTime:0.0005s ]
SQL: SHOW COLUMNS FROM `qzvideo_category` [ RunTime:0.0176s ]
SQL: SELECT * FROM `qzvideo_category`  [ RunTime:0.0006s ]
SQL: SELECT * FROM `qzvideo_category`  [ RunTime:0.0005s ]
NOTIC: [8] Use of undefined constant 超级管理员 - assumed '超级管理员' D:\xampp\htdocs\qzvs\Admin\Home\Controller\IndexController.class.php 第 33 行.
NOTIC: [8] Use of undefined constant 幻灯管理员 - assumed '幻灯管理员' D:\xampp\htdocs\qzvs\Admin\Home\Controller\IndexController.class.php 第 36 行.
NOTIC: [8] Use of undefined constant 内容管理员 - assumed '内容管理员' D:\xampp\htdocs\qzvs\Admin\Home\Controller\IndexController.class.php 第 39 行.
NOTIC: [8] Use of undefined constant index_content - assumed 'index_content' D:\xampp\htdocs\qzvs\Admin\Home\Controller\IndexController.class.php 第 40 行.
INFO: [ view_parse ] --START--
INFO: [ template_filter ] --START--
INFO: Run Behavior\ContentReplaceBehavior [ RunTime:0.000166s ]
INFO: [ template_filter ] --END-- [ RunTime:0.000252s ]
INFO: Run Behavior\ParseTemplateBehavior [ RunTime:0.012687s ]
INFO: [ view_parse ] --END-- [ RunTime:0.012764s ]
INFO: [ view_filter ] --START--
INFO: Run Behavior\WriteHtmlCacheBehavior [ RunTime:0.000365s ]
INFO: [ view_filter ] --END-- [ RunTime:0.000423s ]
INFO: [ app_end ] --START--
INFO: Run Behavior\ShowPageTraceBehavior [ RunTime:0.000632s ]
INFO: [ app_end ] --END-- [ RunTime:0.000697s ]

[ 2016-10-18T21:52:10+08:00 ] 59.49.50.200 /qzvs/admin.php/Home/Index/index_v1.html?v=4.0
INFO: [ app_init ] --START--
INFO: Run Behavior\BuildLiteBehavior [ RunTime:0.000021s ]
INFO: [ app_init ] --END-- [ RunTime:0.000478s ]
INFO: [ app_begin ] --START--
INFO: Run Behavior\ReadHtmlCacheBehavior [ RunTime:0.000587s ]
INFO: [ app_begin ] --END-- [ RunTime:0.000663s ]
INFO: [ view_parse ] --START--
INFO: [ template_filter ] --START--
INFO: Run Behavior\ContentReplaceBehavior [ RunTime:0.000114s ]
INFO: [ template_filter ] --END-- [ RunTime:0.000189s ]
INFO: Run Behavior\ParseTemplateBehavior [ RunTime:0.007838s ]
INFO: [ view_parse ] --END-- [ RunTime:0.007909s ]
INFO: [ view_filter ] --START--
INFO: Run Behavior\WriteHtmlCacheBehavior [ RunTime:0.000344s ]
INFO: [ view_filter ] --END-- [ RunTime:0.000405s ]
INFO: [ app_end ] --START--
INFO: Run Behavior\ShowPageTraceBehavior [ RunTime:0.000569s ]
INFO: [ app_end ] --END-- [ RunTime:0.000630s ]

[ 2016-10-18T21:52:10+08:00 ] 59.49.50.200 /qzvs/admin.php/Home/Index/favicon.ico
INFO: [ app_init ] --START--
INFO: Run Behavior\BuildLiteBehavior [ RunTime:0.000029s ]
INFO: [ app_init ] --END-- [ RunTime:0.001006s ]

[ 2016-10-18T21:52:12+08:00 ] 59.49.50.200 /qzvs/admin.php/Home/VideoFile/Addvideo.html?v=4.0
INFO: [ app_init ] --START--
INFO: Run Behavior\BuildLiteBehavior [ RunTime:0.000021s ]
INFO: [ app_init ] --END-- [ RunTime:0.000486s ]
INFO: [ app_begin ] --START--
INFO: Run Behavior\ReadHtmlCacheBehavior [ RunTime:0.000789s ]
INFO: [ app_begin ] --END-- [ RunTime:0.000889s ]
INFO: [ view_parse ] --START--
INFO: [ template_filter ] --START--
INFO: Run Behavior\ContentReplaceBehavior [ RunTime:0.000104s ]
INFO: [ template_filter ] --END-- [ RunTime:0.000172s ]
INFO: Run Behavior\ParseTemplateBehavior [ RunTime:0.006672s ]
INFO: [ view_parse ] --END-- [ RunTime:0.006750s ]
INFO: [ view_filter ] --START--
INFO: Run Behavior\WriteHtmlCacheBehavior [ RunTime:0.000314s ]
INFO: [ view_filter ] --END-- [ RunTime:0.000384s ]
INFO: [ app_end ] --START--
INFO: Run Behavior\ShowPageTraceBehavior [ RunTime:0.000607s ]
INFO: [ app_end ] --END-- [ RunTime:0.000676s ]

[ 2016-10-18T21:52:31+08:00 ] ::1 /qzvs/admin.php/Home/VideoFile/filewrite?name=印象乐.mp4.mp4&cryptname=20161018035231vsWTLeIrQav32.mp4
INFO: [ app_init ] --START--
INFO: Run Behavior\BuildLiteBehavior [ RunTime:0.000022s ]
INFO: [ app_init ] --END-- [ RunTime:0.000569s ]
INFO: [ app_begin ] --START--
INFO: Run Behavior\ReadHtmlCacheBehavior [ RunTime:0.001214s ]
INFO: [ app_begin ] --END-- [ RunTime:0.001308s ]
SQL: SHOW COLUMNS FROM `qzvideo_file` [ RunTime:0.0197s ]
SQL: INSERT INTO `qzvideo_file` (`filename`,`cryptname`,`createtime`) VALUES ('印象乐.mp4.mp4','20161018035231vsWTLeIrQav32.mp4','2016-10-18') [ RunTime:0.0003s ]
INFO: [ app_end ] --START--
INFO: Run Behavior\ShowPageTraceBehavior [ RunTime:0.001310s ]
INFO: [ app_end ] --END-- [ RunTime:0.001387s ]

[ 2016-10-18T21:56:16+08:00 ] 59.49.50.200 /qzvs/admin.php/Home/Video/Add.html?v=4.0
INFO: [ app_init ] --START--
INFO: Run Behavior\BuildLiteBehavior [ RunTime:0.000023s ]
INFO: [ app_init ] --END-- [ RunTime:0.000560s ]
INFO: [ app_begin ] --START--
INFO: Run Behavior\ReadHtmlCacheBehavior [ RunTime:0.000975s ]
INFO: [ app_begin ] --END-- [ RunTime:0.001052s ]
SQL: SHOW COLUMNS FROM `qzvideo_category` [ RunTime:0.0127s ]
SQL: SELECT * FROM `qzvideo_category`  [ RunTime:0.0005s ]
SQL: SHOW COLUMNS FROM `qzvideo_file` [ RunTime:0.0102s ]
SQL: SELECT * FROM `qzvideo_file` WHERE `createtime` = '2016-10-18' ORDER BY id desc LIMIT 8   [ RunTime:0.0004s ]
SQL: SHOW COLUMNS FROM `qzvideo_lable` [ RunTime:0.0111s ]
SQL: SELECT * FROM `qzvideo_lable`  [ RunTime:0.0004s ]
NOTIC: [8] Use of undefined constant add - assumed 'add' D:\xampp\htdocs\qzvs\Admin\Home\Controller\VideoController.class.php 第 85 行.
INFO: [ view_parse ] --START--
INFO: [ template_filter ] --START--
INFO: Run Behavior\ContentReplaceBehavior [ RunTime:0.000226s ]
INFO: [ template_filter ] --END-- [ RunTime:0.000297s ]
NOTIC: [8] Undefined variable: info D:\xampp\htdocs\qzvs\Admin\Runtime\Cache\Home\8d1e6f506ffe6fd6422c219b9f016813.php 第 115 行.
NOTIC: [8] Undefined variable: info D:\xampp\htdocs\qzvs\Admin\Runtime\Cache\Home\8d1e6f506ffe6fd6422c219b9f016813.php 第 122 行.
NOTIC: [8] Undefined variable: info D:\xampp\htdocs\qzvs\Admin\Runtime\Cache\Home\8d1e6f506ffe6fd6422c219b9f016813.php 第 129 行.
NOTIC: [8] Undefined variable: info D:\xampp\htdocs\qzvs\Admin\Runtime\Cache\Home\8d1e6f506ffe6fd6422c219b9f016813.php 第 143 行.
INFO: Run Behavior\ParseTemplateBehavior [ RunTime:0.015589s ]
INFO: [ view_parse ] --END-- [ RunTime:0.015658s ]
INFO: [ view_filter ] --START--
INFO: Run Behavior\WriteHtmlCacheBehavior [ RunTime:0.000762s ]
INFO: [ view_filter ] --END-- [ RunTime:0.000826s ]
INFO: [ app_end ] --START--
INFO: Run Behavior\ShowPageTraceBehavior [ RunTime:0.001052s ]
INFO: [ app_end ] --END-- [ RunTime:0.001122s ]

[ 2016-10-18T21:56:16+08:00 ] 59.49.50.200 /qzvs/admin.php/Home/Video/_/qzvs/Public/asset/js/demo/form-validate-demo.js
INFO: [ app_init ] --START--
INFO: Run Behavior\BuildLiteBehavior [ RunTime:0.000023s ]
INFO: [ app_init ] --END-- [ RunTime:0.000569s ]
INFO: [ app_begin ] --START--
INFO: Run Behavior\ReadHtmlCacheBehavior [ RunTime:0.001010s ]
INFO: [ app_begin ] --END-- [ RunTime:0.001087s ]
ERR: 非法操作:_

[ 2016-10-18T21:56:23+08:00 ] 59.49.50.200 /qzvs/admin.php/Home/VideoFile/VideoFileList.html?v=4.0
INFO: [ app_init ] --START--
INFO: Run Behavior\BuildLiteBehavior [ RunTime:0.000023s ]
INFO: [ app_init ] --END-- [ RunTime:0.000582s ]
INFO: [ app_begin ] --START--
INFO: Run Behavior\ReadHtmlCacheBehavior [ RunTime:0.000975s ]
INFO: [ app_begin ] --END-- [ RunTime:0.001056s ]
SQL: SHOW COLUMNS FROM `qzvideo_file` [ RunTime:0.0183s ]
SQL: SELECT COUNT(*) AS tp_count FROM `qzvideo_file` LIMIT 1   [ RunTime:0.0003s ]
SQL: SELECT * FROM `qzvideo_file` ORDER BY id desc LIMIT 0,20   [ RunTime:0.0007s ]
INFO: [ view_parse ] --START--
INFO: [ template_filter ] --START--
INFO: Run Behavior\ContentReplaceBehavior [ RunTime:0.000105s ]
INFO: [ template_filter ] --END-- [ RunTime:0.000191s ]
INFO: Run Behavior\ParseTemplateBehavior [ RunTime:0.016479s ]
INFO: [ view_parse ] --END-- [ RunTime:0.016611s ]
INFO: [ view_filter ] --START--
INFO: Run Behavior\WriteHtmlCacheBehavior [ RunTime:0.001908s ]
INFO: [ view_filter ] --END-- [ RunTime:0.001995s ]
INFO: [ app_end ] --START--
INFO: Run Behavior\ShowPageTraceBehavior [ RunTime:0.001615s ]
INFO: [ app_end ] --END-- [ RunTime:0.001726s ]

[ 2016-10-18T22:02:46+08:00 ] 59.49.50.200 /qzvs/admin.php/Home/Video/Add.html
INFO: [ app_init ] --START--
INFO: Run Behavior\BuildLiteBehavior [ RunTime:0.000022s ]
INFO: [ app_init ] --END-- [ RunTime:0.000745s ]
INFO: [ app_begin ] --START--
INFO: Run Behavior\ReadHtmlCacheBehavior [ RunTime:0.001548s ]
INFO: [ app_begin ] --END-- [ RunTime:0.001627s ]
SQL: SHOW COLUMNS FROM `qzvideo_category` [ RunTime:0.0133s ]
SQL: SELECT * FROM `qzvideo_category` WHERE `catname` = '微资讯' LIMIT 1   [ RunTime:0.0005s ]
NOTIC: [2] move_uploaded_file(Public/upload/img/未标题-1.jpg): failed to open stream: Invalid argument D:\xampp\htdocs\qzvs\Admin\Home\Controller\VideoController.class.php 第 99 行.
NOTIC: [2] move_uploaded_file(): Unable to move 'D:\xampp\tmp\phpE592.tmp' to 'Public/upload/img/未标题-1.jpg' D:\xampp\htdocs\qzvs\Admin\Home\Controller\VideoController.class.php 第 99 行.
SQL: SHOW COLUMNS FROM `qzvideo_weishi` [ RunTime:0.0118s ]
NOTIC: [8] Undefined offset: 0 D:\xampp\htdocs\qzvs\ThinkPHP\Library\Think\Db\Driver.class.php 第 803 行.
NOTIC: [8] Undefined offset: 0 D:\xampp\htdocs\qzvs\ThinkPHP\Library\Think\Db\Driver.class.php 第 803 行.
SQL: INSERT INTO `qzvideo_weishi` (`title`,`keywords`,`director`,`performer`,`content`,`description`,`inputtime`,`teamdes`,`guest`,`length`,`catid`,`thumb`,`bigpic`,`top`,`authorthum`,`username`,`url`,`lable`) VALUES ('纪念长征胜利80周年暨2016年高雅艺术进校园山西国际文化交流中心歌舞剧院太原爱音乐团专场演出','','','','&lt;p&gt;&lt;font color=&quot;#000000&quot;&gt;本次演出由&lt;/font&gt;&lt;font color=&quot;#000000&quot;&gt;10&lt;/font&gt;&lt;font color=&quot;#000000&quot;&gt;个节目组成，内容丰富，将红军革命精神、中国古典艺术、西洋文化、思乡情怀、民族气息、凄美爱情交错在一起，充满新意。芭蕾舞剧《红色娘子军》序曲，古筝独奏《瑶族舞曲》，歌剧《江姐》等&lt;/font&gt;&lt;br&gt;&lt;/p&gt;','','1476799366','','','','26','http://123.57.30.41/qzvs/Public/upload/img/未标题-1.jpg','http://123.57.30.41/qzvs/Public/upload/img/','http://123.57.30.41/qzvs/Public/upload/img/','http://123.57.30.41/qzvs/Public/upload/img/','小萌萌','20161018035231vsWTLeIrQav32.mp4','时事热点') [ RunTime:0.0542s ]
NOTIC: [8] Undefined index: mapping_name D:\xampp\htdocs\qzvs\ThinkPHP\Library\Think\Model\RelationModel.class.php 第 259 行.
SQL: SHOW COLUMNS FROM `qzvideo_keyword` [ RunTime:0.0219s ]
SQL: INSERT INTO `qzvideo_keyword` (`keydata`,`creattime`,`videoid`) VALUES ('纪念长征胜利80周年暨2016年高雅艺术进校园山西国际文化交流中心歌舞剧院太原爱音乐团专场演出 微资讯 时事热点 ','2016-10-18','40') [ RunTime:0.0253s ]
NOTIC: [8] Undefined index: mapping_name D:\xampp\htdocs\qzvs\ThinkPHP\Library\Think\Model\RelationModel.class.php 第 259 行.
SQL: SHOW COLUMNS FROM `qzvideo_hits` [ RunTime:0.0111s ]
SQL: INSERT INTO `qzvideo_hits` (`videotitle`,`catid`,`updatetime`,`videoid`) VALUES ('纪念长征胜利80周年暨2016年高雅艺术进校园山西国际文化交流中心歌舞剧院太原爱音乐团专场演出','26','16-10-18','40') [ RunTime:0.0152s ]
INFO: [ view_parse ] --START--
INFO: [ template_filter ] --START--
INFO: Run Behavior\ContentReplaceBehavior [ RunTime:0.000073s ]
INFO: [ template_filter ] --END-- [ RunTime:0.000192s ]
INFO: Run Behavior\ParseTemplateBehavior [ RunTime:0.011529s ]
INFO: [ view_parse ] --END-- [ RunTime:0.011605s ]
INFO: [ view_filter ] --START--
INFO: Run Behavior\WriteHtmlCacheBehavior [ RunTime:0.001313s ]
INFO: [ view_filter ] --END-- [ RunTime:0.001375s ]
INFO: [ app_end ] --START--
INFO: Run Behavior\ShowPageTraceBehavior [ RunTime:0.001568s ]
INFO: [ app_end ] --END-- [ RunTime:0.001636s ]

[ 2016-10-18T22:02:47+08:00 ] 59.49.50.200 /qzvs/admin.php/Home/Video/Add.html?v=4.0
INFO: [ app_init ] --START--
INFO: Run Behavior\BuildLiteBehavior [ RunTime:0.000023s ]
INFO: [ app_init ] --END-- [ RunTime:0.000592s ]
INFO: [ app_begin ] --START--
INFO: Run Behavior\ReadHtmlCacheBehavior [ RunTime:0.000980s ]
INFO: [ app_begin ] --END-- [ RunTime:0.001063s ]
SQL: SHOW COLUMNS FROM `qzvideo_category` [ RunTime:0.0134s ]
SQL: SELECT * FROM `qzvideo_category`  [ RunTime:0.0006s ]
SQL: SHOW COLUMNS FROM `qzvideo_file` [ RunTime:0.0145s ]
SQL: SELECT * FROM `qzvideo_file` WHERE `createtime` = '2016-10-18' ORDER BY id desc LIMIT 8   [ RunTime:0.0005s ]
SQL: SHOW COLUMNS FROM `qzvideo_lable` [ RunTime:0.0220s ]
SQL: SELECT * FROM `qzvideo_lable`  [ RunTime:0.0005s ]
NOTIC: [8] Use of undefined constant add - assumed 'add' D:\xampp\htdocs\qzvs\Admin\Home\Controller\VideoController.class.php 第 85 行.
INFO: [ view_parse ] --START--
INFO: [ template_filter ] --START--
INFO: Run Behavior\ContentReplaceBehavior [ RunTime:0.000228s ]
INFO: [ template_filter ] --END-- [ RunTime:0.000313s ]
NOTIC: [8] Undefined variable: info D:\xampp\htdocs\qzvs\Admin\Runtime\Cache\Home\8d1e6f506ffe6fd6422c219b9f016813.php 第 115 行.
NOTIC: [8] Undefined variable: info D:\xampp\htdocs\qzvs\Admin\Runtime\Cache\Home\8d1e6f506ffe6fd6422c219b9f016813.php 第 122 行.
NOTIC: [8] Undefined variable: info D:\xampp\htdocs\qzvs\Admin\Runtime\Cache\Home\8d1e6f506ffe6fd6422c219b9f016813.php 第 129 行.
NOTIC: [8] Undefined variable: info D:\xampp\htdocs\qzvs\Admin\Runtime\Cache\Home\8d1e6f506ffe6fd6422c219b9f016813.php 第 143 行.
INFO: Run Behavior\ParseTemplateBehavior [ RunTime:0.014279s ]
INFO: [ view_parse ] --END-- [ RunTime:0.014353s ]
INFO: [ view_filter ] --START--
INFO: Run Behavior\WriteHtmlCacheBehavior [ RunTime:0.000738s ]
INFO: [ view_filter ] --END-- [ RunTime:0.000801s ]
INFO: [ app_end ] --START--
INFO: Run Behavior\ShowPageTraceBehavior [ RunTime:0.000971s ]
INFO: [ app_end ] --END-- [ RunTime:0.001041s ]

[ 2016-10-18T22:02:47+08:00 ] 59.49.50.200 /qzvs/admin.php/Home/Video/_/qzvs/Public/asset/js/demo/form-validate-demo.js
INFO: [ app_init ] --START--
INFO: Run Behavior\BuildLiteBehavior [ RunTime:0.000026s ]
INFO: [ app_init ] --END-- [ RunTime:0.000852s ]
INFO: [ app_begin ] --START--
INFO: Run Behavior\ReadHtmlCacheBehavior [ RunTime:0.001574s ]
INFO: [ app_begin ] --END-- [ RunTime:0.001652s ]
ERR: 非法操作:_

[ 2016-10-18T22:11:04+08:00 ] 59.49.50.199 /qzvs/admin.php
INFO: [ app_init ] --START--
INFO: Run Behavior\BuildLiteBehavior [ RunTime:0.000020s ]
INFO: [ app_init ] --END-- [ RunTime:0.000563s ]
INFO: [ app_begin ] --START--
INFO: Run Behavior\ReadHtmlCacheBehavior [ RunTime:0.001221s ]
INFO: [ app_begin ] --END-- [ RunTime:0.001299s ]

[ 2016-10-18T22:11:04+08:00 ] 59.49.50.199 /qzvs/admin.php/Home/Index/login/0/cate_id%3D%3E2.html
INFO: [ app_init ] --START--
INFO: Run Behavior\BuildLiteBehavior [ RunTime:0.000020s ]
INFO: [ app_init ] --END-- [ RunTime:0.000568s ]
INFO: [ app_begin ] --START--
INFO: Run Behavior\ReadHtmlCacheBehavior [ RunTime:0.001171s ]
INFO: [ app_begin ] --END-- [ RunTime:0.001249s ]
INFO: [ view_parse ] --START--
INFO: [ template_filter ] --START--
INFO: Run Behavior\ContentReplaceBehavior [ RunTime:0.000080s ]
INFO: [ template_filter ] --END-- [ RunTime:0.000155s ]
INFO: Run Behavior\ParseTemplateBehavior [ RunTime:0.011434s ]
INFO: [ view_parse ] --END-- [ RunTime:0.011511s ]
INFO: [ view_filter ] --START--
INFO: Run Behavior\WriteHtmlCacheBehavior [ RunTime:0.001786s ]
INFO: [ view_filter ] --END-- [ RunTime:0.001851s ]
INFO: [ app_end ] --START--
INFO: Run Behavior\ShowPageTraceBehavior [ RunTime:0.002128s ]
INFO: [ app_end ] --END-- [ RunTime:0.002194s ]

[ 2016-10-18T22:11:04+08:00 ] 59.49.50.199 /qzvs/admin.php/Home/Index/login/0/favicon.ico
INFO: [ app_init ] --START--
INFO: Run Behavior\BuildLiteBehavior [ RunTime:0.000024s ]
INFO: [ app_init ] --END-- [ RunTime:0.000568s ]

[ 2016-10-18T22:11:07+08:00 ] 59.49.50.199 /qzvs/admin.php/Home/Index/login.html
INFO: [ app_init ] --START--
INFO: Run Behavior\BuildLiteBehavior [ RunTime:0.000021s ]
INFO: [ app_init ] --END-- [ RunTime:0.000543s ]
INFO: [ app_begin ] --START--
INFO: Run Behavior\ReadHtmlCacheBehavior [ RunTime:0.000940s ]
INFO: [ app_begin ] --END-- [ RunTime:0.001020s ]
SQL: SHOW COLUMNS FROM `qzvideo_admin` [ RunTime:0.0142s ]
SQL: SELECT * FROM `qzvideo_admin` WHERE `username` = '采薇' AND `password` = 'e10adc3949ba59abbe56e057f20f883e' LIMIT 1   [ RunTime:0.0006s ]
SQL: UPDATE `qzvideo_admin` SET `lastloginip`='59.49.50.199',`lastlogintime`='16-10-18 10:10:07' WHERE `username` = '采薇' AND `password` = 'e10adc3949ba59abbe56e057f20f883e' AND `userid` = 66 [ RunTime:0.0137s ]
INFO: [ view_parse ] --START--
INFO: [ template_filter ] --START--
INFO: Run Behavior\ContentReplaceBehavior [ RunTime:0.000099s ]
INFO: [ template_filter ] --END-- [ RunTime:0.000175s ]
INFO: Run Behavior\ParseTemplateBehavior [ RunTime:0.008320s ]
INFO: [ view_parse ] --END-- [ RunTime:0.008403s ]
INFO: [ view_filter ] --START--
INFO: Run Behavior\WriteHtmlCacheBehavior [ RunTime:0.000669s ]
INFO: [ view_filter ] --END-- [ RunTime:0.000741s ]
INFO: [ app_end ] --START--
INFO: Run Behavior\ShowPageTraceBehavior [ RunTime:0.001023s ]
INFO: [ app_end ] --END-- [ RunTime:0.001091s ]

[ 2016-10-18T22:11:09+08:00 ] 59.49.50.199 /qzvs/admin.php/Home/Index/index
INFO: [ app_init ] --START--
INFO: Run Behavior\BuildLiteBehavior [ RunTime:0.000022s ]
INFO: [ app_init ] --END-- [ RunTime:0.000762s ]
INFO: [ app_begin ] --START--
INFO: Run Behavior\ReadHtmlCacheBehavior [ RunTime:0.001329s ]
INFO: [ app_begin ] --END-- [ RunTime:0.001408s ]
SQL: SHOW COLUMNS FROM `qzvideo_admin_role` [ RunTime:0.0115s ]
SQL: SELECT * FROM `qzvideo_admin_role`  [ RunTime:0.0004s ]
SQL: SHOW COLUMNS FROM `qzvideo_admin` [ RunTime:0.0137s ]
SQL: SELECT * FROM `qzvideo_admin` WHERE `username` = '采薇' LIMIT 1   [ RunTime:0.0004s ]
SQL: SHOW COLUMNS FROM `qzvideo_category` [ RunTime:0.0176s ]
SQL: SELECT * FROM `qzvideo_category`  [ RunTime:0.0005s ]
SQL: SELECT * FROM `qzvideo_category`  [ RunTime:0.0004s ]
NOTIC: [8] Use of undefined constant 超级管理员 - assumed '超级管理员' D:\xampp\htdocs\qzvs\Admin\Home\Controller\IndexController.class.php 第 33 行.
NOTIC: [8] Use of undefined constant index - assumed 'index' D:\xampp\htdocs\qzvs\Admin\Home\Controller\IndexController.class.php 第 34 行.
INFO: [ view_parse ] --START--
INFO: [ template_filter ] --START--
INFO: Run Behavior\ContentReplaceBehavior [ RunTime:0.000229s ]
INFO: [ template_filter ] --END-- [ RunTime:0.000313s ]
INFO: Run Behavior\ParseTemplateBehavior [ RunTime:0.016154s ]
INFO: [ view_parse ] --END-- [ RunTime:0.016227s ]
INFO: [ view_filter ] --START--
INFO: Run Behavior\WriteHtmlCacheBehavior [ RunTime:0.000813s ]
INFO: [ view_filter ] --END-- [ RunTime:0.000874s ]
INFO: [ app_end ] --START--
INFO: Run Behavior\ShowPageTraceBehavior [ RunTime:0.001047s ]
INFO: [ app_end ] --END-- [ RunTime:0.001117s ]

[ 2016-10-18T22:11:09+08:00 ] 59.49.50.199 /qzvs/admin.php/Home/Index/index_v1.html?v=4.0
INFO: [ app_init ] --START--
INFO: Run Behavior\BuildLiteBehavior [ RunTime:0.000025s ]
INFO: [ app_init ] --END-- [ RunTime:0.000583s ]
INFO: [ app_begin ] --START--
INFO: Run Behavior\ReadHtmlCacheBehavior [ RunTime:0.001243s ]
INFO: [ app_begin ] --END-- [ RunTime:0.001320s ]
INFO: [ view_parse ] --START--
INFO: [ template_filter ] --START--
INFO: Run Behavior\ContentReplaceBehavior [ RunTime:0.000114s ]
INFO: [ template_filter ] --END-- [ RunTime:0.000190s ]
INFO: Run Behavior\ParseTemplateBehavior [ RunTime:0.009848s ]
INFO: [ view_parse ] --END-- [ RunTime:0.009922s ]
INFO: [ view_filter ] --START--
INFO: Run Behavior\WriteHtmlCacheBehavior [ RunTime:0.000938s ]
INFO: [ view_filter ] --END-- [ RunTime:0.001000s ]
INFO: [ app_end ] --START--
INFO: Run Behavior\ShowPageTraceBehavior [ RunTime:0.001238s ]
INFO: [ app_end ] --END-- [ RunTime:0.001312s ]

[ 2016-10-18T22:11:09+08:00 ] 59.49.50.199 /qzvs/admin.php/Home/Index/favicon.ico
INFO: [ app_init ] --START--
INFO: Run Behavior\BuildLiteBehavior [ RunTime:0.000026s ]
INFO: [ app_init ] --END-- [ RunTime:0.000942s ]

[ 2016-10-18T22:11:26+08:00 ] 59.49.50.199 /qzvs/admin.php/Home/Video/Showlist/type/weidianying.html?v=4.0
INFO: [ app_init ] --START--
INFO: Run Behavior\BuildLiteBehavior [ RunTime:0.000022s ]
INFO: [ app_init ] --END-- [ RunTime:0.000799s ]
INFO: [ app_begin ] --START--
INFO: Run Behavior\ReadHtmlCacheBehavior [ RunTime:0.001282s ]
INFO: [ app_begin ] --END-- [ RunTime:0.001360s ]
SQL: SHOW COLUMNS FROM `qzvideo_category` [ RunTime:0.0118s ]
SQL: SELECT * FROM `qzvideo_category` WHERE (  `letter` = 'weidianying' OR `catname` = 'weidianying' ) LIMIT 1   [ RunTime:0.0005s ]
SQL: SHOW COLUMNS FROM `qzvideo_weishi` [ RunTime:0.0101s ]
SQL: SELECT COUNT(*) AS tp_count FROM `qzvideo_weishi` WHERE `catid` = 25 LIMIT 1   [ RunTime:0.0003s ]
SQL: SELECT `id`,`catid`,`title`,`thumb`,`keywords`,`description`,`content`,`url`,`username`,`inputtime`,`updatetime`,`director`,`performer`,`length`,`Score`,`bigpic`,`top`,`discipline`,`authorthum`,`up`,`picplayer`,`teamdes`,`directoraim`,`guest`,`hits`,`specialid`,`lable`,`zan` FROM `qzvideo_weishi` WHERE `catid` = 25 ORDER BY id desc LIMIT 0,10   [ RunTime:0.0005s ]
INFO: [ view_parse ] --START--
INFO: [ template_filter ] --START--
INFO: Run Behavior\ContentReplaceBehavior [ RunTime:0.000112s ]
INFO: [ template_filter ] --END-- [ RunTime:0.000187s ]
INFO: Run Behavior\ParseTemplateBehavior [ RunTime:0.010716s ]
INFO: [ view_parse ] --END-- [ RunTime:0.010792s ]
INFO: [ view_filter ] --START--
INFO: Run Behavior\WriteHtmlCacheBehavior [ RunTime:0.000732s ]
INFO: [ view_filter ] --END-- [ RunTime:0.000796s ]
INFO: [ app_end ] --START--
INFO: Run Behavior\ShowPageTraceBehavior [ RunTime:0.000891s ]
INFO: [ app_end ] --END-- [ RunTime:0.000954s ]

[ 2016-10-18T22:11:27+08:00 ] 59.49.50.199 /qzvs/admin.php/Home/Video/Showlist/type/_JSURL__/content.js?v=1.0.0
INFO: [ app_init ] --START--
INFO: Run Behavior\BuildLiteBehavior [ RunTime:0.000032s ]
INFO: [ app_init ] --END-- [ RunTime:0.001425s ]
INFO: [ app_begin ] --START--
INFO: Run Behavior\ReadHtmlCacheBehavior [ RunTime:0.004448s ]
INFO: [ app_begin ] --END-- [ RunTime:0.004538s ]
SQL: SHOW COLUMNS FROM `qzvideo_category` [ RunTime:0.0170s ]
SQL: SELECT * FROM `qzvideo_category` WHERE (  `letter` = '_JSURL__' OR `catname` = '_JSURL__' ) LIMIT 1   [ RunTime:0.0006s ]
SQL: SHOW COLUMNS FROM `qzvideo_weishi` [ RunTime:0.0126s ]
SQL: SELECT COUNT(*) AS tp_count FROM `qzvideo_weishi` WHERE `catid` = null LIMIT 1   [ RunTime:0.0004s ]
SQL: SELECT `id`,`catid`,`title`,`thumb`,`keywords`,`description`,`content`,`url`,`username`,`inputtime`,`updatetime`,`director`,`performer`,`length`,`Score`,`bigpic`,`top`,`discipline`,`authorthum`,`up`,`picplayer`,`teamdes`,`directoraim`,`guest`,`hits`,`specialid`,`lable`,`zan` FROM `qzvideo_weishi` WHERE `catid` = null ORDER BY id desc LIMIT 0,10   [ RunTime:0.0010s ]
INFO: [ view_parse ] --START--
INFO: [ template_filter ] --START--
INFO: Run Behavior\ContentReplaceBehavior [ RunTime:0.000111s ]
INFO: [ template_filter ] --END-- [ RunTime:0.000178s ]
INFO: Run Behavior\ParseTemplateBehavior [ RunTime:0.010903s ]
INFO: [ view_parse ] --END-- [ RunTime:0.010985s ]
INFO: [ view_filter ] --START--
INFO: Run Behavior\WriteHtmlCacheBehavior [ RunTime:0.000663s ]
INFO: [ view_filter ] --END-- [ RunTime:0.000725s ]
INFO: [ app_end ] --START--
INFO: Run Behavior\ShowPageTraceBehavior [ RunTime:0.000962s ]
INFO: [ app_end ] --END-- [ RunTime:0.001102s ]

[ 2016-10-18T22:11:27+08:00 ] 59.49.50.199 /qzvs/admin.php/Home/Video/Showlist/type/_JSURL__/bootstrap.min.js?v=3.3.5
INFO: [ app_init ] --START--
INFO: Run Behavior\BuildLiteBehavior [ RunTime:0.000024s ]
INFO: [ app_init ] --END-- [ RunTime:0.001742s ]
INFO: [ app_begin ] --START--
INFO: Run Behavior\ReadHtmlCacheBehavior [ RunTime:0.001255s ]
INFO: [ app_begin ] --END-- [ RunTime:0.001336s ]
SQL: SHOW COLUMNS FROM `qzvideo_category` [ RunTime:0.0142s ]
SQL: SELECT * FROM `qzvideo_category` WHERE (  `letter` = '_JSURL__' OR `catname` = '_JSURL__' ) LIMIT 1   [ RunTime:0.0006s ]
SQL: SHOW COLUMNS FROM `qzvideo_weishi` [ RunTime:0.0116s ]
SQL: SELECT COUNT(*) AS tp_count FROM `qzvideo_weishi` WHERE `catid` = null LIMIT 1   [ RunTime:0.0004s ]
SQL: SELECT `id`,`catid`,`title`,`thumb`,`keywords`,`description`,`content`,`url`,`username`,`inputtime`,`updatetime`,`director`,`performer`,`length`,`Score`,`bigpic`,`top`,`discipline`,`authorthum`,`up`,`picplayer`,`teamdes`,`directoraim`,`guest`,`hits`,`specialid`,`lable`,`zan` FROM `qzvideo_weishi` WHERE `catid` = null ORDER BY id desc LIMIT 0,10   [ RunTime:0.0005s ]
INFO: [ view_parse ] --START--
INFO: [ template_filter ] --START--
INFO: Run Behavior\ContentReplaceBehavior [ RunTime:0.000116s ]
INFO: [ template_filter ] --END-- [ RunTime:0.000201s ]
INFO: Run Behavior\ParseTemplateBehavior [ RunTime:0.010901s ]
INFO: [ view_parse ] --END-- [ RunTime:0.011006s ]
INFO: [ view_filter ] --START--
INFO: Run Behavior\WriteHtmlCacheBehavior [ RunTime:0.001370s ]
INFO: [ view_filter ] --END-- [ RunTime:0.001470s ]
INFO: [ app_end ] --START--
INFO: Run Behavior\ShowPageTraceBehavior [ RunTime:0.001931s ]
INFO: [ app_end ] --END-- [ RunTime:0.002021s ]

[ 2016-10-18T22:11:27+08:00 ] 59.49.50.199 /qzvs/admin.php/Home/Video/Showlist/type/_JSURL__/plugins/peity/jquery.peity.min.js
INFO: [ app_init ] --START--
INFO: Run Behavior\BuildLiteBehavior [ RunTime:0.000023s ]
INFO: [ app_init ] --END-- [ RunTime:0.000586s ]
INFO: [ app_begin ] --START--
INFO: Run Behavior\ReadHtmlCacheBehavior [ RunTime:0.002535s ]
INFO: [ app_begin ] --END-- [ RunTime:0.002631s ]
SQL: SHOW COLUMNS FROM `qzvideo_category` [ RunTime:0.0122s ]
SQL: SELECT * FROM `qzvideo_category` WHERE (  `letter` = '_JSURL__' OR `catname` = '_JSURL__' ) LIMIT 1   [ RunTime:0.0006s ]
SQL: SHOW COLUMNS FROM `qzvideo_weishi` [ RunTime:0.0119s ]
SQL: SELECT COUNT(*) AS tp_count FROM `qzvideo_weishi` WHERE `catid` = null LIMIT 1   [ RunTime:0.0005s ]
SQL: SELECT `id`,`catid`,`title`,`thumb`,`keywords`,`description`,`content`,`url`,`username`,`inputtime`,`updatetime`,`director`,`performer`,`length`,`Score`,`bigpic`,`top`,`discipline`,`authorthum`,`up`,`picplayer`,`teamdes`,`directoraim`,`guest`,`hits`,`specialid`,`lable`,`zan` FROM `qzvideo_weishi` WHERE `catid` = null ORDER BY id desc LIMIT 0,10   [ RunTime:0.0006s ]
INFO: [ view_parse ] --START--
INFO: [ template_filter ] --START--
INFO: Run Behavior\ContentReplaceBehavior [ RunTime:0.000111s ]
INFO: [ template_filter ] --END-- [ RunTime:0.000186s ]
INFO: Run Behavior\ParseTemplateBehavior [ RunTime:0.013391s ]
INFO: [ view_parse ] --END-- [ RunTime:0.013471s ]
INFO: [ view_filter ] --START--
INFO: Run Behavior\WriteHtmlCacheBehavior [ RunTime:0.001181s ]
INFO: [ view_filter ] --END-- [ RunTime:0.001244s ]
INFO: [ app_end ] --START--
INFO: Run Behavior\ShowPageTraceBehavior [ RunTime:0.001409s ]
INFO: [ app_end ] --END-- [ RunTime:0.001485s ]

[ 2016-10-18T22:11:27+08:00 ] 59.49.50.199 /qzvs/admin.php/Home/Video/Showlist/type/_JSURL__/demo/peity-demo.js
INFO: [ app_init ] --START--
INFO: Run Behavior\BuildLiteBehavior [ RunTime:0.000021s ]
INFO: [ app_init ] --END-- [ RunTime:0.001630s ]
INFO: [ app_begin ] --START--
INFO: Run Behavior\ReadHtmlCacheBehavior [ RunTime:0.000925s ]
INFO: [ app_begin ] --END-- [ RunTime:0.001007s ]
SQL: SHOW COLUMNS FROM `qzvideo_category` [ RunTime:0.0170s ]
SQL: SELECT * FROM `qzvideo_category` WHERE (  `letter` = '_JSURL__' OR `catname` = '_JSURL__' ) LIMIT 1   [ RunTime:0.0006s ]
SQL: SHOW COLUMNS FROM `qzvideo_weishi` [ RunTime:0.0139s ]
SQL: SELECT COUNT(*) AS tp_count FROM `qzvideo_weishi` WHERE `catid` = null LIMIT 1   [ RunTime:0.0003s ]
SQL: SELECT `id`,`catid`,`title`,`thumb`,`keywords`,`description`,`content`,`url`,`username`,`inputtime`,`updatetime`,`director`,`performer`,`length`,`Score`,`bigpic`,`top`,`discipline`,`authorthum`,`up`,`picplayer`,`teamdes`,`directoraim`,`guest`,`hits`,`specialid`,`lable`,`zan` FROM `qzvideo_weishi` WHERE `catid` = null ORDER BY id desc LIMIT 0,10   [ RunTime:0.0005s ]
INFO: [ view_parse ] --START--
INFO: [ template_filter ] --START--
INFO: Run Behavior\ContentReplaceBehavior [ RunTime:0.000107s ]
INFO: [ template_filter ] --END-- [ RunTime:0.000176s ]
INFO: Run Behavior\ParseTemplateBehavior [ RunTime:0.010483s ]
INFO: [ view_parse ] --END-- [ RunTime:0.010584s ]
INFO: [ view_filter ] --START--
INFO: Run Behavior\WriteHtmlCacheBehavior [ RunTime:0.000598s ]
INFO: [ view_filter ] --END-- [ RunTime:0.000664s ]
INFO: [ app_end ] --START--
INFO: Run Behavior\ShowPageTraceBehavior [ RunTime:0.000956s ]
INFO: [ app_end ] --END-- [ RunTime:0.001024s ]

[ 2016-10-18T22:11:27+08:00 ] 59.49.50.199 /qzvs/admin.php/Home/Video/Showlist/type/_JSURL__/plugins/iCheck/icheck.min.js
INFO: [ app_init ] --START--
INFO: Run Behavior\BuildLiteBehavior [ RunTime:0.000022s ]
INFO: [ app_init ] --END-- [ RunTime:0.000679s ]
INFO: [ app_begin ] --START--
INFO: Run Behavior\ReadHtmlCacheBehavior [ RunTime:0.001705s ]
INFO: [ app_begin ] --END-- [ RunTime:0.001787s ]
SQL: SHOW COLUMNS FROM `qzvideo_category` [ RunTime:0.0135s ]
SQL: SELECT * FROM `qzvideo_category` WHERE (  `letter` = '_JSURL__' OR `catname` = '_JSURL__' ) LIMIT 1   [ RunTime:0.0005s ]
SQL: SHOW COLUMNS FROM `qzvideo_weishi` [ RunTime:0.0109s ]
SQL: SELECT COUNT(*) AS tp_count FROM `qzvideo_weishi` WHERE `catid` = null LIMIT 1   [ RunTime:0.0003s ]
SQL: SELECT `id`,`catid`,`title`,`thumb`,`keywords`,`description`,`content`,`url`,`username`,`inputtime`,`updatetime`,`director`,`performer`,`length`,`Score`,`bigpic`,`top`,`discipline`,`authorthum`,`up`,`picplayer`,`teamdes`,`directoraim`,`guest`,`hits`,`specialid`,`lable`,`zan` FROM `qzvideo_weishi` WHERE `catid` = null ORDER BY id desc LIMIT 0,10   [ RunTime:0.0005s ]
INFO: [ view_parse ] --START--
INFO: [ template_filter ] --START--
INFO: Run Behavior\ContentReplaceBehavior [ RunTime:0.000111s ]
INFO: [ template_filter ] --END-- [ RunTime:0.000184s ]
INFO: Run Behavior\ParseTemplateBehavior [ RunTime:0.012711s ]
INFO: [ view_parse ] --END-- [ RunTime:0.012792s ]
INFO: [ view_filter ] --START--
INFO: Run Behavior\WriteHtmlCacheBehavior [ RunTime:0.001199s ]
INFO: [ view_filter ] --END-- [ RunTime:0.001263s ]
INFO: [ app_end ] --START--
INFO: Run Behavior\ShowPageTraceBehavior [ RunTime:0.001368s ]
INFO: [ app_end ] --END-- [ RunTime:0.001437s ]

[ 2016-10-18T22:11:30+08:00 ] 59.49.50.199 /qzvs/admin.php/Home/Video/Showlist/type/weishenghuo.html?v=4.0
INFO: [ app_init ] --START--
INFO: Run Behavior\BuildLiteBehavior [ RunTime:0.000023s ]
INFO: [ app_init ] --END-- [ RunTime:0.000573s ]
INFO: [ app_begin ] --START--
INFO: Run Behavior\ReadHtmlCacheBehavior [ RunTime:0.000980s ]
INFO: [ app_begin ] --END-- [ RunTime:0.001058s ]
SQL: SHOW COLUMNS FROM `qzvideo_category` [ RunTime:0.0134s ]
SQL: SELECT * FROM `qzvideo_category` WHERE (  `letter` = 'weishenghuo' OR `catname` = 'weishenghuo' ) LIMIT 1   [ RunTime:0.0006s ]
SQL: SHOW COLUMNS FROM `qzvideo_weishi` [ RunTime:0.0134s ]
SQL: SELECT COUNT(*) AS tp_count FROM `qzvideo_weishi` WHERE `catid` = 23 LIMIT 1   [ RunTime:0.0004s ]
SQL: SELECT `id`,`catid`,`title`,`thumb`,`keywords`,`description`,`content`,`url`,`username`,`inputtime`,`updatetime`,`director`,`performer`,`length`,`Score`,`bigpic`,`top`,`discipline`,`authorthum`,`up`,`picplayer`,`teamdes`,`directoraim`,`guest`,`hits`,`specialid`,`lable`,`zan` FROM `qzvideo_weishi` WHERE `catid` = 23 ORDER BY id desc LIMIT 0,10   [ RunTime:0.0006s ]
INFO: [ view_parse ] --START--
INFO: [ template_filter ] --START--
INFO: Run Behavior\ContentReplaceBehavior [ RunTime:0.000114s ]
INFO: [ template_filter ] --END-- [ RunTime:0.000186s ]
INFO: Run Behavior\ParseTemplateBehavior [ RunTime:0.013263s ]
INFO: [ view_parse ] --END-- [ RunTime:0.013339s ]
INFO: [ view_filter ] --START--
INFO: Run Behavior\WriteHtmlCacheBehavior [ RunTime:0.001426s ]
INFO: [ view_filter ] --END-- [ RunTime:0.001489s ]
INFO: [ app_end ] --START--
INFO: Run Behavior\ShowPageTraceBehavior [ RunTime:0.001567s ]
INFO: [ app_end ] --END-- [ RunTime:0.001633s ]

[ 2016-10-18T22:11:30+08:00 ] 59.49.50.199 /qzvs/admin.php/Home/Video/Showlist/type/_JSURL__/plugins/peity/jquery.peity.min.js
INFO: [ app_init ] --START--
INFO: Run Behavior\BuildLiteBehavior [ RunTime:0.000022s ]
INFO: [ app_init ] --END-- [ RunTime:0.000671s ]
INFO: [ app_begin ] --START--
INFO: Run Behavior\ReadHtmlCacheBehavior [ RunTime:0.002439s ]
INFO: [ app_begin ] --END-- [ RunTime:0.002541s ]
SQL: SHOW COLUMNS FROM `qzvideo_category` [ RunTime:0.0223s ]
SQL: SELECT * FROM `qzvideo_category` WHERE (  `letter` = '_JSURL__' OR `catname` = '_JSURL__' ) LIMIT 1   [ RunTime:0.0005s ]
SQL: SHOW COLUMNS FROM `qzvideo_weishi` [ RunTime:0.0166s ]
SQL: SELECT COUNT(*) AS tp_count FROM `qzvideo_weishi` WHERE `catid` = null LIMIT 1   [ RunTime:0.0004s ]
SQL: SELECT `id`,`catid`,`title`,`thumb`,`keywords`,`description`,`content`,`url`,`username`,`inputtime`,`updatetime`,`director`,`performer`,`length`,`Score`,`bigpic`,`top`,`discipline`,`authorthum`,`up`,`picplayer`,`teamdes`,`directoraim`,`guest`,`hits`,`specialid`,`lable`,`zan` FROM `qzvideo_weishi` WHERE `catid` = null ORDER BY id desc LIMIT 0,10   [ RunTime:0.0007s ]
INFO: [ view_parse ] --START--
INFO: [ template_filter ] --START--
INFO: Run Behavior\ContentReplaceBehavior [ RunTime:0.000109s ]
INFO: [ template_filter ] --END-- [ RunTime:0.000176s ]
INFO: Run Behavior\ParseTemplateBehavior [ RunTime:0.009270s ]
INFO: [ view_parse ] --END-- [ RunTime:0.009346s ]
INFO: [ view_filter ] --START--
INFO: Run Behavior\WriteHtmlCacheBehavior [ RunTime:0.000325s ]
INFO: [ view_filter ] --END-- [ RunTime:0.000387s ]
INFO: [ app_end ] --START--
INFO: Run Behavior\ShowPageTraceBehavior [ RunTime:0.000837s ]
INFO: [ app_end ] --END-- [ RunTime:0.000903s ]

[ 2016-10-18T22:11:30+08:00 ] 59.49.50.199 /qzvs/admin.php/Home/Video/Showlist/type/_JSURL__/plugins/iCheck/icheck.min.js
INFO: [ app_init ] --START--
INFO: Run Behavior\BuildLiteBehavior [ RunTime:0.000023s ]
INFO: [ app_init ] --END-- [ RunTime:0.001296s ]
INFO: [ app_begin ] --START--
INFO: Run Behavior\ReadHtmlCacheBehavior [ RunTime:0.002550s ]
INFO: [ app_begin ] --END-- [ RunTime:0.002630s ]
SQL: SHOW COLUMNS FROM `qzvideo_category` [ RunTime:0.0138s ]
SQL: SELECT * FROM `qzvideo_category` WHERE (  `letter` = '_JSURL__' OR `catname` = '_JSURL__' ) LIMIT 1   [ RunTime:0.0005s ]
SQL: SHOW COLUMNS FROM `qzvideo_weishi` [ RunTime:0.0127s ]
SQL: SELECT COUNT(*) AS tp_count FROM `qzvideo_weishi` WHERE `catid` = null LIMIT 1   [ RunTime:0.0004s ]
SQL: SELECT `id`,`catid`,`title`,`thumb`,`keywords`,`description`,`content`,`url`,`username`,`inputtime`,`updatetime`,`director`,`performer`,`length`,`Score`,`bigpic`,`top`,`discipline`,`authorthum`,`up`,`picplayer`,`teamdes`,`directoraim`,`guest`,`hits`,`specialid`,`lable`,`zan` FROM `qzvideo_weishi` WHERE `catid` = null ORDER BY id desc LIMIT 0,10   [ RunTime:0.0005s ]
INFO: [ view_parse ] --START--
INFO: [ template_filter ] --START--
INFO: Run Behavior\ContentReplaceBehavior [ RunTime:0.000110s ]
INFO: [ template_filter ] --END-- [ RunTime:0.000178s ]
INFO: Run Behavior\ParseTemplateBehavior [ RunTime:0.012029s ]
INFO: [ view_parse ] --END-- [ RunTime:0.012107s ]
INFO: [ view_filter ] --START--
INFO: Run Behavior\WriteHtmlCacheBehavior [ RunTime:0.001479s ]
INFO: [ view_filter ] --END-- [ RunTime:0.001871s ]
INFO: [ app_end ] --START--
INFO: Run Behavior\ShowPageTraceBehavior [ RunTime:0.001775s ]
INFO: [ app_end ] --END-- [ RunTime:0.001843s ]

[ 2016-10-18T22:11:30+08:00 ] 59.49.50.199 /qzvs/admin.php/Home/Video/Showlist/type/_JSURL__/bootstrap.min.js?v=3.3.5
INFO: [ app_init ] --START--
INFO: Run Behavior\BuildLiteBehavior [ RunTime:0.000024s ]
INFO: [ app_init ] --END-- [ RunTime:0.001647s ]
INFO: [ app_begin ] --START--
INFO: Run Behavior\ReadHtmlCacheBehavior [ RunTime:0.002955s ]
INFO: [ app_begin ] --END-- [ RunTime:0.003035s ]
SQL: SHOW COLUMNS FROM `qzvideo_category` [ RunTime:0.0149s ]
SQL: SELECT * FROM `qzvideo_category` WHERE (  `letter` = '_JSURL__' OR `catname` = '_JSURL__' ) LIMIT 1   [ RunTime:0.0006s ]
SQL: SHOW COLUMNS FROM `qzvideo_weishi` [ RunTime:0.0130s ]
SQL: SELECT COUNT(*) AS tp_count FROM `qzvideo_weishi` WHERE `catid` = null LIMIT 1   [ RunTime:0.0003s ]
SQL: SELECT `id`,`catid`,`title`,`thumb`,`keywords`,`description`,`content`,`url`,`username`,`inputtime`,`updatetime`,`director`,`performer`,`length`,`Score`,`bigpic`,`top`,`discipline`,`authorthum`,`up`,`picplayer`,`teamdes`,`directoraim`,`guest`,`hits`,`specialid`,`lable`,`zan` FROM `qzvideo_weishi` WHERE `catid` = null ORDER BY id desc LIMIT 0,10   [ RunTime:0.0005s ]
INFO: [ view_parse ] --START--
INFO: [ template_filter ] --START--
INFO: Run Behavior\ContentReplaceBehavior [ RunTime:0.000111s ]
INFO: [ template_filter ] --END-- [ RunTime:0.000182s ]
INFO: Run Behavior\ParseTemplateBehavior [ RunTime:0.011897s ]
INFO: [ view_parse ] --END-- [ RunTime:0.011980s ]
INFO: [ view_filter ] --START--
INFO: Run Behavior\WriteHtmlCacheBehavior [ RunTime:0.001052s ]
INFO: [ view_filter ] --END-- [ RunTime:0.001115s ]
INFO: [ app_end ] --START--
INFO: Run Behavior\ShowPageTraceBehavior [ RunTime:0.001272s ]
INFO: [ app_end ] --END-- [ RunTime:0.001340s ]

[ 2016-10-18T22:11:30+08:00 ] 59.49.50.199 /qzvs/admin.php/Home/Video/Showlist/type/_JSURL__/content.js?v=1.0.0
INFO: [ app_init ] --START--
INFO: Run Behavior\BuildLiteBehavior [ RunTime:0.000021s ]
INFO: [ app_init ] --END-- [ RunTime:0.001164s ]
INFO: [ app_begin ] --START--
INFO: Run Behavior\ReadHtmlCacheBehavior [ RunTime:0.001718s ]
INFO: [ app_begin ] --END-- [ RunTime:0.001814s ]
SQL: SHOW COLUMNS FROM `qzvideo_category` [ RunTime:0.0134s ]
SQL: SELECT * FROM `qzvideo_category` WHERE (  `letter` = '_JSURL__' OR `catname` = '_JSURL__' ) LIMIT 1   [ RunTime:0.0005s ]
SQL: SHOW COLUMNS FROM `qzvideo_weishi` [ RunTime:0.0124s ]
SQL: SELECT COUNT(*) AS tp_count FROM `qzvideo_weishi` WHERE `catid` = null LIMIT 1   [ RunTime:0.0003s ]
SQL: SELECT `id`,`catid`,`title`,`thumb`,`keywords`,`description`,`content`,`url`,`username`,`inputtime`,`updatetime`,`director`,`performer`,`length`,`Score`,`bigpic`,`top`,`discipline`,`authorthum`,`up`,`picplayer`,`teamdes`,`directoraim`,`guest`,`hits`,`specialid`,`lable`,`zan` FROM `qzvideo_weishi` WHERE `catid` = null ORDER BY id desc LIMIT 0,10   [ RunTime:0.0005s ]
INFO: [ view_parse ] --START--
INFO: [ template_filter ] --START--
INFO: Run Behavior\ContentReplaceBehavior [ RunTime:0.000108s ]
INFO: [ template_filter ] --END-- [ RunTime:0.000176s ]
INFO: Run Behavior\ParseTemplateBehavior [ RunTime:0.011487s ]
INFO: [ view_parse ] --END-- [ RunTime:0.011618s ]
INFO: [ view_filter ] --START--
INFO: Run Behavior\WriteHtmlCacheBehavior [ RunTime:0.000977s ]
INFO: [ view_filter ] --END-- [ RunTime:0.001041s ]
INFO: [ app_end ] --START--
INFO: Run Behavior\ShowPageTraceBehavior [ RunTime:0.001153s ]
INFO: [ app_end ] --END-- [ RunTime:0.001219s ]

[ 2016-10-18T22:11:30+08:00 ] 59.49.50.199 /qzvs/admin.php/Home/Video/Showlist/type/_JSURL__/demo/peity-demo.js
INFO: [ app_init ] --START--
INFO: Run Behavior\BuildLiteBehavior [ RunTime:0.000021s ]
INFO: [ app_init ] --END-- [ RunTime:0.001166s ]
INFO: [ app_begin ] --START--
INFO: Run Behavior\ReadHtmlCacheBehavior [ RunTime:0.001222s ]
INFO: [ app_begin ] --END-- [ RunTime:0.001298s ]
SQL: SHOW COLUMNS FROM `qzvideo_category` [ RunTime:0.0121s ]
SQL: SELECT * FROM `qzvideo_category` WHERE (  `letter` = '_JSURL__' OR `catname` = '_JSURL__' ) LIMIT 1   [ RunTime:0.0005s ]
SQL: SHOW COLUMNS FROM `qzvideo_weishi` [ RunTime:0.0107s ]
SQL: SELECT COUNT(*) AS tp_count FROM `qzvideo_weishi` WHERE `catid` = null LIMIT 1   [ RunTime:0.0003s ]
SQL: SELECT `id`,`catid`,`title`,`thumb`,`keywords`,`description`,`content`,`url`,`username`,`inputtime`,`updatetime`,`director`,`performer`,`length`,`Score`,`bigpic`,`top`,`discipline`,`authorthum`,`up`,`picplayer`,`teamdes`,`directoraim`,`guest`,`hits`,`specialid`,`lable`,`zan` FROM `qzvideo_weishi` WHERE `catid` = null ORDER BY id desc LIMIT 0,10   [ RunTime:0.0005s ]
INFO: [ view_parse ] --START--
INFO: [ template_filter ] --START--
INFO: Run Behavior\ContentReplaceBehavior [ RunTime:0.000119s ]
INFO: [ template_filter ] --END-- [ RunTime:0.000189s ]
INFO: Run Behavior\ParseTemplateBehavior [ RunTime:0.010732s ]
INFO: [ view_parse ] --END-- [ RunTime:0.010808s ]
INFO: [ view_filter ] --START--
INFO: Run Behavior\WriteHtmlCacheBehavior [ RunTime:0.000645s ]
INFO: [ view_filter ] --END-- [ RunTime:0.000705s ]
INFO: [ app_end ] --START--
INFO: Run Behavior\ShowPageTraceBehavior [ RunTime:0.000883s ]
INFO: [ app_end ] --END-- [ RunTime:0.000949s ]

[ 2016-10-18T22:11:43+08:00 ] 59.49.50.199 /qzvs/admin.php/Home/Video/Add.html
INFO: [ app_init ] --START--
INFO: Run Behavior\BuildLiteBehavior [ RunTime:0.000025s ]
INFO: [ app_init ] --END-- [ RunTime:0.000765s ]
INFO: [ app_begin ] --START--
INFO: Run Behavior\ReadHtmlCacheBehavior [ RunTime:0.001866s ]
INFO: [ app_begin ] --END-- [ RunTime:0.001946s ]
SQL: SHOW COLUMNS FROM `qzvideo_category` [ RunTime:0.0164s ]
SQL: SELECT * FROM `qzvideo_category`  [ RunTime:0.0006s ]
SQL: SHOW COLUMNS FROM `qzvideo_file` [ RunTime:0.0198s ]
SQL: SELECT * FROM `qzvideo_file` WHERE `createtime` = '2016-10-18' ORDER BY id desc LIMIT 8   [ RunTime:0.0004s ]
SQL: SHOW COLUMNS FROM `qzvideo_lable` [ RunTime:0.0134s ]
SQL: SELECT * FROM `qzvideo_lable`  [ RunTime:0.0004s ]
NOTIC: [8] Use of undefined constant add - assumed 'add' D:\xampp\htdocs\qzvs\Admin\Home\Controller\VideoController.class.php 第 85 行.
INFO: [ view_parse ] --START--
INFO: [ template_filter ] --START--
INFO: Run Behavior\ContentReplaceBehavior [ RunTime:0.000241s ]
INFO: [ template_filter ] --END-- [ RunTime:0.000316s ]
NOTIC: [8] Undefined variable: info D:\xampp\htdocs\qzvs\Admin\Runtime\Cache\Home\8d1e6f506ffe6fd6422c219b9f016813.php 第 115 行.
NOTIC: [8] Undefined variable: info D:\xampp\htdocs\qzvs\Admin\Runtime\Cache\Home\8d1e6f506ffe6fd6422c219b9f016813.php 第 122 行.
NOTIC: [8] Undefined variable: info D:\xampp\htdocs\qzvs\Admin\Runtime\Cache\Home\8d1e6f506ffe6fd6422c219b9f016813.php 第 129 行.
NOTIC: [8] Undefined variable: info D:\xampp\htdocs\qzvs\Admin\Runtime\Cache\Home\8d1e6f506ffe6fd6422c219b9f016813.php 第 143 行.
INFO: Run Behavior\ParseTemplateBehavior [ RunTime:0.015554s ]
INFO: [ view_parse ] --END-- [ RunTime:0.015629s ]
INFO: [ view_filter ] --START--
INFO: Run Behavior\WriteHtmlCacheBehavior [ RunTime:0.000949s ]
INFO: [ view_filter ] --END-- [ RunTime:0.001037s ]
INFO: [ app_end ] --START--
INFO: Run Behavior\ShowPageTraceBehavior [ RunTime:0.001210s ]
INFO: [ app_end ] --END-- [ RunTime:0.001286s ]

[ 2016-10-18T22:11:43+08:00 ] 59.49.50.199 /qzvs/admin.php/Home/Video/_/qzvs/Public/asset/js/demo/form-validate-demo.js
INFO: [ app_init ] --START--
INFO: Run Behavior\BuildLiteBehavior [ RunTime:0.000024s ]
INFO: [ app_init ] --END-- [ RunTime:0.000893s ]
INFO: [ app_begin ] --START--
INFO: Run Behavior\ReadHtmlCacheBehavior [ RunTime:0.001050s ]
INFO: [ app_begin ] --END-- [ RunTime:0.001135s ]
ERR: 非法操作:_

